
32
0
meanEC0 20 0.03882982118 0.00853687181 -0.00118210704 -0.01624413142 -0.02014619831 -0.00540260285 0.03403321069 0.04549711803 -0.00689516351 0.01926198896 0.06427127782 0.03482590808 -0.00666847527 -0.00045671981 -0.01180409034 0.03485463182 0.05541960384 -0.04809774484 -0.00607774408 0.05746474117 
1
meanEC1 20 0.02583877407 -0.01628667660 -0.02559529901 -0.04434437979 0.05093267753 -0.03954512982 -0.05233221517 0.01280559668 -0.01138033357 -0.01272456230 0.07734724709 -0.05184490503 -0.03949353257 -0.03283082560 -0.05761194441 0.00617262980 0.00116611352 -0.09164611427 -0.02349299707 0.05861722305 
2
meanEC2 20 0.02562196265 0.02173273074 0.06304888520 0.02688353099 0.01099679270 0.03316342322 0.03081154920 0.03267603334 0.01384580187 0.01125925134 0.06426560370 0.08281631172 0.00131882123 -0.01322882988 0.02175459551 0.04978845184 0.10140697182 -0.06326492037 0.00135055949 0.05670757964 
3
meanEC3 20 0.02197163260 -0.02968530384 -0.00558735709 0.00332675733 0.03149548575 -0.05615387711 -0.02942093942 0.04754578943 -0.00473616968 -0.00357063630 0.12247805467 -0.03125562571 -0.03498954588 -0.00629778514 -0.00303531633 -0.00950719814 0.04865710154 -0.08811880882 -0.02990144634 0.08486476541 
4
meanEC4 20 0.08657776369 0.03257796262 0.00946302713 0.02642163235 -0.01191349843 0.01610843085 0.06417587704 0.06999974632 0.01378937771 0.00748282416 0.05723476442 0.08945950046 0.00363309671 -0.00617158067 0.01470009583 0.08375251605 0.09442650587 -0.04721412230 0.02782646479 0.09567768127 
5
meanEC5 20 0.03999679923 -0.02446889855 -0.01239910015 -0.00357896918 -0.04153988333 -0.03575130528 -0.00935039945 0.10949234801 -0.01944628317 0.02352657980 0.08874846717 0.00685083979 -0.03689810119 0.04589158349 -0.01427828221 0.01471834846 0.04258162430 -0.07270119189 0.03258214740 0.10963010788 
6
meanEC6 20 0.07746591396 0.07322026914 0.07328927860 0.06090387480 -0.01810124528 0.08271893051 0.14069431810 0.08140860949 0.06590902461 0.00984906448 0.06505216280 0.11824049324 0.02627416393 -0.00232683438 0.03395165567 0.10547864829 0.08203585210 -0.03907942138 0.02037976845 0.10118737072 
7
meanEC7 20 0.02668082688 -0.00153201326 0.02249596864 0.00594121428 0.01978359145 -0.00888369777 0.00930048137 0.05588161297 0.02590914414 0.03353430099 0.08827673762 -0.01048858150 0.00003663750 0.02856259069 0.01590688065 0.03442228269 0.01907719159 -0.08655222034 0.02054276430 0.13475188613 
8
meanEC8 20 0.03396094158 0.02203695119 0.04573041101 0.03838328865 -0.02108869774 -0.00062305553 0.01748014175 0.07268015359 0.00106225321 -0.01242712795 0.05475665305 0.08095448219 0.02345815024 -0.00174395977 -0.00676564874 0.05989895805 0.09338397155 -0.05442438927 -0.01167938521 0.03660643101 
9
meanEC9 20 -0.00292636739 -0.00636528703 -0.01478237386 0.00543718434 -0.02352939604 -0.03956540260 -0.04267658157 0.02957229377 0.02154375374 0.01222674785 0.08506760173 -0.06216650127 -0.02599739859 0.02161652142 0.00216824892 0.01081465807 0.04736600045 -0.07462979846 -0.03719967063 0.04250245914 
10
meanEC10 20 0.07704507689 0.04508645472 0.05505377360 0.04789432755 -0.00230575347 -0.01094338924 0.01285639291 0.11377264329 0.02675902584 0.02099061309 0.07458337617 0.09052619134 0.01235274802 0.02060861524 0.00543946516 0.06314942251 0.11721443317 -0.05824222771 0.00672174834 0.10104086995 
11
meanEC11 20 0.07225600292 -0.00362592642 -0.00824126673 0.01710638544 -0.01293551720 -0.03438135234 -0.02573033407 0.06127966482 0.01607262468 0.01949750538 0.10995239907 -0.01952030315 -0.03029250943 0.01529740103 -0.00091413665 0.06543131673 0.04324415062 -0.04404078499 0.00513557789 0.15953424573 
12
meanEC12 20 0.04310353229 0.03382256677 0.03802007764 0.02040693044 -0.02608961176 0.01019709155 0.08343814209 0.05189540922 0.03427368405 -0.02270887644 0.05351244969 0.09787251113 0.00939996269 0.01067047097 0.04901426630 0.04007567460 0.09082219869 -0.04118462990 0.00798061488 0.05649445579 
13
meanEC13 20 0.04357089637 -0.07141431443 -0.00874981544 -0.04616897446 -0.03074063911 -0.03050364269 -0.04394882164 0.07277550066 0.01228707193 -0.00764332592 0.08222957569 -0.05051706691 -0.03807681842 -0.00680248036 -0.02496051323 0.02839497467 0.06458074276 -0.06351709020 -0.03744745080 0.09648811072 
14
meanEC14 20 0.04545297661 0.05696361799 0.11547517683 0.07015425001 -0.01082439211 0.04163951690 0.11291099171 0.07506854358 0.01202752696 -0.00672818565 0.08466010716 0.20046344557 0.02468708094 0.00982290064 0.01265057215 0.10689633452 0.09597207106 -0.02820015187 0.06007844771 0.06412523985 
15
meanEC15 20 0.04695404248 0.02645109500 0.02629447326 0.02793751513 -0.02438417984 0.01008903071 0.01800212370 0.07109780973 -0.00159892961 0.02287104714 0.08249753048 0.02133553169 0.00191301058 0.03726703244 0.00376555449 0.05424201997 0.05648802489 -0.08977023473 0.03459342781 0.14869153500 
16
meanEC16 20 0.05076948315 0.00906429525 0.04261444616 0.02499024446 -0.01958906608 -0.01393811752 0.02190684940 0.07137757756 0.00475081943 0.00772688732 0.04630875116 0.07040753993 -0.00577460398 -0.00665194623 0.02023828746 0.07635592514 0.09151590917 -0.05238612586 0.01460295669 0.05979883298 
17
meanEC17 20 -0.00584509733 0.01320900830 0.00270735638 0.00953967132 -0.00195412229 -0.01334960588 -0.01085191653 0.04079220595 -0.00122069140 0.00004119032 0.13381369411 -0.04922636167 -0.04842868602 0.00331030573 -0.04443247239 -0.01834356828 0.04440652655 -0.08272633135 -0.01209344255 0.08343812078 
18
meanEC18 20 0.03171424947 0.02703467289 0.06981471397 0.08413863362 -0.02337716587 0.00135253356 0.08145260280 0.07080106310 0.03058603250 -0.01311929674 0.06439023124 0.11558996123 -0.00814137417 -0.01071479586 0.02475708141 0.08940686609 0.10041885345 -0.05407852683 0.00595899161 0.06926402450 
19
meanEC19 20 -0.01048142928 -0.01635135430 0.00459365477 -0.00542141577 -0.01282037564 -0.04611645001 0.01013792756 0.05048521579 -0.02425520509 0.03816921310 0.08082553275 -0.00643630749 -0.02625874454 0.05369269228 -0.02254408807 0.03064873676 0.02572395396 -0.11459616264 0.00483788520 0.09296911210 
20
meanEC20 20 0.07652103916 0.06403825216 0.05500072101 0.02080854429 -0.04422937762 0.00070670197 0.06231511138 0.07964657032 -0.01220978951 0.00542280129 0.07070649374 0.14023711049 0.00886199888 -0.01525330776 0.00933973551 0.07302142005 0.09570281125 -0.03955772235 -0.00715200648 0.07351010293 
21
meanEC21 20 0.02507959511 0.00559397197 0.02231301557 -0.02504787529 0.00794474606 -0.01207198739 -0.00900529831 0.09524027996 0.00707913119 0.00730458061 0.04435264880 0.00791619433 -0.00484042178 0.02237224095 -0.00897305595 0.02113678858 0.04950251030 -0.07468161068 0.00244305463 0.11949415505 
22
meanEC22 20 0.05759859162 0.03354138077 0.13279255296 0.13509711924 0.02781738738 0.04517816084 0.13791597754 0.08420049119 0.03457583774 0.00492117902 0.02012399935 0.17770989155 -0.00596387987 0.00165156773 -0.01686821434 0.09169017022 0.11050805295 -0.06044930341 -0.00636216143 0.06291739643 
23
meanEC23 20 0.03426438150 -0.00712000403 0.02668633507 0.01277066487 -0.00510643804 -0.00624485646 0.00533610020 0.06837227610 -0.00537394626 0.02087324886 0.06881229685 0.00424549407 0.01559925194 0.04272063655 -0.02611284208 0.04638928843 0.05711490504 -0.07157667568 0.02340390128 0.12058787048 
24
meanEC24 20 0.03559324490 0.01016983278 0.04328637350 0.00813162720 -0.02859012163 0.03443282782 0.02222450146 0.10148937405 -0.00887989073 -0.01560869130 0.03997405674 0.10790397856 0.00313193257 -0.01578471663 -0.00078269245 0.08892874059 0.07896348939 -0.07339158276 -0.00110895291 0.05636706576 
25
meanEC25 20 0.02894557184 -0.00152309052 0.01461987064 -0.00937352076 -0.02897717022 -0.03641440333 -0.01729492172 0.03450764942 0.01729960980 -0.00641574591 0.10956968021 -0.00822566284 -0.05344537503 -0.00191666601 -0.00957659371 0.02075074729 0.04103045290 -0.13075122459 -0.01413125135 0.08424998075 
26
meanEC26 20 0.08901804373 -0.00844577170 0.09849824190 0.07813160606 -0.02434480240 0.01937362663 0.08069004429 0.14363189058 -0.00266787868 0.00320244326 0.05203318834 0.14835534769 -0.00025930226 -0.02489384758 -0.01524331919 0.10130971759 0.18063414119 -0.04652326435 0.04239662185 0.09226386994 
27
meanEC27 20 0.03437090908 0.02682881233 0.00818075637 0.02340965723 -0.03334500802 -0.00043067317 0.01113246087 0.09041775273 0.00840671873 0.01388727529 0.10200446419 0.02045715905 -0.02607697412 -0.00691539470 0.00947421686 0.03264165439 0.03221554945 -0.09959064016 0.01159267202 0.09466116875 
28
meanEC28 20 0.04397181613 0.04427355159 0.05100498982 0.04494620257 -0.01163184793 0.01449585429 0.05446848101 0.10959504806 0.00174725545 -0.00915231352 0.06071249477 0.09565155937 -0.00242227670 -0.01466570668 0.01957166915 0.08760449369 0.07940018879 -0.06429222442 -0.02457555492 0.04751368612 
29
meanEC29 20 0.01804679242 0.02628191162 0.01266109801 -0.00151710126 -0.00464197773 -0.01579619095 -0.02580897940 0.05658448658 0.01142710870 0.01510716531 0.10192895679 -0.01153284247 0.00072528998 0.00634750547 -0.02404040302 0.03725502351 0.05851391803 -0.10688795899 0.00334898873 0.13681617379 
30
meanEC30 20 0.04282680801 0.06900057538 0.10250354566 0.08215167941 -0.01281842632 0.01193245461 0.07441610510 0.12256867842 0.03896055964 -0.00295779001 0.05314337234 0.19215397856 0.01391545670 0.00542633326 0.02511098600 0.10925314510 0.11062280006 -0.03305625036 0.07920146315 0.06957826763 
31
meanEC31 20 0.02946824431 0.02620937294 0.02505771786 0.03026060793 -0.01560024519 0.00355618312 0.02808475742 0.09529157074 0.02771639683 0.02880410976 0.08050011564 0.03112602256 0.02475113416 0.05418162227 -0.00221209349 0.05448538389 0.05938900052 -0.05695814020 0.07052836556 0.17493484914 
