
32
0
meanEC0 20 0.05034125461 0.01704261828 0.00894053447 0.00040975809 -0.00904826064 0.00513254717 0.02005747696 0.04692239607 -0.00226587851 0.00939250300 0.07618833436 0.04226987180 0.00669535202 -0.00110653459 -0.00764545011 0.02851698951 0.05482066655 -0.03945769500 -0.00325424467 0.05682436377 
1
meanEC1 20 0.03774547660 -0.02868475323 -0.00715774353 -0.01466541803 0.04386066960 -0.02961490261 -0.03488151712 0.03438782244 -0.01451845902 0.00216073548 0.06726231894 -0.03979260289 -0.03589690949 -0.01183224286 -0.06562798289 0.00431669189 0.01903956487 -0.06868417751 -0.02549811854 0.06978619844 
2
meanEC2 20 0.07351687087 0.04882146570 0.05258308714 0.04983041631 -0.02562264583 0.01756091595 0.02973177626 0.04186107488 0.00232723077 0.01172374981 0.05500694725 0.13432244607 0.01453138922 -0.00687362466 0.03279145608 0.04871418280 0.10363243404 -0.04258966981 0.00826804222 0.07546736300 
3
meanEC3 20 0.01481265520 0.00709521928 -0.03016243641 -0.00957708831 0.00724453958 -0.00195106925 -0.03032728877 0.06455910297 -0.04094732630 -0.00406449974 0.08406165358 -0.03910866412 -0.00530246199 0.02190395248 -0.01920420575 0.02173835274 0.04249682496 -0.10021477014 -0.00940979381 0.10926003009 
4
meanEC4 20 0.09487796315 0.01796598527 0.05256442689 0.03705878087 -0.00724727033 0.01893550355 0.08274283626 0.06751003121 0.01893585250 0.01072565314 0.07016258608 0.08236673151 0.02703254535 0.00973847337 -0.02548511698 0.08630795377 0.08500571414 -0.04864290774 0.00286926661 0.06383388489 
5
meanEC5 20 0.04290377604 -0.00298146316 0.01353283307 0.01551720484 0.02021386262 -0.02398262985 -0.01233247835 0.05741979962 -0.00996605895 0.02682553000 0.07931824092 -0.02779303015 -0.03961851986 0.01458993469 -0.05365586849 0.00506552671 0.02551783579 -0.05801602151 0.04445436339 0.08942042291 
6
meanEC6 20 0.06008304314 0.01671479070 0.08147866468 0.05444179919 -0.03431444676 0.06489660490 0.09537340668 0.05697359374 0.02363758323 0.03262210477 0.08463871410 0.10743161325 0.03418839032 0.00978750258 -0.00682559468 0.10380218707 0.15940074134 -0.02896232843 0.00376671450 0.11509615183 
7
meanEC7 20 0.06036332242 0.00291811496 0.02647303131 -0.00779785358 0.02052643367 0.01228135896 -0.00362310455 0.05155165828 -0.02325247215 0.04515575766 0.03906943170 0.03303019154 -0.01883439725 0.02545591032 -0.00458153763 0.01657733417 0.02633989309 -0.08241079966 0.04517922365 0.13173560798 
8
meanEC8 20 0.06523132517 0.03637279581 0.03023364461 0.00633242608 -0.03628383498 -0.00167871423 0.05805814798 0.08260994357 -0.00692557564 -0.00027030214 0.04310209988 0.07450455936 -0.01132719362 -0.01302678490 -0.02183381623 0.04480633564 0.08603454264 -0.06654295784 0.00719926163 0.07698507607 
9
meanEC9 20 0.05009947956 0.02502248644 -0.00613637518 -0.00156238091 -0.03595965165 -0.02226302552 -0.01029479396 0.05921525771 -0.01419200805 0.01759203805 0.08004955113 -0.02267994988 -0.01013131893 -0.00496592204 -0.05255527958 0.01151673331 0.03098512940 -0.10492200626 0.00269435755 0.08459901810 
10
meanEC10 20 0.07924560488 0.03318517643 0.06444454398 0.08511964646 -0.01596400010 0.00728979400 0.04891865885 0.04023660877 0.00561578190 0.00081987464 0.07471394080 0.12943737067 -0.00115394613 0.00163614348 0.06131830918 0.10202300734 0.11457814153 -0.06014765919 0.01249444624 0.08758049458 
11
meanEC11 20 0.03776043895 -0.01837411927 -0.00337664511 -0.01222069772 0.01244720171 -0.02667983220 -0.03870537967 0.02384386174 -0.02280560699 -0.01603181459 0.07685591785 0.00448869249 0.01094252284 0.01520688601 -0.03176646349 0.01862671609 0.10466805636 -0.08514757266 0.03099967210 0.08825528622 
12
meanEC12 20 0.03887609615 0.02330693442 0.03696974928 0.04968481947 -0.01010084479 0.01369900485 0.07809350990 0.07856524488 0.00613042016 0.02524404297 0.06520835267 0.11625717456 -0.00211084880 -0.02507832035 -0.03071490002 0.10377719951 0.10588245324 -0.06555621064 -0.00657945145 0.04843110964 
13
meanEC13 20 0.05488319577 -0.01266537352 -0.00088446239 -0.03036889793 -0.01404586749 -0.04403884957 -0.04052988413 0.05028656432 -0.00021971565 0.03910875158 0.09162387742 -0.04066821804 -0.02512926969 0.03724695771 -0.03895797700 0.04370057505 0.01488435468 -0.10296868338 0.00496420105 0.10045217723 
14
meanEC14 20 0.08722667686 0.14792524075 0.08352751433 0.09114977654 -0.03124558716 0.06229154701 0.14654044455 0.05218497264 0.01836779668 0.03602500548 0.07329216114 0.18786716620 0.03829481098 -0.02470489029 0.02496832566 0.14310209994 0.11637809166 -0.02465894267 0.05076504405 0.11386602372 
15
meanEC15 20 0.05553064613 0.01883393735 0.00957577077 -0.01217788248 -0.01308568201 -0.00135622945 0.00437218924 0.09879221340 0.00881602755 0.02241875754 0.05739544474 0.03178070444 -0.00412056296 0.03207530025 -0.00018975561 0.05677789265 0.07933779389 -0.08518843203 0.01695403723 0.10976104438 
16
meanEC16 20 0.06599446667 0.01911208174 0.02357094169 -0.01500300658 -0.01316072445 0.00353832947 0.03224366753 0.08275092548 0.00697689288 0.00285462210 0.05598292926 0.07105060293 0.01077212920 -0.00655893680 0.00272025525 0.04806068625 0.09269668933 -0.04919949334 0.01005923671 0.05941577628 
17
meanEC17 20 0.02346540442 -0.00379028525 -0.02504500766 -0.00199894792 -0.00061983303 -0.02336498427 -0.00930601676 0.07033932859 -0.00882687294 0.01204383413 0.08543274924 -0.05416245949 -0.02484576030 0.02394111545 -0.05352715413 -0.00111250825 0.05289295814 -0.10094943182 -0.01199546347 0.08797723800 
18
meanEC18 20 0.05045200645 0.03454700975 0.05695171269 0.06456524512 -0.05295681848 0.03035363694 0.06037861845 0.05674287306 0.02597332885 0.03654265393 0.05326165565 0.13579732299 -0.00718350248 -0.01540212020 0.06192352108 0.09992877554 0.11709796223 -0.05131758513 -0.01066763643 0.04913993180 
19
meanEC19 20 0.01782531658 -0.02675897483 -0.00234174991 0.00287495580 -0.06409396674 -0.02510231115 -0.02478308583 0.06805504697 0.01610363276 0.00679779311 0.12236242874 -0.01404501782 -0.02325157612 0.01548672978 -0.02354898253 0.00029476179 0.07210307299 -0.08971287464 -0.01249504558 0.09455587715 
20
meanEC20 20 0.04200473321 0.03060664411 0.06854026565 0.05615235383 -0.01984692684 0.00782317881 0.09932692176 0.06719202895 0.01301921189 -0.01125518115 0.06638249247 0.09865299051 0.02607638647 -0.01624164028 -0.03285139029 0.07837852394 0.09715185769 -0.05172018256 0.01900242360 0.03112032451 
21
meanEC21 20 0.02100254286 0.00627009005 0.02112420922 -0.01223821174 -0.00749677920 -0.01175963833 0.04091560686 0.11220333305 0.01228470305 0.01555830168 0.09798442294 -0.03298262902 -0.01438447630 0.01885088032 -0.00988121917 0.05283131269 0.05780545995 -0.07376982367 0.02279942000 0.13598518074 
22
meanEC22 20 0.06612762438 0.06190403212 0.09043164316 0.04861212860 0.00083246776 0.09322142371 0.10319607425 0.08574966796 0.03152567602 0.00990781242 0.07028898206 0.20861338887 -0.00310855713 0.03058726789 0.01492242970 0.09677591623 0.12822071977 -0.01033417565 0.01993179160 0.05970703438 
23
meanEC23 20 0.02995864159 0.03112414898 0.00703858520 0.00698151623 -0.01042785650 0.01167595017 0.01039124383 0.04200885181 -0.00430272056 0.02255042110 0.12304489346 -0.00957396567 0.03470394930 0.03370857538 0.01311312344 0.04217568044 0.07974020335 -0.06255801722 0.02374192138 0.09867464751 
24
meanEC24 20 0.02696077372 0.03267531356 0.05357814426 0.01428658467 -0.02519594288 0.00395530910 0.09052195869 0.08233367938 -0.00791738672 0.01832958342 0.04820349938 0.08508263489 -0.01148524025 -0.02573882789 -0.00658912543 0.07508947491 0.08534438548 -0.05899819385 -0.00061033553 0.06915903091 
25
meanEC25 20 0.01419626408 -0.00086156804 -0.00253750788 0.00222389301 -0.05217261528 -0.02885022697 -0.01970128386 0.07075821847 0.00209695253 0.01728330988 0.17517471150 -0.02086100860 -0.02256034397 -0.00328866833 -0.03717340273 0.00070757750 0.03369973336 -0.11247580135 -0.00629238415 0.07262137532 
26
meanEC26 20 0.09090763317 0.07762092574 0.13699060736 0.11347752148 -0.01119460448 0.01990221986 0.05860013894 0.06571371667 0.01329187956 0.01124120285 0.05261104353 0.12968102380 0.00973465651 -0.00329820663 0.08023877731 0.14594106549 0.09365611949 -0.05621282642 0.01088495662 0.07597049326 
27
meanEC27 20 0.04541771280 0.03359122615 0.00584993000 -0.00085622133 -0.07037647231 0.00476622653 0.02924327174 0.06232251127 0.01363425979 0.01744240088 0.13190722667 -0.00170841821 -0.02305730346 0.02267261882 0.00878904395 0.07439997550 0.09354133977 -0.05911802873 -0.00412206071 0.08541091532 
28
meanEC28 20 0.04914832849 0.02556836093 0.09090699794 0.05626917497 -0.01951222979 0.01025489023 0.09482397293 0.08744907742 0.01257305180 -0.00520240228 0.03897519378 0.07875399487 -0.01935717235 0.00928480325 0.00292191635 0.11309344588 0.09761933974 -0.05213221385 -0.00115213708 0.05181684345 
29
meanEC29 20 0.05184933892 0.00678290623 0.01825966423 0.01579749328 -0.04432656609 0.00203948409 -0.01127200156 0.08485594977 0.01137466461 0.02101754598 0.08811596101 -0.00114659606 0.01404416383 0.02676916418 -0.02041528772 0.07818443586 0.06534103987 -0.06445026626 0.02680069728 0.10769139975 
30
meanEC30 20 0.05044066504 0.05201055429 0.06810961101 0.06680937361 -0.01243121803 0.00027083035 0.06694594278 0.08845695465 0.03388039930 0.00039038282 0.04654425779 0.16131099751 0.06031951327 0.00736233498 0.01490909228 0.08145693715 0.12287291148 -0.02370010635 0.03697470994 0.07720381767 
31
meanEC31 20 0.06022211735 0.01299656603 0.02324506854 0.01783599450 -0.02703845172 0.01047633295 0.01473835160 0.06795623381 0.02776809966 0.02788176276 0.10457484014 0.01996515718 0.01412365962 0.01901623615 -0.01062445806 0.06503614440 0.04756855385 -0.05492837615 0.04192281190 0.15622204542 
