
32
0
covarEC0 20 0.07340012952 0.07205047923 0.07405338166 0.08282945692 0.05916930360 0.06752532831 0.09940642845 0.09697202432 0.08797848727 0.04922766159 0.05875380358 0.10913200937 0.07270592169 0.06315094859 0.11345351765 0.07673103471 0.09778756837 0.06520237710 0.09418006011 0.11402032170 
1
covarEC1 20 0.08117553514 0.05889666544 0.05958011518 0.06339302903 0.09083085834 0.05641954197 0.06914039915 0.08901956601 0.07808692168 0.05923216535 0.07630983430 0.07729818324 0.09187944642 0.08022231798 0.09257389091 0.07438442721 0.09268653634 0.07961814001 0.12630998635 0.15165125877 
2
covarEC2 20 0.07462578290 0.07726453363 0.07777295080 0.09205886603 0.05606622495 0.07110798203 0.10617282103 0.08193670897 0.09115547469 0.04893141404 0.05660575315 0.12007257803 0.06790524617 0.05741376874 0.12743238430 0.07901730227 0.10654169061 0.06330172510 0.08618688671 0.09911451899 
3
covarEC3 20 0.08286427459 0.06677889773 0.06320345133 0.06694583384 0.08563401934 0.06174791186 0.07414622541 0.08576844176 0.08000021491 0.06142623822 0.07533057874 0.08660248952 0.09056634730 0.07711506492 0.09150639984 0.08011662991 0.10838181200 0.07831372432 0.12139295621 0.15036877282 
4
covarEC4 20 0.07992757957 0.07452209611 0.07927578310 0.08878350899 0.05331465199 0.06881659869 0.10456022358 0.09631932099 0.09120968805 0.04599795970 0.05472665730 0.11082388577 0.06749371606 0.05698494896 0.11210097078 0.07634781442 0.08807951508 0.06159062455 0.08318788287 0.09097599331 
5
covarEC5 20 0.08031872083 0.05582762181 0.05705051525 0.05779434741 0.09037196034 0.05125464966 0.06117884255 0.09018854007 0.07435777057 0.06064566697 0.07875624070 0.06653659127 0.08895436862 0.08512169644 0.09435287233 0.07156907739 0.09124259894 0.07844978266 0.12228387292 0.16364072189 
6
covarEC6 20 0.08005629485 0.07644318281 0.07758540112 0.08926565653 0.04783693031 0.06881368668 0.09845968073 0.07741301652 0.09176738832 0.04414326920 0.05253524836 0.10879075829 0.06559496438 0.05128804575 0.09505190648 0.07377204966 0.08850371303 0.05666697704 0.07276385758 0.07714766664 
7
covarEC7 20 0.08246235717 0.05975743642 0.05961345498 0.06085327519 0.09091159160 0.05513786597 0.06846773273 0.08746160245 0.07845405874 0.06212189728 0.07762174618 0.07686305465 0.09401395286 0.08463051092 0.08003647380 0.07564190772 0.09715768505 0.07546802424 0.12200955158 0.16302063986 
8
covarEC8 20 0.07593752652 0.07280903082 0.08007253823 0.08824483718 0.06093900644 0.07046995868 0.10078129214 0.10732618444 0.09363925051 0.04869844479 0.05823410803 0.11283411088 0.07338124249 0.06105344934 0.10338810147 0.07704007282 0.09343742059 0.06411845361 0.09259672044 0.09955493994 
9
covarEC9 20 0.08817993100 0.05942591418 0.05978635550 0.06001205349 0.08720904859 0.05666904382 0.06576475370 0.07951554519 0.07845059893 0.06137928326 0.08235385127 0.07283981667 0.09953183574 0.08341949801 0.07230622115 0.07474581197 0.09095057418 0.08166350347 0.12580674105 0.14702279977 
10
covarEC10 20 0.07021627041 0.07610427566 0.08180991599 0.09546255292 0.05637520216 0.07227372985 0.10764339089 0.08358040955 0.09482099072 0.04941414852 0.05558687194 0.11839380557 0.06426174957 0.06062371210 0.13014900888 0.08180029731 0.11455921478 0.06411498323 0.09225520494 0.09927797336 
11
covarEC11 20 0.08226958256 0.06347229911 0.06265156851 0.06769735623 0.07635065075 0.05787437173 0.07037643038 0.08712215219 0.08118708916 0.06041911189 0.07526895936 0.07957838132 0.08572148967 0.07830359675 0.08665064054 0.08000514028 0.11000255654 0.07521700029 0.12402682629 0.15355501808 
12
covarEC12 20 0.08201267479 0.07795652167 0.07996402054 0.08814366502 0.05370626663 0.06962534861 0.10326842405 0.08661965858 0.09352182726 0.04586710485 0.05616157337 0.11014946098 0.07274573883 0.05586166440 0.07461677463 0.07689992859 0.08697174179 0.06338511194 0.08702281584 0.08080919795 
13
covarEC13 20 0.09413623171 0.06735066399 0.06704227304 0.06978848468 0.08636770025 0.06264215544 0.08128156097 0.07902854054 0.08684008728 0.05760979455 0.07727559546 0.08469308746 0.09574837183 0.07832499846 0.06763640081 0.07806167739 0.09236863938 0.08075932535 0.12295727808 0.13909638487 
14
covarEC14 20 0.07839815254 0.08132876971 0.08105879625 0.09360978714 0.05135266603 0.07037013806 0.10822392907 0.07900569608 0.09343567509 0.04554308209 0.05385868111 0.11483916132 0.06708894337 0.05575911192 0.09232149437 0.07876993125 0.09777732321 0.06104808521 0.08878016078 0.08337139487 
15
covarEC15 20 0.08718628729 0.06112541319 0.06422132927 0.06554700562 0.09207785831 0.05822283325 0.07185531297 0.08952192236 0.07979977637 0.06111948057 0.07627367412 0.07635342656 0.09425611492 0.08254689336 0.06874328766 0.08027445411 0.10306067462 0.07212627850 0.12205422273 0.16356036402 
16
covarEC16 20 0.07048659479 0.07304925178 0.08171630970 0.09138222391 0.05545134803 0.07115393858 0.10367210097 0.12067616243 0.09167296530 0.04603142121 0.05431516789 0.11431102818 0.06753937889 0.05787875626 0.11891265628 0.07545372781 0.09548899980 0.06180078571 0.08711149427 0.09298974890 
17
covarEC17 20 0.08237604328 0.05989763881 0.06335243910 0.07255621217 0.08931861650 0.06182052210 0.07566100422 0.09289240762 0.08086716536 0.05797350943 0.07558953675 0.07533068806 0.09385750449 0.08236432139 0.07881736261 0.07702372339 0.10050544830 0.07474101615 0.12043728874 0.14716605209 
18
covarEC18 20 0.07344144764 0.07806585112 0.07912333405 0.09390830185 0.05150547453 0.07159541761 0.10748357564 0.10033069625 0.09172670260 0.04794673641 0.05681001056 0.12670915824 0.06866974096 0.05549543221 0.12287187443 0.07624119055 0.09985925767 0.05718698708 0.07836137114 0.09190498311 
19
covarEC19 20 0.08622045177 0.06434808756 0.06169608628 0.06045931504 0.09166814040 0.05942188263 0.07072575553 0.08283818701 0.07539817501 0.06068497378 0.07941157309 0.08418975800 0.09681528363 0.08381671196 0.06716927495 0.07914612174 0.09212195693 0.07330617922 0.11909629654 0.14603169281 
20
covarEC20 20 0.07518137865 0.07390549755 0.08170550399 0.09467844834 0.05461895564 0.07159890662 0.10787403338 0.11056942462 0.09107792757 0.04582373321 0.05650434017 0.11419291073 0.06411061112 0.05904811567 0.13240344007 0.08014689633 0.09401454671 0.06367293258 0.09001623683 0.09091484230 
21
covarEC21 20 0.08268673140 0.05570223772 0.06559786879 0.07351514799 0.08630768797 0.05572288090 0.07113529157 0.09655440766 0.08259049884 0.05883552499 0.07507408130 0.06712658707 0.09045341463 0.08421382022 0.09573779225 0.07744646958 0.09759056009 0.07763943198 0.12094520027 0.15666818433 
22
covarEC22 20 0.07701047424 0.07852284885 0.07913957624 0.09363865381 0.05328160110 0.07274621822 0.10585739130 0.08765957740 0.09313943017 0.04593390924 0.05858865798 0.11590385587 0.07055593741 0.05518040302 0.09165647210 0.07631923928 0.09083055174 0.05852715958 0.08390869246 0.08715736754 
23
covarEC23 20 0.08975284492 0.06499950002 0.06332275775 0.06488489331 0.08830963811 0.06024743605 0.07342425404 0.08777650615 0.07797445510 0.05978120706 0.07527834135 0.07858623301 0.09399173928 0.08105088969 0.07111271674 0.08183910447 0.09890831714 0.07065638989 0.11338257187 0.15433892496 
24
covarEC24 20 0.07432741164 0.07388181523 0.08262711764 0.09221574664 0.05983307692 0.07060648187 0.10302670945 0.11906768168 0.09689146377 0.04764707362 0.05925504721 0.11641204507 0.07251262377 0.06052275424 0.11695345090 0.07641937568 0.09355616816 0.06378127321 0.09925486285 0.09608540088 
25
covarEC25 20 0.08907800281 0.05395329360 0.05970003106 0.05553346292 0.09010398960 0.05486388448 0.06076000710 0.08249157461 0.07891968348 0.06140459121 0.08073923654 0.06211569812 0.10156365371 0.08691059508 0.06199813107 0.07586996521 0.08925561451 0.07338583884 0.12071765676 0.14632798973 
26
covarEC26 20 0.07462975451 0.07735267228 0.08207558754 0.09746553649 0.05333676364 0.06946686300 0.10651539571 0.09731007335 0.09578373404 0.04795026545 0.05452554077 0.11865375115 0.06471708952 0.05709991777 0.14204849457 0.08182199013 0.11039681854 0.06049122284 0.08497490029 0.09394405484 
27
covarEC27 20 0.08980551042 0.05139726481 0.05353021283 0.05232085069 0.08998229337 0.05023325014 0.05677354910 0.07460105628 0.06978815096 0.06255666988 0.08209489934 0.06087259560 0.10290498721 0.08777011898 0.05784045419 0.07601235923 0.09378970550 0.07416724310 0.11348298491 0.14675822612 
28
covarEC28 20 0.07824905444 0.07470638406 0.08509746404 0.09818478671 0.05372534073 0.07128317000 0.10833120551 0.11501541287 0.09614262066 0.04485873469 0.05383543460 0.11991466602 0.06773876951 0.05602458340 0.11335085043 0.08251957176 0.10010837072 0.05613281010 0.08990219804 0.08503930727 
29
covarEC29 20 0.09278411365 0.06105407257 0.06975245196 0.07093833398 0.08885981685 0.06135407152 0.07317895641 0.09772822077 0.08533431396 0.05883601817 0.07602925713 0.07514118831 0.09477420138 0.08086468118 0.07691644915 0.08433396919 0.09937318578 0.07338146060 0.12146609068 0.14517328311 
30
covarEC30 20 0.07604046450 0.07803691358 0.08262811677 0.09909084141 0.05291520101 0.07233505919 0.10971093254 0.09877380547 0.09478395606 0.04665273862 0.05529437924 0.12965064521 0.07663938319 0.05949977038 0.11401717841 0.08479298960 0.10572242825 0.06475644212 0.09667140052 0.08991288971 
31
covarEC31 20 0.09279878876 0.06005840109 0.06959976911 0.07103588911 0.09192114658 0.05912739762 0.07021313023 0.10187921833 0.08220910547 0.05896076991 0.07482919882 0.07131145744 0.09428334569 0.07999156023 0.07627178219 0.08663059452 0.10703057691 0.07003074285 0.11910577825 0.15025084391 
