
32
0
meanEC0 20 0.06527117570 0.04515355662 0.01094072000 0.03105211357 -0.00209439360 0.05230196216 0.12268835895 0.06055317208 0.05807805461 0.01982715074 0.04056907987 0.18259084704 0.06147637822 0.03375779602 -0.02361296403 0.10385741149 0.09303990075 -0.02016396886 0.01311431333 0.11906903982 
1
meanEC1 20 0.04065280660 -0.01176172893 -0.02664421578 -0.03460348984 0.03879680137 0.00179761558 -0.04035715353 0.03974491334 -0.01310075344 0.03058729125 0.02489872481 -0.05974452781 0.04685995685 -0.00244970483 -0.11945477475 0.05399182487 -0.00296222732 -0.01339871767 0.00186246223 0.21537140012 
2
meanEC2 20 0.06734973993 0.09116411894 0.01316710146 0.06403506631 -0.00112031000 0.08298428327 0.14410263952 0.01926838199 0.05234841135 0.03311190629 0.05976240774 0.29271413123 0.07151429515 0.01340708815 0.03988741146 0.12774251774 0.13888657313 -0.02235196746 0.00464031784 0.11472162604 
3
meanEC3 20 0.05974475806 -0.00316322362 0.00887799324 -0.01941117886 0.02772448802 -0.00404654378 0.01702622557 0.07498390227 -0.00461979671 0.04331703462 0.06940664555 -0.02919534992 0.06542589312 0.03023378399 -0.02990336097 0.08750117608 0.06316714658 -0.00418771115 -0.00146167891 0.24800089002 
4
meanEC4 20 0.08314712342 0.04038681175 0.04961022741 0.05226426744 -0.00908899122 0.08455336551 0.20604761000 0.09476409741 0.07232717300 0.02919935746 0.04983870576 0.18926157028 0.07026444011 0.03550598231 -0.01090168864 0.09825426180 0.07213969142 -0.01936596852 0.01800874887 0.11351594329 
5
meanEC5 20 0.04692136246 -0.00213873802 -0.00098612123 -0.01745704874 -0.00225380970 0.01276573535 0.00208479243 0.09341854983 0.04075123754 0.03213214914 0.03924441870 -0.02478470340 0.04800929362 0.01623894726 -0.06177615336 0.07133608298 -0.00293261616 -0.04085345673 0.06579855839 0.25341027975 
6
meanEC6 20 0.06884138484 0.08199888536 0.05063237636 0.08337542894 -0.00582566591 0.10872071085 0.22400071122 0.07515930111 0.11789820981 0.01096722923 0.06136839864 0.27930775087 0.08402201985 0.02526005702 0.00341437801 0.12907863996 0.15101226947 -0.00948941200 0.04109667125 0.11277890950 
7
meanEC7 20 0.03912769354 0.00484877810 -0.00227928133 0.02814039384 0.03242460665 0.00984765012 0.02736062718 0.10579323083 -0.02078322083 0.05540561902 0.03427787024 -0.00243318520 0.07102296416 0.03213103641 0.00704332831 0.05241793913 0.02650156439 0.01119505891 0.05634291966 0.23768372834 
8
meanEC8 20 0.08132859897 0.04128820350 0.00781461246 0.05623992792 -0.00432260310 0.05818821665 0.13676811729 0.14119719218 0.08521418982 0.01594686590 0.04070625935 0.18039081525 0.03455935278 0.00650287006 -0.03782768649 0.11157915531 0.06785942248 -0.01234619223 -0.00289451497 0.07201312482 
9
meanEC9 20 0.02698940424 -0.00337694637 0.00042272633 -0.01862572173 0.03796848083 -0.00551600166 -0.02059535458 0.07509113925 0.01132171664 0.03066047857 0.06937022087 -0.00985265695 0.08339216616 0.02313990797 -0.06859885869 0.05769198076 0.00339279474 -0.03159173851 0.02032977332 0.20613355935 
10
meanEC10 20 0.08147428858 0.06004083747 0.08847832561 0.12877397277 -0.01312500855 0.08380262831 0.25876406148 0.04368709395 0.10436046216 0.02747672896 0.06343684743 0.30457564448 0.06990266167 0.04322646823 0.05067005581 0.14945601088 0.19016132075 -0.00168254699 0.03098908402 0.13073606789 
11
meanEC11 20 0.08344056990 -0.01449687609 -0.00650436927 -0.00457014681 0.02139049304 0.01973292791 0.02528916243 0.10599608068 -0.01861186896 0.04021735011 0.06332199460 0.00293362853 0.03618159952 0.06574253268 -0.05573681153 0.11044829586 0.02933254216 -0.02669037628 0.02781081807 0.23709580302 
12
meanEC12 20 0.09528574751 0.08035528964 0.01944864385 0.08955996704 0.01769439423 0.07788166791 0.20335750334 0.07775240161 0.05810328078 0.03382562442 0.05602041435 0.22333478651 0.09115446018 0.03019275673 -0.02619158894 0.11673140577 0.07144431465 -0.00241152974 0.01583588585 0.10932941735 
13
meanEC13 20 0.11619850271 0.00613316996 -0.00710950610 -0.01301175650 0.00686882439 0.00886137754 0.00779857861 0.08227567820 -0.01907857242 0.03183368202 0.02841173393 -0.02098904451 0.06322514481 0.05714614501 -0.03512859699 0.07960916583 0.04300962207 -0.02249160381 0.01705587155 0.22903296351 
14
meanEC14 20 0.09502554484 0.12776178051 0.06789055251 0.09823994213 -0.01615734735 0.09662357689 0.25058788872 0.03821298394 0.13212528237 0.02051151942 0.03890544267 0.31339560595 0.08334634186 0.02760971751 -0.01483627358 0.12703282889 0.10274289070 -0.03088917821 0.04687291284 0.08157601207 
15
meanEC15 20 0.07546522865 0.01770537039 0.00396264603 0.02005607599 0.02020385608 0.01897378572 0.01656024585 0.11915466669 0.01821790191 0.03859923545 0.06511899300 0.03178799058 0.09897896392 0.05444554794 -0.02078427717 0.09965980327 0.04903148652 0.01029841792 0.06966759902 0.26339218020 
16
meanEC16 20 0.08456075879 0.06672936928 0.03173687206 0.04689807353 -0.02921512090 0.08078087947 0.16473984491 0.11903522557 0.06293694404 0.02007232099 0.05153267037 0.21372509552 0.05060659906 0.02722115518 -0.04560935501 0.10859648689 0.11910606885 -0.04408766430 -0.01228552795 0.09499388933 
17
meanEC17 20 0.03856400384 -0.01217730473 -0.03540572282 -0.03072677515 0.00710607323 0.03464833399 0.00109819366 0.06538518576 -0.00680949850 0.02070547836 0.02499658429 -0.04737942174 0.06971495246 0.04191886210 -0.09053201719 0.05907820752 0.00436018960 -0.02684096971 0.01463836600 0.16424928606 
18
meanEC18 20 0.04122787001 0.07639576176 0.03449757941 0.08611906788 -0.02870880963 0.08159833585 0.18032244082 0.10172122363 0.04934577672 0.01605710703 0.04497008505 0.26436819297 0.04193272153 -0.00006642049 0.06890323688 0.10853759686 0.12811159535 -0.04657935083 -0.00885736835 0.09480111301 
19
meanEC19 20 0.05161620325 -0.00138199983 -0.00257408516 0.00966407866 0.00149521742 0.00428957150 0.00920890509 0.10690089881 0.00498147789 0.03815941363 0.05505924275 0.00462110965 0.07751118344 0.04627548135 -0.02600410327 0.08588670586 0.05716591287 -0.01889477633 0.05297810087 0.21428097785 
20
meanEC20 20 0.06721843066 0.05535677295 0.03374967326 0.08324090766 -0.01450534047 0.09226611595 0.24211837554 0.13027453692 0.07979646096 0.01348432396 0.07061151838 0.22353033780 0.06744605346 0.05157068881 -0.00438133195 0.10785282929 0.11574785886 -0.01183330821 0.03636462199 0.08374054730 
21
meanEC21 20 0.05697757367 -0.01520869255 0.00859813301 -0.00425931061 0.02999547328 0.01000237873 0.00982900698 0.06655443069 0.03391159277 0.04410174121 0.03829990776 -0.01242607980 0.04898569012 0.01673133557 -0.03362310363 0.08668157235 0.05914513662 -0.00351803159 0.02033371139 0.14028999209 
22
meanEC22 20 0.09520440713 0.09530313597 0.01480746029 0.06197764088 0.00573943078 0.10501069836 0.20788697408 0.07771906370 0.06888214976 0.03242105731 0.06673560961 0.29903390127 0.07531181217 0.06506334318 0.00360250711 0.10848975256 0.10072791598 -0.00813951251 0.05267080417 0.14609022439 
23
meanEC23 20 0.09125301945 0.00974028156 -0.00546550613 -0.00557831787 0.02838521973 0.02762003082 0.02914898809 0.07629348175 0.00155070567 0.04772195880 0.05956362571 0.02272035431 0.06885583982 0.05919244343 -0.02990886345 0.11218443119 0.05336568022 -0.00431583143 0.00717609692 0.24120324850 
24
meanEC24 20 0.03931419711 0.05123708955 0.03475972729 0.06355828737 -0.01576086959 0.07352628087 0.21206880617 0.15409438477 0.06906103060 0.03599297071 0.05847555325 0.23415990777 0.04562193833 0.02675169763 0.00352872402 0.10906910094 0.08662194107 -0.02976699744 0.02235344287 0.07780330628 
25
meanEC25 20 0.06232339537 -0.00135076075 -0.00236866870 0.00788328600 0.00906545621 0.02054677896 0.00948472544 0.09234351719 0.02937193139 0.02979178330 0.05147400048 -0.00357042663 0.07401727342 0.02556213518 -0.04395838414 0.11276123230 0.02019373640 -0.01707529350 0.00746582259 0.21747693419 
26
meanEC26 20 0.06915830472 0.08062172480 0.05079846848 0.13084931495 -0.01364368851 0.04368482462 0.14265594294 0.10144484404 0.06891577967 0.01457130482 0.05594301898 0.28143730584 0.07538859491 0.03293187913 0.12633842068 0.18454058283 0.18329187483 0.00102148360 0.05391322460 0.08570908755 
27
meanEC27 20 0.09951093850 0.02328346734 0.01150470074 0.00491694719 0.00512746653 0.01011573465 0.02112690613 0.10591694367 0.02185472226 0.03158091528 0.07126251324 0.01286598200 0.09817056602 0.03927615397 -0.00646327493 0.12961209727 0.04639317861 -0.02766500069 0.04516662789 0.22100643814 
28
meanEC28 20 0.07662649497 0.04873390234 0.05501576867 0.08823371717 -0.01435413200 0.07091932353 0.18777051266 0.14156546151 0.07947694912 0.01443590170 0.03585360466 0.24196918612 0.06616271572 0.03644916024 0.01173031706 0.12060723533 0.11947793867 -0.00946849854 -0.00319975999 0.04665301368 
29
meanEC29 20 0.07747469791 0.00254759103 0.01463548456 0.02038600809 0.00154053822 0.00742404439 0.02716118174 0.11514663671 0.01375886148 0.00510757674 0.04683904110 -0.03307042844 0.04933579517 0.02979566601 -0.01602292323 0.10062143336 0.04003645318 -0.00602428572 0.00795221523 0.12787100673 
30
meanEC30 20 0.04872486361 0.06834088732 0.04150994885 0.07580301227 -0.01817531443 0.07169910795 0.17666298005 0.08680116411 0.07703663007 0.00852934219 0.05457628357 0.28299155822 0.09119601237 0.03459850148 0.04880602143 0.11318083215 0.10862400803 0.00622617905 0.03796679364 0.08396492899 
31
meanEC31 20 0.09402608129 0.00847237920 0.00054371036 0.02076842202 0.01281922489 0.01510017417 0.03699401101 0.11631597090 0.03482010156 0.03396885321 0.07273644299 0.00566649584 0.06367188028 0.03336762136 -0.01625213063 0.09300821782 0.04046934375 -0.00986276168 0.03380389228 0.20123702288 
