
32
0
meanEC0 20 0.05147979859 0.03914798092 0.02013915422 0.03198210667 0.00097437089 0.05455740730 0.09849055465 0.06398662973 0.06938438351 0.02944458442 0.04617831595 0.19799744628 0.05081746963 0.03889808287 -0.02141870533 0.10198543024 0.09684153308 -0.02316125375 0.01717119877 0.12636369467 
1
meanEC1 20 0.03337813046 -0.02657365027 -0.01406323238 -0.03811822412 0.06420108338 -0.01278461177 -0.05008320647 -0.00990198113 -0.02886501727 0.01149718247 0.02073442879 -0.06695943021 0.02343740731 0.02953285321 -0.09667509319 0.05031560380 -0.02481692994 -0.02500662292 -0.00325337082 0.16455030441 
2
meanEC2 20 0.03777632194 0.07136445194 0.04719516947 0.04792696440 0.01272252688 0.08414035035 0.12910008602 0.10098598622 0.09022432517 0.02557393152 0.04734200732 0.22462336587 0.07301180931 0.03236213592 -0.03436983155 0.11383448019 0.12729465363 -0.02805735027 0.02246567604 0.14268209040 
3
meanEC3 20 0.04909699959 -0.01182185487 0.00885805398 0.01750151417 0.01793713532 0.00937657830 -0.00552898307 0.08950951233 -0.00582297866 0.02979107049 0.02744062037 -0.02885431654 0.05955184534 0.06484239855 -0.03553798656 0.07701942763 0.03321875058 0.00070722519 0.03206840394 0.22405496240 
4
meanEC4 20 0.07977175786 0.05648723706 0.01653739904 0.03480334428 -0.00530005404 0.07195637512 0.14272067626 0.07970597474 0.06252426546 0.02557812864 0.05264282753 0.22036495950 0.07971500922 0.04986909549 0.01098676626 0.11283256470 0.11731333405 -0.00994100549 0.02699957798 0.14233940840 
5
meanEC5 20 0.08075613789 -0.03972379537 -0.02901289753 -0.02138067082 0.07265267625 -0.00823241120 0.00138306008 0.09072620090 0.00361015734 0.04148786445 0.05642413342 -0.03745528488 0.06234933120 0.06945302095 -0.07310613982 0.06335631916 0.03431075624 0.01851739942 0.05323075733 0.31295800209 
6
meanEC6 20 0.03906835475 0.08390520287 0.04233797800 0.05056964459 -0.00072120071 0.09431638997 0.19693091241 0.09945776500 0.09266530851 0.02380425913 0.05390753452 0.22379573736 0.07944186579 0.04288446726 0.02481454424 0.11174518896 0.09384862041 -0.00357920707 0.04486533461 0.10706210136 
7
meanEC7 20 0.05145775535 0.00723728480 0.00091676585 0.01790993626 0.03647232393 -0.00810810671 0.00820653265 0.09894093327 0.00702063048 0.03061662803 0.05721940222 -0.02128106549 0.06773677640 0.03105234090 -0.03266502589 0.06941262421 0.02693987662 -0.00915795950 0.02598418599 0.23221051693 
8
meanEC8 20 0.06043929543 0.02160081480 0.01699950339 0.02061323236 -0.01054444995 0.06188549772 0.13334088764 0.12778278756 0.06360138751 0.02311308929 0.04198767643 0.17999557290 0.06314156099 0.03745606576 -0.03806187226 0.10937089546 0.09797057947 -0.01540056444 0.01767630221 0.10167991370 
9
meanEC9 20 0.05718782951 -0.00238671208 -0.01998004416 -0.03315258752 0.01859085904 -0.01560919115 -0.03430321170 0.06880544162 0.00535645224 0.02788941993 0.03969976787 -0.07124463171 0.05536392381 0.02655507441 -0.05400068988 0.09650960597 0.01944870906 -0.03871726743 -0.01392831978 0.19855125248 
10
meanEC10 20 0.07333108933 0.07179495951 0.06754887394 0.10000232849 -0.00252010095 0.07973977781 0.16309862319 0.15693582915 0.06295089881 0.00684914732 0.05965604396 0.18504437460 0.08553607344 0.06051430805 -0.00517091443 0.12641095727 0.11767426554 -0.00927610468 0.00082179963 0.11278692633 
11
meanEC11 20 0.06726313820 -0.02422378069 -0.02360768906 0.02393473252 0.02513940487 -0.01331094141 0.02478708708 0.11183439979 0.01094042778 0.03631164402 0.05386195671 -0.05297063961 0.02916890232 0.04281614644 -0.04262133063 0.11254209033 0.04494983641 -0.04198968049 0.02675198022 0.18483765423 
12
meanEC12 20 0.07178451064 0.04040829685 0.01733171287 0.02886859940 -0.01047736841 0.07107558527 0.17596671431 0.09076751348 0.06252500051 0.02048402915 0.04675667994 0.18157864550 0.06677873131 0.03003742077 -0.00061716200 0.11413872202 0.08086452508 -0.01407862502 0.02948699497 0.11749634892 
13
meanEC13 20 0.05794940568 -0.02880763132 -0.02468088851 -0.01576499839 -0.01873504852 -0.00664139720 -0.01213551774 0.09247915278 0.01556619348 0.04304380833 0.05261402725 -0.06993647393 0.03771821442 0.02969652786 -0.06442872611 0.10148113807 0.04340785147 -0.01644148223 0.00258858260 0.19979000092 
14
meanEC14 20 0.06882979315 0.09064971420 0.03320370028 0.06500637347 0.00472529783 0.08190539415 0.19898833658 0.11022778598 0.09712144980 0.03146368475 0.05103588243 0.29962759653 0.04434790630 0.01715836772 0.05238506092 0.11166662310 0.10671478040 -0.02555410135 0.01903106972 0.11448130757 
15
meanEC15 20 0.05173286681 0.00907485555 0.00082506189 0.02783680805 0.03197958129 0.02495690487 0.04752274439 0.10220292316 0.02107778169 0.05306629797 0.07500233091 0.00153655895 0.04719121074 0.06775496952 -0.00760248247 0.07415458705 0.02788909880 0.00885950594 0.03998921604 0.28783690929 
16
meanEC16 20 0.06554015906 0.05234798471 0.01552829453 0.02715457013 0.00363715978 0.04335830916 0.12591762493 0.06247170747 0.02737344548 0.02117611538 0.04728147615 0.22499668575 0.04467869883 0.04139765157 -0.02174809564 0.10731022489 0.09713768953 -0.02885796998 0.02682319805 0.10747811198 
17
meanEC17 20 0.01710516387 -0.01481265181 -0.00626659505 -0.00787723860 0.04757887978 -0.00231223030 -0.02478572059 0.06682892801 0.02412898655 0.01740224251 0.04539256175 -0.02958765014 0.05439535630 0.02125335079 -0.08703449378 0.07265465936 0.01780109841 -0.04721811918 0.00520870587 0.17368334532 
18
meanEC18 20 0.02835790402 0.03981530038 0.07311443005 0.11226722172 -0.00948146906 0.07959219420 0.15402676678 0.10396004794 0.10033728343 0.02033055394 0.05981675769 0.17019312771 0.06552061994 0.02881730733 -0.02390659647 0.11996854940 0.12610712324 -0.02840903382 0.03866572381 0.09377069026 
19
meanEC19 20 0.02243169664 0.00134910564 0.00787227158 0.01519644160 0.01281385416 -0.00335434055 0.00839494683 0.08369732562 -0.01386164650 0.02824415820 0.04124751377 -0.02983294951 0.07208514643 0.03950868231 -0.01443769576 0.08813042511 0.00398089890 -0.05113751923 -0.00333504050 0.21144884825 
20
meanEC20 20 0.08149123352 0.08056433974 0.03193602264 0.03332733252 -0.00560201474 0.10797044155 0.20325776543 0.12543877214 0.12919090873 0.01817430927 0.08859491938 0.29145238283 0.08295302530 0.01803890231 0.00805032469 0.14346356083 0.07645652309 -0.05326382819 0.02337764759 0.10971321166 
21
meanEC21 20 0.06981134420 -0.02440112307 -0.03489844423 -0.02062448260 0.03161078727 0.03203289534 0.02581299622 0.10150746810 0.01202402645 0.03555921890 0.07490309809 -0.02834118947 0.05427278679 0.05295424156 -0.05008946765 0.08802664520 0.04655753030 -0.03785964825 0.05629258174 0.20370319486 
22
meanEC22 20 0.03066416009 0.06011965004 0.07661914720 0.08440009284 -0.02929904977 0.06792772995 0.20686218025 0.07159659255 0.13450572591 0.00670942004 0.01476000213 0.25405407489 0.04083086945 0.04293594797 0.02047396411 0.12643942085 0.12103748701 -0.02431624655 0.02632665661 0.05852005631 
23
meanEC23 20 0.02328465441 0.00504073792 0.00558274913 0.02710739444 0.03128999808 0.02152279216 0.00438300759 0.09503610457 -0.00883852899 0.03747094504 0.05455253749 0.00382541406 0.05328819267 0.03986484461 -0.04175423159 0.10335507789 0.03509088258 -0.00120242880 0.01717863619 0.20029583573 
24
meanEC24 20 0.06461957450 0.04021835752 0.03703482615 0.01024814033 -0.01666143691 0.08076049240 0.13839933797 0.15093474161 0.05637479033 0.00341741981 0.04691132289 0.21788768072 0.05829994423 0.04343874811 -0.03190403098 0.13258907014 0.09669344613 -0.03826650143 0.02095524493 0.04869841412 
25
meanEC25 20 0.01645510372 -0.00271682919 0.00985756318 -0.00897579742 0.02484005683 -0.00311669703 0.00445138711 0.04422947393 -0.00304675756 0.01814617973 0.06032079019 -0.01068026220 0.02220426146 0.04255221078 -0.04707632794 0.07485190698 0.01938566233 -0.05572129612 0.01623738855 0.16907243431 
26
meanEC26 20 0.05320775377 0.06096742271 0.06078702556 0.09796140611 -0.02497353083 0.06786102448 0.20328936237 0.25076236188 0.11292021172 0.02474552837 0.06515427485 0.27373907785 0.09551172508 0.04565038275 -0.02584944413 0.13321644230 0.12501870972 -0.00745504264 0.05518477749 0.09401676059 
27
meanEC27 20 0.03627466900 0.00647103812 0.01810251998 0.00744211489 -0.01087253824 0.01395606910 0.04147757554 0.12558208600 0.00946424316 0.02320358467 0.05972827672 0.02050491258 0.02306261201 -0.00544258412 -0.02383438394 0.09616456107 0.04584922181 -0.01802182128 0.03372548687 0.13361534476 
28
meanEC28 20 0.08114579044 0.04109882651 0.03621134146 0.06751711302 -0.00877055790 0.09639831201 0.17488081632 0.14903525737 0.05647063127 0.01399217058 0.07031961778 0.29046357561 0.07160633121 0.02864182160 0.04969226125 0.11499223935 0.09064205613 -0.03213872469 0.04015230535 0.07955430448 
29
meanEC29 20 0.07783928469 -0.00972930576 -0.00476745823 -0.00361411077 0.04441631393 0.01133177646 -0.01817523528 0.10037066969 0.03685102905 0.04037956060 0.04257318917 -0.02285694578 0.03766559816 0.03960218784 0.00032315487 0.11650796188 0.03703933573 -0.03879131902 0.00371603216 0.23014450073 
30
meanEC30 20 0.03916668193 0.06840920391 0.04945888105 0.11934347615 -0.01452277609 0.06902365973 0.17659293336 0.16880169408 0.11839235329 0.02212773563 0.05716983564 0.32922781192 0.04474294374 0.02605927984 0.06075916350 0.11243358628 0.13239135476 -0.01658897323 0.06029857915 0.06513670832 
31
meanEC31 20 0.04463083553 0.01109515735 0.01434897854 0.03028771079 0.01672613959 0.00507967069 0.03268890829 0.14357432427 0.02806133041 0.04721849390 0.05963658956 0.00833672064 0.02931490637 0.05013517116 -0.00335428122 0.08352122057 0.02108033614 -0.00762919736 0.04668671507 0.25410765409 
