
32
0
covarEC0 20 0.07484476144 0.07122681747 0.07468626621 0.08284556084 0.05985043481 0.06781283158 0.09791489970 0.09754171372 0.08763851616 0.04932471353 0.05886044529 0.11031047947 0.07408451481 0.06256025872 0.11127506858 0.07762725550 0.09757241310 0.06371696630 0.09097228106 0.11275872793 
1
covarEC1 20 0.08272988171 0.05712663327 0.05986430593 0.06573517175 0.09819370129 0.05499059118 0.06422551248 0.08086961347 0.07391132429 0.05930232596 0.07814408645 0.07196124245 0.09436073508 0.08472635173 0.08644735956 0.07698545663 0.09191967768 0.07655654625 0.12163664117 0.14474334456 
2
covarEC2 20 0.07408168131 0.07755785331 0.08040231694 0.09134834901 0.05849072454 0.07159010827 0.10646871951 0.09362325206 0.09572548559 0.04963900307 0.05901582643 0.11665570748 0.07428997133 0.06142012563 0.10245704072 0.07647738357 0.10337789336 0.06988954807 0.09890113119 0.10296433773 
3
covarEC3 20 0.08933092581 0.06523553332 0.06371866788 0.06848113443 0.09140815172 0.05955292556 0.07630690059 0.08174069993 0.08474954733 0.06038946998 0.07928898798 0.08080667938 0.09804255811 0.08310953877 0.06960865071 0.07765572768 0.10045881633 0.08187456512 0.12964935354 0.14382602852 
4
covarEC4 20 0.08054261314 0.07452424924 0.07548632909 0.08711416737 0.05173596535 0.06949743842 0.10366469673 0.09222051952 0.08826232051 0.04578658422 0.05429673298 0.11124955397 0.06754070361 0.05449360397 0.11915791520 0.07738558843 0.09000881919 0.05812923769 0.07934681846 0.08789818976 
5
covarEC5 20 0.08250714777 0.05596609589 0.05830941400 0.05487685988 0.09198866194 0.05421479011 0.06319868836 0.09231218452 0.07641989760 0.06076574009 0.07712277485 0.06932362645 0.09288846201 0.08579474166 0.07755489337 0.07393424261 0.09837241642 0.07559951018 0.12953044878 0.15493195467 
6
covarEC6 20 0.08035616529 0.07803962742 0.07764790953 0.08729232087 0.04677921410 0.07025684968 0.10180326520 0.08279066898 0.09169699912 0.04380082329 0.05205271443 0.10699934170 0.06579354869 0.05235562906 0.09451373306 0.07475935339 0.08499905868 0.05910555257 0.08079624582 0.07565073809 
7
covarEC7 20 0.08694486523 0.06274541964 0.06485074313 0.06413626156 0.08944152289 0.05716144215 0.07289861556 0.09228992802 0.08383457782 0.06062398274 0.07621825717 0.07806367303 0.09423001963 0.08478509362 0.06875787899 0.07804657615 0.09802319774 0.07874054727 0.12995593548 0.15532046482 
8
covarEC8 20 0.07545858879 0.07492624738 0.07820047887 0.08934123865 0.05752013994 0.07020214337 0.10330783217 0.10442467617 0.09080012516 0.04841919127 0.05930583541 0.11682225435 0.07215233511 0.05911436767 0.12103696659 0.07761950229 0.09785365605 0.06093375299 0.08688922946 0.09868885912 
9
covarEC9 20 0.08765992011 0.05953583894 0.05941537991 0.06273911227 0.08890345795 0.05705062775 0.06599683338 0.08254797326 0.07473023864 0.06097958896 0.07809262459 0.07291513173 0.09462589481 0.08250417729 0.08731511413 0.07835085668 0.09031607563 0.07366232464 0.11504809714 0.14569435977 
10
covarEC10 20 0.07242820197 0.07766331942 0.08305838614 0.09608336559 0.06087173122 0.07298763227 0.10359401340 0.10754093973 0.09743843476 0.04965354494 0.05729786290 0.11460610306 0.06881370248 0.06172419915 0.11304014960 0.08124042253 0.10916721691 0.06880804424 0.09437982212 0.10521953739 
11
covarEC11 20 0.08277592598 0.06501437073 0.06468447523 0.06871504962 0.08984901158 0.05723728187 0.07296903398 0.08875410183 0.08502060408 0.06159603088 0.07632502278 0.07606830048 0.09190127764 0.07934334936 0.07607488207 0.08263707788 0.10885041499 0.07351664320 0.12079577806 0.15033343918 
12
covarEC12 20 0.07589546212 0.07785948358 0.07494117835 0.08865291410 0.05009804384 0.07148035976 0.10621038679 0.08318908785 0.08957134604 0.04747336215 0.05740318962 0.11262266385 0.07186249817 0.05603864082 0.11382049656 0.07402435568 0.08595545138 0.05939309465 0.08220067826 0.08633713908 
13
covarEC13 20 0.08856348243 0.06595369247 0.06695246602 0.06668504896 0.08613692533 0.06310530335 0.07910149141 0.08589843752 0.08115276425 0.06009432835 0.07562073782 0.09014008895 0.09177118634 0.07553975068 0.07679762234 0.08149259834 0.09539096821 0.07273124907 0.11252804221 0.14711501300 
14
covarEC14 20 0.07398332544 0.08208860586 0.08224162390 0.09360071728 0.05063213561 0.06980663999 0.10718343074 0.08441978168 0.09490744467 0.04620102265 0.05468382486 0.11715786124 0.06833810178 0.05740157159 0.10002452648 0.07602996872 0.09433271014 0.06547865071 0.08705156080 0.08747159280 
15
covarEC15 20 0.08638498967 0.06339932548 0.06262130463 0.06539219299 0.09067176791 0.06084673862 0.07412811494 0.09461424950 0.08074306949 0.06122626570 0.07619012131 0.07710053741 0.09390542380 0.08103574913 0.06885403581 0.07986726158 0.10333845344 0.07496383040 0.12127210451 0.16177855805 
16
covarEC16 20 0.07534606560 0.07309313339 0.07926981784 0.09374416550 0.05753352249 0.06829038893 0.10078024279 0.10312715155 0.09107980496 0.04726844682 0.05622288179 0.11449437131 0.06826758299 0.05935034738 0.12322198222 0.07966128414 0.10365249117 0.06017164751 0.08783630796 0.09635645431 
17
covarEC17 20 0.08144214358 0.05509942992 0.05918908170 0.06407168751 0.09136595174 0.05467806309 0.06252905810 0.08120111905 0.07223998203 0.06020039570 0.08052841205 0.06562742506 0.09586655664 0.08467168956 0.08246824642 0.07631828619 0.09454533963 0.07464751495 0.11568037445 0.14551581014 
18
covarEC18 20 0.07620023579 0.07607616491 0.08341317003 0.09618031765 0.05495582182 0.07203980977 0.10726338863 0.09363404349 0.09639962281 0.04853555062 0.05869018693 0.11788915218 0.07197924669 0.05937888084 0.10565300434 0.07879809784 0.10551105777 0.06595768424 0.09481760967 0.09549662080 
19
covarEC19 20 0.09296553785 0.05975776141 0.06484312673 0.07041538431 0.08019273998 0.05980040048 0.07511327751 0.07836156859 0.08225508759 0.05979950903 0.07916281815 0.07516302404 0.09765341305 0.08185440711 0.06432743080 0.07633259782 0.09735644491 0.07786779328 0.11802047035 0.14822755754 
20
covarEC20 20 0.07628982810 0.07572765048 0.07792787230 0.09029568658 0.05380999839 0.07073871483 0.10681619693 0.10505015449 0.09354656011 0.04634900120 0.05519205171 0.11912754801 0.06906143724 0.05605457903 0.12110268944 0.07827913296 0.09385319112 0.05806015709 0.08695987443 0.09134144653 
21
covarEC21 20 0.08399983728 0.05882947726 0.06239186277 0.05990089730 0.09242348577 0.05803891486 0.06775705162 0.09588164801 0.08524976218 0.06117571189 0.07716351156 0.07163414274 0.09231735679 0.08774909290 0.08544003283 0.07802395081 0.09881862119 0.07670143762 0.13109304382 0.14991000220 
22
covarEC22 20 0.08186802873 0.07996777353 0.08350433719 0.09258499067 0.05021788668 0.07346638854 0.10832604563 0.08660548018 0.09395181776 0.04593991273 0.05514134613 0.11782066763 0.06821252241 0.05696873890 0.09916882757 0.07547412275 0.09087368140 0.06162467757 0.08931257961 0.08126598904 
23
covarEC23 20 0.09121390536 0.06256202269 0.06811721151 0.07164723025 0.08638597659 0.06264938136 0.07723669670 0.09307109358 0.08432605117 0.05776234096 0.07287748006 0.07578990483 0.09196899633 0.08014362429 0.07235620179 0.08482588402 0.10176758448 0.07807591247 0.12332549301 0.14982274324 
24
covarEC24 20 0.07420391841 0.07463878372 0.08142134326 0.09363729265 0.05822917445 0.06960178690 0.10230787982 0.11627505744 0.08893711740 0.04590447812 0.05340255308 0.11747560362 0.06734424502 0.05740171519 0.12816352591 0.08225700301 0.10554244391 0.06048078057 0.08666051906 0.08782071583 
25
covarEC25 20 0.08951631342 0.05710427663 0.06103044014 0.06314797501 0.08841859791 0.05294961393 0.06352011083 0.08015002986 0.07265782541 0.06042336400 0.08037158675 0.06928216164 0.09786086133 0.08504918140 0.07911463784 0.07702710967 0.09078355893 0.07468126905 0.11800131400 0.14793662168 
26
covarEC26 20 0.07042744391 0.07588101320 0.08250160927 0.09973141699 0.05359182216 0.07075026345 0.10511388634 0.11903067464 0.09666797475 0.04598136626 0.05136571919 0.12148061530 0.06441533074 0.05666471004 0.11346807971 0.07848105069 0.10871903798 0.06018570469 0.08478647139 0.09055139404 
27
covarEC27 20 0.09187015614 0.05697168328 0.06055647644 0.06130980473 0.08350299201 0.05558788788 0.06438809553 0.08225569325 0.07011409861 0.06042035942 0.07817063436 0.06527828863 0.09877371810 0.08339968266 0.06577673565 0.07874946580 0.10108867033 0.07035160688 0.11049436825 0.14742078259 
28
covarEC28 20 0.07439330664 0.07560770789 0.07927675286 0.09362167308 0.05414638790 0.07078472644 0.10673202947 0.11378722967 0.09253579505 0.04558692299 0.05573330083 0.12588171095 0.06963528364 0.05664684266 0.13102776404 0.07733037226 0.09536905385 0.05992150674 0.08995398228 0.08881591987 
29
covarEC29 20 0.08999179198 0.06034087366 0.06374085444 0.06182869544 0.09165368824 0.05965998206 0.06713517011 0.09766612450 0.08195659955 0.05867802922 0.07503189037 0.07825734231 0.09295604345 0.07871078890 0.08752197552 0.08117910426 0.09623015159 0.07156045114 0.12031037036 0.15407370478 
30
covarEC30 20 0.06921654533 0.07825098188 0.08554700474 0.09821650912 0.05421801982 0.07103080567 0.10934298683 0.10955108826 0.10308061733 0.04457419017 0.05303311535 0.13130061235 0.06459490179 0.05796383332 0.11351365289 0.07983659179 0.10192200666 0.06271780180 0.09622970847 0.08885876481 
31
covarEC31 20 0.08948829848 0.06034343652 0.06694232344 0.06660647070 0.08951313618 0.05822417891 0.06859935234 0.10120500584 0.08208927417 0.05984577874 0.07527107503 0.07328635267 0.09428145837 0.07963201391 0.07958385112 0.08270140966 0.10439924092 0.07187864873 0.12187993964 0.16134293154 
