
% Dense CPTs
7 
0 
start_state_CPT 
0 % number parents
2 % cardinalities
9.61389961389961134e-01 3.86100386100388590e-02 
1 
start_length_CPT 
1 % number parents
2 13 % cardinalities
1.39759036144578658e-01 1.93574297188755073e-01 1.48594377510040315e-01 1.08433734939759163e-01 8.51405622489956743e-02 4.97991967871486071e-02 4.41767068273091340e-02 3.13253012048194182e-02 1.68674698795179927e-02 2.16867469879517723e-02 1.68674698795183674e-02 1.52610441767067982e-02 1.28514056224899004e-01 
5.79999999999997851e-01 1.99999999999996764e-01 8.00000000000007372e-02 0.00000000000000000e+00 0.00000000000000000e+00 0.00000000000000000e+00 2.00000000000020370e-02 1.99999999999997610e-02 6.00000000000021280e-02 0.00000000000000000e+00 2.00000000000020370e-02 0.00000000000000000e+00 1.99999999999986265e-02 
2 
state_extension_CPT 
1 % number parents
2 2 % cardinalities
1.00000000000000000e+00 0.00000000000000000e+00 
0.00000000000000000e+00 1.00000000000000000e+00 
3 
state_transition_CPT 
1 % number parents
2 2 % cardinalities
0.00000000000000000e+00 1.00000000000000000e+00 
1.00000000000000000e+00 0.00000000000000000e+00 
4 
length_CPT 
1 % number parents
2 13 % cardinalities
4.01692535387668026e-01 2.92455694281048673e-01 1.16902584342144331e-01 7.50256157261556395e-02 4.01882281507328978e-02 2.63557360251971719e-02 1.55212325907927769e-02 9.69602671625322682e-03 6.54624112936860823e-03 3.64312549808340101e-03 2.88414101931602123e-03 2.10618192857945849e-03 6.98265720465982963e-03 
5.12818080039493918e-01 2.51807434676165565e-01 8.13487921971921130e-02 2.67557259151017003e-02 2.34349797908868646e-02 2.44217157820821665e-02 1.87479838327093452e-02 1.40040607981169168e-02 1.04935577525185428e-02 7.96979069811534595e-03 6.50866240346085860e-03 4.51621472893203122e-03 1.71730013852246371e-02 
5 
exponential_tail_CPT 
2 % number parents
13 2 13 % cardinalities
7.69230769230769273e-02 7.69230769230769273e-02 7.69230769230769273e-02 7.69230769230769273e-02 7.69230769230769273e-02 7.69230769230769273e-02 7.69230769230769273e-02 7.69230769230769273e-02 7.69230769230769273e-02 7.69230769230769273e-02 7.69230769230769273e-02 7.69230769230769273e-02 7.69230769230769273e-02 
7.69230769230769273e-02 7.69230769230769273e-02 7.69230769230769273e-02 7.69230769230769273e-02 7.69230769230769273e-02 7.69230769230769273e-02 7.69230769230769273e-02 7.69230769230769273e-02 7.69230769230769273e-02 7.69230769230769273e-02 7.69230769230769273e-02 7.69230769230769273e-02 7.69230769230769273e-02 
1.00000000000000000e+00 0.00000000000000000e+00 0.00000000000000000e+00 0.00000000000000000e+00 0.00000000000000000e+00 0.00000000000000000e+00 0.00000000000000000e+00 0.00000000000000000e+00 0.00000000000000000e+00 0.00000000000000000e+00 0.00000000000000000e+00 0.00000000000000000e+00 0.00000000000000000e+00 
1.00000000000000000e+00 0.00000000000000000e+00 0.00000000000000000e+00 0.00000000000000000e+00 0.00000000000000000e+00 0.00000000000000000e+00 0.00000000000000000e+00 0.00000000000000000e+00 0.00000000000000000e+00 0.00000000000000000e+00 0.00000000000000000e+00 0.00000000000000000e+00 0.00000000000000000e+00 
0.00000000000000000e+00 1.00000000000000000e+00 0.00000000000000000e+00 0.00000000000000000e+00 0.00000000000000000e+00 0.00000000000000000e+00 0.00000000000000000e+00 0.00000000000000000e+00 0.00000000000000000e+00 0.00000000000000000e+00 0.00000000000000000e+00 0.00000000000000000e+00 0.00000000000000000e+00 
0.00000000000000000e+00 1.00000000000000000e+00 0.00000000000000000e+00 0.00000000000000000e+00 0.00000000000000000e+00 0.00000000000000000e+00 0.00000000000000000e+00 0.00000000000000000e+00 0.00000000000000000e+00 0.00000000000000000e+00 0.00000000000000000e+00 0.00000000000000000e+00 0.00000000000000000e+00 
0.00000000000000000e+00 0.00000000000000000e+00 1.00000000000000000e+00 0.00000000000000000e+00 0.00000000000000000e+00 0.00000000000000000e+00 0.00000000000000000e+00 0.00000000000000000e+00 0.00000000000000000e+00 0.00000000000000000e+00 0.00000000000000000e+00 0.00000000000000000e+00 0.00000000000000000e+00 
0.00000000000000000e+00 0.00000000000000000e+00 1.00000000000000000e+00 0.00000000000000000e+00 0.00000000000000000e+00 0.00000000000000000e+00 0.00000000000000000e+00 0.00000000000000000e+00 0.00000000000000000e+00 0.00000000000000000e+00 0.00000000000000000e+00 0.00000000000000000e+00 0.00000000000000000e+00 
0.00000000000000000e+00 0.00000000000000000e+00 0.00000000000000000e+00 1.00000000000000000e+00 0.00000000000000000e+00 0.00000000000000000e+00 0.00000000000000000e+00 0.00000000000000000e+00 0.00000000000000000e+00 0.00000000000000000e+00 0.00000000000000000e+00 0.00000000000000000e+00 0.00000000000000000e+00 
0.00000000000000000e+00 0.00000000000000000e+00 0.00000000000000000e+00 1.00000000000000000e+00 0.00000000000000000e+00 0.00000000000000000e+00 0.00000000000000000e+00 0.00000000000000000e+00 0.00000000000000000e+00 0.00000000000000000e+00 0.00000000000000000e+00 0.00000000000000000e+00 0.00000000000000000e+00 
0.00000000000000000e+00 0.00000000000000000e+00 0.00000000000000000e+00 0.00000000000000000e+00 1.00000000000000000e+00 0.00000000000000000e+00 0.00000000000000000e+00 0.00000000000000000e+00 0.00000000000000000e+00 0.00000000000000000e+00 0.00000000000000000e+00 0.00000000000000000e+00 0.00000000000000000e+00 
0.00000000000000000e+00 0.00000000000000000e+00 0.00000000000000000e+00 0.00000000000000000e+00 1.00000000000000000e+00 0.00000000000000000e+00 0.00000000000000000e+00 0.00000000000000000e+00 0.00000000000000000e+00 0.00000000000000000e+00 0.00000000000000000e+00 0.00000000000000000e+00 0.00000000000000000e+00 
0.00000000000000000e+00 0.00000000000000000e+00 0.00000000000000000e+00 0.00000000000000000e+00 0.00000000000000000e+00 1.00000000000000000e+00 0.00000000000000000e+00 0.00000000000000000e+00 0.00000000000000000e+00 0.00000000000000000e+00 0.00000000000000000e+00 0.00000000000000000e+00 0.00000000000000000e+00 
0.00000000000000000e+00 0.00000000000000000e+00 0.00000000000000000e+00 0.00000000000000000e+00 0.00000000000000000e+00 1.00000000000000000e+00 0.00000000000000000e+00 0.00000000000000000e+00 0.00000000000000000e+00 0.00000000000000000e+00 0.00000000000000000e+00 0.00000000000000000e+00 0.00000000000000000e+00 
0.00000000000000000e+00 0.00000000000000000e+00 0.00000000000000000e+00 0.00000000000000000e+00 0.00000000000000000e+00 0.00000000000000000e+00 1.00000000000000000e+00 0.00000000000000000e+00 0.00000000000000000e+00 0.00000000000000000e+00 0.00000000000000000e+00 0.00000000000000000e+00 0.00000000000000000e+00 
0.00000000000000000e+00 0.00000000000000000e+00 0.00000000000000000e+00 0.00000000000000000e+00 0.00000000000000000e+00 0.00000000000000000e+00 1.00000000000000000e+00 0.00000000000000000e+00 0.00000000000000000e+00 0.00000000000000000e+00 0.00000000000000000e+00 0.00000000000000000e+00 0.00000000000000000e+00 
0.00000000000000000e+00 0.00000000000000000e+00 0.00000000000000000e+00 0.00000000000000000e+00 0.00000000000000000e+00 0.00000000000000000e+00 0.00000000000000000e+00 1.00000000000000000e+00 0.00000000000000000e+00 0.00000000000000000e+00 0.00000000000000000e+00 0.00000000000000000e+00 0.00000000000000000e+00 
0.00000000000000000e+00 0.00000000000000000e+00 0.00000000000000000e+00 0.00000000000000000e+00 0.00000000000000000e+00 0.00000000000000000e+00 0.00000000000000000e+00 1.00000000000000000e+00 0.00000000000000000e+00 0.00000000000000000e+00 0.00000000000000000e+00 0.00000000000000000e+00 0.00000000000000000e+00 
0.00000000000000000e+00 0.00000000000000000e+00 0.00000000000000000e+00 0.00000000000000000e+00 0.00000000000000000e+00 0.00000000000000000e+00 0.00000000000000000e+00 0.00000000000000000e+00 1.00000000000000000e+00 0.00000000000000000e+00 0.00000000000000000e+00 0.00000000000000000e+00 0.00000000000000000e+00 
0.00000000000000000e+00 0.00000000000000000e+00 0.00000000000000000e+00 0.00000000000000000e+00 0.00000000000000000e+00 0.00000000000000000e+00 0.00000000000000000e+00 0.00000000000000000e+00 1.00000000000000000e+00 0.00000000000000000e+00 0.00000000000000000e+00 0.00000000000000000e+00 0.00000000000000000e+00 
0.00000000000000000e+00 0.00000000000000000e+00 0.00000000000000000e+00 0.00000000000000000e+00 0.00000000000000000e+00 0.00000000000000000e+00 0.00000000000000000e+00 0.00000000000000000e+00 0.00000000000000000e+00 1.00000000000000000e+00 0.00000000000000000e+00 0.00000000000000000e+00 0.00000000000000000e+00 
0.00000000000000000e+00 0.00000000000000000e+00 0.00000000000000000e+00 0.00000000000000000e+00 0.00000000000000000e+00 0.00000000000000000e+00 0.00000000000000000e+00 0.00000000000000000e+00 0.00000000000000000e+00 1.00000000000000000e+00 0.00000000000000000e+00 0.00000000000000000e+00 0.00000000000000000e+00 
0.00000000000000000e+00 0.00000000000000000e+00 0.00000000000000000e+00 0.00000000000000000e+00 0.00000000000000000e+00 0.00000000000000000e+00 0.00000000000000000e+00 0.00000000000000000e+00 0.00000000000000000e+00 0.00000000000000000e+00 1.00000000000000000e+00 0.00000000000000000e+00 0.00000000000000000e+00 
0.00000000000000000e+00 0.00000000000000000e+00 0.00000000000000000e+00 0.00000000000000000e+00 0.00000000000000000e+00 0.00000000000000000e+00 0.00000000000000000e+00 0.00000000000000000e+00 0.00000000000000000e+00 0.00000000000000000e+00 1.00000000000000000e+00 0.00000000000000000e+00 0.00000000000000000e+00 
0.00000000000000000e+00 0.00000000000000000e+00 0.00000000000000000e+00 0.00000000000000000e+00 0.00000000000000000e+00 0.00000000000000000e+00 0.00000000000000000e+00 0.00000000000000000e+00 0.00000000000000000e+00 0.00000000000000000e+00 0.00000000000000000e+00 1.01734104046241586e-01 8.98265895953758386e-01 
0.00000000000000000e+00 0.00000000000000000e+00 0.00000000000000000e+00 0.00000000000000000e+00 0.00000000000000000e+00 0.00000000000000000e+00 0.00000000000000000e+00 0.00000000000000000e+00 0.00000000000000000e+00 0.00000000000000000e+00 0.00000000000000000e+00 2.06331131860624267e-01 7.93668868139375649e-01 
6 
Fi_given_Di_CPT 
1 % number parents
13 2 % cardinalities
0.00000000000000000e+00 1.00000000000000000e+00 
1.00000000000000000e+00 0.00000000000000000e+00 
1.00000000000000000e+00 0.00000000000000000e+00 
1.00000000000000000e+00 0.00000000000000000e+00 
1.00000000000000000e+00 0.00000000000000000e+00 
1.00000000000000000e+00 0.00000000000000000e+00 
1.00000000000000000e+00 0.00000000000000000e+00 
1.00000000000000000e+00 0.00000000000000000e+00 
1.00000000000000000e+00 0.00000000000000000e+00 
1.00000000000000000e+00 0.00000000000000000e+00 
1.00000000000000000e+00 0.00000000000000000e+00 
1.00000000000000000e+00 0.00000000000000000e+00 
1.00000000000000000e+00 0.00000000000000000e+00 

