
32
0
covarEC0 20 0.09112026046 0.09301106350 0.09696408321 0.09286754727 0.07496990512 0.10358395911 0.10530526996 0.09476694985 0.07894209249 0.08217480260 0.07865404474 0.10564789410 0.10038456417 0.08614513422 0.11163099934 0.10466285954 0.09170971129 0.08122595376 0.08747490644 0.09449347686 
1
covarEC1 20 0.08761829516 0.07166382917 0.07456451959 0.07245462416 0.11285440525 0.07723235237 0.07044397561 0.07631748046 0.07024280363 0.08222683711 0.08834227290 0.07674201532 0.10560139608 0.10346072783 0.09165021992 0.09538055634 0.07899865431 0.10563804259 0.11211390405 0.10933655221 
2
covarEC2 20 0.07748056606 0.08829399620 0.09359484433 0.08846942651 0.07563805441 0.09310144877 0.09465827171 0.08506808297 0.08173608309 0.07312078660 0.06801497084 0.09805941827 0.09254113196 0.08113704226 0.10451522383 0.09076003279 0.08616182936 0.09258665061 0.09302809371 0.08436325369 
3
covarEC3 20 0.08545041629 0.07475807733 0.07491921195 0.07316323669 0.10569050444 0.07986261465 0.08017549473 0.07453619961 0.07771699560 0.07788151294 0.08230323656 0.08085851088 0.10283875012 0.09658806593 0.07900830430 0.09055185378 0.08488099856 0.11400313665 0.11425694824 0.10485298727 
4
covarEC4 20 0.07813664571 0.08501276445 0.08694958529 0.08575239552 0.06897928227 0.08959180403 0.08937663777 0.08404509456 0.07746466661 0.06624898827 0.06205479477 0.09300108896 0.08683487014 0.07354388787 0.11176236141 0.08855712711 0.07683127071 0.07895186732 0.07991532962 0.07574423710 
5
covarEC5 20 0.08259055083 0.06671703349 0.07149684807 0.06116762805 0.10572885091 0.07387394929 0.06828312128 0.08486671046 0.06869273332 0.08148667839 0.08600782109 0.07412202174 0.10629164653 0.10738863985 0.08751592749 0.08938872712 0.08329416047 0.10731293495 0.11517164553 0.11735266689 
6
covarEC6 20 0.07154226318 0.07937193406 0.08398991311 0.07904415569 0.06137255401 0.08170719974 0.08159612252 0.07168240851 0.07576934005 0.06020019272 0.05636633132 0.08318710795 0.08250695766 0.06729867846 0.09217920784 0.07952792341 0.06777582369 0.08358568129 0.07693083539 0.06377109326 
7
covarEC7 20 0.08251908407 0.07193395992 0.07304915069 0.06647443221 0.10294057731 0.07266058915 0.07350967743 0.08254811252 0.07411731369 0.07537887945 0.07968825804 0.07590891649 0.10152169623 0.09823260503 0.08132808795 0.08932958491 0.08108478806 0.10761446368 0.11833263544 0.11686554365 
8
covarEC8 20 0.07820270807 0.08756560569 0.09215579263 0.09118875541 0.07373474863 0.09204012707 0.09575361214 0.09366351807 0.07922907243 0.06984826488 0.06801913489 0.10081514336 0.09218731493 0.08025962836 0.11754564681 0.09153200962 0.08349102034 0.08745637848 0.08445612226 0.08211028781 
9
covarEC9 20 0.08494420550 0.07253991309 0.07104058601 0.06839821443 0.10587937784 0.07705743097 0.07103768236 0.07369305409 0.07039041152 0.08098236261 0.08420666518 0.07534370566 0.10601631734 0.10212519947 0.09320012945 0.09271326560 0.07609729435 0.10582040309 0.10291126449 0.10374497566 
10
covarEC10 20 0.07328309258 0.08616197146 0.08937898547 0.08860654570 0.07623507347 0.09035649041 0.09221194874 0.09124028103 0.08159592551 0.07125921608 0.06228237354 0.09511516876 0.08771250914 0.07932854540 0.11028598687 0.09029226317 0.09147832502 0.09327889684 0.08718239072 0.08819092717 
11
covarEC11 20 0.08279395276 0.07497835002 0.07690146339 0.07222515188 0.10226259293 0.07728792913 0.07656849857 0.08042736108 0.07546690204 0.07910376486 0.08262576120 0.07634975342 0.10113474437 0.09589076762 0.08545041690 0.09561839737 0.09307209226 0.10588064257 0.11039295560 0.11244654395 
12
covarEC12 20 0.06996325224 0.08152770234 0.08481201339 0.08338342831 0.06522801967 0.08501301544 0.08724962650 0.07207282408 0.07270183858 0.06420158473 0.06188588779 0.08677303143 0.08785538482 0.07082066077 0.10557675873 0.08155685283 0.06929105859 0.08314209357 0.07714586642 0.07004265701 
13
covarEC13 20 0.08152710006 0.07358718074 0.07604713344 0.06919892802 0.09632593595 0.08068591662 0.07990322516 0.07368258041 0.07307513034 0.07582006456 0.07919124357 0.08343907658 0.09755016171 0.09209583651 0.08310431946 0.09213484175 0.07610084512 0.10463128929 0.10081928509 0.10217273068 
14
covarEC14 20 0.06860291811 0.08186429682 0.08605282268 0.08370327012 0.06620179391 0.08379128325 0.08826811369 0.07684679579 0.07723679354 0.06237327925 0.05904415134 0.08845142538 0.08382202398 0.07296259167 0.09903506580 0.08027969341 0.07482638644 0.08764093429 0.08291303736 0.07210819991 
15
covarEC15 20 0.08237099389 0.07272797767 0.07305117343 0.06835256225 0.10237770454 0.07802047007 0.07686783591 0.08550860569 0.07337030212 0.07602362838 0.07955392678 0.07744640386 0.10092568581 0.09719602457 0.08127513776 0.09080642895 0.08761745327 0.10546552499 0.11195369963 0.11802670099 
16
covarEC16 20 0.08018886045 0.08692928686 0.09197111187 0.09319908109 0.07627614922 0.09516129625 0.09523687636 0.09378770978 0.08055342351 0.07128257387 0.06620355303 0.09807142061 0.08856497786 0.07957346192 0.11740934731 0.09351890139 0.08838026808 0.07918305470 0.08490301561 0.08324237699 
17
covarEC17 20 0.08388934253 0.06844753020 0.07255236264 0.06992084076 0.10598502082 0.07555296590 0.07096470436 0.07439238026 0.06811752050 0.08296207757 0.09006262307 0.07124912003 0.10529316716 0.10624261108 0.09081829426 0.09016836486 0.08100603432 0.10563901466 0.10530763422 0.11045795921 
18
covarEC18 20 0.07685151186 0.08532647398 0.09096427454 0.09131673972 0.07046723862 0.09048506340 0.09605805278 0.08274707075 0.08264921860 0.06813574578 0.06559167924 0.09682735691 0.08758778375 0.07741593981 0.10154163871 0.08873719519 0.08661840253 0.08744313100 0.08587101328 0.07879164675 
19
covarEC19 20 0.08632978781 0.07146282309 0.07530523432 0.07272141642 0.09630695462 0.07969093499 0.07891145810 0.07041060987 0.07210109026 0.07622577462 0.08199593519 0.07323493869 0.10383192530 0.09992685283 0.07273696982 0.08763582972 0.07933942722 0.10931165026 0.10644197865 0.10262697563 
20
covarEC20 20 0.07678428067 0.08387785009 0.08788843073 0.08549389834 0.06898593785 0.08717350439 0.09079248409 0.09044376485 0.07823816073 0.06743424321 0.06193540322 0.09509019980 0.08779649298 0.07464170575 0.11317027654 0.08576288519 0.07839418322 0.07875060195 0.08289895325 0.07732650684 
21
covarEC21 20 0.08381887985 0.06980813228 0.07434938464 0.06501716418 0.10348613401 0.07818248649 0.07158142047 0.09019965947 0.07722168308 0.07775585783 0.08018981611 0.07429372763 0.10370077594 0.10457574042 0.09307189939 0.08895900859 0.08472734615 0.10360407738 0.11395080942 0.11297596004 
22
covarEC22 20 0.07217345833 0.08353619789 0.08921673130 0.08373752375 0.06440119840 0.08535917874 0.08918749584 0.07684137925 0.07831308165 0.06234381185 0.05782038075 0.09305807820 0.08213168039 0.07079769127 0.09598838374 0.08194366677 0.07436134492 0.08722764133 0.08158321324 0.06871616021 
23
covarEC23 20 0.08673404412 0.07201617034 0.07820470959 0.07232162313 0.09667284657 0.07933641740 0.07946234790 0.08242642282 0.07595984443 0.07594334096 0.07803071181 0.07605132758 0.10227695504 0.09805248076 0.08248066554 0.09194956390 0.08303392385 0.10854045244 0.11193508939 0.11032014787 
24
covarEC24 20 0.07819924393 0.08846655007 0.09203076190 0.09005486881 0.07193655715 0.09713853672 0.09491683628 0.09846228108 0.07716250522 0.06768721421 0.06427739362 0.10015760726 0.08610391548 0.07667092931 0.12089936325 0.09271007617 0.08718877111 0.08188874095 0.08282338615 0.07898775060 
25
covarEC25 20 0.08723379205 0.06933586064 0.07038540030 0.06646093236 0.10103363987 0.07450717803 0.06952539761 0.07088139073 0.06726886787 0.07816349290 0.08464562257 0.07175785292 0.10521273949 0.10377895168 0.08879236370 0.08727167693 0.07497984285 0.10877255001 0.10658940960 0.10461979546 
26
covarEC26 20 0.07230737931 0.07939260308 0.08547954543 0.08925607789 0.06775305399 0.08750651515 0.09178838889 0.09889938156 0.07955291720 0.06262883786 0.05728287886 0.09572226788 0.08123207273 0.07144746503 0.10858048804 0.08544676972 0.08959182079 0.08566030269 0.08369690539 0.07718975972 
27
covarEC27 20 0.08800650562 0.06574896255 0.06992668671 0.06525490880 0.09878904969 0.07368259188 0.06995752628 0.07622678378 0.06699668507 0.07565455035 0.08101680539 0.06504719935 0.10652887084 0.09951821566 0.07375389264 0.08681336424 0.08384787111 0.10415904333 0.10298671752 0.10552299693 
28
covarEC28 20 0.07840362013 0.09020847340 0.09180033195 0.09290048056 0.06937227644 0.09773155770 0.09831043490 0.10085682552 0.07968860524 0.06728519591 0.06699772349 0.10416227725 0.08582431667 0.07536011595 0.12203024159 0.09483117519 0.08131072247 0.07837285038 0.08520502227 0.07935337452 
29
covarEC29 20 0.08392659743 0.07368705373 0.07426761607 0.06754328939 0.10164260249 0.07790438100 0.07239255082 0.08586642377 0.07296982955 0.07567437299 0.08038843596 0.07899015892 0.10366065864 0.09547516868 0.09583575759 0.09101262544 0.07915439419 0.10169277172 0.11045407105 0.11318209954 
30
covarEC30 20 0.07523071139 0.08964021088 0.09546157281 0.09756851889 0.07136346289 0.09268551169 0.10370545169 0.10190808579 0.08497830489 0.06504095020 0.06209992975 0.10891543443 0.08188551129 0.07443945085 0.11531874006 0.09631103179 0.08645910926 0.08588517943 0.09194240407 0.07919089356 
31
covarEC31 20 0.08508156993 0.07177770574 0.07752448302 0.07281823025 0.10157843018 0.07705849815 0.07369102564 0.09195218153 0.07751429443 0.07396094341 0.07918037119 0.07496958067 0.10417369384 0.09690574006 0.09078198538 0.09428626439 0.08899845865 0.10314755364 0.11347456526 0.12119652890 
