
32
0
covarEC0 20 0.08900523674 0.09526217164 0.09763326785 0.09235487047 0.07408380970 0.10369238911 0.10536413114 0.09464953459 0.07927232827 0.08152904770 0.07914192849 0.10560236939 0.09805353165 0.08674703663 0.11344186436 0.10351972663 0.09219864975 0.08456207184 0.08965773887 0.09527348280 
1
covarEC1 20 0.08590855589 0.07410421784 0.07681838253 0.07091945264 0.10668265084 0.07932235234 0.07707844806 0.08271651587 0.07229923822 0.08227398761 0.08584256395 0.08049209901 0.10425289638 0.10192532174 0.09882947874 0.09131531627 0.08007043751 0.11011183692 0.11200346482 0.11358274836 
2
covarEC2 20 0.07736079974 0.08833689075 0.09077204168 0.09171407119 0.07303723820 0.09364371220 0.09723005213 0.07748411576 0.07882487516 0.07051287679 0.06335743767 0.10036916130 0.08636410325 0.07581283534 0.11840570967 0.08992164319 0.08951663735 0.08450241190 0.08441659428 0.08408142366 
3
covarEC3 20 0.08174605762 0.07812172940 0.07534116496 0.07149036695 0.09920032287 0.08260401668 0.07759818472 0.07933674813 0.07180945906 0.07703721233 0.08230882228 0.08580347675 0.10159428000 0.09596293078 0.09632474924 0.09147857733 0.08826282546 0.10805063606 0.11215995399 0.10860335752 
4
covarEC4 20 0.07796971411 0.08356481903 0.09091095541 0.08582244599 0.06926510061 0.09123315153 0.09410962236 0.08407340228 0.07834643184 0.06881234573 0.06270067208 0.09276521835 0.08694396876 0.07683212294 0.10583287297 0.08879925121 0.07648886657 0.08409449114 0.08003488659 0.07742424095 
5
covarEC5 20 0.08158959808 0.06523585292 0.06908884370 0.06330983576 0.10470644424 0.07149828122 0.06682462053 0.07981855933 0.06861709779 0.08071481212 0.08565009195 0.06970385632 0.10179028919 0.10559619593 0.09749118454 0.08855590805 0.07743414087 0.11000086399 0.11442416410 0.11840687171 
6
covarEC6 20 0.06952498000 0.07814993954 0.08264800127 0.08047377210 0.06423628668 0.08199893977 0.08060559094 0.06803154707 0.07352142103 0.06130500949 0.05736737445 0.08304050301 0.08217821975 0.06642212886 0.09254880276 0.07938369540 0.07237604821 0.07675066977 0.07096972733 0.06494594384 
7
covarEC7 20 0.08236826231 0.06980358221 0.06940299468 0.06606991762 0.10456998828 0.07269660079 0.07168942685 0.07969782463 0.06917020195 0.07491905279 0.07970551971 0.07840682764 0.10041989757 0.10158783749 0.08770341753 0.08861297326 0.08462711476 0.10577824956 0.11154391186 0.11875637975 
8
covarEC8 20 0.08091070737 0.08651790193 0.09317315213 0.08762151650 0.07511854900 0.09303657544 0.09529157267 0.09557447436 0.08214701954 0.07194373148 0.06843274972 0.09897573809 0.09130090126 0.08146279213 0.10287280061 0.09196319275 0.08230190327 0.08744530052 0.08858064199 0.08424031967 
9
covarEC9 20 0.08796016207 0.07165482768 0.07306313442 0.06784464939 0.10013488878 0.07802466254 0.07333674260 0.07294357895 0.07215512714 0.08196011172 0.08772489647 0.07423877357 0.10976038844 0.10400241362 0.08082843822 0.08912193424 0.07657620530 0.11345534115 0.11180982547 0.10847533122 
10
covarEC10 20 0.07164303526 0.08220855036 0.08901009742 0.09311775421 0.06811375699 0.08965190550 0.09304790551 0.07765255737 0.07760247499 0.06789501651 0.06188532875 0.09622672980 0.07896600844 0.07420818080 0.11831895302 0.08865572172 0.09107162554 0.08255860677 0.08991533778 0.08455741797 
11
covarEC11 20 0.08116598336 0.07317427713 0.07425610379 0.07038602418 0.09135170540 0.07839098318 0.07440380549 0.08049020950 0.07544440825 0.07570737349 0.07617535299 0.07861821046 0.09791491084 0.09275058059 0.09536260226 0.08962188829 0.09436331840 0.10912179989 0.11296984635 0.10920328833 
12
covarEC12 20 0.07271871632 0.08021730136 0.08531542903 0.08133986450 0.06744064291 0.08144471364 0.08583813402 0.07655080897 0.07751103327 0.06430560718 0.06093117248 0.08664553558 0.08725077550 0.07110707767 0.08077224179 0.08124594058 0.07089039784 0.08705958723 0.08189376103 0.06654499779 
13
covarEC13 20 0.08494739917 0.07456822105 0.07688317903 0.07113194825 0.09715509155 0.07774984223 0.07985834759 0.07043674174 0.07401477869 0.07767617009 0.08015601802 0.07804757008 0.09992588804 0.09571367574 0.07382661318 0.08921041224 0.07219010250 0.11111110584 0.10679018755 0.09902053326 
14
covarEC14 20 0.07158506963 0.08428135377 0.08522966345 0.08328129802 0.06312756797 0.08137036953 0.08706162448 0.07181613778 0.07648586541 0.06113756458 0.05768056030 0.08747778519 0.08202034487 0.07038300196 0.09466408512 0.08211433865 0.07706430744 0.08544920162 0.08398887105 0.06963008018 
15
covarEC15 20 0.08479678310 0.07176459386 0.07420563951 0.06875775576 0.10308730049 0.07583263392 0.07621376847 0.08336757629 0.07472000376 0.07482890206 0.07851891313 0.07540121981 0.10087312936 0.09753882653 0.07781751074 0.09268132838 0.08983486021 0.10375578736 0.11314777462 0.11736893170 
16
covarEC16 20 0.07860502502 0.08742355034 0.09258269903 0.09001609037 0.07291891776 0.09826897251 0.09751359257 0.10269486180 0.08131954584 0.07000100119 0.06593863942 0.09897669855 0.08780188512 0.07953653467 0.11457723729 0.09172150061 0.08376732435 0.08366117897 0.08544223227 0.08104727864 
17
covarEC17 20 0.08482691941 0.07280707870 0.07695978720 0.07634109785 0.09960021006 0.08343728913 0.08018644813 0.08349802133 0.07409826974 0.08223410342 0.08489781823 0.07755561537 0.10598521053 0.10096873517 0.08874325619 0.09214712004 0.08461984318 0.10379978402 0.10857434561 0.10933995917 
18
covarEC18 20 0.07499479832 0.08543986054 0.08858095668 0.08869542566 0.07279279222 0.08950955981 0.09445506371 0.08745404603 0.07739680473 0.06768465526 0.06481312846 0.09703740957 0.08757014564 0.07304200453 0.11433682129 0.08682889522 0.08164071280 0.08220059828 0.07731776841 0.07696243748 
19
covarEC19 20 0.08458229807 0.07442662596 0.07169659831 0.06505022704 0.10307668533 0.07786640591 0.07427043168 0.07359441315 0.06914048540 0.07688912303 0.08392462087 0.08274368441 0.10378974873 0.10055331693 0.07419971397 0.08847674425 0.07569078812 0.10497130793 0.10739000048 0.10237951670 
20
covarEC20 20 0.07651502044 0.08465516345 0.09128065288 0.09023315240 0.07051000584 0.09118277879 0.09618152941 0.09538245106 0.07689686938 0.06491634726 0.06098362837 0.09482042325 0.08182664684 0.07742141703 0.11562820903 0.08928302462 0.07950586898 0.08458580993 0.08639979332 0.07964656232 
21
covarEC21 20 0.07917997196 0.06923727337 0.07515426472 0.07123658431 0.09818662155 0.07678169972 0.07383371164 0.08701079243 0.07082395240 0.07674813485 0.08426326182 0.07001649079 0.09978106549 0.10354178233 0.09796922731 0.09047606321 0.08342348568 0.10655710311 0.10849772127 0.11847840343 
22
covarEC22 20 0.07148171453 0.07899991087 0.08440739221 0.08446071300 0.07103829317 0.08476186851 0.08615869464 0.07753201262 0.07519348043 0.06103756785 0.06180933731 0.08810056471 0.08407790793 0.07038425812 0.09350774103 0.07983770203 0.07123700700 0.08089403480 0.07832889845 0.06944253733 
23
covarEC23 20 0.08333234635 0.07218216595 0.07393328017 0.06934563153 0.10137246703 0.07674579452 0.07658194305 0.07990484315 0.07040479520 0.07380290761 0.08073718316 0.08017613964 0.10296112974 0.10072779856 0.07993284601 0.09134602627 0.08238286274 0.10288596772 0.10477636244 0.11046802755 
24
covarEC24 20 0.07794819428 0.08743762332 0.09044983211 0.08945071966 0.07598559702 0.09512611628 0.09668700905 0.10162695301 0.08330150249 0.07180895551 0.06885360352 0.09755432791 0.09048780224 0.08052508836 0.11139960894 0.09146861385 0.08176594145 0.08684358883 0.09176612210 0.08048918303 
25
covarEC25 20 0.08621187967 0.06452905920 0.07023345755 0.06028026215 0.10282995615 0.07300016189 0.06508374440 0.07305301117 0.07350355726 0.07977092474 0.08671902583 0.06591498349 0.10927732426 0.10139864868 0.06831330712 0.08854355570 0.07417378093 0.10596349931 0.11097391340 0.10572574399 
26
covarEC26 20 0.07271773265 0.08582897496 0.08994970351 0.09064413823 0.06965516499 0.08895074245 0.09264889379 0.08598770668 0.07889322471 0.06480487461 0.05937750772 0.09568841148 0.07998495071 0.07416405882 0.12357763407 0.08818872846 0.08677924580 0.08155663460 0.08343661204 0.07936730748 
27
covarEC27 20 0.08735806128 0.06194478092 0.06251697065 0.05797875919 0.10423411197 0.06823948843 0.06167125861 0.06824960686 0.06407981356 0.07763509690 0.08314972819 0.06371330263 0.10553385068 0.10143648914 0.06456338488 0.08863198849 0.07788419758 0.10533428534 0.10484473432 0.10206125975 
28
covarEC28 20 0.08058888620 0.08684468216 0.09452431496 0.09465029236 0.06870969891 0.09375163151 0.09890675414 0.09836309104 0.08209116633 0.06562273433 0.06336261290 0.09776670826 0.08871414230 0.07584540863 0.11280409740 0.09611911164 0.08372518874 0.07955603675 0.08334976062 0.07588065369 
29
covarEC29 20 0.08815224352 0.07193583933 0.07841452752 0.07492316696 0.09929334461 0.07943716988 0.07544397175 0.08533512640 0.07592861653 0.07781709204 0.08185002221 0.07544993258 0.10651286537 0.09773447294 0.08151447106 0.09443747824 0.08281885047 0.10579527467 0.11108860937 0.10715826713 
30
covarEC30 20 0.08097987215 0.08706801430 0.09453099286 0.09768489389 0.06778418868 0.09080856829 0.10381634824 0.09493152235 0.08253837149 0.06515959946 0.06229218919 0.10954789031 0.09917833376 0.07433873527 0.11695865988 0.09855597102 0.08744188361 0.08612244533 0.08853271016 0.07757472489 
31
covarEC31 20 0.08639900499 0.07170117240 0.08005386249 0.07694115203 0.10288777688 0.07794196640 0.07643966103 0.09145893376 0.07826615533 0.07285644368 0.07876083518 0.07288729371 0.10239222322 0.09781707821 0.08836866465 0.09705360512 0.09077779634 0.10213819700 0.10995776473 0.11490995344 
