
243
0
meanEC0 20 0.06709918992 0.01703526937 -0.00229241731 0.00277182912 0.00647994256 0.04139142025 0.08391411470 0.05525652103 0.02296796780 0.03538511520 0.05943908364 0.07013050907 0.05839459660 0.03678694385 -0.01489495649 0.08557437448 0.05039311749 -0.01222503890 0.03270556795 0.16718626022 
1
meanEC1 20 0.06425995923 -0.15921751373 0.05269446760 0.07014958154 -0.03506521355 -0.08574437570 -0.00311868880 0.05787740880 0.06750762411 0.00880251020 0.08801202178 -0.13258870872 0.04836558282 0.06943366813 -0.08427192708 0.14497541684 0.15578502821 -0.03127964254 0.04069012905 0.05226353183 
2
meanEC2 20 -0.01832302954 -0.01833766208 0.05001837911 0.00547288097 0.01311916078 -0.00152610987 -0.00810926006 0.15116440039 0.03362418730 -0.00193725238 0.03213449488 -0.03870074854 0.02956358268 0.02952578453 -0.10716024975 0.12948489767 0.07604752507 -0.02164335720 0.01025963659 0.03808779642 
3
meanEC3 20 0.23957262788 0.10622566654 0.38305135215 0.47744979688 0.05911415902 0.14590841821 0.16406499129 0.13932002981 0.32097091680 0.18417898134 0.16989305960 0.12464628860 0.16433730304 0.43428446267 0.07296356455 0.29640950360 0.45399817314 0.26620532017 0.56273193849 0.18808859587 
4
meanEC4 20 0.09457328428 0.03148130491 -0.03505156931 -0.03201542094 0.00528753285 0.06217835170 -0.03251060851 0.11683821451 0.01401049687 0.03502851724 0.11663249327 0.05442299148 0.27493848598 0.20811216407 -0.10229498490 0.05795804291 0.03499581430 0.00369093578 0.15364860503 0.23632432520 
5
meanEC5 20 0.09565933287 0.07709361725 0.01997175383 0.02171886227 0.02716888831 -0.00133099811 0.00908557390 0.19261516932 -0.14043689838 0.16984295280 0.19587808129 0.00489992146 0.26665407290 0.10818597638 0.17516870530 -0.00654121447 0.04702527724 -0.10676990795 -0.01847144835 0.19536820054 
6
meanEC6 20 0.11210784384 0.10208455854 0.00927197153 0.05145014905 0.00937093276 0.11778574372 0.15996636899 0.04891013521 0.07862041471 0.07308599610 0.06463711677 0.21560380107 0.15084086709 0.04292913641 -0.09059085125 0.18066714342 0.14669926352 -0.04886165998 0.03984526279 0.21331571043 
7
meanEC7 20 0.01823920451 -0.04706767257 0.03393827287 0.04027625141 0.01273766251 -0.03008159580 -0.01335876091 0.18683187396 -0.01632290314 0.04355734507 0.09992258785 -0.01478017257 0.09778288796 0.02269089414 -0.03864515090 0.09278903852 0.06006795074 -0.03996105896 -0.00014439787 0.27637958527 
8
meanEC8 20 0.03210568315 -0.00932306496 0.02340110222 0.01907673020 -0.00969624038 0.02285562795 0.04602448178 0.09267654729 0.05234786940 0.01579635899 0.04690519961 0.04525152207 0.03462324654 0.01276512095 -0.05083025140 0.09246924907 0.01846437885 -0.03007391951 0.01062879770 0.08027119935 
9
meanEC9 20 0.32592879736 0.14401513846 0.17000972522 0.10670083730 0.10364191032 0.18664472283 0.11665406056 0.21980978375 0.14492880571 0.43548374367 0.63948360133 0.24145615740 0.76700584350 0.23912592377 0.22137820034 0.24284653175 0.34672091615 -0.03333243877 0.07471811094 0.44886404276 
10
meanEC10 20 0.47731730342 0.89614433050 0.66797995567 0.32841250300 0.21016462147 0.40310609341 0.14532501996 0.63837218285 0.31470254064 0.94590479136 0.18958894908 0.49387004972 0.38130274415 0.39379435778 0.63542401791 0.24361801147 0.04739567265 0.08417552710 0.99778729677 0.25332713127 
11
meanEC11 20 0.96285372972 0.12922807038 0.57676380873 0.19640979171 0.85889345407 0.01489719842 0.44898718596 0.83368241787 0.81274712086 0.91835176945 0.23774324358 0.32175198197 0.54964715242 0.64015871286 0.75006234646 0.99019664526 0.77180820704 0.68029654026 0.25121164322 0.32150968909 
12
meanEC12 20 0.01798620075 0.04742589965 0.95986436301 0.88079708815 0.01798620075 0.86789008025 0.04742589965 0.04742589965 0.88079708815 0.01798620075 0.85675468543 0.04742589965 0.04742589965 0.96388146237 0.00669289986 0.50000000000 0.04742589965 0.98070887881 0.99493652505 0.01798620075 
13
meanEC13 20 0.03748656359 0.04136995698 0.01762177258 0.01430893948 0.06908897081 -0.00266622213 0.03874456727 0.03284372695 0.09543612149 0.18327933155 0.10153453286 0.05008649925 0.14910005375 0.15973698248 -0.03541231786 0.07166959338 0.09113423339 0.00851498250 0.11757830750 0.35074985027 
14
meanEC14 20 0.18796791027 0.04060917049 0.05224630271 0.30379186065 -0.01219824445 0.08803388632 0.19524809222 0.24024170243 0.04669990955 0.09693951670 0.08842417815 0.14121361971 0.14345206289 0.08425731017 0.04548876104 0.19540144971 0.10037256267 0.03845399665 0.18726399642 0.18773116171 
15
meanEC15 20 0.40961040010 0.30675806980 0.29813380625 0.32943739865 0.10506215679 0.44413429362 0.39930914414 0.13553259139 0.24079522944 0.25989136631 0.41236220869 0.35511918763 0.53580062329 0.11086711284 0.13526625663 0.29933979310 0.24744838170 0.06864940460 0.15374566837 0.30320364237 
16
meanEC16 20 0.22146768658 0.30847577743 0.03487085205 0.01148153064 0.21533042301 0.04288331302 0.00744851270 0.19691590343 0.00424542603 0.13884572844 0.13347750494 0.10288402203 0.13183985548 0.10310671603 0.38732012519 0.29011361515 0.37536549268 0.00466937735 0.17386662290 0.11961928010 
17
meanEC17 20 0.08631439390 0.19213940208 0.08972503064 0.16827305114 0.02669146818 0.06088292066 0.19694330936 0.16296349167 0.08407988937 0.22032981116 0.24197397694 0.27631990846 0.33404919491 0.22008983871 0.16998531097 0.08585566878 0.25561775505 -0.05532249382 0.27969698274 0.30484166741 
18
meanEC18 20 0.30365141732 0.09348069808 -0.01106966793 0.11467331458 -0.00636202031 0.12201969904 0.15965028456 0.09060222457 0.09261540805 0.08247252091 0.16323414751 0.15938282572 0.21794210628 0.05571424624 -0.03737165614 0.13488662545 0.13234534756 0.00989228648 -0.02692763335 0.21947784722 
19
meanEC19 20 0.18366053700 0.73458361626 0.66870021820 0.82149618864 0.07030569017 0.40708214045 0.79551178217 0.15971608460 0.67468845844 0.46461045742 0.21088822186 0.84849226475 0.15483181179 0.90499603748 0.68253582716 0.15662060678 0.65326076746 0.25673475862 0.59172511101 0.81350660324 
20
meanEC20 20 0.90142476559 0.69055569172 0.44797021151 0.72297108173 0.66345971823 0.35478955507 0.11570010334 0.64899325371 0.93865525723 0.60005313158 0.94870394468 0.23442542553 0.09563975036 0.77853703499 0.75646263361 0.73966664076 0.10280510038 0.08805151284 0.05503807962 0.39976024628 
21
meanEC21 20 0.33928084695 0.21728850754 0.19194674913 0.15149925469 0.14599688512 0.33914045169 0.26429661064 0.28427982583 0.38246531838 0.11602100081 0.24129479382 0.10059518519 0.25091474313 -0.00392840854 0.07481701600 0.35030592819 0.27222963853 0.09981759894 0.18613588398 0.11922679096 
22
meanEC22 20 0.06659236621 -0.02913588926 0.04942320309 0.03619013990 0.03516449756 0.02431604448 0.00330391327 0.07509005667 -0.00414462506 0.11709367599 0.05572337983 0.04272633632 0.08473475736 0.10439251090 -0.02585367937 0.05542840084 0.15155451704 0.00125538439 0.07656893178 0.28135895729 
23
meanEC23 20 0.05980337088 0.09520541336 0.01878921112 0.09160008359 0.02155345065 0.16822380242 0.15833590003 0.39043859592 -0.00322493428 0.00376199267 0.08796950515 0.10902702237 0.10701718091 0.01526246321 -0.01749169609 0.10707145548 0.05909573824 -0.03285576009 -0.03580291147 0.05232277885 
24
meanEC24 20 0.18845980554 0.07170157748 0.11492611420 0.10022859594 -0.01195715435 0.09861588363 0.13370106327 0.03883744443 0.10978305779 0.01530055894 0.08475833083 0.21356400699 0.07372034286 0.10015654445 -0.09768038428 0.20256525404 0.11432466165 -0.02813345186 0.14226368555 0.08017773926 
25
meanEC25 20 0.02652626421 0.00614679099 -0.00141725400 -0.04792411700 0.01642820551 0.04537348379 -0.00997769699 0.03786007226 0.02782179894 0.03923753303 0.07392595466 -0.00067457653 0.08050196563 0.06215648092 -0.05241494341 0.06535306280 0.09710195351 0.01659067379 0.02483480893 0.15355940163 
26
meanEC26 20 0.06012688144 0.00034767668 0.02263190158 0.02505179325 -0.00865251140 0.00202232862 0.03915367952 0.17241018236 -0.00634464964 0.01730021241 0.03938874429 0.03439908107 0.02815823386 0.01606838694 -0.04509925841 0.09568728584 0.04901230953 -0.02927741080 -0.00421914782 0.10359945893 
27
meanEC27 20 0.26867446366 0.17398242507 0.26846462021 0.09133604100 -0.02621703696 0.09145177375 0.09036457052 0.43087104719 0.04754149993 0.32574416317 0.26904998521 0.11184176249 0.25695667749 0.16010795670 0.03870261952 0.20755497161 0.09126897739 0.43543940712 0.07178804880 0.22874936461 
28
meanEC28 20 0.16233778000 0.29679077864 0.23272307217 0.85023611784 0.00488931080 0.20890273154 0.26691573858 0.68953382969 0.47697928548 0.13782040775 0.54449230433 0.14855225384 0.48141351342 0.05191510543 0.86371701956 0.79045295715 0.98541587591 0.54461646080 0.85266315937 0.28586849570 
29
meanEC29 20 0.07132176310 0.70566207170 0.92298209667 0.86627626419 0.23580250144 0.84988218546 0.12914174795 0.33326724172 0.45107463002 0.27697825432 0.71394866705 0.65271306038 0.33452141285 0.57328802347 0.27432635427 0.58047145605 0.88456821442 0.77830284834 0.16441413760 0.72857522964 
30
meanEC30 20 0.91175568104 0.58856683969 0.78719615936 0.45942503214 0.19444355369 0.27424734831 0.17677415907 0.78422302008 0.19876730442 0.48566472530 0.40617501736 0.95692682266 0.53151202202 0.15157841146 0.36459243298 0.21648813784 0.89630019665 0.32912534475 0.86500608921 0.77178233862 
31
meanEC31 20 0.28130373359 0.09314368665 0.36737760901 0.47087007761 0.27327477932 0.50862145424 0.84017038345 0.51821422577 0.25054335594 0.96173763275 0.52224373817 0.56558400393 0.09896447510 0.93239933252 0.93395787477 0.26417070627 0.44970861077 0.07143503428 0.65490484238 0.55473327637 
32
meanEC32 20 0.99667543173 0.90881431103 0.97915953398 0.28902554512 0.54144430161 0.10694028437 0.86302953959 0.12221674621 0.99553126097 0.79576361179 0.77335953712 0.81665277481 0.46241757274 0.74615931511 0.99142593145 0.82186871767 0.40317991376 0.76240754128 0.53025490046 0.24296404421 
33
meanEC33 20 0.55198109150 0.43686062098 0.28820943832 0.71505385637 0.32419890165 0.41080707312 0.14151655138 0.98662245274 0.32850787044 0.42813140154 0.47461798787 0.10656790435 0.33953419328 0.38416495919 0.89654779434 0.53121060133 0.72454816103 0.62572908401 0.82127630711 0.74731671810 
34
meanEC34 20 0.49009704590 0.39948055148 0.65848076344 0.24705781043 0.08587446064 0.13273906708 0.92602378130 0.14097040892 0.81703007221 0.78876137733 0.76190173626 0.78703135252 0.96689063311 0.62955558300 0.58032315969 0.39312404394 0.18623535335 0.29040798545 0.99943006039 0.02423414215 
35
meanEC35 20 0.76459872723 0.63014590740 0.20257699490 0.16031177342 0.90760749578 0.38050562143 0.00426370930 0.25323161483 0.80526918173 0.55066943169 0.12011532485 0.29964518547 0.22464744747 0.29104304314 0.94422799349 0.60212230682 0.20309734344 0.48722133040 0.39855894446 0.79297500849 
36
meanEC36 20 0.88079708815 0.73105859756 0.23554867060 0.26894140244 0.01798620075 0.98201382160 0.50000000000 0.04742589965 -0.15920742377 0.01798620075 0.04742589965 0.88079708815 -0.25708024206 -0.25664737855 0.98201382160 0.50000000000 0.83740506897 0.00669289986 0.01798620075 0.26894140244 
37
meanEC37 20 0.25468239188 0.75444245338 0.96335798502 0.35586848855 0.94799208641 0.00242104847 0.90984112024 0.29071152210 0.20224986970 0.92158520222 0.05800865591 0.85172671080 0.11752881110 0.33365651965 0.73278832436 0.03001452051 0.72297149897 0.19232004881 0.93034696579 0.95103377104 
38
meanEC38 20 0.52259415388 0.88537329435 0.22741733491 0.90256631374 0.46583312750 0.91004288197 0.58178007603 0.91387766600 0.30099385977 0.88002550602 0.12977379560 0.92400193214 0.66613769531 0.91459780931 0.95624697208 0.59012532234 0.11364389211 0.65064620972 0.54656594992 0.53289180994 
39
meanEC39 20 0.41579727797 0.09004483113 0.53590708543 0.60857046293 0.12223955130 0.31727580318 0.42096772781 0.30290879260 0.09374085256 0.47894270303 0.34731961675 0.09320831193 0.36208192468 0.10454143495 0.04742589966 0.57400676257 0.26894140244 -0.05919782519 0.05011296092 0.46542909741 
40
meanEC40 20 0.11086512200 0.05412120822 0.06947160462 0.01718688729 0.06555243186 0.07467032332 0.07087434838 0.20405559622 0.12786741765 0.12522107255 0.13012794722 0.08954795856 0.15646065622 0.09955806638 -0.01057282701 0.10035513852 0.11699825288 0.08660600427 0.08205607043 0.38492506742 
41
meanEC41 20 0.12080636159 0.06015622395 0.05262056826 0.01129960295 0.06878948884 0.03030470443 0.05985095195 0.37481909499 0.20758103974 -0.05648571650 0.13921275475 0.10973353885 0.00270261538 -0.01023036024 0.07446088127 0.11017303636 0.22877849626 -0.04243374099 0.05125405984 0.05783730745 
42
meanEC42 20 0.33999773746 0.31429237764 0.23455531908 0.05639319334 0.44164021694 0.29327923817 0.09587013877 0.05515343314 0.15924649634 0.71799499623 0.89964081181 0.29247785408 0.80672686678 0.33543925796 0.29552132841 0.18099213285 0.43381614369 0.11084217327 0.16222920076 0.68301874399 
43
meanEC43 20 0.47371727184 0.22229183188 0.36433286485 0.14201509511 0.01538603767 0.26885297349 0.18762543212 0.27345765801 0.35750229141 0.23187090833 0.09220266295 0.11487542977 0.05723558759 0.11608228935 0.22651723223 0.34058644983 0.16953695363 0.01515491447 0.21336384468 0.21554471552 
44
meanEC44 20 0.23006211077 0.12728685537 0.20079341759 0.25139448108 0.18924370974 0.32162307875 0.20361531410 0.12428608990 0.13299431174 0.24262892243 0.22765503092 0.17826635734 0.14793276834 0.19282426716 -0.04114391080 0.23823555280 0.23281430909 0.02245751402 0.19237102934 0.29829275608 
45
meanEC45 20 0.42925329475 0.20815621980 0.20689468628 0.27851986314 0.16740422114 0.31586102084 0.39522404038 0.06464551579 0.20170910815 0.34865035414 0.38490361867 0.15518982106 0.42207660391 0.13702382595 0.05565123848 0.39146610502 0.16383542437 0.02738153594 0.02314233266 0.29776963592 
46
meanEC46 20 0.41053843498 0.49023017287 0.05670001358 0.17158408463 0.35874858499 0.42686825991 0.56101423502 0.76319831610 0.51154166460 0.11736847460 0.23054368794 0.89622712135 0.70515370369 0.92165052891 0.77929693460 0.53228068352 0.86852556467 0.31956607103 0.55303972960 0.15763194859 
47
meanEC47 20 0.98218667507 0.87512415648 0.31254529953 0.76060891151 0.27034527063 0.35397213697 0.79596984386 0.19374555349 0.57677292824 0.09159616381 0.25770264864 0.08528294414 0.55076688528 0.84695422649 0.46293717623 0.57096600533 0.21295689046 0.25231319666 0.99435913563 0.99223482609 
48
meanEC48 20 0.92488849163 0.81111282110 0.46756672859 0.40889781713 0.50826686621 0.39262306690 0.50735735893 0.67794197798 0.41450634599 0.16476003826 0.40902385116 0.36291307211 0.11616050452 0.86404567957 0.13979092240 0.71939778328 0.56070971489 0.10986082256 0.88055646420 0.07145675272 
49
meanEC49 20 0.26625242546 0.22343507396 0.28669105721 0.05292130300 0.19586769986 0.27226428453 0.11057640696 0.12530058699 0.27381210387 0.58450493362 0.48329362327 0.21504893468 0.36424658542 0.12739915860 0.03501321489 0.40016231756 0.37569492207 0.01564944111 0.07591976306 0.63541203737 
50
meanEC50 20 0.37478089533 0.37483095149 0.18796106937 0.43582712108 0.01141234919 0.26152928313 0.49476871686 0.04742589966 0.26894140244 0.07396609688 0.26847639142 0.36837468427 0.50661130941 0.48549502612 0.47330686634 0.51185926049 0.29794848573 0.50880681019 0.51562923376 0.07679685950 
51
meanEC51 20 0.10425462380 0.17548634991 0.16134930469 0.31541404827 0.10779785895 0.31706255977 0.28145922886 0.03665885482 0.17282027941 0.32818660508 0.53368000845 0.21694990519 0.42111169667 0.49887851659 0.02581834862 0.20775912986 0.34472919373 0.26702030632 0.53916477318 0.37291088700 
52
meanEC52 20 0.12960242279 0.09323467944 0.21103767501 0.02884343128 0.03293362683 0.16982279654 0.07473696071 0.09509090164 0.23110421236 0.18898422725 0.23893238894 0.21188303885 0.18747880698 -0.08956545766 -0.06883257658 0.01338127500 0.24349840403 0.14276232626 -0.04613178205 0.35252553225 
53
meanEC53 20 0.23679127302 0.00643758500 0.14310554784 0.32707543210 0.12937672026 0.02779629240 0.12629589615 0.22294229921 0.05521532025 0.15563008445 0.07118988913 0.11082660835 0.04279078466 0.04970862631 -0.02805754225 0.22963638755 0.07180549835 -0.03594974337 0.05643341178 0.13617399335 
54
meanEC54 20 0.05680258589 -0.01098673298 0.02730401992 0.03158096657 0.04949018123 0.02835808215 0.07505995785 0.04914440126 0.04680157986 0.09339160391 0.05868115735 0.10119633337 0.18894430170 0.10246432210 0.02579657940 0.17183104849 0.14083913989 0.03322828158 0.14048499125 0.19675153494 
55
meanEC55 20 0.52014005184 0.29073634744 0.48477363586 0.83776319027 0.04914668575 0.61793237925 0.55909770727 0.05811222270 0.58967381716 0.71930682659 0.21919642389 0.81271529198 0.22125500441 0.09033319354 0.97306108475 0.97952932119 0.58756500483 0.85571432114 0.18313752115 0.18656714261 
56
meanEC56 20 0.93722647429 0.97441780567 0.51542979479 0.97781372070 0.54892593622 0.42162373662 0.34423941374 0.53304624557 0.49791926146 0.98779505491 0.96134018898 0.12332167476 0.59258151054 0.26718044281 0.24657566845 0.98118275404 0.84481847286 0.78438156843 0.05674586445 0.05954034254 
57
meanEC57 20 0.49295949936 0.51787388325 0.34747818112 0.65703952312 0.86894625425 0.23981119692 0.82240200043 0.86656981707 0.11876904964 0.08180043846 0.64215725660 0.21308597922 0.47706222534 0.54409992695 0.96713805199 0.28417408466 0.89144217968 0.92953914404 0.81204408407 0.42013993859 
58
meanEC58 20 0.06970721483 0.62262612581 0.43223211169 0.00722817425 0.72653263807 0.56143480539 0.33637958765 0.10273720324 0.23649288714 0.60106110573 0.79145866632 0.73547816277 0.26418837905 0.73092955351 0.77288746834 0.84424835443 0.53938043118 0.51393574476 0.91318678856 0.98793947697 
59
meanEC59 20 0.12579810619 0.61311507225 0.07847188413 0.26457786560 0.05863612145 0.79571455717 0.56819254160 0.81152546406 0.04920654744 0.09393795580 0.70706099272 0.22786152363 0.98355555534 0.40198755264 0.77502006292 0.98838806152 0.63846266270 0.66692501307 0.79607385397 0.15878601372 
60
meanEC60 20 0.33550649881 0.28300544620 0.39878344536 0.40623864532 0.73008263111 0.58640807867 0.91579872370 0.83258020878 0.42139345407 0.57242554426 0.46032470465 0.28499871492 0.69824683666 0.29341611266 0.93780308962 0.89344573021 0.38135886192 0.57915747166 0.74753725529 0.42620521784 
61
meanEC61 20 0.53728413582 0.51332074404 0.40577566624 0.23658791184 0.54594928026 0.19635359943 0.85907572508 0.53236854076 0.36073324084 0.27900609374 0.21280242503 0.53585177660 0.07161745429 0.11062251776 0.33066529036 0.49626183510 0.15960967541 0.30999535322 0.76661515236 0.91222035885 
62
meanEC62 20 0.78418207169 0.96590459347 0.13275784254 0.46030041575 0.93800693750 0.48270785809 0.23342210054 0.38468194008 0.97399455309 0.40564200282 0.09471208602 0.84372735023 0.98169285059 0.93925398588 0.15139979124 0.09526907653 0.99965053797 0.31477946043 0.99018692970 0.44621872902 
63
meanEC63 20 0.52886242029 0.12922523138 0.21992118800 0.46495320655 0.17072777963 0.16126847692 0.33721675311 0.30270745745 0.13298630559 0.10705474636 0.01679875178 0.05943880771 0.00017568730 0.22320654830 0.03451323304 0.38476934971 0.24894570608 0.22561661463 0.07144786106 0.14358797669 
64
meanEC64 20 0.53633457422 0.45684340596 0.34264373779 0.66090959311 0.79292881489 0.06851758063 0.98874044418 0.68396443129 0.48796623945 0.74145978689 0.87556505203 0.98154371977 0.13044232130 0.18837139010 0.77734452486 0.29843458533 0.35612025857 0.80343264341 0.18992145360 0.46287706494 
65
meanEC65 20 0.42263334990 0.33113664389 0.39316827059 0.84448611736 0.84256851673 0.50149041414 0.31987938285 0.71788948774 0.49440148473 0.63495969772 0.43312600255 0.07206705213 0.03214362264 0.25138440728 0.58532834053 0.19369985163 0.74308091402 0.75065577030 0.64420694113 0.54265314341 
66
meanEC66 20 0.04742589966 1.05574698667 0.26894140244 0.73105859756 0.00669289986 0.50000000000 0.11840769978 0.04742589966 0.73105859756 0.00669289986 0.00669289986 0.26894140244 0.01798620075 0.00669289986 0.01798620075 0.26894140244 0.04742589965 0.00669289986 0.01798620075 0.00669289986 
67
meanEC67 20 0.10040151517 0.07844269120 0.01008325529 0.00180313961 0.04776566868 0.09147727042 0.06340058197 0.06601891152 0.06536854064 0.13047188250 0.13877653445 0.07243741068 0.19323061568 0.12635476714 -0.02691763088 0.11791162997 0.02983840207 0.08859828563 0.12893188610 0.41848301888 
68
meanEC68 20 0.23612348878 0.22286965284 0.15313682713 0.05523156511 0.00881484117 0.13542565562 0.08727283678 0.31023046835 0.12191941760 0.07553624962 0.13737096079 0.18277585681 0.20865966756 0.09671851418 0.02205293389 0.18408458086 -0.00392493672 -0.00502503486 0.06547610589 0.20328506827 
69
meanEC69 20 0.32364128791 0.27093935944 0.12607573443 0.08343484685 0.09447085282 0.29496233484 0.10855847160 0.19741025792 0.50372818427 0.19890499515 0.31569306487 0.20775268640 0.36552700054 0.41431723997 0.16717712890 0.16581930176 0.26793904480 0.33413480508 0.60059900761 0.29649078846 
70
meanEC70 20 0.24847048131 0.50068143993 0.23948277508 0.37269033015 0.10546286763 0.29391882918 0.31767134399 0.05368088031 0.18821159579 0.16758920494 0.10834965105 0.37697302992 0.05307902064 -0.00354431501 0.47844167449 0.30371084192 0.21240160771 0.11898742777 0.05553658678 0.22102788091 
71
meanEC71 20 0.12385426098 0.07494679270 0.19033128924 0.06354018973 0.00270388353 0.09210811367 0.11240349449 0.20370729544 0.18842180014 0.16547827851 0.06580342570 0.07228525697 0.23471947429 0.04903571017 0.01162866955 0.03728335277 0.03960780333 -0.06360146064 0.02284497145 0.24032987654 
72
meanEC72 20 0.15728180500 0.06909619241 -0.03092010384 0.08563606758 -0.04047075818 0.12242207252 0.14953382519 0.06338787504 -0.02315283123 0.02468803196 0.04776863137 0.25252885878 0.13931754122 -0.01193677899 -0.03222138186 0.17021234716 0.10989804875 0.01104581430 -0.03661942560 0.11094008386 
73
meanEC73 20 0.34159570932 0.24417330325 0.99210095406 0.11365569383 0.50262796879 0.30455666780 0.57435446978 0.92980688810 0.68261170387 0.84596258402 0.54658889771 0.52496528625 0.98222535849 0.09999601543 0.98311251402 0.04294622317 0.85891681910 0.87674808502 0.45690554380 0.14028024673 
74
meanEC74 20 0.45981696248 0.44309255481 0.88871955872 0.46277359128 0.09459271282 0.62514889240 0.86854326725 0.83352828026 0.44405132532 0.64855170250 0.97267270088 0.84406083822 0.59969019890 0.07268141955 0.64381110668 0.31709712744 0.08524670452 0.67748177052 0.83664089441 0.65601724386 
75
meanEC75 20 0.13421411281 0.27266679821 0.33486871863 0.08411641892 0.08243356057 0.05584914502 0.01515116075 0.04696342749 0.20595655236 0.49333221943 0.65106808407 0.04123343474 0.39734861520 0.42423141132 0.10543393977 0.16257697107 0.09857635359 0.18296423262 0.29227524334 0.37720638514 
76
meanEC76 20 0.13024852642 0.03475020264 -0.00887321301 0.02676575139 0.00862126370 0.00609088250 0.02776470677 0.19078438246 0.06356819059 0.11688089311 0.14079383699 0.02313776584 0.14148287550 0.04820602482 -0.02768410736 0.07709458181 0.15467673497 -0.00967103381 0.06668881736 0.43800184131 
77
meanEC77 20 0.15170914224 0.15074286314 -0.01834289025 -0.06628369039 -0.02465682432 0.04113571069 0.03922449128 0.25430386204 -0.01864874378 0.02434547426 0.06089788094 0.10949161878 -0.01042461751 0.04780951144 0.15955466222 0.07629682468 0.05711482614 -0.06552826753 0.04951957170 0.03005873971 
78
meanEC78 20 0.14717633743 -0.00518770521 0.06093608589 0.01280053904 0.03747019579 0.08280883060 0.19649449111 0.11291687592 0.12538664865 0.00694531140 0.13911077112 0.18471627182 0.15413355280 0.13557267359 -0.08013661260 0.15912906660 0.13893132587 -0.02926315162 0.07086052058 0.14779290557 
79
meanEC79 20 0.14060920172 -0.04103027768 0.06902266558 0.02931266045 0.12498698079 0.00648156509 -0.01544243910 0.07700389148 0.01353031817 0.08632305273 0.09343071926 0.02008770970 0.11396988361 0.06444753722 -0.02467471821 0.18710784377 0.06953114445 -0.05415645721 0.02585138138 0.28867179155 
80
meanEC80 20 0.04068297485 0.01824658244 0.04107887809 0.01025794901 0.01385328369 0.03525885479 0.00683812206 0.11298247179 0.02358446593 0.03036095704 0.05262684832 0.07809783897 0.05990618934 0.05010593693 -0.02843870048 0.10502271062 0.06023121207 -0.01840960539 0.05596331709 0.08296839893 
81
meanEC81 20 0.16159864391 -0.01588516374 -0.01712081490 -0.05153722912 0.05367631908 0.01803447123 0.07416548297 0.08308708188 -0.01104664728 0.23466147321 0.22231063002 0.04325492777 0.17276150291 0.30177932734 -0.11416793526 -0.01595291272 0.12854743267 -0.00554144320 0.20677361356 0.31630936265 
82
meanEC82 20 0.17809420152 0.28016210476 0.15251448911 0.21482059845 0.02717867632 0.08609480144 0.03760809954 0.19248898393 0.04317896703 0.11070465472 0.00915471407 0.13765894735 0.04243038488 -0.09682997782 0.29499465076 0.22349449026 0.23222359283 -0.07810999985 -0.19836828197 0.14433778822 
83
meanEC83 20 0.14834572565 0.04355666046 0.01988108674 0.12873726414 0.07171938159 0.09598498477 0.10060585275 0.16866102868 0.12714707844 0.06052129647 0.13748016754 0.04891522628 0.07709792462 0.05351286417 0.10493830648 0.28451735523 0.15029520811 0.00723300983 0.20075509446 0.14562329650 
84
meanEC84 20 0.09164170176 0.77719622850 0.03204556555 0.96870690584 0.90606123209 0.05120382830 0.86438608170 0.60155564547 0.41944518685 0.02084098943 0.65341192484 0.01366669126 0.87103444338 0.18013648689 0.69841444492 0.48714938760 0.36673921347 0.56288218498 0.65916568041 0.31204921007 
85
meanEC85 20 0.81483614445 0.39940714836 0.56232881546 0.41491481662 0.46096923947 0.53283810616 0.39636218548 0.22225832939 0.38728681207 0.29761239886 0.43343842030 0.77547341585 0.74113303423 0.54143708944 0.59935098886 0.93187016249 0.76886457205 0.86126601696 0.58886170387 0.83830362558 
86
meanEC86 20 0.66985082626 0.18540996313 0.03879140690 0.91065543890 0.93713861704 0.00042658314 0.78967028856 0.86031311750 0.89482706785 0.76511210203 0.87017571926 0.15794481337 0.84189403057 0.59042686224 0.41787052155 0.09824705124 0.65560281277 0.96195119619 0.63987761736 0.98451632261 
87
meanEC87 20 0.57719683647 0.97518301010 0.41689684987 0.37133446336 0.96116691828 0.57883322239 0.03367692232 0.86485612392 0.89663195610 0.29031947255 0.24940994382 0.28139442205 0.43070721626 0.64467459917 0.00198595109 0.77340567112 0.13397039473 0.62402224541 0.61093956232 0.10850939155 
88
meanEC88 20 0.42006897926 0.93170523643 0.75951349735 0.18364210427 0.90983855724 0.72976517677 0.65894478559 0.26047071815 0.03332113102 0.83516341448 0.48543712497 0.95594757795 0.88583642244 0.15779945254 0.42345678806 0.17094510794 0.22745561600 0.71679979563 0.23061273992 0.38879224658 
89
meanEC89 20 0.24760584533 0.09300841391 0.63059377670 0.32371026278 0.46868738532 0.12110808492 0.50450342894 0.73807042837 0.74024033546 0.03234368563 0.98961377144 0.61341732740 0.29425784945 0.41843289137 0.53514957428 0.23486721516 0.42127603292 0.54233270884 0.31622591615 0.72974324226 
90
meanEC90 20 0.08027928323 0.51354366541 0.49070414901 0.69631189108 0.93026268482 0.04820337892 0.58247929811 0.05043974146 0.58078581095 0.71042609215 0.41063427925 0.28670832515 0.64918023348 0.47009363770 0.77870547771 0.58625137806 0.51172584295 0.34858104587 0.15616331995 0.08649805933 
91
meanEC91 20 0.98144131899 0.22281771898 0.89264982939 0.24136334658 0.29296967387 0.55180847645 0.85457646847 0.47185364366 0.17742142081 0.10769906640 0.86113733053 0.84926944971 0.67689251900 0.25339466333 0.57874566317 0.75761961937 0.50008100271 0.33879584074 0.59216129780 0.16093528271 
92
meanEC92 20 0.35682407022 0.22253364325 0.81567317247 0.67707914114 0.40542736650 0.98296296597 0.95107817650 0.53857707977 0.89942401648 0.87706220150 0.43757683039 0.36551988125 0.33910501003 0.98590797186 0.92188727856 0.43657836318 0.04135531187 0.63641238213 0.18125119805 0.28453797102 
93
meanEC93 20 0.20260250568 0.89036339521 0.12330240756 0.29185256362 0.01456439402 0.13580220938 0.30289646983 0.06265679002 0.95634269714 0.19192442298 0.43655499816 0.45229619741 0.83424496651 0.41921138763 0.79597365856 0.90474426746 0.51733070612 0.53372645378 0.23861171305 0.38737058640 
94
meanEC94 20 0.99623811245 0.40116170049 0.07588617504 0.06064756215 0.65498161316 0.00348718790 0.12247990072 0.11903044581 0.91853350401 0.21528962255 0.92805713415 0.32617563009 0.73748427629 0.04763965309 0.41723644733 0.58788895607 0.01956857182 0.58414900303 0.22316363454 0.46614399552 
95
meanEC95 20 0.77352082729 0.38993254304 0.18084780872 0.40096607804 0.50270420313 0.33155086637 0.30301702023 0.95582145452 0.44759264588 0.36825427413 0.84133905172 0.64364582300 0.48894450068 0.86945188046 0.45833829045 0.05203240737 0.65948748589 0.36602637172 0.59593385458 0.44500142336 
96
meanEC96 20 0.85396403074 0.92875963449 0.34112936258 0.03213696927 0.39642164111 0.57597947121 0.26999241114 0.37178859115 0.79016673565 0.31748631597 0.35696232319 0.84635782242 0.05309792608 0.04713261127 0.90406274796 0.73045223951 0.10104573518 0.50413113832 0.72318881750 0.07360331714 
97
meanEC97 20 0.54523742199 0.77447456121 0.46411499381 0.58024770021 0.84147030115 0.11929406226 0.71318763494 0.91262197495 0.11582871526 0.56294709444 0.47230887413 0.24794000387 0.72482997179 0.57320630550 0.77083325386 0.84465968609 0.31265062094 0.56668829918 0.94010281563 0.03129172325 
98
meanEC98 20 0.89390355349 0.56869983673 0.77665346861 0.55003464222 0.24603702128 0.71516287327 0.22899505496 0.57454788685 0.90522646904 0.07085525245 0.09996134043 0.45279097557 0.05169274285 0.71451938152 0.30129477382 0.99723160267 0.30704003572 0.52302992344 0.02777364850 0.56908363104 
99
meanEC99 20 0.52607840300 0.38645854592 0.09962745756 0.04409249872 0.01335269026 0.15332077444 0.75103837252 0.08180033416 0.04035846517 0.49922770262 0.83697915077 0.99871110916 0.94733822346 0.51502817869 0.50549721718 0.60464769602 0.23160882294 0.52066469193 0.68054807186 0.93633890152 
100
meanEC100 20 0.19996237755 0.45995000005 0.74057626724 0.36275437474 0.39972916245 0.15045143664 0.98946690559 0.74358582497 0.57118612528 0.50439232588 0.45063865185 0.58483582735 0.43879705667 0.60637456179 0.74682402611 0.65428012609 0.22026912868 0.97422808409 0.08790990710 0.06472694874 
101
meanEC101 20 0.67615437508 0.81817591190 0.14393603802 0.21241392195 0.84135800600 0.22874888778 0.96588164568 0.51898938417 0.46451291442 0.26568794250 0.11724245548 0.35944703221 0.26324504614 0.49342456460 0.66778838634 0.09956938028 0.13165013492 0.92077380419 0.13383021951 0.33785918355 
102
meanEC102 20 0.65511846542 0.31095278263 0.71759849787 0.08822529763 0.60034036636 0.73522144556 0.54989463091 0.46359792352 0.72603797913 0.55862319469 0.97201156616 0.70463258028 0.09949373454 0.89190036058 0.82053244114 0.09863162786 0.26742264628 0.09019473195 0.60955017805 0.66800063848 
103
meanEC103 20 0.33670401573 0.29568910599 0.30850160122 0.33648201823 0.78497904539 0.08215781301 0.35497054458 0.55675691366 0.13886506855 0.44899451733 0.82440692186 0.83464235067 0.01719725691 0.85768908262 0.16870388389 0.62782627344 0.69947659969 0.79265260696 0.96149682999 0.44790565968 
104
meanEC104 20 0.90602439642 0.78815978765 0.65014213324 0.91334605217 0.47909164429 0.22784414887 0.92807251215 0.00334340869 0.33993023634 0.15808612108 0.29257133603 0.54518359900 0.29324698448 0.76212137938 0.12509252131 0.72345930338 0.90816622972 0.47001361847 0.94639134407 0.15628531575 
105
meanEC105 20 0.66909599304 0.86710786819 0.49842733145 0.64985996485 0.56895363331 0.89643615484 0.52127128839 0.00660040835 0.87244224548 0.74303954840 0.90280842781 0.90424537659 0.78760474920 0.49567905068 0.98665863276 0.84677588940 0.55716794729 0.03026048839 0.44205042720 0.73885190487 
106
meanEC106 20 0.49034520984 0.68759441376 0.14460694790 0.40202429891 0.40071308613 0.43477198482 0.03434974700 0.53696435690 0.90212088823 0.81270253658 0.61386686563 0.28815528750 0.21752515435 0.34806337953 0.59649783373 0.36351159215 0.18437327445 0.97091555595 0.97396832705 0.06503935158 
107
meanEC107 20 0.01601389609 0.10889483988 0.70574957132 0.01022371370 0.12832954526 0.73174458742 0.47577211261 0.15062269568 0.17384329438 0.77398586273 0.38835749030 0.94438302517 0.63719993830 0.15183480084 0.76136630774 0.39741808176 0.76845580339 0.73847854137 0.35182020068 0.68805140257 
108
meanEC108 20 0.24461998359 0.08129046710 -0.06193650351 0.03546954029 -0.05032209523 0.13165148964 0.19402194632 0.04091702483 0.10682224456 0.04671213364 -0.02074631418 0.17127556634 0.07108073436 0.03233742270 0.04754719126 0.11448887810 0.01340075704 -0.01120858123 0.03369578839 0.04339884222 
109
meanEC109 20 0.18634784222 0.44379207492 0.65950340033 0.63804095984 0.75427103043 0.19857233763 0.45229345560 0.21229349077 0.98243159056 0.88271820545 0.04326530546 0.27039343119 0.81991499662 0.04389733076 0.14513009787 0.90790677071 0.57773077488 0.98253369331 0.94737088680 0.38698339462 
110
meanEC110 20 0.32861581445 0.35729676485 0.91373634338 0.28439268470 0.63634639978 0.32449853420 0.30594053864 0.65437227488 0.99794113636 0.42542853951 0.91380745173 0.84803950787 0.93343162537 0.70865219831 0.11841611564 0.56696152687 0.91198128462 0.44071480632 0.76463788748 0.32985335588 
111
meanEC111 20 0.29551553726 0.06937661022 0.78368645906 0.29443755746 0.40433040261 0.75922101736 0.53311491013 0.09262702614 0.31280970573 0.66201877594 0.73983663321 0.57032829523 0.01205937658 0.90238165855 0.80052649975 0.40681838989 0.88658988476 0.81634503603 0.42929482460 0.52426040173 
112
meanEC112 20 0.11105996370 0.07463540882 0.41686198115 0.58352899551 0.05884074047 0.15572202206 0.64664012194 0.99292856455 0.82624936104 0.83541315794 0.89910018444 0.59755671024 0.33592876792 0.87065035105 0.85014903545 0.24722363055 0.84976446629 0.28399944305 0.93473875523 0.58033704758 
113
meanEC113 20 0.57029533386 0.42266708612 0.87275570631 0.70344638824 0.01076092478 0.82490277290 0.33831587434 0.05544241145 0.90051686764 0.35631024837 0.71670317650 0.89229971170 0.22495682538 0.15546719730 0.05256218836 0.81092387438 0.05894315988 0.36216849089 0.96846711636 0.12693932652 
114
meanEC114 20 0.59836316109 0.19822214544 0.52459710836 0.02777521499 0.48947414756 0.30741289258 0.31937065721 0.43080347776 0.43562373519 0.55657905340 0.84933364391 0.27801501751 0.03676280752 0.81528556347 0.52020752430 0.62545645237 0.19698448479 0.05481785163 0.54767441750 0.17192822695 
115
meanEC115 20 0.63746869564 0.33842960000 0.82772898674 0.86007791758 0.66184043884 0.11569608748 0.64933151007 0.14622081816 0.81582868099 0.18299576640 0.55512940884 0.30709406734 0.09337744117 0.88616836071 0.46935492754 0.66825652122 0.82018202543 0.08903329819 0.27927616239 0.67469745874 
116
meanEC116 20 0.48298382759 0.46861824393 0.64956510067 0.20628578961 0.08202182502 0.26471155882 0.76269990206 0.06193261966 0.46304675937 0.56475007534 0.24951083958 0.17890687287 0.08037390560 0.57484722137 0.95553559065 0.20246583223 0.37858366966 0.52781975269 0.13155171275 0.59777712822 
117
meanEC117 20 0.14260293072 0.07514704078 0.16577595257 0.36242530410 0.00316489640 0.23488354963 0.43968123297 0.13283057934 0.05847206320 -0.03578858708 -0.02830031398 0.21850783695 0.07201221372 0.03747682549 0.03875741166 0.38996981340 0.16194078415 -0.02436656498 -0.00329257571 -0.06940664351 
118
meanEC118 20 0.22873631120 0.56215792894 0.01424141228 0.60483378172 0.85527855158 0.02323416062 0.61468422413 0.90654432774 0.16088488698 0.44339665771 0.44480901957 0.07919110358 0.31745043397 0.48527741432 0.13721816242 0.43951869011 0.06056689099 0.99942463636 0.23674817383 0.23173980415 
119
meanEC119 20 0.13355711102 0.88789796829 0.10014650971 0.94044798613 0.21549698710 0.31648620963 0.71811169386 0.84128576517 0.02129402384 0.78206819296 0.15094493330 0.01365518570 0.16330949962 0.72973799706 0.38138264418 0.99811726809 0.97697025537 0.62346190214 0.12404832244 0.57306337357 
120
meanEC120 20 0.10474883397 0.27439269274 0.16075933977 0.21670223206 0.02066995165 0.17956307654 0.21110988146 0.01656282444 0.39263019726 0.00659387143 0.06963512095 0.41615002728 0.11943301244 0.09189165482 -0.07422890794 0.10420447225 0.05640577656 0.10119521297 0.09976831737 0.05621790886 
121
meanEC121 20 0.05425003979 0.04816722184 -0.00247851947 0.00283662514 0.03048162379 0.04898682483 0.06063496906 0.09306817675 0.04445544388 0.07499242881 0.07808574511 0.12057897244 0.04599702119 0.06470262101 -0.02415446790 0.08152671759 0.06911549743 -0.00549659762 0.08325938183 0.37458086014 
122
meanEC122 20 0.05781590192 0.04555733198 -0.00279329550 0.05694904072 0.03716703520 0.06174735615 0.04727267903 0.17261827271 0.05198788684 0.03638153023 0.05764326199 0.10210051382 0.06600435522 0.07539317824 0.07169305000 0.06357485717 0.07071724546 -0.00516255247 0.05085322261 0.18945135176 
123
meanEC123 20 0.12844332934 0.04716785806 0.17635457436 0.22182953319 -0.11860936915 0.13810774192 0.25138296910 0.04221648724 0.27302004279 0.07432106686 0.23872035497 0.19868351840 0.16060379467 0.32396043157 -0.05217872956 0.22212455432 0.19095201664 -0.04681772874 0.15725962470 0.13067728281 
124
meanEC124 20 0.15708586095 0.06772644653 -0.07138349672 -0.06357098605 -0.01913006156 0.06968556111 0.05264555464 -0.02556083116 -0.07661144617 0.11532242833 0.16547552595 0.10938964584 0.11557265430 0.08195756184 0.19578536546 0.10644718952 0.08681480250 0.03626518443 0.01194752791 0.20017971098 
125
meanEC125 20 0.08452608129 0.00040182929 0.02760510739 0.03709616987 -0.01472572693 0.06106066227 0.06441166108 0.25536129078 0.04321875531 0.03303282115 0.05096418413 0.10694206376 0.04607819817 0.02605796073 0.01480978772 0.10757035466 0.01997252992 -0.02162533219 0.02373423196 0.12079292536 
126
meanEC126 20 0.20096089703 0.12718590008 0.07758361408 0.19351832705 0.03087893412 0.16746400580 0.37776695411 0.08944798978 0.13227143676 0.08397311591 0.16572136273 0.20798415624 0.09689413034 0.05090919671 -0.02212349932 0.26302929262 0.11734571760 0.02009691794 0.07994869456 0.10710061342 
127
meanEC127 20 0.67778146267 0.47285681963 0.04497221485 0.21133480966 0.42503580451 0.66559785604 0.60243469477 0.93139678240 0.17195521295 0.84001529217 0.90815949440 0.10863083601 0.76527285576 0.10477122664 0.97299587727 0.91101670265 0.81680327654 0.14000743628 0.93492525816 0.58979606628 
128
meanEC128 20 0.90845292807 0.85529345274 0.36642062664 0.20227023959 0.15080560744 0.56011819839 0.68270331621 0.60993027687 0.57482957840 0.13435328007 0.63853061199 0.07786995172 0.22837682068 0.22281959653 0.82641685009 0.86875653267 0.45420044661 0.34960642457 0.10143065453 0.54737019539 
129
meanEC129 20 0.15196835458 0.22331864139 0.32304335536 0.27851722687 -0.00050086662 0.21387188197 0.21659881616 0.08323895520 0.52116099904 0.16463396726 0.29135898482 0.25737496113 0.11129373479 0.39750016835 0.03219454577 0.21072722656 0.08089737611 0.34810753843 0.49050510749 0.18798217177 
130
meanEC130 20 -0.04283567636 0.07318025100 -0.01290275344 0.02231826221 0.00310090782 0.10365086833 0.17767905047 -0.04962415112 0.24387040218 0.24068082814 0.21908573768 0.13087721117 0.26762528035 0.22539840263 -0.04642370438 0.03488816084 0.10141982414 0.03332374421 0.14786519419 0.32180178165 
131
meanEC131 20 0.11060782284 0.24026216858 0.15251334514 0.10306957910 0.04164088782 0.20604740343 0.17270381178 0.15234606144 0.12523817569 0.18954108688 0.18056774622 0.35007010366 0.15984739685 0.09755296677 0.10799245298 0.35959732398 0.35684096150 0.07843573772 0.20485306154 0.26447689533 
132
meanEC132 20 0.22287117920 0.12437229281 0.02808804117 0.05960568474 0.02325406489 0.18040000866 0.26066803956 0.05143140261 0.14334334471 0.05161917643 0.12552011015 0.29902034144 0.15914644003 0.05242425386 -0.09986381346 0.10546690787 0.18066289237 -0.03127428217 0.04638546560 0.11868451536 
133
meanEC133 20 0.07386035032 -0.01560268355 0.01296874247 -0.00711026411 0.04795555686 0.05926170336 0.03140642333 0.03860562888 -0.03550386295 0.04873416374 0.03409507440 0.05357536757 0.04793845194 0.09501177082 -0.10055285058 0.07802022801 0.11351700655 0.00512302289 0.04319429077 0.21860779822 
134
meanEC134 20 0.07868016927 0.02490353232 0.01658276067 0.02839077442 0.02383113877 0.04535095837 0.10935613240 0.17594471175 0.05822996424 0.01248239300 0.07480882439 0.17492531333 0.06396284320 0.01723152989 0.02805431389 0.09942792519 0.04082238808 -0.03512230715 0.00628425982 0.07056947798 
135
meanEC135 20 0.14710465721 0.04103561778 0.02599603761 -0.00518458182 -0.00021480846 0.06063425887 0.08447674744 0.00948594751 0.03286708988 -0.05597078534 0.09224379640 0.24443630344 0.00806024166 0.05927876517 0.02071445973 0.10845642399 0.10113274554 -0.02326403660 0.09190495243 0.12637591362 
136
meanEC136 20 0.47378143668 0.96450859308 0.67100965977 0.23561930656 0.33424684405 0.76529955864 0.93722665310 0.82924473286 0.00683899550 0.87162953615 0.32411754131 0.86283260584 0.43311685324 0.93967974186 0.08769179136 0.26202094555 0.70739310980 0.33564820886 0.91235494614 0.42154991627 
137
meanEC137 20 0.35743439198 0.33366221189 0.80098134279 0.35954019427 0.48549681902 0.18896041811 0.87757009268 0.94945442677 0.84614968300 0.29776495695 0.21968613565 0.50822621584 0.16770295799 0.18725994229 0.05672731251 0.18721579015 0.74744075537 0.76730626822 0.32635033131 0.57996463776 
138
meanEC138 20 0.64756059647 0.94505363703 0.65440940857 0.55594456196 0.96133017540 0.57066988945 0.92628782988 0.80114448071 0.18106910586 0.31231471896 0.56226640940 0.82538169622 0.18881374598 0.53127288818 0.69167840481 0.20079693198 0.61574208736 0.28496539593 0.46794342995 0.71548193693 
139
meanEC139 20 0.54200851917 0.60544502735 0.19183455408 0.15200282633 0.00606869347 0.69710308313 0.89196944237 0.49222522974 0.89543098211 0.18482708931 0.10188160837 0.55349367857 0.48719823360 0.68013113737 0.29749616981 0.51281505823 0.84983128309 0.87202906609 0.94696056843 0.18663091958 
140
meanEC140 20 0.80117082596 0.45773103833 0.90761703253 0.67990911007 0.88652724028 0.34376239777 0.60398554802 0.92093324661 0.06965678930 0.46964377165 0.76858580112 0.18138664961 0.97064208984 0.36005151272 0.95963537693 0.75880926847 0.08241588622 0.03332361206 0.47845825553 0.03869685903 
141
meanEC141 20 0.35422307253 0.68502771854 0.87941384315 0.90980529785 0.81061828136 0.00009614068 0.36018839478 0.94419723749 0.30103239417 0.67473888397 0.70082634687 0.58028674126 0.13613098860 0.54947447777 0.60811901093 0.11074036360 0.43307405710 0.75301724672 0.80893337727 0.56713795662 
142
meanEC142 20 0.38439911604 0.41543388367 0.90905165672 0.86619323492 0.15582242608 0.98651397228 0.09550213069 0.24023808539 0.31636464596 0.82929146290 0.47073721886 0.07709985971 0.31970816851 0.42231479287 0.75805622339 0.52282798290 0.24646729231 0.49788513780 0.36653873324 0.91345655918 
143
meanEC143 20 0.92567795515 0.06446665525 0.66001814604 0.94148552418 0.86035305262 0.77839338779 0.99978643656 0.56049615145 0.97743731737 0.95369726419 0.84471493959 0.72148185968 0.92195057869 0.44813558459 0.61652183533 0.96937727928 0.40036404133 0.86369240284 0.75764787197 0.81725353003 
144
meanEC144 20 0.29932554943 0.39321106935 0.34285460835 0.45656064848 0.01406547895 0.57607803148 0.54134914966 0.14314353711 0.31979212282 -0.02111548073 0.01753112317 0.60400240823 0.09458578134 0.06426083078 0.22994463657 0.42705896458 0.26786149875 0.10091798287 0.05405434603 0.02549125254 
145
meanEC145 20 0.51932334900 0.28241154552 0.81832528114 0.88119417429 0.51783800125 0.80625963211 0.73733431101 0.32322746515 0.95057773590 0.72956639528 0.50529181957 0.07001082599 0.42506986856 0.81475287676 0.66193062067 0.11835276335 0.42910686135 0.17647147179 0.41333982348 0.47999998927 
146
meanEC146 20 0.29441654682 0.13693518937 0.37451228499 0.21456097066 0.15623490512 0.07227040082 0.17729265988 0.17458397150 0.68724083900 0.68584752083 0.67216646671 0.01393673290 0.05183630064 0.66402775049 0.71378386021 0.73292160034 0.94279235601 0.88375830650 0.72885757685 0.94452118874 
147
meanEC147 20 0.04419894357 0.88079708815 0.94051952140 0.88079708815 0.00669289986 0.88079708815 0.26894140244 0.04742589965 0.94448495674 -0.09933164434 0.01798620075 0.94639607701 0.73105859756 0.01798620075 0.04742589965 0.26894140244 0.26894140244 0.01798620075 0.26894140244 0.01798620075 
148
meanEC148 20 0.02856854842 0.10892262646 -0.02216597488 0.02875996392 0.05814230603 0.07378792857 0.06147733368 0.05696204815 -0.01879763209 0.28172324522 0.23058583387 0.06885465297 0.16915253748 0.09782177566 -0.04145665675 -0.02569917500 0.03665145877 0.01427005332 0.07299858892 0.45293945074 
149
meanEC149 20 0.26198647948 0.05018283067 0.09551958276 0.12017846554 0.06126609970 -0.01829635708 0.13807845171 0.49000120123 0.11756603154 0.02214119885 -0.01957183103 0.15928421242 0.02729153408 0.03343354951 0.12690308826 0.19221562068 0.00158573427 0.00811459522 0.09873363502 0.12874580920 
150
meanEC150 20 0.45140604747 0.34071186644 0.55696316213 0.48353082483 0.06689796685 0.52037894649 0.59702333042 0.27972145359 0.35329407073 0.07454157852 0.14166943760 0.57326565936 0.09329600889 0.05186346915 0.25987424737 0.47629035539 0.29578424862 0.02538103705 0.19236922867 0.11897366494 
151
meanEC151 20 0.27473293485 0.21216346977 0.40108767286 0.23979118729 0.06375328535 0.08131570082 0.11982547273 0.15829596951 0.32603780801 0.17005656399 0.07945862514 0.14736033227 0.04019857071 0.20334477882 0.37851018796 0.21214132723 0.14866760434 0.09170491364 0.24251846677 0.25782984495 
152
meanEC152 20 -0.03346203044 0.00764320681 0.03906683130 0.08695990688 0.03505775437 0.10497701629 0.11826903710 0.44185334575 0.08793837532 0.06730454526 0.14252478796 0.08831795640 0.10258899802 0.11791577294 0.10781985182 -0.02433116422 -0.00573527690 -0.01355835066 0.11593944608 0.15345717967 
153
meanEC153 20 0.21847354445 0.03775167511 0.07324698635 0.10020051457 0.02839671945 0.15202089708 0.32286841725 0.06353548929 0.19369349728 -0.00365797966 0.13040503433 0.26725584711 0.09821828410 0.08338355384 -0.06510186750 0.22167459397 0.14669611297 -0.03161392373 0.03146546650 0.03699916974 
154
meanEC154 20 0.88055932522 0.08603669703 0.18905670941 0.08327545971 0.48553496599 0.83717203140 0.55839049816 0.55326443911 0.37389910221 0.02445266955 0.33688545227 0.85453832150 0.12969790399 0.57607960701 0.74049365520 0.51223105192 0.86866033077 0.73734360933 0.84629648924 0.77445441484 
155
meanEC155 20 0.60903471708 0.11769945920 0.07702539861 0.62501972914 0.35800516605 0.25626820326 0.60714161396 0.95649886131 0.68382811546 0.54241263866 0.25577050447 0.84916174412 0.88177728653 0.94830238819 0.37692731619 0.41511994600 0.69320082664 0.11126375943 0.51054233313 0.35051360726 
156
meanEC156 20 0.21148374021 0.16543828686 0.31528772571 0.10437092593 0.19643060692 0.28827638791 0.15663669262 0.13722412629 0.30152552746 0.27645995438 0.41928371834 0.17166786477 0.35479227502 0.39247185058 -0.00006413684 0.24387967669 0.20236634187 0.05768504337 0.30992465515 0.34770572186 
157
meanEC157 20 0.05126919272 0.03837326583 -0.03654824012 0.00752201536 0.01128996114 0.07821388230 0.11201820367 0.05644425478 0.03822511708 0.07297370517 0.12206035556 0.09740680518 0.08007062149 0.09337421894 -0.09341310854 0.04613400944 0.03608738768 0.00005733955 0.06262856337 0.31516948342 
158
meanEC158 20 0.05858971535 0.03038933880 -0.00653285754 0.09382361443 -0.01258446772 0.02657376375 0.02474105633 0.17328340774 -0.01311671292 0.02312968935 0.05201862335 0.06417566349 -0.00306626666 0.04080381221 0.02906264068 0.08395743144 0.07949483632 -0.06248054274 0.01725477577 0.01483042538 
159
meanEC159 20 0.23655415535 0.02729959511 0.10235580314 0.12809701967 0.01210064709 0.07829851650 0.13653103024 0.01870103859 0.18610342286 0.06931986458 0.14652800412 0.22887112620 0.07508136159 0.10241908178 -0.08960915241 0.18484534298 0.14870316837 -0.07403824741 0.17307169378 0.13663852215 
160
meanEC160 20 0.16459772263 -0.04091683451 0.01373822503 0.04028133444 0.11048076437 0.03233780988 0.05615867869 0.05926720045 0.03179148380 0.03072759796 0.08233265647 -0.03328706452 0.11357607280 0.04752580225 -0.04977696935 0.04559954337 -0.01146725807 -0.06037069756 -0.02407394764 0.30749052763 
161
meanEC161 20 0.08028075394 0.01932917799 0.01251038315 0.00470518333 0.02252489996 0.04921854166 0.07237629076 0.12201739310 0.03304353797 0.00841674089 0.06709372946 0.12975164441 0.06957470436 0.03864936562 -0.01317656672 0.11478432486 0.06600143099 0.00243381063 0.03774366777 0.09505005926 
162
meanEC162 20 0.11073801361 0.01231419305 -0.00777059951 0.01346277190 0.00884745530 0.04685454529 0.06571995095 0.05882464748 0.02182459170 0.02282430653 0.05594476034 0.08121890926 0.07693614593 0.05560141455 -0.00011325166 0.12292771200 0.07522033214 -0.03075644582 0.03421127290 0.17328815162 
163
meanEC163 20 -0.04874477033 -0.00975526402 0.07012796798 0.13665574018 0.00295229012 -0.03915162409 -0.04132364518 -0.06821162808 0.08749920925 0.15194873079 0.21003110175 -0.08733467705 0.20042712915 0.07198788004 0.04447150116 0.06876799752 -0.06437916697 -0.01731858479 -0.01659135599 0.13645853102 
164
meanEC164 20 0.00313201823 0.03371744899 0.02919600645 -0.00367716735 0.03186112949 0.01200262141 0.05252536573 0.05956267249 0.09268536443 0.00138656652 0.05657447990 0.07543078356 0.06980105624 0.02836783206 -0.03968899167 0.04402163400 -0.01866949180 -0.01824480934 0.04183025040 0.04934532568 
165
meanEC165 20 0.74250698090 0.76147425175 0.83668291569 0.66622662544 0.17122866213 0.88681417704 0.97721308470 0.15677139163 0.10879100859 0.44461175799 0.12373705953 0.52486252785 0.05778585002 0.57619422674 0.41168272495 0.75649821758 0.83175796270 0.75010579824 0.88540381193 0.35550656915 
166
meanEC166 20 0.88240438700 0.25254064798 0.05556595326 0.26710763574 0.69858956337 0.55065762997 0.24399493635 0.00558315869 0.03762853146 0.66608464718 0.79332774878 0.77666336298 0.88588362932 0.57317018509 0.78731775284 0.53790867329 0.08010554314 0.03954490647 0.08809295297 0.32261028886 
167
meanEC167 20 0.20193478465 0.59602856636 0.18880744278 0.97651219368 0.78675371408 0.89023125172 0.38858768344 0.46015951037 0.01092381403 0.91149812937 0.80873185396 0.85840529203 0.78679579496 0.36315137148 0.91007912159 0.07135512680 0.61449384689 0.80708247423 0.20973159373 0.60511654615 
168
meanEC168 20 0.49609375000 0.46120414138 0.00287529291 0.09878900647 0.73683583736 0.88112741709 0.73268979788 0.09897359461 0.76666510105 0.99085217714 0.99501127005 0.01235076133 0.11763591319 0.57035505772 0.70278847218 0.51470261812 0.70725792646 0.57691103220 0.74768406153 0.69573950768 
169
meanEC169 20 0.31298452616 0.94434702396 0.68803840876 0.91487181187 0.90735512972 0.56443345547 0.34816640615 0.67308807373 0.45069181919 0.10850826651 0.78833752871 0.69374275208 0.85969662666 0.89110624790 0.79827672243 0.18518045545 0.62908726931 0.11360137910 0.62833964825 0.31208512187 
170
meanEC170 20 0.12756343186 0.21242336929 0.13660779595 0.33579945564 0.20392489433 0.49978604913 0.41231355071 0.72386080027 0.66618520021 0.44475650787 0.85222315788 0.40129837394 0.88710671663 0.12736642361 0.95894157887 0.66137212515 0.38993453979 0.14953513443 0.71514111757 0.67418670654 
171
meanEC171 20 0.58115333319 0.53028237820 0.78438961506 0.51631289721 0.89020538330 0.39579668641 0.35256624222 0.20700146258 0.62653756142 0.05049519986 0.86856561899 0.00403728429 0.33509960771 0.56559336185 0.50844484568 0.31699547172 0.05344017595 0.66213572025 0.30627465248 0.71610391140 
172
meanEC172 20 0.75282841921 0.22754600644 0.45507696271 0.53648006916 0.59748715162 0.32766187191 0.41884332895 0.43815964460 0.57862067223 0.65680426359 0.59192889929 0.20994991064 0.92294305563 0.79309165478 0.16757346690 0.19615614414 0.12753105164 0.38873869181 0.88516694307 0.33412835002 
173
meanEC173 20 0.11344517022 0.78394293785 0.23656249046 0.39018774033 0.43125525117 0.92139923573 0.25959292054 0.08675998449 0.47371339798 0.81342321634 0.89201486111 0.26530572772 0.00763739599 0.23156066239 0.43553841114 0.70799738169 0.94761717319 0.46299493313 0.52602833509 0.04620870948 
174
meanEC174 20 0.71052187681 0.99269127846 0.16551774740 0.67904680967 0.67270374298 0.41791421175 0.35134527087 0.22737759352 0.92813181877 0.71964788437 0.86486655474 0.60186177492 0.14140020311 0.10834930092 0.81582850218 0.37753212452 0.39260458946 0.80134028196 0.20096147060 0.80536365509 
175
meanEC175 20 0.26731961966 0.68334579468 0.16192625463 0.65094769001 0.21185967326 0.29273122549 0.50412636995 0.19665528834 0.81440204382 0.79879933596 0.07542540878 0.66097533703 0.99499005079 0.61853557825 0.17201645672 0.02564347535 0.82695901394 0.04968876019 0.68502861261 0.08526166528 
176
meanEC176 20 0.48650041223 0.40304088593 0.17179751396 0.37792325020 0.82110315561 0.48090666533 0.81753557920 0.89324438572 0.85048550367 0.58992254734 0.32306492329 0.19027584791 0.22564379871 0.74270033836 0.24075292051 0.73782879114 0.45016422868 0.32227966189 0.07209198177 0.16690808535 
177
meanEC177 20 0.69821542501 0.25706037879 0.61826121807 0.55708223581 0.43524324894 0.09194545448 0.18049819767 0.09923480451 0.73953872919 0.58729743958 0.91469466686 0.11998627335 0.60310101509 0.60309302807 0.40049606562 0.52140760422 0.10343243182 0.65468418598 0.35936182737 0.58278471231 
178
meanEC178 20 0.18733736873 0.93433260918 0.46768319607 0.52683293819 0.73354554176 0.31902760267 0.81013232470 0.00748100504 0.14678265154 0.90670192242 0.97276806831 0.37776014209 0.61989998817 0.19307217002 0.87744295597 0.69580250978 0.87270712852 0.31581890583 0.70291525126 0.26476368308 
179
meanEC179 20 0.75212520361 0.36503010988 0.82432836294 0.56372648478 0.56419885159 0.62370681763 0.99449199438 0.20781724155 0.85705143213 0.60955965519 0.84153544903 0.55720382929 0.02496644109 0.55151164532 0.52287691832 0.79921281338 0.08448807150 0.08335542679 0.41528514028 0.92983871698 
180
meanEC180 20 0.49280139804 0.52380317450 0.40426930785 0.08764111996 0.95402795076 0.30941760540 0.12695968151 0.52653247118 0.59550207853 0.03911110386 0.82915288210 0.02061934024 0.01013039798 0.56274670362 0.31707975268 0.22448660433 0.89297538996 0.10189015418 0.50457954407 0.12225787342 
181
meanEC181 20 0.46418920159 0.04705388099 0.80067831278 0.20921137929 0.09489220381 0.38905686140 0.66336119175 0.36267122626 0.42158126831 0.92021268606 0.27839934826 0.71998029947 0.94294774532 0.69329470396 0.42765137553 0.17996248603 0.16075460613 0.35067409277 0.10863410681 0.30447873473 
182
meanEC182 20 0.70954293013 0.98638552427 0.20570406318 0.51104539633 0.45605978370 0.00180075236 0.38996189833 0.73388165236 0.01802160591 0.34373092651 0.26416903734 0.13607768714 0.02672620490 0.32082605362 0.25643852353 0.51296806335 0.87328720093 0.52024620771 0.36501550674 0.51853162050 
183
meanEC183 20 0.50804126263 0.11264039576 0.40984725952 0.36777281761 0.60099452734 0.46268713474 0.92567467690 0.63499659300 0.53735715151 0.32874366641 0.27667593956 0.24263295531 0.65817409754 0.00216104928 0.78820800781 0.33876386285 0.85872882605 0.47382926941 0.99838584661 0.64466780424 
184
meanEC184 20 0.65592473745 0.51237314939 0.31541976333 0.29481309652 0.27040079236 0.93967342377 0.25841006637 0.96349161863 0.46285951138 0.12641862035 0.93363326788 0.04755660147 0.63554513454 0.06028927490 0.32324787974 0.05106948316 0.43013453484 0.48841312528 0.00381076406 0.26428020000 
185
meanEC185 20 0.05056202784 0.18399170041 0.68091934919 0.76427876949 0.37566211820 0.28878715634 0.73366236687 0.63275235891 0.33584010601 0.52410250902 0.42024701834 0.76177150011 0.95287203789 0.69940888882 0.11130807549 0.43236604333 0.32195815444 0.25399282575 0.44309020042 0.29302802682 
186
meanEC186 20 0.37172180414 0.53672498465 0.86849921942 0.82195979357 0.79807406664 0.36791771650 0.81496834755 0.17958122492 0.92932343483 0.23657731712 0.95689815283 0.14657112956 0.33561065793 0.21386796236 0.37538781762 0.88534432650 0.20874512196 0.56620991230 0.73301535845 0.91269451380 
187
meanEC187 20 0.78215700388 0.06621454656 0.36688414216 0.01368915942 0.62569814920 0.51089781523 0.66693055630 0.73283773661 0.68780905008 0.72744649649 0.02177345753 0.66966032982 0.62759238482 0.25027024746 0.90892529488 0.59660089016 0.02638058551 0.99577087164 0.72500008345 0.11218572408 
188
meanEC188 20 0.98771470785 0.49928313494 0.94787490368 0.70360249281 0.08805672079 0.76463502645 0.46490281820 0.70531791449 0.46520349383 0.50087356567 0.90539610386 0.89794713259 0.94136452675 0.77268487215 0.51532077789 0.88821822405 0.45743983984 0.60126477480 0.13156290352 0.04224605486 
189
meanEC189 20 0.12665197933 0.10097063304 -0.02942945047 -0.01053265418 -0.02991759000 0.14725154532 0.09829924540 0.08731145688 0.10506878607 0.24462866562 0.26168231152 0.00052262547 0.14742892522 0.12633688488 0.45289322146 0.09750263198 0.11580314131 -0.01833233347 0.08841397256 0.18861593306 
190
meanEC190 20 0.01180117577 0.36252564192 0.16434711218 0.82991623878 0.83587783575 0.99406653643 0.06338309497 0.96297574043 0.52322351933 0.00798443705 0.04436655715 0.11108722538 0.51900845766 0.63457471132 0.52882033587 0.16284929216 0.90618771315 0.40166956186 0.25636309385 0.41432154179 
191
meanEC191 20 0.54945456982 0.08005332947 0.99052500725 0.33976098895 0.37648442388 0.88984054327 0.86551189423 0.49965211749 0.59116131067 0.07096905261 0.74408185482 0.45235380530 0.36023497581 0.64353400469 0.22045297921 0.22409094870 0.40390264988 0.43593248725 0.44043394923 0.08015646785 
192
meanEC192 20 0.03170490637 0.18020781875 0.40771442652 0.86434388161 0.30171915889 0.43664383888 0.15970571339 0.85546255112 0.83776307106 0.51602041721 0.64371126890 0.82054293156 0.06111078709 0.22011780739 0.65114438534 0.82889229059 0.46208804846 0.89281922579 0.05267953128 0.08040581644 
193
meanEC193 20 0.53619223833 0.58508312702 0.53611516953 0.09906436503 0.26008978486 0.21606408060 0.07198113203 0.55074506998 0.48537144065 0.55094575882 0.19499602914 0.99690991640 0.03417686373 0.04157275334 0.61763381958 0.71979236603 0.85973322392 0.77043598890 0.49001216888 0.18761591613 
194
meanEC194 20 0.18437214196 0.90886121988 0.66576045752 0.72339177132 0.27823644876 0.41988298297 0.82419121265 0.01691230014 0.83602803946 0.36200249195 0.44686600566 0.71492856741 0.40261906385 0.71681195498 0.09432001412 0.48520994186 0.48716062307 0.32584911585 0.13142262399 0.71955865622 
195
meanEC195 20 0.93593204021 0.53068608046 0.60352098942 0.24301019311 0.35495024920 0.11864901334 0.45348340273 0.85173934698 0.43811121583 0.66457355022 0.17487336695 0.25032392144 0.45876187086 0.46610224247 0.21291789412 0.04891239479 0.51141780615 0.88095128536 0.22899504006 0.26398229599 
196
meanEC196 20 0.25374168158 0.90864092112 0.60459345579 0.67398995161 0.30925464630 0.37035855651 0.86926722527 0.00275489921 0.59208136797 0.74819660187 0.68316417933 0.98026996851 0.41010913253 0.64556545019 0.20547771454 0.83531862497 0.03696373478 0.24527841806 0.31000456214 0.74204486609 
197
meanEC197 20 0.71958285570 0.35011482239 0.93263989687 0.64254271984 0.47312352061 0.98238879442 0.05778865516 0.69392687082 0.31216821074 0.75477427244 0.19747814536 0.49040889740 0.50110042095 0.83356785774 0.29673799872 0.07912107557 0.75462180376 0.89686501026 0.40753078461 0.25756406784 
198
meanEC198 20 0.30206630285 0.22890167481 0.25989551671 0.25957816643 0.07706496834 0.34316757055 0.46795997937 0.25997828213 0.24453664867 0.02331759065 0.06364008991 0.33645141925 0.09961897896 0.01905037877 -0.04280287287 0.26711812297 0.37351734876 -0.01526519967 0.00128489273 0.06124965847 
199
meanEC199 20 0.01560598332 0.90957456827 0.21299457550 0.30329170823 0.24634812772 0.49341127276 0.23272185028 0.42697408795 0.55919694901 0.23100984097 0.28141742945 0.12203449756 0.33762979507 0.57456451654 0.92325949669 0.87118119001 0.14390291274 0.81737887859 0.28383681178 0.06752821058 
200
meanEC200 20 0.80056267977 0.07892168313 0.15791326761 0.72617423534 0.08651257306 0.88617688417 0.75905787945 0.25885453820 0.34149605036 0.89883977175 0.05987238139 0.03709501773 0.19937086105 0.01721221581 0.46000197530 0.32680949569 0.44944486022 0.27230048180 0.41224071383 0.03820089996 
201
meanEC201 20 0.15469484231 0.42872573053 0.26870946696 0.26129952682 0.05342653117 0.36850597931 0.26729674497 -0.08690583686 0.29426376922 0.09867232420 0.12046624601 0.47649682112 0.05615499132 0.10796637083 -0.08156360539 0.16053309548 0.04012931268 0.14927756969 0.30902521726 0.16212762892 
202
meanEC202 20 0.08358256429 0.01275328244 0.00337643915 0.02223864491 0.05580894402 0.03332008774 0.07967484992 0.11834135833 0.05169188944 0.07214014862 0.11275060969 0.06740440665 0.10007663599 0.07387065098 -0.03991615716 0.06513243740 0.05705296128 0.02698340265 0.11007235764 0.43707686663 
203
meanEC203 20 0.00459445135 0.10271928680 0.06308122408 0.03351777064 0.04453653859 0.03093952865 0.01181200403 0.20734207920 0.01484934972 0.04995647032 0.02031594870 0.16742345678 0.06361917863 0.05388854038 0.06135787741 0.08258361647 0.08983526583 -0.04651090677 0.05004042450 0.15946498513 
204
meanEC204 20 0.27870352866 0.11495009964 0.27063899732 0.29423516574 0.08829730683 0.32390783388 0.34069093266 0.11769838272 0.27062644437 0.05923436833 0.09628360575 0.27768673945 0.04704578378 0.07947358921 -0.09596145972 0.36890274928 0.27777552869 0.05234816375 0.17652816347 0.21616113186 
205
meanEC205 20 0.13376921340 0.10887271989 -0.01681498650 -0.01609899431 0.11363024256 0.32551495504 0.33383944382 -0.02058825459 0.19830920609 0.28933367528 0.32017569474 0.18520020231 0.31907482496 0.25440293455 0.09622069367 0.05851957408 0.18615177411 -0.06758029218 0.25209364202 0.40527635813 
206
meanEC206 20 0.07901909447 0.03704222950 0.10946564948 0.04068044012 0.02674447610 0.06950376415 0.06140629922 0.23674306353 0.06898957773 0.00894124056 0.02667474515 0.15776992860 0.04474649278 0.02988972153 -0.00735148983 0.09612783246 0.06616991712 -0.04514288510 0.03503870741 0.05224546790 
207
meanEC207 20 0.09106747589 0.25498049860 0.15207056507 0.09223376905 0.05629224234 0.25196789861 0.12562886108 0.08269018773 0.25046317593 0.10697586264 0.16835344898 0.40342543828 0.23199510713 0.09160301777 -0.01120849986 0.29194367098 0.31922623135 0.08119287638 0.06288255168 0.12220086902 
208
meanEC208 20 0.71402621269 0.91557163000 0.53164494038 0.08983112872 0.20165972412 0.09889819473 0.71605485678 0.05346617475 0.05194703862 0.56038570404 0.82266175747 0.35366499424 0.71691566706 0.09608390927 0.00656159595 0.51595383883 0.73201370239 0.75288599730 0.82513338327 0.21052993834 
209
meanEC209 20 0.46564990282 0.09751958400 0.44698798656 0.35117471218 0.88530975580 0.50811469555 0.19108973444 0.21035070717 0.77574795485 0.15390811861 0.19594942033 0.25169974566 0.41650578380 0.63178628683 0.08494205773 0.47249728441 0.03920894861 0.99546915293 0.77871292830 0.78018802404 
210
meanEC210 20 0.24479385494 0.09393288623 0.19906199412 0.05173593603 0.03389766539 0.75003215904 0.21314608905 0.03023228803 0.12698962119 0.25617304967 0.27675891637 0.21106638377 0.27556930409 0.38176406609 0.03742803360 0.19264750913 0.26490850483 0.42527367480 0.24660265306 0.20219428837 
211
meanEC211 20 0.17222634527 -0.13613911628 0.00920083828 -0.01958838517 0.09774299588 -0.00103269332 -0.01617882996 0.07309190703 -0.06652175731 0.37752182128 0.28029708587 -0.02500613155 0.30654123402 0.25296871423 0.10431063135 0.09449591640 0.15135641736 0.08804663008 0.10061949241 0.44224825501 
212
meanEC212 20 0.14759631052 0.23618228537 0.38779786629 0.35289956896 0.05346326876 0.24065867543 0.31930174550 0.33119528323 0.19318246406 0.09984241312 0.12351289169 0.26969824565 0.21051322418 0.17232875254 0.15000879082 0.35824587673 0.39323059872 0.17287137234 0.18717095670 0.16357651353 
213
meanEC213 20 0.19027628772 0.18014345487 0.24754501587 0.04587222022 0.23788498117 0.18688975574 0.11185517685 0.14636517673 0.35517647841 0.07211511088 0.18292324155 0.21333855885 0.13276921388 0.06491371246 -0.05526339356 0.20828486342 0.09959111334 0.06899295491 0.10587193581 0.22258333862 
214
meanEC214 20 0.02514124831 0.08082953052 0.13149600785 0.09354703621 0.06716610543 0.06330087959 0.09386647833 0.17190618658 0.01912678419 0.17780368501 0.16033322255 0.12742807900 0.15459690138 0.10691982796 -0.14079544543 0.10037091230 -0.00960522256 0.03506608931 0.13945990503 0.32394275069 
215
meanEC215 20 0.08685596765 0.03046303078 0.00530719873 0.03275874222 0.01784156038 0.03836470897 0.10138247869 0.13996619032 0.05144276122 0.00968237030 0.01154903072 0.06658975044 0.03053126595 0.00340878762 0.01205891503 0.16014419609 0.11364129759 -0.03405657645 -0.00120453671 0.06978842616 
216
meanEC216 20 0.13684601692 0.01098930345 -0.01092972079 0.03105174291 0.00144579357 0.05596487710 0.13476230615 0.01817451462 0.04680521483 0.03477885470 0.05616121279 0.14185028584 0.09150877990 0.02678553287 0.01648885862 0.11967152244 0.06264363775 -0.02534275740 0.01185809008 0.13947789371 
217
meanEC217 20 0.75516033173 0.61261785030 0.69169563055 0.69677680731 0.75398367643 0.93988561630 0.77997028828 0.47147873044 0.63284486532 0.75064343214 0.05080121011 0.52297377586 0.53699749708 0.29000416398 0.07103325427 0.20100036263 0.06259774417 0.15237332880 0.60470497608 0.91016650200 
218
meanEC218 20 0.68038648367 0.59114837646 0.64368492365 0.92786735296 0.01923519373 0.61925506592 0.44861316681 0.07831264287 0.22622793913 0.76618921757 0.33567792177 0.57577800751 0.28789389133 0.32961657643 0.85870903730 0.01675141230 0.93526577950 0.17548441887 0.61254161596 0.73975408077 
219
meanEC219 20 0.80950069427 0.77857518196 0.40549010038 0.57848477364 0.98588466644 0.61215323210 0.24690698087 0.10008886456 0.82413810492 0.80863320827 0.52214777470 0.68807196617 0.10186239332 0.70496177673 0.77122747898 0.03395744041 0.41693407297 0.97673749924 0.79588580132 0.09475452453 
220
meanEC220 20 0.91594886780 0.91216480732 0.08346961439 0.73384368420 0.09939280897 0.25362047553 0.47526517510 0.69893884659 0.25133317709 0.34082758427 0.73436009884 0.43863949180 0.49778491259 0.63732898235 0.98134946823 0.40144881606 0.08849970251 0.70026946068 0.68579798937 0.91653305292 
221
meanEC221 20 0.73599529266 0.93830436468 0.74038368464 0.18529574573 0.53262835741 0.72489178181 0.94578093290 0.39852046967 0.36032065749 0.63084220886 0.48551553488 0.77399808168 0.63327974081 0.75354415178 0.56108713150 0.17626509070 0.32438805699 0.38986340165 0.69658863544 0.30086579919 
222
meanEC222 20 0.43985617161 0.03339523822 0.04283256084 0.27273231745 0.07314613461 0.40982627869 0.05462761223 0.30366724730 0.39665070176 0.83273446560 0.74035191536 0.40745133162 0.68799805641 0.32214614749 0.09508562088 0.83235102892 0.98897188902 0.25060501695 0.24223741889 0.30215170979 
223
meanEC223 20 0.60962408781 0.66018629074 0.25511786342 0.02587311715 0.91227537394 0.30806484818 0.87580358982 0.19987122715 0.73949301243 0.42097163200 0.02490114607 0.85464513302 0.77187085152 0.09542035311 0.20275142789 0.42273047566 0.89536625147 0.65425014496 0.04445033893 0.78254795074 
224
meanEC224 20 0.22419397533 0.01772871986 0.05727811903 0.65893626213 0.38522785902 0.26797199249 0.47688901424 0.25813984871 0.43292316794 0.94205677509 0.89215362072 0.02915953472 0.62699139118 0.25914022326 0.59909230471 0.62279331684 0.26770833135 0.23036840558 0.54907369614 0.63336426020 
225
meanEC225 20 0.30311166433 0.20444774160 0.20403502167 0.29803280046 0.19790072184 0.30465149681 0.26745606084 0.00399914102 0.11298360811 0.14948093168 0.18193417867 0.19853201202 0.17124166057 0.02356234984 -0.01072570018 0.38510560456 0.17002788741 0.00304696577 0.05846797691 0.15820407867 
226
meanEC226 20 0.65659493208 0.50121569633 0.99079030752 0.51764655113 0.22883461416 0.00507735973 0.13552084565 0.92136025429 0.27457159758 0.16295345128 0.83415192366 0.84197169542 0.95620000362 0.37535122037 0.91754776239 0.05850773305 0.40652051568 0.41154345870 0.80289912224 0.02786415257 
227
meanEC227 20 0.56044691801 0.62121099234 0.29623857141 0.99194592237 0.19416835904 0.97391194105 0.54478234053 0.22359676659 0.66189849377 0.07839211076 0.49253192544 0.16256611049 0.89147835970 0.46971523762 0.05321184918 0.40413922071 0.52226537466 0.05342373252 0.14746096730 0.99433863163 
228
meanEC228 20 0.21476780880 0.09433249001 0.28355697191 0.29720888234 0.13633838566 0.08779287766 0.16764761330 0.05566318437 0.40244015339 -0.01867439558 0.12865501975 0.04089944846 0.11737237782 0.30911258345 -0.08830262618 0.19529064589 0.05403818684 0.12503817096 0.31728518586 0.10457389057 
229
meanEC229 20 0.08322908882 0.02549414687 -0.01584268208 0.00239826905 0.04588369367 0.01713317028 0.06113538897 0.09102141982 0.04448435661 0.08512111068 0.10228911702 0.06731545096 0.07252944575 0.08136574585 -0.04570398886 0.06657235015 0.04522832649 0.00035361726 0.12732438252 0.45271155238 
230
meanEC230 20 0.03161271439 0.01065484668 -0.00410604534 0.01774927534 0.03273531327 0.06414830864 0.09228479062 0.16660674905 0.04354777833 0.04271881323 0.03342665447 0.08082989215 0.10578901247 0.05981837425 0.03445218155 0.08512581782 0.11449042342 -0.02958681258 0.00777234075 0.15322922170 
231
meanEC231 20 0.02937066302 0.17559470841 0.30576754490 0.28774260252 0.01204220157 0.22981006651 0.35449490800 0.27981668738 0.26497365664 -0.06143499575 0.06298449777 0.33806197494 0.00629590031 0.18380262893 -0.05949958906 0.28628221340 0.16527539271 0.03067965646 0.16717271880 -0.04143208638 
232
meanEC232 20 0.07173568079 0.09869971395 0.05481143652 0.11397872161 -0.00753701795 0.06424440657 0.31020828776 -0.04400655998 -0.00687955664 0.24370639411 0.23334053939 0.14736365516 0.23743775491 0.02266324249 0.06690304180 -0.01501445499 -0.01090768240 0.05764319715 -0.05602293584 0.42132639885 
233
meanEC233 20 0.03975595908 0.04100189986 -0.00784076931 0.02497127906 -0.01245971249 0.01459887338 0.09786422277 0.20983597357 0.04847850139 0.03594020802 0.03125990916 0.11799188008 0.04237534488 0.03052193391 0.03930489976 0.10533563752 0.05748907100 0.00012572741 0.01299489262 0.14962124825 
234
meanEC234 20 0.11818549671 0.05302232718 0.00513977122 0.04578290540 0.02257545386 0.05594535783 0.17227217426 0.04722800171 0.08468515947 0.02453547663 0.07635489006 0.20812222069 0.11042002006 0.02838374469 -0.07119029867 0.14053199992 0.09555409795 -0.02944179817 0.04021413393 0.16063621640 
235
meanEC235 20 0.56163501740 0.69008743763 0.78098094463 0.17711359262 0.03152069077 0.42998668551 0.53109979630 0.56819713116 0.10874847323 0.34526562691 0.72662264109 0.74560773373 0.52353352308 0.64423972368 0.91889518499 0.64928942919 0.67459559441 0.65651363134 0.19202207029 0.64440578222 
236
meanEC236 20 0.93216294050 0.73006695509 0.44176259637 0.97476083040 0.82221102715 0.90441107750 0.91957122087 0.70320707560 0.58958047628 0.68194103241 0.32028818130 0.29506731033 0.47419568896 0.32732683420 0.27832150459 0.11143282056 0.00016145370 0.00770388870 0.25644451380 0.10158139467 
237
meanEC237 20 0.20661276811 0.10464748513 0.14121141206 0.17621990433 0.21559736484 0.27662176661 0.31262114600 0.28088755148 0.29649222663 -0.07460495143 0.16215118903 0.29170211470 0.05814963290 0.14315073466 -0.05402454045 0.21473403901 -0.05626079104 -0.00032166883 0.15735312964 -0.07374405116 
238
meanEC238 20 0.07860194662 0.03727989482 -0.02055566911 -0.03052337796 0.04990254522 0.04680140866 0.06102172342 0.09169994561 0.04583993433 0.05938543169 0.08360358479 0.11864491194 0.08254150532 0.08956255578 -0.06541268104 0.07534990998 0.02149008355 0.00350071884 0.10607543919 0.41197457910 
239
meanEC239 20 0.05937765088 0.01824878916 0.01119497505 0.04792843750 0.02751184756 0.00825419370 0.05584781888 0.15415314886 0.03238013774 0.00933530195 0.03584163587 0.07363687297 0.04622763266 0.04587211104 -0.02235707367 0.11452677359 0.03236591564 -0.01674999616 0.04169327238 0.12708020210 
240
meanEC240 20 0.16076566037 0.06586030223 0.02481146658 0.05969119497 0.03508990348 0.05534736384 0.15027836907 0.03603674732 0.08861498812 0.03210490192 0.13909862562 0.26210591252 0.14134464362 0.07143704436 -0.10776815312 0.16590927350 0.11314673473 -0.01630077685 0.10561583489 0.12226561457 
241
meanEC241 20 0.03521337965 0.00617952169 -0.00173750877 0.03876426094 0.04932444406 0.02023849439 0.04306200250 0.02989808204 0.03624527136 0.04793007377 0.06655204264 0.03115925545 0.05878137294 0.06511398353 -0.05621105851 0.06918198667 0.05260920318 0.01011581584 0.05073537149 0.25591489673 
242
meanEC242 20 0.03991849231 0.02015322243 0.01250511706 0.01443057276 0.02059635415 0.02230919560 0.04904164218 0.10241444974 0.04130123695 0.01414417186 0.04114210499 0.10130301716 0.04208402053 0.03788315385 -0.02793855021 0.08820430072 0.05966074479 -0.02417442589 0.00962616418 0.09605602920 
