
243
0
meanEC0 20 0.06387969256 0.01003389007 0.00737954128 -0.00091412325 -0.01358212988 0.00951817087 0.05112365520 0.03198550188 0.01947998037 0.02313934559 0.09206455961 0.05756471191 -0.00317315528 0.01057549075 -0.00860162689 0.02631560312 0.04951895330 -0.05632737440 -0.00833411959 0.07584436238 
1
meanEC1 20 0.01007740065 0.03639626884 0.16358800305 -0.03147254830 -0.02117259615 -0.05776365507 -0.05693416901 0.02305969505 0.06696421105 0.00951219085 0.05105361036 0.02921022423 0.04723314280 0.05160335664 0.15141334841 0.24163864657 0.17336482311 -0.02895859510 -0.06790498845 -0.02173441462 
2
meanEC2 20 -0.00447518774 -0.01215074132 0.02298970009 0.02805931374 -0.00760577709 -0.02106399646 -0.05329456113 0.06854846818 -0.00768675726 -0.00262324654 0.04070648250 -0.01179951062 -0.00175192357 0.00251690860 -0.07281709296 0.10729658725 0.13232625871 -0.02995402764 -0.01505246919 0.03585452586 
3
meanEC3 20 0.28802279429 0.12465012002 0.20165991899 0.42694459343 0.13779252366 0.14255873092 0.15388025254 0.23932626181 0.09633040886 0.09694088215 0.12382818348 0.13616327550 0.02794073953 0.52675514132 0.21971012131 0.36361933313 0.29564460170 0.22846353312 0.33730880372 0.04929144308 
4
meanEC4 20 0.05985150099 0.02552763609 0.01770994035 -0.00967838795 -0.06358389551 0.03145854318 0.02066462672 0.09745549716 0.04596794905 0.28107395330 0.10306891544 0.11103364703 0.02896378780 0.13974246776 -0.00031668825 0.00930817425 0.11969581391 -0.02522385754 0.10042945333 0.29747214913 
5
meanEC5 20 -0.06709872950 0.07758862390 0.28532678496 0.08420667346 -0.06710392620 0.10848065348 0.14538369251 0.04651727496 0.16922445407 0.10284029940 0.11396820106 0.10436947133 0.08908584762 -0.00180884631 0.01379227040 0.04691096139 0.19051410676 -0.01952774016 0.07654811918 0.10371788591 
6
meanEC6 20 0.03296436090 0.06106309342 0.10706622374 0.05986466557 0.02267559178 0.08647813022 0.06403430209 -0.03588857346 -0.01147490763 0.08236074419 0.14153608900 0.13248806526 0.00685018876 -0.00750872397 -0.06018136645 0.18181845209 0.09542907283 -0.08859057253 -0.03943294512 0.04264321178 
7
meanEC7 20 0.03920736503 0.02846077204 0.05142143121 0.04762638563 -0.03577054956 -0.06919927823 0.04722613732 0.04104257948 0.01559921286 0.06676400649 0.14152321119 0.03647964214 0.08309625856 0.01032997779 0.00583183413 0.03754575987 0.03812478509 -0.05235999421 0.09342469973 0.09504391998 
8
meanEC8 20 0.01604455533 -0.01095415921 0.02807237764 0.00209440466 -0.02120591158 -0.02354016089 0.01802106675 0.05755111894 0.01657685752 0.00037409791 0.08374603677 0.03507648427 0.00811640155 -0.01440890129 0.02682636255 0.04864085691 0.05072202439 -0.07235810742 -0.02919007223 0.09550934285 
9
meanEC9 20 0.09031099892 0.38712255357 0.20312181669 0.38695964781 0.07733347502 0.12311933214 0.32767795440 0.23881294005 0.17920527153 0.30964907844 0.43900306955 0.39785742333 0.42424278816 0.37296705666 0.30534261923 0.40355102722 0.04176622584 0.27984248607 0.29820612354 0.18182159960 
10
meanEC10 20 0.74133539200 0.38725617528 0.78174585104 0.58478206396 0.69338357449 0.44876569510 0.49069154263 0.27074021101 0.91697162390 0.44394621253 0.92558443546 0.14017203450 0.46103489399 0.24327813089 0.80756711960 0.59011989832 0.01709330268 0.45597407222 0.23555788398 0.11295405775 
11
meanEC11 20 0.97968214750 0.80552804470 0.23255927861 0.41994911432 0.86414313316 0.49404221773 0.18697386980 0.85696959496 0.24853675067 0.09925851971 0.16937845945 0.74654805660 0.96463525295 0.69577622414 0.26569288969 0.76829737425 0.56454700232 0.64747089148 0.66773694754 0.05191535875 
12
meanEC12 20 0.04019450024 0.25447228080 0.85909076347 0.79818677902 0.00000000000 0.34162484578 0.69061577320 0.38415494846 0.53867262602 0.06116870046 0.25616449118 0.76255886744 0.62292175938 0.42996349931 0.00000000000 0.54090839624 0.05732420087 0.37425193618 0.78650742769 -0.74227821827 
13
meanEC13 20 -0.01608923908 -0.05214048535 0.06583395167 0.00643860989 -0.09732427832 -0.09703840495 0.15270202347 0.01001995504 -0.03718000654 0.15479815272 0.05812606534 0.05030584215 0.09063166557 0.07177189619 -0.12880568344 0.09638616014 0.18435508540 -0.03567287537 0.01736005020 0.18012961745 
14
meanEC14 20 0.17460447841 -0.07713193706 0.24782221144 0.01977663910 -0.13810779055 0.14400707411 0.08981570471 0.22220783738 0.05797624356 -0.05955578348 0.05277700182 0.06658488373 0.01564383855 0.02705495223 0.25582466879 0.25872651493 0.18266407050 0.05177959383 0.14265793547 0.16177351773 
15
meanEC15 20 0.47801086350 0.41002228044 0.33174226064 0.39479934578 0.33315004643 0.39070039637 0.36967842137 0.11423727547 0.17440275979 0.35808465181 0.49169934458 0.36536568110 0.56226284864 0.31315246693 0.16066940331 0.57092194745 0.36699979410 0.07137649293 0.16443832426 0.40165388584 
16
meanEC16 20 0.45464998787 0.26859221352 0.00211950881 -0.00214858645 0.14200495896 0.00070040558 0.02131847491 0.27238432392 0.37985584900 0.22561497516 0.06585115453 0.14426215446 0.22837315790 0.22980052882 0.57007984341 0.45984677913 0.23529023641 0.07404466103 0.03786786951 0.22711777687 
17
meanEC17 20 0.08647383470 0.02665510175 0.06879203287 0.01850494596 -0.03492063687 0.00432245134 0.06109323833 0.19176864394 0.03005828702 0.09270281752 0.04657107106 0.10554552929 0.05848862533 -0.00112318826 0.18055660873 0.11910783759 0.15778841374 -0.10750160138 -0.01637866254 0.18029494584 
18
meanEC18 20 0.06804370109 -0.05388676470 0.01078665503 -0.01490439098 0.02943150216 0.08844350049 0.06065831737 0.01096764812 0.09469454070 -0.00379691364 0.14437304323 0.03874991509 0.00591101607 0.07421299402 -0.11334560236 0.14724579037 0.15730660680 -0.06500267747 0.00953632424 0.08398302644 
19
meanEC19 20 0.61045026779 0.12852126360 0.47093090415 0.15500827134 0.23720292747 0.77376049757 0.01760704070 0.20061336458 0.53401935101 0.43236118555 0.90928333998 0.25188252330 0.63578081131 0.32020840049 0.21495580673 0.27079606056 0.02123842575 0.01760482788 0.06822098046 0.42536666989 
20
meanEC20 20 0.64751744270 0.53907239437 0.92044138908 0.20263534784 0.32979825139 0.51615458727 0.21682889760 0.51232618093 0.44922786951 0.09184867889 0.98612087965 0.60013651848 0.64702284336 0.93281030655 0.39489334822 0.23065486550 0.90543115139 0.59243178368 0.27006465197 0.45198875666 
21
meanEC21 20 0.34888627221 0.23985467838 0.52798405182 0.26448615999 0.39200368589 0.23544637370 0.37265027562 0.27374243476 0.54720435823 0.12499463302 0.15228317841 0.34453659441 0.40876507426 0.37795519269 0.11846386680 0.51621808796 0.24558439611 0.05192322803 0.29629467960 0.01609883644 
22
meanEC22 20 0.09222133015 0.11193713656 -0.00635868906 -0.08152029426 -0.04084811901 0.02052290124 -0.01508839407 0.06532462624 0.03497145428 0.14263486383 0.10518992248 0.10143456631 -0.01593903141 0.01269788558 -0.03510718721 0.05316369780 0.11105708620 -0.07361093480 0.17146080352 0.28788551688 
23
meanEC23 20 0.23042237024 0.05798634482 0.14116331042 0.09880486007 0.08227781178 0.09708703415 -0.00586044410 0.23573393056 0.12210589372 -0.04962920559 0.01748337253 0.22908283177 -0.05707449509 -0.05516344847 0.06941877278 0.19243355605 0.21776679514 0.02485223722 -0.00232680754 0.11707884818 
24
meanEC24 20 0.02712055074 0.03371795088 0.09387809327 0.08049686835 -0.05635990264 0.05127465396 0.08453061932 0.03668268193 0.07946962503 0.04088402984 0.11087158248 0.04107249460 -0.02828934656 0.11928672443 -0.12983037093 0.12066857122 0.04905946254 -0.05655536899 -0.00093836990 0.03849723190 
25
meanEC25 20 0.07205281221 0.06111188887 0.02444471988 -0.04373895785 0.03639817183 -0.01816048809 -0.02737704411 0.05809652083 0.02607642835 0.04954793044 0.05425732364 0.12638974185 -0.01116324865 0.06064301300 0.01612303028 0.04955249124 0.09825524981 -0.04446025101 0.08490973694 0.08682832867 
26
meanEC26 20 0.04300643295 0.01791705464 0.00431025418 0.00474976428 -0.01900491661 -0.02198158837 0.01392619769 0.08235256054 0.01181554009 0.00756827710 0.03812070875 0.05434948418 0.03347568274 -0.00429485745 -0.02057946870 0.06697503419 0.06797025563 -0.06093178983 0.02043639987 0.07409435511 
27
meanEC27 20 0.25254122665 0.16247690267 0.27353051834 0.02860872566 0.13673048919 0.24051562434 0.02559586040 0.49971305701 0.22277932108 0.18669059034 0.19901656357 0.30652365462 0.18581229975 0.17895706623 0.20386258764 0.34136924115 0.06179616410 0.45664396417 0.09740450956 0.15069980919 
28
meanEC28 20 0.48326748610 0.15341024101 0.95294737816 0.85216021538 0.75898456573 0.52918201685 0.99924659729 0.18367120624 0.33962497115 0.32920449972 0.19873762131 0.92552697659 0.86599689722 0.10865557939 0.77437055111 0.04296838120 0.47229680419 0.55685520172 0.64381533861 0.91602480412 
29
meanEC29 20 0.44876959920 0.37695997953 0.33101221919 0.01628727093 0.72388195992 0.19168464839 0.03194450587 0.35669851303 0.81966191530 0.11724645644 0.59942317009 0.36043971777 0.54224538803 0.24589502811 0.45517405868 0.62594604492 0.20526556671 0.31603971124 0.63025432825 0.88741159439 
30
meanEC30 20 0.30237540603 0.48201203346 0.28427392244 0.94108831882 0.04660752788 0.34160751104 0.95518428087 0.42501136661 0.47017917037 0.42384600639 0.43097546697 0.42703345418 0.41213589907 0.63101720810 0.72259765863 0.91868907213 0.52095162868 0.09911286086 0.23130308092 0.60438752174 
31
meanEC31 20 0.74436140060 0.45570757985 0.19438813627 0.86540085077 0.33373925090 0.54552781582 0.60953921080 0.58886015415 0.40811353922 0.65322321653 0.54615193605 0.59300452471 0.66519826651 0.40106916428 0.87990391254 0.46559458971 0.97307991982 0.41892030835 0.37377986312 0.14556869864 
32
meanEC32 20 0.93089270592 0.57915991545 0.24882036448 0.59661328793 0.30302214622 0.10041683912 0.39831396937 0.18053790927 0.07084181160 0.83648353815 0.12388764322 0.93468767405 0.67630666494 0.62112051249 0.22179490328 0.59906882048 0.23761913180 0.08029047400 0.78790581226 0.01659793407 
33
meanEC33 20 0.74475944042 0.07305673510 0.24150128663 0.41971597075 0.85797375441 0.81193339825 0.19899955392 0.29262375832 0.79318994284 0.55370610952 0.70470678806 0.91472798586 0.02810310386 0.63557547331 0.60426110029 0.37263098359 0.45576477051 0.77401471138 0.30393132567 0.85227555037 
34
meanEC34 20 0.70470285416 0.21013815701 0.72211170197 0.16017155349 0.57925879955 0.94994598627 0.49893626571 0.43958616257 0.38181689382 0.37147295475 0.36715260148 0.13719682395 0.80090540648 0.61649096012 0.26574137807 0.24482171237 0.22788748145 0.34401491284 0.40898621082 0.55766159296 
35
meanEC35 20 0.00764816115 0.01174586453 0.43400466442 0.73223555088 0.27355161309 0.30233839154 0.62656164169 0.38294750452 0.44348761439 0.50078094006 0.52213072777 0.91989547014 0.77102208138 0.06856617332 0.02992476150 0.26671615243 0.79955178499 0.79859834909 0.18004655838 0.22552865744 
36
meanEC36 20 0.47153079510 0.49938994386 0.77135890722 0.54933887720 0.43331123700 0.55098004776 0.72793367735 0.24992729723 -1.78208812224 0.09832289815 -0.63847194640 0.79930625817 0.55848109722 0.31367370486 0.42702490091 0.34073960781 0.46281880140 0.00000000000 0.41897148614 0.44275209308 
37
meanEC37 20 0.90319973230 0.89565664530 0.45646351576 0.13959133625 0.91713964939 0.61551874876 0.71367299557 0.00590165379 0.92843294144 0.28529310226 0.42576703429 0.87875622511 0.51516985893 0.33278614283 0.65940731764 0.56367081404 0.80793273449 0.72277975082 0.21644146740 0.79523855448 
38
meanEC38 20 0.65905344486 0.03704562411 0.76072967052 0.77332973480 0.15186959505 0.68381571770 0.99565571547 0.06439592689 0.12467827648 0.41078323126 0.39077422023 0.95224767923 0.88988780975 0.04391912371 0.21133081615 0.97695469856 0.74979752302 0.57715302706 0.96587413549 0.17235653102 
39
meanEC39 20 0.06531198494 0.45383523097 0.38958896806 0.38413767117 0.00000000000 0.69659244371 0.51924593405 0.12757311922 0.43291229235 0.65830903188 0.08847720432 0.75956365058 0.31590423606 0.24562859937 0.16773867446 0.50576094796 0.31122345851 0.00000000000 0.11199240789 0.26632893085 
40
meanEC40 20 0.01569805802 -0.02600441430 0.09917283412 0.05265793919 -0.01614161154 -0.04000839912 0.03681979705 0.03776307457 -0.03390789359 0.09725277415 0.09776785000 0.03784482109 -0.00675788191 0.17017467634 -0.01676215385 0.07778788324 0.14149385505 -0.04506538129 0.17127575951 0.22011017799 
41
meanEC41 20 0.18627578042 0.08818344294 0.40197267147 0.02470931999 0.14100149941 0.04713680793 0.35267987255 0.09849753777 -0.06599174217 0.01718083119 0.25126273383 0.07392228601 0.04345958287 -0.08442174828 0.22450489790 0.31703578017 0.25369967853 0.11168950284 0.19246738131 0.09756810963 
42
meanEC42 20 0.23106423328 0.14385111207 0.52326161422 0.13405987754 0.47311427607 0.62940815256 0.06509730255 0.03190263740 0.08500183340 0.36843330654 0.85891846754 0.42383892740 0.53709940382 0.40853514159 0.39059292352 0.43967273302 0.18444263914 0.27538023100 0.21049096761 0.51140946150 
43
meanEC43 20 0.37987868728 0.31326570535 0.26179948236 0.21632635034 0.24202653620 0.34996022314 0.12145941144 0.41557104582 0.29568561427 0.25313038129 0.23635227696 0.10437215587 0.11838559350 0.29315826994 0.42992185508 0.33281764601 0.29095594446 0.05131806332 0.17234195390 0.27126157284 
44
meanEC44 20 0.18900564685 0.09047835905 0.20929247733 0.20689735394 0.19896022117 0.11881961101 0.07224514862 0.25456580250 0.03228084290 0.06170530969 0.04929887149 0.20110264676 0.20494469872 0.14112135683 0.24894344290 0.04746690346 0.12151276079 0.00182142754 0.27037806701 0.09244692326 
45
meanEC45 20 0.46204273173 0.25152262534 0.23706613917 0.24902884224 0.11131947955 0.31119197232 0.17428632253 0.01968490149 0.02789169496 0.40919694381 0.56863800743 0.30215696822 0.43092762054 0.33959950278 0.16588960604 0.37725502471 0.11402673387 0.13291993253 0.13308170541 0.09636411071 
46
meanEC46 20 0.84370869398 0.23321834207 0.47900098562 0.88137108088 0.06250921637 0.42941477895 0.86197900772 0.21431413293 0.55106616020 0.12027087808 0.69552820921 0.90340024233 0.98805689812 0.57486712933 0.19401846826 0.29974213243 0.91354316473 0.30623540282 0.80321562290 0.78037714958 
47
meanEC47 20 0.46735689044 0.95187371969 0.48170933127 0.08239944279 0.33140039444 0.41354799271 0.43751266599 0.60598880053 0.37464827299 0.71654903889 0.11890977621 0.23030155897 0.95870912075 0.55843120813 0.72449970245 0.71425527334 0.37317016721 0.23991678655 0.85304373503 0.26022309065 
48
meanEC48 20 0.26842269301 0.71134668589 0.04878971726 0.85957968235 0.16322602332 0.17354725301 0.32203829288 0.21930864453 0.94658368826 0.58445757627 0.51545327902 0.01832335070 0.45356729627 0.03399965167 0.39580026269 0.92800575495 0.56180858612 0.65140593052 0.41312223673 0.11945445091 
49
meanEC49 20 0.59166331644 0.23157377303 0.22381771808 -0.00260637813 0.18213982562 0.28422032094 0.07598479619 0.03665826283 0.23941213664 0.53248294783 0.28587597237 0.23437963359 0.28175513436 0.23190340427 0.13330623637 0.44400467472 0.22870940434 0.26107812218 0.17306989634 0.66082817316 
50
meanEC50 20 0.51709710614 0.59078014354 0.35607453188 0.40015135168 0.39694173244 0.58801410909 0.48551756055 0.36578534886 0.30019108745 0.36284705167 0.15203115652 0.37611156058 0.37230642364 0.51300342838 0.54467584366 0.69996226143 0.37970343267 0.44422872957 0.42085949107 0.14223191142 
51
meanEC51 20 0.31955158091 0.36561421726 0.52603827418 0.47412950838 0.11678402422 0.55921407861 0.43922152740 -0.00893664350 0.09711841465 0.23288374028 0.32315323758 0.23407207093 0.18207006205 0.38576350891 0.20350446407 0.68006918507 0.50648278286 0.42388184998 0.25826373687 0.19547167420 
52
meanEC52 20 0.09037424666 0.34256847651 0.16198213552 0.09535042888 0.17126258314 0.11550196641 -0.02955465030 0.10147876596 0.32642635180 0.25203504819 0.12459189571 0.28638292211 0.30101225050 0.21586241484 0.03953288570 0.35552975969 0.23449906334 0.16218212594 0.14023536301 0.29717579484 
53
meanEC53 20 -0.03375702222 0.04405979831 0.16637277979 0.14534697851 -0.06427157659 -0.08848305979 0.22277438808 0.03489520732 -0.06534969677 0.05990716916 -0.01502617611 0.05515513676 -0.01803042311 0.03093577851 -0.06600188918 0.18543053366 0.28191859225 0.01281096833 -0.01987123781 0.18053086102 
54
meanEC54 20 0.08785009543 0.12529451668 0.05093046313 -0.00855591983 -0.11994612063 0.01069955668 0.00704825494 0.08105338922 0.00806825983 -0.06229789637 0.16580481720 0.19434309782 -0.09578117625 -0.02718207243 0.04966379047 0.07589046808 0.02779489759 -0.14294906669 0.01892007606 0.04634527117 
55
meanEC55 20 0.65493535995 0.42016464472 0.70808029175 0.70226895809 0.66747587919 0.03949511796 0.76771908998 0.63666486740 0.36003640294 0.76398181915 0.01082019973 0.89772719145 0.92084097862 0.42894491553 0.89060002565 0.66242420673 0.16822881997 0.18224368989 0.94309681654 0.02657758258 
56
meanEC56 20 0.66345465183 0.60685920715 0.09356971830 0.19113656878 0.13118985295 0.99020582438 0.57393610477 0.76577574015 0.81861281395 0.75556337833 0.64371418953 0.23288369179 0.64056384563 0.12111853808 0.45712938905 0.90582460165 0.71270155907 0.27799206972 0.81712001562 0.43924647570 
57
meanEC57 20 0.86940777302 0.51200926304 0.20057031512 0.35386547446 0.51261866093 0.60722088814 0.09680821747 0.74517542124 0.87338870764 0.71383404732 0.16512918472 0.69960916042 0.76285731792 0.25971677899 0.62237656116 0.43485400081 0.01596190408 0.59858655930 0.24399229884 0.13193821907 
58
meanEC58 20 0.56703794003 0.93832886219 0.35783946514 0.44660627842 0.88130205870 0.24791105092 0.14497457445 0.42195138335 0.13135191798 0.27709412575 0.04950546101 0.82369172573 0.48126712441 0.74624502659 0.59615570307 0.23605722189 0.99804228544 0.29899132252 0.06051227078 0.51398026943 
59
meanEC59 20 0.83720892668 0.90252822638 0.59698736668 0.92766815424 0.63331067562 0.57814180851 0.34680390358 0.48747119308 0.81078797579 0.13523936272 0.88103371859 0.42679634690 0.86148464680 0.31133434176 0.96597945690 0.85264474154 0.69084775448 0.08884492517 0.72093999386 0.86221319437 
60
meanEC60 20 0.96954095364 0.07238350809 0.65476536751 0.80386823416 0.87229621410 0.85116267204 0.23282767832 0.96898484230 0.46201738715 0.83196550608 0.12085884809 0.56715190411 0.73449885845 0.34990847111 0.89648270607 0.60998803377 0.56723386049 0.91975468397 0.70296877623 0.90437799692 
61
meanEC61 20 0.12685145438 0.49243885279 0.69634902477 0.89625048637 0.77013969421 0.58374083042 0.90261650085 0.27202051878 0.34903725982 0.43626707792 0.26687821746 0.78540146351 0.99852317572 0.40654224157 0.80252426863 0.13892491162 0.31286099553 0.05928168446 0.31308379769 0.27223837376 
62
meanEC62 20 0.16232794523 0.51698219776 0.81741648912 0.36537641287 0.83675789833 0.14299838245 0.54684805870 0.00744654704 0.63087660074 0.97185444832 0.49901819229 0.36616888642 0.81900119781 0.18998780847 0.89477413893 0.44867449999 0.87618345022 0.78639036417 0.08807469904 0.18557116389 
63
meanEC63 20 0.50163242275 0.08928563722 0.50994394003 0.53379645314 0.29343882789 0.41093406027 0.54811598566 0.26552923512 0.37881971102 0.20034998623 0.12807703716 0.21825599627 0.10297484500 0.26202852409 0.20827418951 0.44237453605 0.18462639200 0.12678146455 0.12626611060 0.24033735693 
64
meanEC64 20 0.92045527697 0.02433414385 0.60199183226 0.77774041891 0.92526280880 0.13837836683 0.97241747379 0.00105497439 0.04455794767 0.15250450373 0.99931174517 0.46058070660 0.65693628788 0.05878849700 0.23632358015 0.30225294828 0.10147919506 0.55492937565 0.41920992732 0.18521183729 
65
meanEC65 20 0.09622004628 0.63775181770 0.45055347681 0.60311871767 0.72411197424 0.17779587209 0.34250929952 0.92286610603 0.23297359049 0.68132656813 0.47951576114 0.40605387092 0.63442033529 0.46806207299 0.40589156747 0.48288190365 0.45188078284 0.90333187580 0.58336007595 0.35936677456 
66
meanEC66 20 0.18287339807 0.91481057916 0.70628736223 0.74133442689 0.22583159804 0.71911500714 9.57015724119 0.03264100105 0.40781629086 0.08794019318 0.51973652645 0.31929799914 0.54933887720 0.49750000238 0.30576369166 0.28755350866 0.22740890086 0.00000000000 0.62010639906 -0.01265151892 
67
meanEC67 20 0.11077314921 0.01505473866 0.01995088169 0.00737887547 0.00483312560 -0.00176009987 0.07613614614 0.18887531256 0.07695710345 0.11832515611 0.05471345613 0.05314440385 0.07187843435 0.06500118079 0.00483680584 0.10977726515 0.04221861289 -0.06898264683 0.08405377217 0.29703935981 
68
meanEC68 20 0.18454893648 0.11572529819 0.29128436659 0.08124262350 0.11151703569 0.06488347124 0.22543235285 0.12164818579 0.23692930745 -0.00492335249 0.21901871800 0.32433276906 0.00535345568 0.08227850881 0.06184798753 0.21520040925 0.11395163269 -0.03445944386 -0.00021515986 0.15114603937 
69
meanEC69 20 0.27066781575 0.34883867915 0.19105632837 0.17079415103 0.27329513980 0.07314186947 0.01079112536 -0.01390785710 0.15322480107 0.42461927549 0.57359392423 0.28497160436 0.40266864044 0.48305829140 0.17162507127 0.26365096765 0.53602850333 0.37092171313 0.45359515745 0.32927909493 
70
meanEC70 20 0.31352938374 0.31521350908 0.34732625623 0.44998520673 0.16382470497 0.33345068736 0.35509250718 0.21754409543 0.22167407319 0.18221804048 0.12569530244 0.29434325116 0.16337400713 0.34856968319 0.68710949322 0.47044727680 0.19825622856 0.11738903522 0.33739300687 0.28218054771 
71
meanEC71 20 0.19332187090 0.26396878132 0.08421714982 0.02591282230 0.06137317435 0.08525556301 -0.01026930578 0.14523004610 0.13334511939 -0.06983028873 -0.01057627052 0.15041135542 0.04488867791 0.07895119693 0.09399822790 0.31267024442 0.09563728791 -0.04570912247 0.12911038220 0.08848711848 
72
meanEC72 20 0.15489659167 0.01819219252 0.07602037289 0.00534129854 0.01335738195 0.02602956703 0.13767789120 0.05205554965 0.03198743427 0.06656854956 0.22514563142 0.04318016307 0.04062092214 -0.01330957403 -0.06321298898 0.24408199347 0.05838056781 -0.14196669936 0.03882520190 0.17519743741 
73
meanEC73 20 0.56515336037 0.59327840805 0.13453163207 0.74530595541 0.26891019940 0.23674191535 0.26226615906 0.18118414283 0.86097985506 0.10202910751 0.75948995352 0.34070560336 0.96621006727 0.11178330332 0.01879090257 0.79422044754 0.16094501317 0.05660375953 0.99269813299 0.86022210121 
74
meanEC74 20 0.21861164272 0.20153734088 0.31419169903 0.24677179754 0.16035886109 0.60534530878 0.94325023890 0.07759122550 0.47762259841 0.06919348985 0.20330183208 0.95206266642 0.38198116422 0.53902822733 0.26839902997 0.76813161373 0.76003515720 0.69643396139 0.90548634529 0.37013164163 
75
meanEC75 20 0.30645884590 0.29921967281 0.43862443490 0.28851428745 0.08401545144 0.23865732240 0.52583005516 0.09418062837 0.48332948973 0.51045678443 0.57531178131 0.17958223223 0.08474046810 0.33913726353 0.08822007446 0.11591675712 0.12888714133 0.26403899805 0.22424869435 0.42672270536 
76
meanEC76 20 0.07765439518 0.02635209535 -0.02461770353 0.03915995933 0.02962354510 0.04023073003 0.06896443669 0.11111824056 0.00033483387 0.11309445605 0.01273503271 0.05522004676 0.02616574204 -0.03555228014 0.01456165935 0.03525839356 0.07119977212 -0.05409356995 0.17409531646 0.22754943371 
77
meanEC77 20 0.04701715073 0.12651178560 0.09003178786 0.02666227778 0.03635651887 0.05016365828 -0.01490930490 0.07205396935 0.00318357772 0.07277717320 0.17878338178 0.15154783538 0.20684836149 -0.01263847708 0.01839365828 0.07961879767 0.13144790398 0.02477587392 -0.08278210258 0.13732847571 
78
meanEC78 20 0.04131281480 0.02950556297 0.16372979940 -0.03049427001 -0.02098060522 0.08407291991 0.07493456296 0.02117118517 0.02827588465 0.02464235971 0.14209970854 0.21926132667 -0.00158970516 0.01718593578 -0.08572834523 0.12934764925 0.09094651788 -0.09980958661 0.01446711930 0.02479136922 
79
meanEC79 20 0.01600305671 -0.00123114199 0.01322992581 0.03874240343 0.08550909365 0.01742291861 -0.08384910037 0.04514654396 0.03168941556 0.01242279867 0.03815806874 -0.00678018969 -0.07061139690 -0.01464072761 0.04708002750 0.07404333897 0.08638123367 -0.12542182941 0.04420188590 0.10550789535 
80
meanEC80 20 0.07098072255 0.00692695255 0.02472057805 -0.01657647620 -0.02651465058 -0.01090149393 -0.01186770769 0.06860908647 0.01808187915 0.00006293345 0.06396989825 0.03803846337 0.01020345682 0.01183894599 -0.00670953230 0.07139039989 0.08566114949 -0.06471084551 -0.02529867759 0.07982391864 
81
meanEC81 20 0.03011584298 -0.09535221001 -0.04533835065 0.14718451575 0.03905098806 0.20918403222 0.23668316345 0.08279190027 0.06020404810 0.20479292007 0.14365809428 0.06119738338 0.03531748166 0.12968396978 -0.03733911514 0.21075412423 0.05816108839 0.04569619940 0.10440038669 0.09972890467 
82
meanEC82 20 0.27862764171 0.28084248727 0.41383821039 0.50898520897 0.06077341992 0.10517617511 0.18207977651 0.07232395728 0.11676758839 0.11245572884 0.15957534206 0.03302943613 0.27883194848 -0.09889487971 0.20596287836 0.35714482528 0.07563395707 -0.10682865016 0.06541851245 0.03072082810 
83
meanEC83 20 0.11536164815 0.00682904652 0.11825829600 0.13379314059 0.05667768132 0.04815052113 0.01924751651 0.07715996095 0.03165545334 0.04225525765 0.06815497839 -0.00262839868 0.05840377651 0.08097555856 0.08396957014 0.05878946879 0.03642472991 -0.11218998224 0.17376495925 0.15658941865 
84
meanEC84 20 0.92931342125 0.07518291473 0.18459741771 0.20735263824 0.45924118161 0.44893270731 0.89178746939 0.95137947798 0.63945168257 0.27126336098 0.82916802168 0.98485654593 0.63161838055 0.23205502331 0.19175244868 0.42313003540 0.58186179399 0.19418098032 0.96591925621 0.20416508615 
85
meanEC85 20 0.66440403461 0.74409443140 0.54905354977 0.02421666123 0.91385287046 0.46593526006 0.99007660151 0.76554763317 0.23021420836 0.09089484811 0.27938833833 0.96017163992 0.61746019125 0.64324820042 0.38292905688 0.13097904623 0.54307931662 0.96478962898 0.77099436522 0.63805401325 
86
meanEC86 20 0.28513872623 0.72056847811 0.25151419640 0.09004932642 0.18611064553 0.13700322807 0.78937894106 0.36227914691 0.28067529202 0.25201129913 0.66573351622 0.12477502227 0.32770261168 0.95501661301 0.75311672688 0.85870432854 0.56664335728 0.36894154549 0.01311730593 0.28200402856 
87
meanEC87 20 0.04020125419 0.69869554043 0.72492921352 0.68347728252 0.58208107948 0.06342177093 0.97548854351 0.14892758429 0.50440382957 0.78309357166 0.24285759032 0.43819171190 0.40324717760 0.79986298084 0.02171176113 0.85289764404 0.10349000245 0.57102376223 0.76315420866 0.75457066298 
88
meanEC88 20 0.27795860171 0.07898804545 0.97219955921 0.21509107947 0.42308095098 0.77848261595 0.77258706093 0.96290397644 0.49633908272 0.10660640150 0.38031944633 0.31813627481 0.40556541085 0.67178452015 0.21638949215 0.43663752079 0.39917314053 0.18366013467 0.92140626907 0.57418578863 
89
meanEC89 20 0.90939921141 0.77399122715 0.46124345064 0.37025767565 0.23114727437 0.06973990798 0.14946110547 0.22229826450 0.98980867863 0.65007609129 0.21087098122 0.00592012471 0.66446989775 0.42374193668 0.28624060750 0.64270401001 0.48450177908 0.05614340305 0.38670828938 0.62586820126 
90
meanEC90 20 0.54114335775 0.94332635403 0.90969723463 0.91192924976 0.61437922716 0.33617889881 0.46947562695 0.52647423744 0.53470891714 0.96602189541 0.58808004856 0.38466516137 0.98846119642 0.92816382647 0.18809533119 0.61483347416 0.51594156027 0.82667773962 0.10338582098 0.11468598247 
91
meanEC91 20 0.10671047866 0.46337935328 0.23971812427 0.65617877245 0.47627583146 0.10972490907 0.85869020224 0.59668058157 0.34571969509 0.97240406275 0.82565665245 0.88257819414 0.08915161341 0.37656983733 0.83744215965 0.43447545171 0.69637471437 0.59610313177 0.00685731927 0.06015570834 
92
meanEC92 20 0.44561031461 0.16802525520 0.99752724171 0.99990826845 0.14635460079 0.62304139137 0.92471879721 0.91284227371 0.94902110100 0.28967988491 0.96717470884 0.00084875390 0.50373470783 0.53069841862 0.72750407457 0.86260724068 0.83737510443 0.75745338202 0.62240868807 0.47611725330 
93
meanEC93 20 0.61613225937 0.76971143484 0.10386880487 0.48962584138 0.21845425665 0.75387793779 0.48782652617 0.60093915462 0.47799772024 0.56458067894 0.96188104153 0.46663090587 0.23753218353 0.70837903023 0.36616370082 0.55438071489 0.56681215763 0.84012079239 0.97944557667 0.31280857325 
94
meanEC94 20 0.71393895149 0.77571344376 0.13240933418 0.76869058609 0.91935676336 0.24169230461 0.15474474430 0.10682222992 0.82198178768 0.75355416536 0.94716352224 0.15145149827 0.73415750265 0.32596999407 0.46707177162 0.01124955993 0.70575839281 0.35163393617 0.32023867965 0.26484808326 
95
meanEC95 20 0.51968610287 0.64315944910 0.52274352312 0.76446521282 0.91411995888 0.80473560095 0.04190704599 0.38447225094 0.07183884084 0.91783034801 0.88062548637 0.03380660713 0.35760748386 0.15471872687 0.70595926046 0.88777852058 0.50668841600 0.07611944526 0.38387602568 0.04809507355 
96
meanEC96 20 0.06175670773 0.69048696756 0.64438080788 0.49430084229 0.69844108820 0.59436249733 0.18001562357 0.02285093069 0.41213694215 0.82600730658 0.93494117260 0.99955129623 0.52421098948 0.92197984457 0.50654524565 0.01438147761 0.08281738311 0.97528034449 0.32216873765 0.34491547942 
97
meanEC97 20 0.85600090027 0.99120050669 0.84860903025 0.88818848133 0.53822678328 0.80375933647 0.12357557565 0.84174829721 0.29841229320 0.32579541206 0.25580608845 0.12035456300 0.60189723969 0.14409729838 0.33221039176 0.47099512815 0.92660647631 0.12125367671 0.93679082394 0.81992644072 
98
meanEC98 20 0.17569826543 0.70014798641 0.27321839333 0.40971636772 0.46428322792 0.36334568262 0.38687655330 0.44740170240 0.87324327230 0.04595822841 0.75543791056 0.91917562485 0.65847921371 0.42619130015 0.13496305048 0.89698886871 0.86555713415 0.38911888003 0.40712049603 0.51727801561 
99
meanEC99 20 0.96521890163 0.53651970625 0.57399606705 0.11298125982 0.57154148817 0.64665704966 0.95412933826 0.54071146250 0.46025630832 0.40159106255 0.53414726257 0.55685228109 0.07128336281 0.29969748855 0.09161501378 0.30726429820 0.54212540388 0.37454867363 0.40175235271 0.46429768205 
100
meanEC100 20 0.48977610469 0.11626589298 0.99753093719 0.19239355624 0.09244146943 0.19511613250 0.66165858507 0.28485661745 0.45709598064 0.48001351953 0.01700911485 0.47388738394 0.81199365854 0.77001088858 0.76247066259 0.41940602660 0.31716793776 0.17392306030 0.51063072681 0.22344590724 
101
meanEC101 20 0.45295551419 0.01178931817 0.42908558249 0.37202912569 0.94261831045 0.39876732230 0.43086844683 0.32275599241 0.94729357958 0.95981061459 0.05105421320 0.84014475346 0.66614139080 0.85053652525 0.52472162247 0.70070856810 0.33508270979 0.96762675047 0.32691988349 0.65889984369 
102
meanEC102 20 0.95105952024 0.17829027772 0.39887636900 0.56502604485 0.92086458206 0.14691951871 0.15517641604 0.83266156912 0.75259983540 0.89868897200 0.21096798778 0.50657188892 0.85278612375 0.47636890411 0.41472813487 0.04458285868 0.65001183748 0.38537245989 0.07756272703 0.12331863493 
103
meanEC103 20 0.39285498857 0.42859861255 0.47747832537 0.84512495995 0.48959958553 0.19455726445 0.23403023183 0.58298814297 0.55425202847 0.15463361144 0.67532467842 0.64179182053 0.31940358877 0.36187267303 0.09515536576 0.57191908360 0.37287905812 0.31403493881 0.38176000118 0.92777103186 
104
meanEC104 20 0.80298852921 0.00934263691 0.16097670794 0.08386050165 0.65099662542 0.73205196857 0.10424945503 0.26371735334 0.15979295969 0.91643786430 0.04708957672 0.70571088791 0.86097759008 0.05337300524 0.48680984974 0.09072428197 0.17663997412 0.30574399233 0.64287859201 0.17033897340 
105
meanEC105 20 0.99674153328 0.18232640624 0.36133030057 0.48566147685 0.12150820345 0.41389381886 0.27214670181 0.53679597378 0.07854816318 0.81621557474 0.01819009706 0.12465466559 0.97897017002 0.27794635296 0.54647570848 0.33195814490 0.12296994030 0.27809676528 0.56355619431 0.38297989964 
106
meanEC106 20 0.56128162146 0.88096785545 0.62144589424 0.19870932400 0.87836843729 0.22088365257 0.02070225030 0.38220492005 0.15747907758 0.48297888041 0.93317633867 0.33244130015 0.86756718159 0.79765832424 0.50444632769 0.19558978081 0.85921025276 0.14437243342 0.18850195408 0.26538750529 
107
meanEC107 20 0.35961669683 0.25275182724 0.20790232718 0.30906119943 0.13807287812 0.82460314035 0.44116419554 0.53701406717 0.07941544801 0.44689491391 0.80866938829 0.95695495605 0.42895090580 0.50845783949 0.17510190606 0.22926637530 0.51137334108 0.99605226517 0.08966780454 0.45832446218 
108
meanEC108 20 0.17123819966 -0.00168796642 -0.01148567869 0.12753316056 -0.06132769832 0.00564989092 0.14526534731 0.06111401879 0.05278027039 -0.05366317053 0.17367003039 0.11873112676 0.04320377610 -0.08262677615 0.12126904174 0.10805729161 0.11809323993 -0.11399614100 -0.03099531311 -0.07063987851 
109
meanEC109 20 0.31779402494 0.28345271945 0.20055715740 0.54595190287 0.91726720333 0.37939471006 0.11135589331 0.68545734882 0.47784659266 0.65175962448 0.99499076605 0.81484174728 0.78191030025 0.49950310588 0.84938549995 0.86502301693 0.99773788452 0.32340013981 0.80636906624 0.75204145908 
110
meanEC110 20 0.83500671387 0.86486887932 0.51216429472 0.55494725704 0.91091150045 0.37429481745 0.38187885284 0.20924916863 0.59523308277 0.52390038967 0.44161546230 0.19566097856 0.67520564795 0.84667629004 0.93460810184 0.92079025507 0.24616807699 0.78344482183 0.39882683754 0.92614680529 
111
meanEC111 20 0.02155826054 0.23905883729 0.40191099048 0.03889647871 0.09431827068 0.43417519331 0.82402127981 0.00888427906 0.10550582409 0.71278852224 0.45935654640 0.72828233242 0.48693817854 0.78559625149 0.02043673769 0.35859659314 0.26366096735 0.41829580069 0.21768806875 0.78900551796 
112
meanEC112 20 0.51452088356 0.16304706037 0.42860275507 0.39496174455 0.66072690487 0.25482204556 0.04867637157 0.12364476174 0.93007975817 0.50612503290 0.29270443320 0.29848894477 0.12874874473 0.81061953306 0.14275468886 0.56842613220 0.51649439335 0.64544057846 0.72770285606 0.74470049143 
113
meanEC113 20 0.78968334198 0.50311058760 0.91760307550 0.47814643383 0.33719331026 0.29657140374 0.17798945308 0.49644178152 0.94314360619 0.84663510323 0.50930434465 0.64273935556 0.88237887621 0.71971380711 0.75755447149 0.01575700194 0.81290811300 0.24323001504 0.25470373034 0.52799254656 
114
meanEC114 20 0.86812990904 0.75152575970 0.63553029299 0.27043619752 0.26513367891 0.81057649851 0.51706695557 0.06178795174 0.50383740664 0.61865067482 0.43173205853 0.18689796329 0.75940340757 0.86796593666 0.18866844475 0.56764602661 0.20196312666 0.04720503092 0.82225221395 0.33011958003 
115
meanEC115 20 0.17460843921 0.13006225228 0.44237223268 0.91114413738 0.72251814604 0.27399823070 0.66438192129 0.34491601586 0.24379396439 0.39149156213 0.34102749825 0.75041413307 0.97041964531 0.24404715002 0.08476383239 0.89858233929 0.49473172426 0.82519978285 0.94221729040 0.21434111893 
116
meanEC116 20 0.89962476492 0.69612121582 0.62401753664 0.08444751799 0.55070447922 0.29202517867 0.41790851951 0.06247086078 0.71150499582 0.90492600203 0.68352580070 0.49043655396 0.99595469236 0.00214408175 0.25753602386 0.34360897541 0.32334941626 0.93185067177 0.81466364861 0.10622756183 
117
meanEC117 20 0.22912883911 0.07322943281 0.20331113269 0.20090465820 0.01860121754 0.05434985472 0.18419514696 0.15576543022 0.07757230469 -0.00632428327 0.13937585082 0.12346432311 0.03132121314 -0.00829929230 0.07020519023 0.31122506554 0.03688245920 -0.01551487009 0.12536265642 -0.04926620051 
118
meanEC118 20 0.64993625879 0.66502028704 0.22232662141 0.09910843521 0.68203806877 0.26447036862 0.94532579184 0.34357076883 0.20594058931 0.79959887266 0.60367655754 0.83001679182 0.25317734480 0.44641500711 0.09446985275 0.88834226131 0.85629189014 0.15646174550 0.61621588469 0.33819523454 
119
meanEC119 20 0.18774205446 0.93909180164 0.56053847075 0.46309542656 0.82537347078 0.83080446720 0.82387536764 0.04077987373 0.14823022485 0.75955510139 0.97817718983 0.63390105963 0.23107652366 0.88814783096 0.44084805250 0.62629884481 0.72337973118 0.65430641174 0.77858293056 0.27442851663 
120
meanEC120 20 0.08287657680 0.05938507781 0.42808668717 0.30636617470 0.17445414985 0.09920597375 0.04418861016 -0.09762152340 0.15515784779 0.04680420624 0.13431285498 0.10649893143 0.18322701136 0.02578122378 -0.08156567437 0.18172877942 0.08981485889 -0.05268625002 0.03369312076 0.01351704355 
121
meanEC121 20 0.04161835993 0.01734152602 0.02851745029 0.01084879017 -0.01995023068 0.00135386246 0.01933742931 0.08109263050 0.01055466877 0.03855162654 0.07896017595 0.04226124521 -0.00565603806 0.03769387090 -0.05440907980 0.04996154604 0.08209175522 -0.05984514795 0.06707612714 0.20597115159 
122
meanEC122 20 0.03260677495 0.00094711039 0.05685193855 0.03201396990 -0.03152245598 0.00395311789 0.01466565487 0.15833852170 -0.00890110761 0.00206924531 0.08048379425 0.05122489376 0.02770537944 0.02596069937 0.03763191112 0.04036839825 0.08210509814 -0.04430848719 0.04575278540 0.08476827294 
123
meanEC123 20 0.05038410367 -0.04077838455 0.10447581485 0.19092337579 -0.04164253320 0.18045567868 0.13180629559 0.07324910827 -0.01656203608 0.02234472319 0.17354162270 0.19390766963 0.15174983764 0.02768063617 0.02409899066 0.09644749470 0.19162509446 -0.10113255989 0.04894076520 0.04427151382 
124
meanEC124 20 -0.00940539315 0.06586889088 0.07299901565 -0.04943518539 -0.03166794460 0.10147354519 0.01529340951 0.06898293041 0.05923845301 0.02801242042 0.07860333584 0.13612237744 0.13724818537 0.03940550675 0.13257043040 -0.06114520435 0.04095818034 -0.02008016531 0.12957435861 0.18872074783 
125
meanEC125 20 0.05014093796 0.03215638503 0.05391269544 0.03547225529 -0.01024346979 -0.00961297971 0.00280809575 0.19464079774 0.03692867433 -0.03091585497 0.05209667374 0.01908874316 0.01203873747 0.01237977632 0.02082406671 0.03364334241 0.04611639299 -0.02625211469 0.03412372269 0.05483904853 
126
meanEC126 20 0.16235356688 0.00868637941 0.09061677745 0.07792318344 0.02601851732 0.10365400601 0.22427927380 0.04629878025 0.09934489185 0.05008158144 0.12545218440 0.13621475281 -0.00410539138 0.09926140692 -0.02578805556 0.21124599434 0.09389737616 0.07404011809 0.01956547999 -0.00353514217 
127
meanEC127 20 0.42478835583 0.30889877677 0.11356191337 0.23145215213 0.25904929638 0.28791218996 0.85083317757 0.83927214146 0.07221385092 0.55486643314 0.12985575199 0.77132463455 0.44508194923 0.00046955119 0.97482705116 0.79874473810 0.54698181152 0.65094965696 0.12170473486 0.78748792410 
128
meanEC128 20 0.45985373855 0.23813420534 0.91407227516 0.27252027392 0.25049811602 0.57001972198 0.35256505013 0.18828026950 0.60312849283 0.31080853939 0.02786540799 0.68500179052 0.39083907008 0.52738094330 0.63708406687 0.38227787614 0.85356146097 0.19670338929 0.32437056303 0.41355738044 
129
meanEC129 20 0.34092506028 0.44314441436 0.46506742049 0.25984897399 0.07227969795 0.38154338471 0.15581914768 0.26140324314 0.61323894984 0.21628839886 0.08315283906 0.33294699711 0.19201848872 0.57543132687 0.03850433036 0.39599137277 0.12376077099 -0.02605592269 0.73065969476 0.22461044788 
130
meanEC130 20 0.06859728867 -0.00096651296 0.20466986540 0.05126794218 -0.01439833819 0.04337231008 0.10619353049 0.01135546107 0.15572722802 0.13430674158 0.26696987358 0.23263102158 0.03600711463 0.15633916158 -0.07452410994 -0.00711959112 0.17887943621 0.03154197748 0.11315890397 0.27033612132 
131
meanEC131 20 0.06554417497 0.32578059262 0.39564291183 0.16904640845 -0.01312883198 0.06723260292 0.17395602325 0.27933289136 0.07695717850 -0.11448573247 -0.05446593767 0.17735512088 -0.09753588498 -0.05880632048 0.02582369095 0.29433871643 0.02028580739 -0.02934159324 0.06095419787 -0.02744816616 
132
meanEC132 20 0.08930250283 0.06387519849 0.15041360649 0.10059926438 0.06236097548 0.04739029662 0.16760684315 0.00564325929 0.12690782587 0.04388293423 0.21142143232 0.10397668179 0.06136553844 0.08942198219 -0.08573205850 0.17197440919 0.22938696466 -0.10551238504 0.16693003256 0.13424000144 
133
meanEC133 20 0.01804884757 -0.02702542375 0.00790984247 -0.01674624820 0.00571770556 -0.04614987639 0.04357900228 0.03225304780 -0.00920271859 0.04858542655 0.11704768544 0.06375232490 0.03411127200 0.02360335281 -0.04939451337 0.01845915055 0.02224137741 -0.09086078955 0.03747389167 0.17950253189 
134
meanEC134 20 0.06733375096 0.00210782943 0.05944191887 0.04347280025 -0.00520860287 -0.02639758515 0.00736673527 0.09222912151 -0.02172379286 0.00634655523 0.07219835527 0.04557236908 0.01557800543 0.00040890908 -0.00803746084 0.07286637376 0.08818614238 -0.04003590306 -0.00115626498 0.06344670057 
135
meanEC135 20 0.01073749649 0.02766866863 0.03925441977 -0.03043001556 -0.01937848419 0.08607331928 -0.02807329344 0.01523270259 0.04576143892 0.09820790734 0.16402339176 0.11710192387 -0.00457152378 0.10124032827 0.08119459817 0.07034150083 0.15398286687 -0.05655532185 0.07321391308 0.02574248798 
136
meanEC136 20 0.41179406643 0.78833103180 0.25861752033 0.66105693579 0.56395113468 0.39858293533 0.26648402214 0.85431271791 0.87717133760 0.58063513041 0.59750801325 0.08970882744 0.30955237150 0.86662185192 0.36874115467 0.97403270006 0.79877954721 0.59543079138 0.20988552272 0.66122752428 
137
meanEC137 20 0.17811428010 0.27135729790 0.82168918848 0.16161933541 0.19425949454 0.35396683216 0.92506939173 0.68893605471 0.78577941656 0.04845327139 0.99202716351 0.92261832952 0.35278612375 0.68378555775 0.71075493097 0.01225873549 0.58691358566 0.68395024538 0.97191238403 0.02330528200 
138
meanEC138 20 0.82083809376 0.64806848764 0.65136206150 0.25253686309 0.52524644136 0.12212761492 0.40739390254 0.42794498801 0.49244159460 0.06973630935 0.56442970037 0.42876011133 0.30379432440 0.18206983805 0.25209400058 0.56552606821 0.83639419079 0.99977678061 0.96786594391 0.83392024040 
139
meanEC139 20 0.88982659578 0.39630439878 0.67639422417 0.72928702831 0.85645043850 0.35747322440 0.23414139450 0.77684891224 0.19747498631 0.10124816000 0.42649438977 0.52225834131 0.06330306828 0.00989650749 0.01441530231 0.92502439022 0.70366716385 0.37899807096 0.62022012472 0.56067490578 
140
meanEC140 20 0.19826942682 0.37207418680 0.59848690033 0.88613718748 0.68176001310 0.12077865005 0.24802161753 0.82675409317 0.41032868624 0.18758781254 0.11218702793 0.47418797016 0.99213278294 0.13000258803 0.01409241464 0.65853667259 0.51105612516 0.09621171653 0.62893950939 0.79428011179 
141
meanEC141 20 0.63008654118 0.05693470687 0.13784249127 0.86143463850 0.55607843399 0.91927558184 0.10519719869 0.05795000121 0.90818977356 0.15603594482 0.66097056866 0.11584429443 0.34059336782 0.09610368311 0.37408190966 0.38724896312 0.89691507816 0.58972615004 0.40157231688 0.59199631214 
142
meanEC142 20 0.71593755484 0.33490827680 0.81050980091 0.82360315323 0.68897455931 0.29696133733 0.75435316563 0.69514358044 0.39725482464 0.02802267671 0.97587221861 0.06239589676 0.14931890368 0.92901474237 0.59064108133 0.15651993454 0.01660304517 0.14389790595 0.81548911333 0.27548590302 
143
meanEC143 20 0.52013623714 0.46965846419 0.42132863402 0.10140995681 0.60161566734 0.80820304155 0.59658956528 0.27366179228 0.01625215635 0.84547942877 0.25519397855 0.08531290293 0.22965469956 0.16791576147 0.14185485244 0.86440700293 0.35337519646 0.06303919852 0.63883095980 0.42745617032 
144
meanEC144 20 0.29225910711 0.53889885239 0.45372131593 0.45898704292 0.15700880600 0.75060761726 0.42331666149 0.13187020188 0.14164083057 0.13766623794 0.09887910004 0.54621493763 0.17171094198 -0.02494088832 0.48409469678 0.76586912722 0.36724191614 0.26826120461 0.14766623640 0.08746546507 
145
meanEC145 20 0.43785324693 0.61295372248 0.77162182331 0.27827593684 0.92305213213 0.91483902931 0.36965677142 0.47926321626 0.99679285288 0.40643820167 0.02825268172 0.48912391067 0.20656733215 0.71326524019 0.41191667318 0.03032284789 0.93064939976 0.33104929328 0.26794201136 0.05646395311 
146
meanEC146 20 0.65160423517 0.05961228907 0.09513396025 0.88837307692 0.20682531595 0.79021745920 0.47498211265 0.61179494858 0.68439590931 0.65910267830 0.58287727833 0.76168042421 0.19955053926 0.84369069338 0.26369512081 0.82687854767 0.44632562995 0.84268879890 0.77377969027 0.55916941166 
147
meanEC147 20 0.39508190751 0.87738826305 0.58710247278 0.62784898281 0.37075018883 0.78851538897 0.51074832678 0.12484171366 0.84331118617 0.00000000000 0.04245210066 0.81351292133 0.40934956700 0.10793589801 0.58329791503 0.40083190799 0.29421499372 0.00000000000 0.29647222161 0.00000000000 
148
meanEC148 20 0.07305977787 0.03571213406 0.08793441401 0.00196506076 0.01387122435 0.08388157773 0.15286957978 0.14087583347 -0.04304430583 0.09339368356 0.24101193981 0.06097819516 0.18617705007 0.10979810421 -0.04034785160 0.02763526511 0.05604324327 -0.07097525306 -0.09288268800 0.15933009982 
149
meanEC149 20 0.00168482913 0.10018579364 0.28640967241 0.17735751620 -0.00667173707 0.16976991997 0.10909612772 0.31153536913 -0.04546199659 0.11560075815 0.00807286301 0.27936069682 0.14184915453 -0.03925653075 0.27805053379 0.33368005577 0.12691140364 0.09840824703 0.03417118089 -0.04383967817 
150
meanEC150 20 0.34552121140 0.37466183447 0.43497915751 0.49857908013 -0.00938041515 0.54146413559 0.49340326225 0.07490200054 0.08022948625 0.06863532383 0.19774301462 0.36839413723 0.00537407615 0.08745113761 0.11228881836 0.18102775361 0.01998052543 0.04565591123 0.12748722385 -0.01136060432 
151
meanEC151 20 0.50073645861 0.33934387768 0.18808998667 0.35225594002 0.18615853518 0.21297242271 0.36175140803 0.22903310626 0.31739080951 0.06986596371 0.15396853384 0.26145391954 0.12406883093 0.14431211707 0.34065303358 0.42178446878 0.27231858734 0.01345566063 0.27042755037 0.19067379832 
152
meanEC152 20 0.21517379014 0.11782644140 0.18799284266 0.24311816494 -0.06032383036 0.11036726288 0.13087623489 0.28113753523 0.09350937908 0.05617510661 0.08079682078 0.18860060742 -0.03712916147 0.13476496495 -0.00983184069 0.17424917370 0.14530148616 -0.01934756481 0.10392057428 0.03444059566 
153
meanEC153 20 0.16501298837 0.09091103255 0.01832109254 0.10974135593 -0.00290988590 0.08318730685 0.17408642738 0.08416936403 0.06571639759 0.00320338730 0.11698192987 0.14025857309 0.00037386111 -0.06283078264 0.01333882623 0.15020463225 0.10398364907 -0.11719874139 -0.00814062081 0.08856387436 
154
meanEC154 20 0.51952534914 0.91360491514 0.77893733978 0.77606397867 0.13400106132 0.64500033855 0.47700572014 0.90720289946 0.45212757587 0.72699975967 0.25137025118 0.42580169439 0.44294309616 0.74553722143 0.64326751232 0.38969048858 0.44510477781 0.07600836456 0.12637440860 0.04632732645 
155
meanEC155 20 0.19931299984 0.60557770729 0.11288864911 0.35813304782 0.76464194059 0.68123793602 0.31143486500 0.22362937033 0.36547362804 0.12522326410 0.20961512625 0.11804170161 0.83367276192 0.15594023466 0.61774849892 0.08819139004 0.58426392078 0.61631947756 0.31122791767 0.35852938890 
156
meanEC156 20 0.29398570513 0.24670564127 0.47128985394 0.36262788921 0.37966029678 0.41410942310 0.26640205588 0.13358813686 0.12366920218 0.29700152187 0.39637385017 0.21201675647 0.35258622846 0.27873738436 0.39457329357 0.50758561144 0.42990492727 0.27413361736 0.43725913439 0.27428534627 
157
meanEC157 20 0.07974108124 0.02827986727 0.04627111364 -0.04400704332 0.02872149844 -0.02788544192 -0.03138451038 0.05056564575 0.00238469042 0.01898434303 0.06482008652 0.03621874473 -0.00376406389 0.02553371059 -0.03319379215 0.05782187674 0.10537930207 -0.07742648609 0.03499530871 0.24669006467 
158
meanEC158 20 0.18016034830 0.01042869057 0.11017643515 0.02375482078 -0.00670244665 0.07289087027 -0.07294977057 0.07817531212 -0.01572240684 0.08982186916 0.01193168579 0.06875878643 0.09297661513 -0.02402789427 0.13973694015 0.14121689848 0.23596882351 0.01038515091 0.08043460499 0.00586460670 
159
meanEC159 20 0.21779771382 0.04488844442 0.00667334616 0.09735627032 0.02166094572 0.06619236315 -0.03811654045 0.03839997526 0.12605057179 0.05716218750 0.32629343945 0.08779823742 0.02656085552 0.06401405081 -0.08895053952 0.15840929273 0.01691691652 0.10457478530 0.13118712259 0.08141006529 
160
meanEC160 20 0.00338826370 0.03779657874 0.00397328726 0.09751361667 0.06871727024 -0.01439599641 0.00565034891 -0.03599211970 0.03167062819 0.04970631144 0.01243284604 -0.05873334082 -0.02438935557 0.01619724325 -0.04453847972 0.10955966415 0.06477782100 -0.10840583151 -0.00128021648 0.14787901938 
161
meanEC161 20 0.03908766801 0.01353999096 0.05565370504 0.00075550464 0.03273393673 0.00921206089 0.01565939214 0.06765665226 -0.00653049635 -0.01493279788 0.06528181944 0.02150157662 0.01571003280 0.02381325252 0.02235911797 0.07352777807 0.09478344511 -0.04009231638 0.01202667668 0.07220936567 
162
meanEC162 20 0.04776098712 0.00652344538 0.02142769227 0.06583999439 -0.05092477157 -0.00186303159 0.08563225046 0.03930062038 0.01859138454 0.00263104049 0.11926706469 0.08904653214 0.02708407976 -0.00234813182 0.04903819493 0.03316982321 0.04877877311 -0.08058472928 0.00054496164 0.05417431146 
163
meanEC163 20 0.02739248610 0.02734455005 0.18674961827 0.11045193228 0.09975052135 0.03978122263 0.08957581611 -0.07169787922 -0.04204488433 0.06924098162 0.15009968066 0.06437709391 0.06200434219 -0.07155562304 0.18123335163 0.01662545055 0.04165986282 -0.03052088743 0.00950670377 0.12076613307 
164
meanEC164 20 0.01792229241 -0.02218960245 0.15785292272 0.07434995330 -0.03962162009 -0.02405509450 0.01253479296 0.13921662968 0.00994685083 -0.01978789862 0.07402354467 -0.01497346630 0.00252323983 0.01678525486 -0.07064957614 0.14690850218 0.06936820970 -0.04662792878 0.02372896068 0.02731448971 
165
meanEC165 20 0.66183727980 0.07131001353 0.23651276529 0.79608911276 0.56178039312 0.98155933619 0.22556063533 0.18479560316 0.90951395035 0.66930717230 0.05186082795 0.29759761691 0.68292617798 0.43708264828 0.68674582243 0.53905189037 0.23730280995 0.02858478017 0.76452600956 0.27093034983 
166
meanEC166 20 0.17737914622 0.05784997344 0.25778228045 0.33602896333 0.85560882092 0.54365336895 0.32976037264 0.31324768066 0.50815957785 0.41088879108 0.39084956050 0.06918884814 0.80862760544 0.21880547702 0.05247713253 0.04445202649 0.01254405174 0.67558324337 0.58980154991 0.83751815557 
167
meanEC167 20 0.47757318616 0.90679717064 0.14530546963 0.09421057999 0.45349439979 0.11288617551 0.85343152285 0.83760017157 0.71752446890 0.20993968844 0.73272770643 0.88779395819 0.11285097897 0.58868592978 0.54886680841 0.30735278130 0.64381682873 0.60811972618 0.16404378414 0.78960466385 
168
meanEC168 20 0.73982781172 0.28316915035 0.86535453796 0.51309460402 0.05829695240 0.50756645203 0.41926023364 0.34539371729 0.33872523904 0.99385011196 0.95197564363 0.20147979259 0.33232304454 0.21908091009 0.15273478627 0.81788533926 0.37423622608 0.94762206078 0.51562154293 0.76870310307 
169
meanEC169 20 0.04932092875 0.02326326817 0.25126591325 0.36896932125 0.63677781820 0.95443493128 0.73795145750 0.41987702250 0.87453716993 0.41191729903 0.02312722802 0.14768655598 0.91703033447 0.66593503952 0.53959268332 0.38143950701 0.86309206486 0.40420922637 0.70586198568 0.85192042589 
170
meanEC170 20 0.31150189042 0.29866945744 0.69126594067 0.76352155209 0.67765951157 0.51001673937 0.41928318143 0.71663653851 0.86332309246 0.24315704405 0.81342130899 0.31550204754 0.16990095377 0.85364055634 0.53179645538 0.84540200233 0.60096764565 0.79938739538 0.15996898711 0.45644974709 
171
meanEC171 20 0.03801812977 0.87691444159 0.04952567443 0.96992605925 0.31277215481 0.95712989569 0.15755994618 0.34975853562 0.38481715322 0.28862351179 0.71224755049 0.00500819087 0.16979742050 0.59783339500 0.40576282144 0.47471144795 0.70625662804 0.54817748070 0.58162873983 0.94820433855 
172
meanEC172 20 0.91293269396 0.55534529686 0.87751233578 0.84570735693 0.11842685938 0.21136829257 0.01617579348 0.43860188127 0.57198309898 0.16613921523 0.77793335915 0.09055574238 0.95242083073 0.39619362354 0.46410638094 0.60002452135 0.66728401184 0.54128199816 0.31388601661 0.37041854858 
173
meanEC173 20 0.18596275151 0.15310467780 0.27565854788 0.08145964891 0.21982596815 0.24024197459 0.25615093112 0.73122090101 0.93347716331 0.12281328440 0.15554392338 0.59236425161 0.49063742161 0.96058815718 0.78851169348 0.69248861074 0.27762454748 0.70943987370 0.74853777885 0.55211639404 
174
meanEC174 20 0.99018633366 0.38742625713 0.48124817014 0.38448822498 0.41501623392 0.72310751677 0.37504348159 0.01631089300 0.23831392825 0.82078486681 0.57353436947 0.54348069429 0.06904035062 0.44649404287 0.10226263851 0.08974848688 0.22864609957 0.31279656291 0.00283958181 0.82733279467 
175
meanEC175 20 0.26551377773 0.91750591993 0.93895763159 0.37340751290 0.92924648523 0.63248020411 0.04997289181 0.76298314333 0.89398646355 0.21297895908 0.79584389925 0.05440896377 0.48481634259 0.49249491096 0.83691853285 0.76078939438 0.69219964743 0.68250751495 0.41458162665 0.91682654619 
176
meanEC176 20 0.02518582158 0.08657981455 0.08892062306 0.61412280798 0.74868923426 0.20445741713 0.04005854577 0.52741605043 0.66361671686 0.16406911612 0.24753011763 0.05868693441 0.32882326841 0.72453099489 0.96586847305 0.07849353552 0.20056477189 0.66344028711 0.37887597084 0.91663694382 
177
meanEC177 20 0.94368302822 0.98207682371 0.62101024389 0.93030041456 0.74674397707 0.70543462038 0.05854375660 0.04470116273 0.98017561436 0.22451061010 0.77014750242 0.25639650226 0.13677619398 0.22012601793 0.52420413494 0.52932530642 0.93908125162 0.10928507894 0.75237917900 0.72536659241 
178
meanEC178 20 0.99032354355 0.82021784782 0.86337500811 0.54268556833 0.23490834236 0.46724084020 0.05603374913 0.65984010696 0.23349326849 0.26647996902 0.47285252810 0.77840179205 0.78908330202 0.57265323400 0.42855250835 0.20569624007 0.19899174571 0.07535581291 0.14495028555 0.32673481107 
179
meanEC179 20 0.89299947023 0.03980039805 0.67031431198 0.99490195513 0.84581899643 0.85260581970 0.56785565615 0.49753338099 0.21138370037 0.18220661581 0.10356973857 0.70331168175 0.33935588598 0.66623699665 0.39289787412 0.63303756714 0.16765266657 0.15357026458 0.29496222734 0.03392570093 
180
meanEC180 20 0.08778485656 0.49812379479 0.39602130651 0.92465907335 0.95590907335 0.12176347524 0.99943548441 0.79564893246 0.47600182891 0.80280965567 0.78895908594 0.35549393296 0.22803756595 0.16470640898 0.84127855301 0.74678784609 0.44264507294 0.06137682870 0.98732155561 0.02160480432 
181
meanEC181 20 0.64501357079 0.51168531179 0.47825804353 0.18749092519 0.25331053138 0.90216749907 0.01253198087 0.12502488494 0.43969297409 0.34193089604 0.24786284566 0.88132780790 0.80647522211 0.92728930712 0.80555635691 0.67819166183 0.88973915577 0.95692080259 0.82552784681 0.97706645727 
182
meanEC182 20 0.68048340082 0.62087726593 0.14816109836 0.10349260271 0.78274375200 0.27693513036 0.88190484047 0.60552865267 0.31183168292 0.85704314709 0.28800305724 0.40597951412 0.49582728744 0.38734444976 0.08410978317 0.16803656518 0.75183862448 0.97806030512 0.81603407860 0.83661681414 
183
meanEC183 20 0.10894195735 0.50185978413 0.44415694475 0.26898062229 0.19536663592 0.54709297419 0.19440330565 0.77501010895 0.17176274955 0.80964922905 0.81273472309 0.04927767813 0.46020773053 0.27119308710 0.23307965696 0.65986561775 0.41547656059 0.17150083184 0.61494463682 0.15999555588 
184
meanEC184 20 0.12067983299 0.82790350914 0.89532095194 0.43868654966 0.31174030900 0.63754588366 0.28333309293 0.30108764768 0.37879309058 0.38542482257 0.93106907606 0.22327968478 0.79840254784 0.16384206712 0.33710670471 0.79573190212 0.98464739323 0.58981037140 0.79039573669 0.58904373646 
185
meanEC185 20 0.47763913870 0.56004685163 0.66628158092 0.79153048992 0.76034653187 0.89680826664 0.39522534609 0.07504022121 0.44283130765 0.05189519376 0.07644684613 0.26556655765 0.58047294617 0.98125958443 0.60800355673 0.35092288256 0.39993578196 0.89617806673 0.81317108870 0.63849753141 
186
meanEC186 20 0.61257362366 0.94057124853 0.97855591774 0.81036341190 0.39199343324 0.02242304012 0.13731049001 0.96531915665 0.98969668150 0.07105213404 0.88474631310 0.91113626957 0.02286503278 0.85341179371 0.50220865011 0.39673399925 0.37260288000 0.72992116213 0.42823055387 0.99196273088 
187
meanEC187 20 0.14315651357 0.97933930159 0.84760659933 0.22364634275 0.20307503641 0.25048625469 0.12443064153 0.01465222146 0.11776732653 0.83781456947 0.23692443967 0.75210070610 0.98837715387 0.68727177382 0.42610773444 0.06829429418 0.34163904190 0.58231180906 0.13173636794 0.77416348457 
188
meanEC188 20 0.71888929605 0.04114648700 0.39845350385 0.28637969494 0.66595226526 0.14609783888 0.75150680542 0.30017101765 0.57798439264 0.43771830201 0.72549647093 0.07509157062 0.01729248650 0.60814636946 0.97664868832 0.59569036961 0.18894405663 0.02823505364 0.76828998327 0.42539474368 
189
meanEC189 20 0.31471838969 0.23258469672 0.14451501917 -0.11331889554 0.25471958883 0.07569552404 0.03395281304 0.06043867197 -0.05327709171 -0.09006593990 0.14936232592 0.24153682841 0.19438767011 -0.07812211270 0.14179848422 0.26371995028 0.27599493634 -0.02935172655 0.09719753837 -0.02985308506 
190
meanEC190 20 0.58790624142 0.78914624453 0.10010967404 0.09546252340 0.58360952139 0.12096443772 0.64617294073 0.57858783007 0.72317487001 0.98650872707 0.38755926490 0.02556919679 0.18783833086 0.73703014851 0.43487530947 0.53218060732 0.74999517202 0.27204588056 0.67316746712 0.04691987857 
191
meanEC191 20 0.56231570244 0.22971776128 0.04170601443 0.27155607939 0.60260885954 0.76626592875 0.50198626518 0.85830652714 0.28954502940 0.96356374025 0.12784625590 0.05634766445 0.17476850748 0.72275280952 0.38265481591 0.17021618783 0.47030937672 0.01413091365 0.39536735415 0.60925400257 
192
meanEC192 20 0.65633350611 0.66814881563 0.82473564148 0.51481622458 0.96398329735 0.95050120354 0.03296995908 0.99747252464 0.68989139795 0.89819002151 0.81552696228 0.41634616256 0.18872246146 0.15118004382 0.58137470484 0.08492891490 0.91173464060 0.34906426072 0.61343163252 0.71120727062 
193
meanEC193 20 0.73350799084 0.51053953171 0.40054440498 0.21695527434 0.09616177529 0.34670493007 0.66726630926 0.98107630014 0.41007456183 0.20579028130 0.22167617083 0.15387149155 0.38887634873 0.70218169689 0.73325747252 0.23656922579 0.28674972057 0.43437641859 0.59369367361 0.62009447813 
194
meanEC194 20 0.41434952617 0.64589720964 0.10837794095 0.14058892429 0.19485254586 0.82227820158 0.14148856699 0.69901084900 0.90703475475 0.44959717989 0.65396213531 0.70140892267 0.12296169251 0.21290317178 0.04222784936 0.63350152969 0.20626835525 0.11022511125 0.56063556671 0.74873459339 
195
meanEC195 20 0.56451529264 0.17397211492 0.05720454082 0.78801220655 0.59963852167 0.06168532744 0.81239145994 0.68403929472 0.72398620844 0.65466672182 0.54102355242 0.55768239498 0.04250920937 0.68505495787 0.87509155273 0.47256559134 0.51099222898 0.72937303782 0.58642107248 0.47652110457 
196
meanEC196 20 0.55592024326 0.55636364222 0.90585666895 0.58231806755 0.55675268173 0.72379118204 0.39944368601 0.22077111900 0.12977744639 0.36137497425 0.86169928312 0.41998761892 0.70511746407 0.43109601736 0.71630829573 0.02255485393 0.24993334711 0.39260435104 0.02865032665 0.21693794429 
197
meanEC197 20 0.61669331789 0.76687824726 0.18151429296 0.10896385461 0.66207075119 0.66879862547 0.85161107779 0.49259388447 0.04387072101 0.49325993657 0.34569936991 0.40841093659 0.00019840825 0.14921458066 0.74522286654 0.43251034617 0.89718943834 0.27966785431 0.86978733540 0.33348837495 
198
meanEC198 20 0.22722293076 0.09839918892 0.18773729002 0.24519165455 -0.18459765871 0.36235247778 0.48594492411 0.14337785613 -0.00383716177 -0.11026345003 0.32408166183 0.18285071040 0.18993438419 0.14510872014 0.04566142249 0.41585038485 0.19233970437 -0.07389883748 0.18838213579 0.11631072313 
199
meanEC199 20 0.10238400102 0.57168048620 0.14401303232 0.45580548048 0.84767705202 0.09979372472 0.82633757591 0.97630494833 0.62061750889 0.57496434450 0.31798672676 0.67474669218 0.10514537245 0.23788161576 0.84544950724 0.44559332728 0.79547923803 0.12227217108 0.04116063565 0.85004985332 
200
meanEC200 20 0.99656569958 0.60467594862 0.67222398520 0.18231903017 0.93225693703 0.93141680956 0.51257193089 0.04687514156 0.12302122265 0.59734940529 0.29246628284 0.64462900162 0.25997728109 0.44908979535 0.88329386711 0.66867566109 0.04036157578 0.00615493208 0.50044691563 0.09083032608 
201
meanEC201 20 -0.04483241203 0.22256972350 0.23427169148 0.13474399741 -0.06062087722 0.06780978213 0.18209836455 0.22194527380 0.02220684831 0.18607152591 0.41251505878 0.23436427719 0.13333938043 0.10472317016 0.05468067553 0.08015261165 0.07419095058 -0.10872668582 0.05062626410 0.09127018601 
202
meanEC202 20 0.02819072507 0.01850710397 0.02715471711 0.01656156015 -0.01706776992 0.00773323563 0.03904979462 0.05847105398 -0.00431780125 0.04993078012 0.06899187193 0.06538072031 0.03680861053 0.04126169096 -0.03085399455 0.04075464448 0.10935006748 -0.07159171192 0.05075110535 0.18859814107 
203
meanEC203 20 0.01782192663 0.08577271743 0.04746348628 -0.01584144208 -0.04403114252 -0.00785753396 0.03322669841 0.14413911474 -0.01181529496 0.03669546682 0.09071284684 0.16963881892 0.07431390292 0.02672492845 0.06481668686 0.05453271881 0.04997811536 -0.08025324914 0.09638860096 0.04659849405 
204
meanEC204 20 0.15914688451 0.09462734151 0.30014578612 0.28570604068 0.08990504687 0.21391513168 0.16399833167 0.08437531482 0.21628326857 -0.10534191737 0.06359769634 -0.02791475313 -0.04715791567 0.18505795049 0.04961447125 0.18474850302 0.08611615928 0.07238797963 0.30182267921 0.04117275029 
205
meanEC205 20 0.04717623625 0.15091613141 -0.03597895413 0.04597947425 0.14259482718 0.10710848400 0.09164939190 0.01438867161 0.00521294723 0.16043732354 0.11800011228 0.08503739086 0.06518033229 0.22926877536 0.25742415122 0.02208145819 0.14275553941 -0.01096616247 0.36245767681 0.15786795318 
206
meanEC206 20 0.06648201359 -0.01078909790 0.06961094851 0.09552908572 -0.01793055437 0.00733988863 0.04791620908 0.19926466573 -0.03200665382 -0.01281037368 0.02194820804 0.09674599907 -0.04337350485 -0.02834693718 0.06618034960 0.11685728607 0.10908214978 -0.04305436351 -0.05491459837 0.01792373881 
207
meanEC207 20 0.20239256469 0.08336165671 0.26322528673 0.25333289434 0.03676006314 0.10277957643 0.21653677062 0.23839370931 -0.06992813421 -0.02618551839 -0.01028553465 0.30527625893 0.07436800569 0.02776834344 -0.03248337322 0.38577573125 0.13265332583 0.03568141671 0.13325526664 0.05511860922 
208
meanEC208 20 0.66850620508 0.81604999304 0.09177038819 0.05428260565 0.03571974486 0.99081230164 0.59739398956 0.71175736189 0.99217075109 0.79386085272 0.26999992132 0.83527511358 0.16272625327 0.28867408633 0.95516246557 0.61151146889 0.25797787309 0.65353345871 0.72564011812 0.05883708224 
209
meanEC209 20 0.65114271641 0.32159733772 0.34733611345 0.30236354470 0.85205650330 0.21426123381 0.31328040361 0.79187130928 0.34343111515 0.93329334259 0.51750701666 0.24637319148 0.95921385288 0.78530883789 0.20339800417 0.76391083002 0.93208986521 0.90715956688 0.92248553038 0.17930209637 
210
meanEC210 20 0.21017587255 0.31807126208 0.19895019682 0.17522864978 0.30592943012 0.62119784642 0.08084642231 0.02497949817 0.19093982523 0.26789238713 0.44156590280 0.16452962399 0.30185351281 0.43214343190 0.06352039406 0.28176773541 0.16820897069 0.31483731546 0.32504565692 0.12354682386 
211
meanEC211 20 0.30707202606 0.09088067911 -0.04095029239 0.07982242587 0.07239470532 0.06985594401 0.11896192513 0.00894391162 0.11609110974 0.23775687501 0.09012245998 0.19350793544 0.15548375722 0.33522739264 -0.12168135192 0.23113171750 0.31882734316 -0.07354929122 0.24741361139 0.49965843558 
212
meanEC212 20 0.26898833425 0.05445934516 0.26264224391 0.10110082496 -0.10140031482 0.14065190377 0.37961952671 0.27901767682 -0.03947614101 0.24155105320 0.13644519477 0.33444440425 -0.05694540114 0.07189710410 0.23101228494 0.35009036249 0.31850828446 -0.16013811454 0.03211714891 0.06538133323 
213
meanEC213 20 0.26785844070 0.10689883401 0.05842339824 0.14236214865 0.03795748697 0.17594787098 0.11886735476 0.05158801230 0.03537636731 0.08344416402 0.25733064870 0.19027789291 0.06371169929 0.11280890395 0.00390934690 0.28561089352 0.19806893875 -0.04616280534 0.03924633082 0.13450734317 
214
meanEC214 20 0.10616971300 -0.06386037479 -0.02903103142 0.07086228747 0.00361756312 -0.00638555150 0.03142635592 0.06381873473 -0.05470076571 -0.00503927511 0.10964750567 0.05212396768 -0.03107211352 0.12513437992 0.00808890555 0.20650390268 0.05501818378 -0.02379831933 0.02884189497 0.14773505926 
215
meanEC215 20 0.02356960855 -0.01018442382 0.07932368163 0.01074918290 -0.07672025655 -0.00851367693 0.01164679727 0.20346030893 0.00775071056 -0.02102968828 0.04517632748 0.04937015735 0.00858135542 0.07591174498 -0.00595218477 0.08065110263 0.12869050770 -0.01507446574 0.01880679526 0.06770950556 
216
meanEC216 20 0.07483271396 -0.00644920517 0.01795266648 0.03412934528 -0.03223691617 0.01666461361 0.09890317995 0.01633039246 0.01049937132 0.00636012734 0.12148739512 0.09086214539 -0.02469328664 -0.03325958100 0.04977725930 0.06151690430 0.06347842648 -0.05438542095 -0.00080342412 0.04176681861 
217
meanEC217 20 0.07140562683 0.20502471924 0.53721475601 0.88541579247 0.67050510645 0.44523572922 0.74143278599 0.01052804384 0.08534653485 0.97761213779 0.47038877010 0.56272125244 0.63772886992 0.27356663346 0.12136721611 0.22498917580 0.94081223011 0.09179813415 0.83081710339 0.51193988323 
218
meanEC218 20 0.02905770764 0.49416095018 0.66439199448 0.42246943712 0.36646342278 0.59592419863 0.84544503689 0.32577326894 0.10645089298 0.50523030758 0.72612947226 0.78995901346 0.51262420416 0.00972818676 0.08492828906 0.49616512656 0.44231215119 0.00635577226 0.76084542274 0.97879892588 
219
meanEC219 20 0.11097273231 0.01285062358 0.35644671321 0.84671795368 0.65825480223 0.75400412083 0.86935144663 0.98126274347 0.88462519646 0.37740212679 0.21474748850 0.52376496792 0.55314165354 0.17271271348 0.08961933106 0.40159639716 0.38867235184 0.22642299533 0.11289430410 0.41545996070 
220
meanEC220 20 0.68716686964 0.36176365614 0.76080155373 0.74858498573 0.85459178686 0.82724332809 0.05782276020 0.39011573792 0.90310829878 0.37460637093 0.95490193367 0.05284651369 0.84660643339 0.27399128675 0.54903095961 0.70972579718 0.02993162163 0.49471706152 0.48208063841 0.99243015051 
221
meanEC221 20 0.26269340515 0.50575506687 0.65935045481 0.89265328646 0.22791254520 0.58729875088 0.95791792870 0.20355333388 0.75257825851 0.99743568897 0.33218157291 0.97789973021 0.75979292393 0.51195472479 0.69104212523 0.94739466906 0.97592943907 0.50853216648 0.91893631220 0.90942001343 
222
meanEC222 20 0.52151876688 0.25230079889 0.07074778527 0.26341617107 0.36421245337 0.46524700522 0.12857410312 0.86571884155 0.53022903204 0.26395705342 0.98456549644 0.14953801036 0.15640081465 0.02021929808 0.76217031479 0.61219799519 0.28795447946 0.00640449487 0.28176265955 0.93425285816 
223
meanEC223 20 0.68793690205 0.11747460067 0.64351415634 0.31980183721 0.68235206604 0.20192618668 0.36091971397 0.96546596289 0.27189192176 0.97474670410 0.94883710146 0.30558562279 0.27861592174 0.20204095542 0.77361339331 0.41172340512 0.19658780098 0.90062737465 0.63780820370 0.64493769407 
224
meanEC224 20 0.67502903938 0.47891175747 0.58904278278 0.68535280228 0.76412606239 0.67221271992 0.73211264610 0.41115659475 0.70848309994 0.46736553311 0.97954010963 0.94405007362 0.02171699703 0.92121410370 0.77002769709 0.25650548935 0.85321390629 0.86381173134 0.73864752054 0.85831093788 
225
meanEC225 20 0.27552828981 0.17322766903 0.06700261309 0.29999541993 0.11149267456 0.08220483407 0.25036643315 0.13578175761 0.01486759575 0.02717022024 0.20320660435 0.18755588005 0.12250703970 0.00117270094 -0.10296254863 0.41508920813 0.17947280095 -0.03202907246 0.08393906030 0.05568544194 
226
meanEC226 20 0.57275974751 0.65932619572 0.53786951303 0.60740232468 0.80932575464 0.63226473331 0.18266707659 0.11633963883 0.77798533440 0.58426564932 0.75452864170 0.51049751043 0.56693500280 0.10227230191 0.28427839279 0.42324236035 0.41453686357 0.28532058001 0.44084975123 0.63890689611 
227
meanEC227 20 0.98840218782 0.81668508053 0.34492245317 0.44220456481 0.15363964438 0.63094204664 0.67909580469 0.06678150594 0.50939601660 0.58568251133 0.90210694075 0.63796693087 0.36651441455 0.38886404037 0.43252533674 0.12880748510 0.29303702712 0.84982591867 0.34909597039 0.40134936571 
228
meanEC228 20 0.28465315322 -0.03284158713 0.41359780596 0.19808814114 0.01088781748 0.21810642901 0.16052700360 0.15640860056 0.33633794975 0.12862384551 0.18031091840 0.26374633931 0.07528289264 0.30066164053 -0.02951073107 0.55231228890 0.26751970305 0.09537891488 0.17933198746 0.14640657604 
229
meanEC229 20 0.05176143536 0.00691309446 0.01771967702 0.00099484909 0.00719309934 0.01775814708 0.04341973551 0.07633061702 -0.00325551085 0.05810310204 0.09315284414 0.07108423650 0.00493988077 0.03099015760 -0.02915083321 0.05794824078 0.08366871935 -0.05803381808 0.08076792829 0.18232412636 
230
meanEC230 20 0.06047429696 -0.03368187457 0.03173481990 -0.00115864062 -0.02901736918 -0.02675111598 -0.04059594284 0.17088768065 -0.02805811728 0.03044022332 0.11360477537 0.03169726407 0.01633222970 0.07677868859 0.06816888266 -0.01107471301 0.08596088231 -0.07992231703 0.05401702426 0.06481853127 
231
meanEC231 20 0.00438198967 -0.07802313946 0.32546007760 0.47204759896 0.03265815492 0.13875863133 0.23588156564 0.18941621565 0.02667851122 0.00270899748 0.12934524176 0.12147722591 0.19058874269 0.12839447132 -0.05766496444 0.25145146411 0.08645287577 -0.08872984798 0.16193058474 0.04546399414 
232
meanEC232 20 0.15165967742 0.15218494890 -0.05397222853 0.13794428100 -0.04711576147 0.03975800104 0.00465406661 -0.08933952132 0.01030579614 0.16760257750 0.02755248985 0.03406671729 -0.00349788825 0.15787853021 0.14667223560 0.04546105636 0.10461966596 -0.13045625266 0.11601926588 0.24806806445 
233
meanEC233 20 0.04861371705 0.02338503279 0.03170878434 -0.00200301016 -0.04251225105 0.03108693727 0.02047484093 0.15821793030 0.01855207711 0.01104757081 0.03558233248 0.01866551819 -0.00889325296 0.00238397299 0.04084438790 0.07866730571 0.10053973606 -0.07425209390 0.01137877762 0.05289376527 
234
meanEC234 20 0.08580746776 0.00836530795 0.02778241311 0.04699135702 -0.00328663195 0.03286216588 0.10111880282 0.04931575852 0.03815039361 0.00013578292 0.16092499745 0.11231262484 0.02888166987 -0.02139449289 -0.04289803136 0.07692229249 0.06717061511 -0.07134986352 0.02318284338 0.10438514501 
235
meanEC235 20 0.83437979221 0.34791499376 0.12553930283 0.32842466235 0.57237988710 0.92891860008 0.60366719961 0.76063847542 0.63763993979 0.13144740462 0.12332055718 0.30420154333 0.65074306726 0.36614385247 0.35662901402 0.32596325874 0.78686797619 0.08125936240 0.20500577986 0.31416246295 
236
meanEC236 20 0.59896296263 0.43842604756 0.17996330559 0.33237785101 0.41898405552 0.10262540728 0.62029677629 0.41814175248 0.15510343015 0.74012863636 0.52449548244 0.96132820845 0.67792975903 0.62073266506 0.57305967808 0.94038897753 0.33187481761 0.77704262733 0.52853661776 0.83446556330 
237
meanEC237 20 0.10185623641 -0.04699338560 0.07724878450 0.11722538376 -0.08728443784 0.28503688832 0.12027478406 0.00145754099 0.18473526360 0.00981563075 0.16635166302 0.08706140062 0.00226094380 0.13073648877 -0.12947160262 0.11173862429 -0.08821711343 -0.03345434856 0.23549399380 0.15167807043 
238
meanEC238 20 0.02494905339 0.06462489487 -0.01999252527 -0.01075699163 0.03711982690 0.01486751454 0.03438028680 0.07231392329 0.01603454309 0.05962684028 0.08487664797 0.07092523439 0.00159483222 0.03482805952 -0.04029690903 0.03164902359 0.06628186270 -0.06744910036 0.03791160506 0.18425582349 
239
meanEC239 20 0.05878759053 -0.01296432433 0.02846110113 0.00727886054 0.02412437399 0.01040538513 -0.02012688237 0.10048926890 -0.03474250052 0.07258926697 0.05617074915 0.02921958399 -0.01344718083 0.02371526367 0.04002040651 0.03754973344 0.06347535321 -0.06010567763 0.02680885463 0.11623226851 
240
meanEC240 20 0.06764877009 0.04029049312 0.06547838832 0.04886364593 -0.01231183259 0.03277520843 0.10313591785 0.04701366452 0.03583907641 0.01397563257 0.14810010453 0.12813707131 0.03681592021 0.01880047364 -0.08320104150 0.10056496498 0.09488879575 -0.07938622780 0.03718873994 0.04341898858 
241
meanEC241 20 0.01546105046 0.03568324738 -0.00822014152 -0.01441202929 0.04032515599 -0.02136947093 -0.00518234279 0.00018152566 0.00738698181 0.02077733797 0.05051946234 0.06213059659 -0.01090698212 0.03077435970 -0.00608263699 0.02524573110 0.07639741443 -0.05486673708 0.02725105108 0.10745479167 
242
meanEC242 20 0.02504595405 0.01518128787 0.01792504528 0.01070722727 -0.01288010163 -0.00930631172 0.01366213695 0.07119152937 -0.00155831168 0.00011466881 0.05483720898 0.04482052532 -0.01245057830 -0.00295278399 0.01835700395 0.06385582994 0.06472795347 -0.06316992756 -0.01105192320 0.04698619619 
