
243
0
covarEC0 20 0.08231092694 0.07597232070 0.07594344846 0.06730712216 0.08652928175 0.08053777134 0.07970135546 0.06106351192 0.07348613374 0.07310222852 0.07688438003 0.08405490627 0.10097603344 0.08731125283 0.05522814088 0.08437675406 0.06819418557 0.09697794942 0.09643784722 0.08465629984 
1
covarEC1 20 0.06223883164 0.05013348340 0.05898549570 0.04201199639 0.09121976723 0.05758072797 0.04369925102 0.05420269699 0.05157003345 0.08641671243 0.07382802943 0.04560839422 0.11017245171 0.11598761974 0.05504501303 0.08388737907 0.07200425359 0.09605038575 0.11357827048 0.09009934291 
2
covarEC2 20 0.08131720600 0.07955454794 0.08589995870 0.07806767972 0.08898971508 0.08342522489 0.07902943434 0.09734401867 0.08233344064 0.06636404671 0.07305138141 0.08791878032 0.09781010426 0.08464252870 0.07027837822 0.09029977529 0.07296934519 0.08396816994 0.09348711391 0.07428610362 
3
covarEC3 20 0.02596837670 0.07201949689 0.06938739196 0.02633184480 0.02738881473 0.04893570258 0.04954868494 0.16050791404 9.77500071206 0.04881879997 0.04113794564 0.02543598724 9.77500046369 9.77500038804 0.13707003560 0.02808424987 0.05572277109 0.14697205176 0.02502060180 0.02543671008 
4
covarEC4 20 0.06227962842 0.07499017893 0.06128165569 0.06508169529 0.08351599962 0.07020589857 0.08439187963 0.06393579648 0.06459556760 0.07438714758 0.06423559051 0.09368119925 0.08730497204 0.09168139710 0.04807131610 0.08129387481 0.07009070825 0.09455649331 0.08557689384 0.09239538256 
5
covarEC5 20 0.05573555074 0.08253923535 0.08637812340 0.09638747348 0.07552378512 0.09113398502 0.06666810300 0.09084589108 0.04778403638 0.07429927992 0.08062004908 0.08376201504 0.08266131258 0.05421135936 0.08251153245 0.08202027463 0.06770118826 0.08480848999 0.05579641382 0.07115485286 
6
covarEC6 20 0.07534304744 0.07579133995 0.06559349154 0.07369792156 0.06726105795 0.07200460750 0.08274357771 0.07547744495 0.05622950835 0.07019306202 0.06837018964 0.08376270272 0.08190252075 0.08002430058 0.13779452185 0.07939926370 0.05691615073 0.08974420117 0.08057226682 0.06638110392 
7
covarEC7 20 0.06547841398 0.07561925464 0.06437014321 0.05742602275 0.08342681301 0.08223024131 0.07580178892 0.07910224618 0.07540918010 0.08655707981 0.07027847396 0.08840265024 0.09466552816 0.10076369415 0.08119001395 0.08324562175 0.08060334933 0.09150741942 0.09277406134 0.09768946357 
8
covarEC8 20 0.07589670228 0.08140995029 0.08496211985 0.08528724908 0.08200779461 0.08870746619 0.08241127163 0.10231156744 0.08186581725 0.06538604500 0.06761080265 0.09491321269 0.08841360478 0.07921369844 0.11582492301 0.09018893229 0.07807196967 0.08051425674 0.08494334745 0.07817083104 
9
covarEC9 20 0.03018617855 0.05901440309 0.07749698607 0.08936438820 9.77500000000 0.04503093409 0.02692254168 0.06093598524 0.06651252018 0.02910235333 0.04969159455 9.77500280336 0.06747125042 0.13027318417 0.05220882097 0.07681727783 0.02677990773 0.05261187727 0.02891662334 0.04340107199 
10
covarEC10 20 9.77500000000 9.77500000000 9.77500000000 9.77500000000 9.77500000000 9.77500000000 9.77500000000 9.77500000000 9.77500000000 9.77500000000 9.77500000000 9.77500000000 9.77500000000 9.77500000000 9.77500000000 9.77500000000 9.77500000000 9.77500000000 9.77500000000 9.77500000000 
11
covarEC11 20 9.77500000000 9.77500000000 9.77500000000 9.77500000000 9.77500000000 9.77500000000 9.77500000000 9.77500000000 9.77500000000 9.77500000000 9.77500000000 9.77500000000 9.77500000000 9.77500000000 9.77500000000 9.77500000000 9.77500000000 9.77500000000 9.77500000000 9.77500000000 
12
covarEC12 20 9.77504810842 9.77500000000 9.77500108825 9.77500000000 9.77500000000 9.77500000000 9.78409746895 9.77500000000 9.77500000000 9.77500162941 9.78278787823 9.77500225777 9.77500000000 9.77500619226 9.77500038169 9.77500051324 9.77500000000 9.77500000000 9.77500001182 9.77500000000 
13
covarEC13 20 0.07042112730 0.07133838612 0.05243133538 0.05164975423 0.08635555864 0.06498745666 0.06124913190 0.06528330794 0.05948117436 0.08361703550 0.07279845515 0.07385522291 0.08439090768 0.10612828743 0.09323113347 0.07677676336 0.05868856463 0.09507820803 0.09585346132 0.10158794597 
14
covarEC14 20 0.06791770782 0.06673893516 0.08850645378 0.08847887430 0.04529141975 0.09060157661 0.09431414343 0.08588005084 0.06945983637 0.07102013356 0.04753292064 0.08385158205 0.05775793186 0.08567500319 0.11418896109 0.06256263302 0.06817703119 0.08663167687 0.06807768611 0.07999462476 
15
covarEC15 20 0.04749748884 0.05965914880 0.05736973504 0.08351614760 0.02661987953 0.03568031238 0.07145201078 0.04491097396 0.09968311552 0.02505130035 0.02501563069 0.02679448444 0.05470305150 0.03161358488 0.03535661206 0.03821307501 0.02801710996 0.04530654607 0.03277576210 0.02528491147 
16
covarEC16 20 0.03446307523 0.14433803907 0.07658315549 0.05983308193 0.05022368755 0.07290137285 0.03090800395 0.07702745787 0.03648610410 0.10401969824 0.08743873249 0.05606159572 0.13832960098 0.05055928995 0.05436139453 0.11221120092 0.07842207573 0.02515817729 0.03348665145 0.08911681510 
17
covarEC17 20 0.04831620362 0.08608660655 0.08335507389 0.08343928908 0.06216680266 0.07013967560 0.07214022084 0.07256962728 0.06183131217 0.07814234211 0.06027888968 0.08231364173 0.07016555862 0.08446227870 0.10657795803 0.07308339924 0.07020476412 0.06506004300 0.05543013903 0.05426709410 
18
covarEC18 20 0.06776129848 0.08176993716 0.07583478967 0.07624416558 0.06202179485 0.08291893924 0.09042666313 0.07076429655 0.07275763029 0.06098851711 0.05691346456 0.08646511266 0.07976984496 0.07167699922 0.09347491924 0.07912714055 0.06376627526 0.08952380749 0.08241057714 0.06205747742 
19
covarEC19 20 9.77500000000 9.77500000000 9.77500000000 9.77500000000 9.77500000000 9.77500000000 9.77500000000 9.77500000000 9.77500000000 9.77500000000 9.77500000000 9.77500000000 9.77500000000 9.77500000000 9.77500000000 9.77500000000 9.77500000000 9.77500000000 9.77500000000 9.77500000000 
20
covarEC20 20 9.77500000000 9.77500000000 9.77500000000 9.77500000000 9.77500000000 9.77500000000 9.77500000000 9.77500000000 9.77500000000 9.77500000000 9.77500000000 9.77500000000 9.77500000000 9.77500000000 9.77500000000 9.77500000000 9.77500000000 9.77500000000 9.77500000000 9.77500000000 
21
covarEC21 20 0.10410302936 0.03834561507 0.06900370350 9.77500370055 0.09344150485 0.07272315676 0.02949044725 0.06546271799 9.77500153163 0.10873080529 0.09731122525 0.04529915816 0.07707040741 0.10389020615 0.07237980864 0.10914388953 0.03494886072 0.09487679053 0.04312200296 0.04522614786 
22
covarEC22 20 0.06270832264 0.07574851828 0.06352861594 0.06138882744 0.08262913696 0.07811714194 0.07134517174 0.05134347214 0.06543774339 0.07101838906 0.07533697792 0.08313711392 0.08324453912 0.10029797661 0.08898146726 0.09083324958 0.08666597179 0.09508985812 0.09201120900 0.09918440897 
23
covarEC23 20 0.06264290151 0.09125405157 0.08358060906 0.09502515724 0.06738400247 0.06934636208 0.08281724755 0.06752960495 0.06578180562 0.08025665172 0.07382878357 0.08990680647 0.06012329718 0.08889628235 0.09962619104 0.09148098579 0.07244441964 0.08583161150 0.10268061299 0.06743732458 
24
covarEC24 20 0.06802355167 0.07418155439 0.07221401560 0.07563097193 0.05995084395 0.08424806513 0.09065738575 0.07687254034 0.06123085046 0.07133916125 0.06565028006 0.07720770823 0.08522496057 0.08492048156 0.11448244392 0.08285882695 0.05983116984 0.09343269174 0.07935621886 0.07676783735 
25
covarEC25 20 0.06810112671 0.06934522981 0.06698208808 0.05968573788 0.08949861838 0.07432424087 0.07501292390 0.07418733906 0.08060059552 0.07652042894 0.06783281638 0.09044162752 0.08921987414 0.08915415529 0.07920248002 0.08427509444 0.07693197335 0.09452572751 0.10194338350 0.10074633136 
26
covarEC26 20 0.07605134935 0.08159446202 0.08419323952 0.08623715422 0.08468706898 0.08689481287 0.08454923478 0.09559361017 0.07981431836 0.07114679465 0.07123371639 0.09497100665 0.09094207703 0.08529508393 0.11361686869 0.08838697421 0.07757370917 0.09110588098 0.09336398319 0.08698438965 
27
covarEC27 20 0.08449847928 0.10726274777 0.08616070463 0.06115793475 0.05674719307 0.03866183179 0.03764252155 0.07657954838 0.04290955566 0.03727558332 0.04605580474 0.04442018161 0.05194299174 0.06603647148 0.07285638537 0.03474712865 0.04898099618 0.04587009465 0.05820315917 0.10201407075 
28
covarEC28 20 9.77500000000 9.77500000000 9.77500000000 9.77500000000 9.77500000000 9.77500000000 9.77500000000 9.77500000000 9.77500000000 9.77500000000 9.77500000000 9.77500000000 9.77500000000 9.77500000000 9.77500000000 9.77500000000 9.77500000000 9.77500000000 9.77500000000 9.77500000000 
29
covarEC29 20 9.77500000000 9.77500000000 9.77500000000 9.77500000000 9.77500000000 9.77500000000 9.77500000000 9.77500000000 9.77500000000 9.77500000000 9.77500000000 9.77500000000 9.77500000000 9.77500000000 9.77500000000 9.77500000000 9.77500000000 9.77500000000 9.77500000000 9.77500000000 
30
covarEC30 20 9.77500000000 9.77500000000 9.77500000000 9.77500000000 9.77500000000 9.77500000000 9.77500000000 9.77500000000 9.77500000000 9.77500000000 9.77500000000 9.77500000000 9.77500000000 9.77500000000 9.77500000000 9.77500000000 9.77500000000 9.77500000000 9.77500000000 9.77500000000 
31
covarEC31 20 9.77500000000 9.77500000000 9.77500000000 9.77500000000 9.77500000000 9.77500000000 9.77500000000 9.77500000000 9.77500000000 9.77500000000 9.77500000000 9.77500000000 9.77500000000 9.77500000000 9.77500000000 9.77500000000 9.77500000000 9.77500000000 9.77500000000 9.77500000000 
32
covarEC32 20 9.77500000000 9.77500000000 9.77500000000 9.77500000000 9.77500000000 9.77500000000 9.77500000000 9.77500000000 9.77500000000 9.77500000000 9.77500000000 9.77500000000 9.77500000000 9.77500000000 9.77500000000 9.77500000000 9.77500000000 9.77500000000 9.77500000000 9.77500000000 
33
covarEC33 20 9.77500000000 9.77500000000 9.77500000000 9.77500000000 9.77500000000 9.77500000000 9.77500000000 9.77500000000 9.77500000000 9.77500000000 9.77500000000 9.77500000000 9.77500000000 9.77500000000 9.77500000000 9.77500000000 9.77500000000 9.77500000000 9.77500000000 9.77500000000 
34
covarEC34 20 9.77500000000 9.77500000000 9.77500000000 9.77500000000 9.77500000000 9.77500000000 9.77500000000 9.77500000000 9.77500000000 9.77500000000 9.77500000000 9.77500000000 9.77500000000 9.77500000000 9.77500000000 9.77500000000 9.77500000000 9.77500000000 9.77500000000 9.77500000000 
35
covarEC35 20 9.77500000000 9.77500000000 9.77500000000 9.77500000000 9.77500000000 9.77500000000 9.77500000000 9.77500000000 9.77500000000 9.77500000000 9.77500000000 9.77500000000 9.77500000000 9.77500000000 9.77500000000 9.77500000000 9.77500000000 9.77500000000 9.77500000000 9.77500000000 
36
covarEC36 20 9.77502801222 9.77504645871 9.77500015393 9.77500000000 9.77500000000 9.77500000000 9.77500000000 9.77500000000 9.77500000000 9.77500000000 9.77500000000 9.77500000000 9.77500000000 9.77547752814 9.77500250073 9.77500001822 9.77500033868 9.77500000000 9.77500000000 9.77500000000 
37
covarEC37 20 9.77500000000 9.77500000000 9.77500000000 9.77500000000 9.77500000000 9.77500000000 9.77500000000 9.77500000000 9.77500000000 9.77500000000 9.77500000000 9.77500000000 9.77500000000 9.77500000000 9.77500000000 9.77500000000 9.77500000000 9.77500000000 9.77500000000 9.77500000000 
38
covarEC38 20 9.77500000000 9.77500000000 9.77500000000 9.77500000000 9.77500000000 9.77500000000 9.77500000000 9.77500000000 9.77500000000 9.77500000000 9.77500000000 9.77500000000 9.77500000000 9.77500000000 9.77500000000 9.77500000000 9.77500000000 9.77500000000 9.77500000000 9.77500000000 
39
covarEC39 20 9.77500109935 0.06656778901 9.77500000000 0.02530249531 9.77500000000 9.77500053593 0.04070360064 0.02516934091 0.02544881327 0.10424209076 9.77501255910 0.10848717428 0.23016885014 9.77500033626 0.08246953654 0.02748067963 9.77500008595 9.77500000000 9.77500000000 0.12354190778 
40
covarEC40 20 0.06629934415 0.06817106094 0.06517354467 0.06162721778 0.07570844809 0.06219905745 0.07593088158 0.06144327675 0.05561315279 0.08941634107 0.07519072138 0.07319991959 0.08136392245 0.09471485530 0.04636656630 0.09156632866 0.06942710912 0.09060818138 0.10300727232 0.11308783051 
41
covarEC41 20 0.05066837919 0.04400547961 0.11518704024 0.10936558320 0.05995383920 0.03802805677 0.06818162818 0.08421568167 0.04639166189 0.12248543374 0.07073223678 0.05021235403 0.06927273343 0.07490886135 0.07694051971 0.08993910767 0.10744646793 0.06466333466 0.08194301493 0.10242264494 
42
covarEC42 20 9.77500285716 9.77500000000 9.77500000000 9.77500000000 9.77500000000 9.77500000000 9.77500000000 9.77500000000 9.77500000000 9.77500625910 9.77500000000 9.77500000000 9.77500000000 9.77500721219 9.77500121051 9.77500000000 9.77500000000 9.77500000000 9.77500198454 9.77500000000 
43
covarEC43 20 9.77500000000 9.77500309719 9.77500629281 9.77500000000 9.89895537944 9.77500000000 9.77500000000 9.77908666664 9.77500000000 9.77500369243 9.77500069835 9.77500000000 9.77500015408 9.77500040128 9.77500831331 9.77503046392 9.77500000000 9.77500064989 9.77500000000 9.77500000000 
44
covarEC44 20 0.05978500518 0.09223277284 0.07431662594 0.09472205307 0.05618685402 0.08954440953 0.09387523592 0.10222125508 0.06662062406 0.04812514281 0.05637486851 0.08430545646 0.06730758725 0.06745977056 0.12847248593 0.05844635118 0.05318678670 0.10354816044 0.06822034951 0.06572848139 
45
covarEC45 20 0.02623014915 0.03448516231 0.07591120951 0.09360652608 0.05485658874 0.06501439292 0.10107938892 9.77500153081 0.02526107417 0.05681150624 0.08352240900 0.03055449456 0.05414325726 0.05249679104 0.04975890407 0.04675475415 0.05617751286 0.13303479355 0.04168747076 0.03913907867 
46
covarEC46 20 9.77500000000 9.77500000000 9.77500000000 9.77500000000 9.77500000000 9.77500000000 9.77500000000 9.77500000000 9.77500000000 9.77500000000 9.77500000000 9.77500000000 9.77500000000 9.77500000000 9.77500000000 9.77500000000 9.77500000000 9.77500000000 9.77500000000 9.77500000000 
47
covarEC47 20 9.77500000000 9.77500000000 9.77500000000 9.77500000000 9.77500000000 9.77500000000 9.77500000000 9.77500000000 9.77500000000 9.77500000000 9.77500000000 9.77500000000 9.77500000000 9.77500000000 9.77500000000 9.77500000000 9.77500000000 9.77500000000 9.77500000000 9.77500000000 
48
covarEC48 20 9.77500000000 9.77500000000 9.77500000000 9.77500000000 9.77500000000 9.77500000000 9.77500000000 9.77500000000 9.77500000000 9.77500000000 9.77500000000 9.77500000000 9.77500000000 9.77500000000 9.77500000000 9.77500000000 9.77500000000 9.77500000000 9.77500000000 9.77500000000 
49
covarEC49 20 0.03353627532 0.10321956791 0.05709816063 0.09195601775 0.16387338127 0.07805626989 0.02684703402 0.09827758943 0.02879253771 0.16624498491 0.08061798018 0.12171346928 0.14551734493 0.04390312918 9.77500102597 0.11608711213 0.07171530294 9.77500000000 0.02527095497 0.03699364646 
50
covarEC50 20 9.77500029119 0.06035555252 0.03634508358 0.11508456131 0.05885091332 0.06682196182 0.07187059095 0.03961065811 0.03751950333 0.08823864382 0.07646160350 0.04137039860 0.03708248306 0.09132579131 0.08013491515 0.04319230247 0.03923105166 0.06212976507 0.03378963590 0.04610400959 
51
covarEC51 20 0.03300227377 0.09097700810 0.04385309078 0.08471480024 0.08310918634 0.07348600293 9.77500070906 0.02569446201 0.08903351201 0.04160054759 0.02509048417 0.02518086849 0.09796746209 0.02849931532 0.15093855426 0.03781568042 0.04237357438 0.02518797327 9.77500794340 0.09454780668 
52
covarEC52 20 0.06010138784 0.02563817452 0.04393025649 0.11518572397 0.06926987364 0.06491636636 0.04453131270 0.14648390485 0.08107188323 0.09394553030 0.08857185752 0.02662637700 0.05816710416 0.17998904323 0.02716974904 0.04662774862 0.02567329016 0.08655247631 0.11432599082 0.06684402246 
53
covarEC53 20 0.06145956458 0.06344530119 0.09911309232 0.07682354609 0.03693502909 0.07677379025 0.06072299760 0.08157336154 0.05845512874 0.04999515652 0.05158091366 0.06868636208 0.05546872320 0.06325621104 0.10355121645 0.07301138313 0.06192281950 0.06473833254 0.07272082415 0.05481534656 
54
covarEC54 20 0.07349971439 0.06855607434 0.07286871420 0.06557772351 0.07159383979 0.07167183580 0.07902064699 0.06933399440 0.07239498795 0.07532710249 0.07773472588 0.07867194125 0.09677022155 0.09659729924 0.06802641439 0.08240993901 0.07464020921 0.10378715973 0.10466002936 0.07919826321 
55
covarEC55 20 9.77500000000 9.77500000000 9.77500000000 9.77500000000 9.77500000000 9.77500000000 9.77500000000 9.77500000000 9.77500000000 9.77500000000 9.77500000000 9.77500000000 9.77500000000 9.77500000000 9.77500000000 9.77500000000 9.77500000000 9.77500000000 9.77500000000 9.77500000000 
56
covarEC56 20 9.77500000000 9.77500000000 9.77500000000 9.77500000000 9.77500000000 9.77500000000 9.77500000000 9.77500000000 9.77500000000 9.77500000000 9.77500000000 9.77500000000 9.77500000000 9.77500000000 9.77500000000 9.77500000000 9.77500000000 9.77500000000 9.77500000000 9.77500000000 
57
covarEC57 20 9.77500000000 9.77500000000 9.77500000000 9.77500000000 9.77500000000 9.77500000000 9.77500000000 9.77500000000 9.77500000000 9.77500000000 9.77500000000 9.77500000000 9.77500000000 9.77500000000 9.77500000000 9.77500000000 9.77500000000 9.77500000000 9.77500000000 9.77500000000 
58
covarEC58 20 9.77500000000 9.77500000000 9.77500000000 9.77500000000 9.77500000000 9.77500000000 9.77500000000 9.77500000000 9.77500000000 9.77500000000 9.77500000000 9.77500000000 9.77500000000 9.77500000000 9.77500000000 9.77500000000 9.77500000000 9.77500000000 9.77500000000 9.77500000000 
59
covarEC59 20 9.77500000000 9.77500000000 9.77500000000 9.77500000000 9.77500000000 9.77500000000 9.77500000000 9.77500000000 9.77500000000 9.77500000000 9.77500000000 9.77500000000 9.77500000000 9.77500000000 9.77500000000 9.77500000000 9.77500000000 9.77500000000 9.77500000000 9.77500000000 
60
covarEC60 20 9.77500000000 9.77500000000 9.77500000000 9.77500000000 9.77500000000 9.77500000000 9.77500000000 9.77500000000 9.77500000000 9.77500000000 9.77500000000 9.77500000000 9.77500000000 9.77500000000 9.77500000000 9.77500000000 9.77500000000 9.77500000000 9.77500000000 9.77500000000 
61
covarEC61 20 9.77500000000 9.77500000000 9.77500000000 9.77500000000 9.77500000000 9.77500000000 9.77500000000 9.77500000000 9.77500000000 9.77500000000 9.77500000000 9.77500000000 9.77500000000 9.77500000000 9.77500000000 9.77500000000 9.77500000000 9.77500000000 9.77500000000 9.77500000000 
62
covarEC62 20 9.77500000000 9.77500000000 9.77500000000 9.77500000000 9.77500000000 9.77500000000 9.77500000000 9.77500000000 9.77500000000 9.77500000000 9.77500000000 9.77500000000 9.77500000000 9.77500000000 9.77500000000 9.77500000000 9.77500000000 9.77500000000 9.77500000000 9.77500000000 
63
covarEC63 20 0.05013697672 0.08695049881 0.05360838796 0.14556862193 0.11024789227 0.05681712785 0.09643807183 0.03950254281 0.04704720936 0.08392270563 0.05120972420 0.06655202636 0.02689777007 0.02754013255 0.03419935381 0.10572077759 0.07583326412 0.05256225343 0.04571070857 0.03753640982 
64
covarEC64 20 9.77500000000 9.77500000000 9.77500000000 9.77500000000 9.77500000000 9.77500000000 9.77500000000 9.77500000000 9.77500000000 9.77500000000 9.77500000000 9.77500000000 9.77500000000 9.77500000000 9.77500000000 9.77500000000 9.77500000000 9.77500000000 9.77500000000 9.77500000000 
65
covarEC65 20 9.77500000000 9.77500000000 9.77500000000 9.77500000000 9.77500000000 9.77500000000 9.77500000000 9.77500000000 9.77500000000 9.77500000000 9.77500000000 9.77500000000 9.77500000000 9.77500000000 9.77500000000 9.77500000000 9.77500000000 9.77500000000 9.77500000000 9.77500000000 
66
covarEC66 20 0.02926103702 0.13649195895 0.02671626779 9.77500157597 0.02986511010 0.03244141515 9.77500000000 9.77500000000 0.02998842184 0.04228188856 0.09088619061 0.16950294234 0.06967520577 0.12022280074 0.02501755001 0.02649059018 0.09488100060 0.14779781804 0.04252173296 0.06908917557 
67
covarEC67 20 0.06408885965 0.06231135302 0.05953941421 0.05514182367 0.08092493176 0.06825751754 0.06612782835 0.05598913281 0.06355019182 0.08243601715 0.06745684912 0.07576573002 0.08390341977 0.09074693737 0.07343684190 0.09074196875 0.07914273944 0.09562447387 0.10763036266 0.10317992810 
68
covarEC68 20 0.05527359297 0.05657280721 0.10691867954 0.07571160588 0.07311588390 0.07242427211 0.07047778325 0.08651657497 0.05011522769 0.10041194205 0.08638133257 0.08268511246 0.09253579546 0.10714153708 0.09446374202 0.10228853512 0.07748071946 0.08353256125 0.10090169276 0.08804285135 
69
covarEC69 20 0.05103109086 0.06233261164 0.03291194202 0.06585421376 0.06727503410 0.06820767262 0.11040205195 0.10327251807 0.03194732448 0.07511556135 0.09691861632 0.10453325508 0.03247844387 0.16586423871 0.11577886054 0.09358243410 0.02770982283 0.05071590920 0.03255442874 0.07022022596 
70
covarEC70 20 0.02591937733 0.06774418633 0.06342221657 0.05999768518 0.05631390874 0.05637536894 0.10399530920 9.77500026913 0.08283421090 0.14501840311 0.07475533271 0.10117024531 0.03715959432 0.11026641971 0.03895709614 0.02924939492 0.06493425981 0.05780943977 0.14733996702 0.13052620627 
71
covarEC71 20 0.05852048950 0.06417725187 0.07270057465 0.09194823562 0.05633968416 0.07487586855 0.06737256182 0.10133047684 0.06659757555 0.04870191565 0.04783361946 0.06961862357 0.07522752620 0.06124555607 0.12999037922 0.08712359884 0.06645411357 0.06252960064 0.07226641539 0.05886135632 
72
covarEC72 20 0.06657787534 0.07597492588 0.08119797146 0.07503185938 0.06030828535 0.07901858794 0.08261721862 0.06477297106 0.07237743123 0.06794320116 0.06039639393 0.07633642808 0.07808181227 0.08042247444 0.08557045356 0.08133566150 0.06353617050 0.09354665384 0.07710093184 0.07417922374 
73
covarEC73 20 9.77500000000 9.77500000000 9.77500000000 9.77500000000 9.77500000000 9.77500000000 9.77500000000 9.77500000000 9.77500000000 9.77500000000 9.77500000000 9.77500000000 9.77500000000 9.77500000000 9.77500000000 9.77500000000 9.77500000000 9.77500000000 9.77500000000 9.77500000000 
74
covarEC74 20 9.77500000000 9.77500000000 9.77500000000 9.77500000000 9.77500000000 9.77500000000 9.77500000000 9.77500000000 9.77500000000 9.77500000000 9.77500000000 9.77500000000 9.77500000000 9.77500000000 9.77500000000 9.77500000000 9.77500000000 9.77500000000 9.77500000000 9.77500000000 
75
covarEC75 20 0.06246241790 0.02553830604 0.07004841704 9.77500627863 0.02608212221 0.10303398515 0.08927301522 0.02501706470 0.02552981264 0.10285575043 0.11293576473 0.08871750798 0.11123638979 0.11853133322 0.09223080424 0.05882445197 0.03905347460 0.14163587008 0.07149908723 0.13980709650 
76
covarEC76 20 0.06407849289 0.06527063214 0.05599315482 0.05765179722 0.08309108254 0.06356928928 0.06894683214 0.05804927395 0.05232344653 0.07299797882 0.07085406570 0.07684249161 0.09390319709 0.09326829739 0.07109232438 0.08206801873 0.07489615299 0.09265198956 0.10337556365 0.10205424968 
77
covarEC77 20 0.07366735658 0.07215832274 0.07992911554 0.07861355422 0.08742213625 0.09239225765 0.07478401815 0.08853000788 0.06848170813 0.08008327163 0.06146949296 0.08293282939 0.07164885181 0.08241564943 0.09268323580 0.09164849620 0.09113351639 0.06156768397 0.06624187665 0.08993479162 
78
covarEC78 20 0.06700657602 0.07099349186 0.06347188319 0.07225527350 0.06314599244 0.07798543641 0.09031370875 0.06467975684 0.05997892771 0.06446769146 0.06281014196 0.08385872581 0.08926241081 0.08328355415 0.11787141711 0.08264395608 0.06369484315 0.10744407452 0.09440086211 0.07980185887 
79
covarEC79 20 0.06555236465 0.06636683195 0.05793756434 0.06038840106 0.08608965477 0.07380302483 0.07269791966 0.06736495056 0.07089138722 0.06686881585 0.06680635885 0.08047788091 0.08167564000 0.08136667586 0.08278685173 0.08182375400 0.07704187062 0.10028238786 0.09449322339 0.10295836646 
80
covarEC80 20 0.07625194091 0.08222740888 0.08594146899 0.08784780781 0.08263800628 0.08484329816 0.08803701261 0.09369052851 0.07794567986 0.07091047427 0.06918492144 0.09479235740 0.08559919573 0.08545111734 0.12361945090 0.08998922934 0.08130285070 0.08774525371 0.08984080266 0.08557627825 
81
covarEC81 20 0.08769691272 0.05304342127 0.04978645744 0.04504202135 0.08917732789 0.05755822352 0.05169604422 0.04844075511 0.05732703665 0.07872511173 0.08349731155 0.05178773504 0.09601836766 0.09678454079 0.04673601973 0.06730085111 0.05160907847 0.11676305832 0.09766739044 0.08515390912 
82
covarEC82 20 0.05572949764 0.05069452326 0.03809094930 0.02601014406 0.09751146686 0.06373668493 0.02616594204 0.04174362168 0.03123672484 0.10098617558 0.09722303034 0.04931188608 0.07426815601 0.09431139680 0.05767811962 0.06862359383 0.03858868524 0.06073296892 0.04436561895 0.09492781758 
83
covarEC83 20 0.05919115578 0.06690936228 0.07586078178 0.06715656626 0.07091632767 0.07561964941 0.06400948612 0.08290334548 0.06742524545 0.08283139222 0.08085059508 0.06042170536 0.09198611359 0.10356093049 0.06317564515 0.08412030597 0.05106302342 0.08564642065 0.10352398481 0.10112670548 
84
covarEC84 20 9.77500000000 9.77500000000 9.77500000000 9.77500000000 9.77500000000 9.77500000000 9.77500000000 9.77500000000 9.77500000000 9.77500000000 9.77500000000 9.77500000000 9.77500000000 9.77500000000 9.77500000000 9.77500000000 9.77500000000 9.77500000000 9.77500000000 9.77500000000 
85
covarEC85 20 9.77500000000 9.77500000000 9.77500000000 9.77500000000 9.77500000000 9.77500000000 9.77500000000 9.77500000000 9.77500000000 9.77500000000 9.77500000000 9.77500000000 9.77500000000 9.77500000000 9.77500000000 9.77500000000 9.77500000000 9.77500000000 9.77500000000 9.77500000000 
86
covarEC86 20 9.77500000000 9.77500000000 9.77500000000 9.77500000000 9.77500000000 9.77500000000 9.77500000000 9.77500000000 9.77500000000 9.77500000000 9.77500000000 9.77500000000 9.77500000000 9.77500000000 9.77500000000 9.77500000000 9.77500000000 9.77500000000 9.77500000000 9.77500000000 
87
covarEC87 20 9.77500000000 9.77500000000 9.77500000000 9.77500000000 9.77500000000 9.77500000000 9.77500000000 9.77500000000 9.77500000000 9.77500000000 9.77500000000 9.77500000000 9.77500000000 9.77500000000 9.77500000000 9.77500000000 9.77500000000 9.77500000000 9.77500000000 9.77500000000 
88
covarEC88 20 9.77500000000 9.77500000000 9.77500000000 9.77500000000 9.77500000000 9.77500000000 9.77500000000 9.77500000000 9.77500000000 9.77500000000 9.77500000000 9.77500000000 9.77500000000 9.77500000000 9.77500000000 9.77500000000 9.77500000000 9.77500000000 9.77500000000 9.77500000000 
89
covarEC89 20 9.77500000000 9.77500000000 9.77500000000 9.77500000000 9.77500000000 9.77500000000 9.77500000000 9.77500000000 9.77500000000 9.77500000000 9.77500000000 9.77500000000 9.77500000000 9.77500000000 9.77500000000 9.77500000000 9.77500000000 9.77500000000 9.77500000000 9.77500000000 
90
covarEC90 20 9.77500000000 9.77500000000 9.77500000000 9.77500000000 9.77500000000 9.77500000000 9.77500000000 9.77500000000 9.77500000000 9.77500000000 9.77500000000 9.77500000000 9.77500000000 9.77500000000 9.77500000000 9.77500000000 9.77500000000 9.77500000000 9.77500000000 9.77500000000 
91
covarEC91 20 9.77500000000 9.77500000000 9.77500000000 9.77500000000 9.77500000000 9.77500000000 9.77500000000 9.77500000000 9.77500000000 9.77500000000 9.77500000000 9.77500000000 9.77500000000 9.77500000000 9.77500000000 9.77500000000 9.77500000000 9.77500000000 9.77500000000 9.77500000000 
92
covarEC92 20 9.77500000000 9.77500000000 9.77500000000 9.77500000000 9.77500000000 9.77500000000 9.77500000000 9.77500000000 9.77500000000 9.77500000000 9.77500000000 9.77500000000 9.77500000000 9.77500000000 9.77500000000 9.77500000000 9.77500000000 9.77500000000 9.77500000000 9.77500000000 
93
covarEC93 20 9.77500000000 9.77500000000 9.77500000000 9.77500000000 9.77500000000 9.77500000000 9.77500000000 9.77500000000 9.77500000000 9.77500000000 9.77500000000 9.77500000000 9.77500000000 9.77500000000 9.77500000000 9.77500000000 9.77500000000 9.77500000000 9.77500000000 9.77500000000 
94
covarEC94 20 9.77500000000 9.77500000000 9.77500000000 9.77500000000 9.77500000000 9.77500000000 9.77500000000 9.77500000000 9.77500000000 9.77500000000 9.77500000000 9.77500000000 9.77500000000 9.77500000000 9.77500000000 9.77500000000 9.77500000000 9.77500000000 9.77500000000 9.77500000000 
95
covarEC95 20 9.77500000000 9.77500000000 9.77500000000 9.77500000000 9.77500000000 9.77500000000 9.77500000000 9.77500000000 9.77500000000 9.77500000000 9.77500000000 9.77500000000 9.77500000000 9.77500000000 9.77500000000 9.77500000000 9.77500000000 9.77500000000 9.77500000000 9.77500000000 
96
covarEC96 20 9.77500000000 9.77500000000 9.77500000000 9.77500000000 9.77500000000 9.77500000000 9.77500000000 9.77500000000 9.77500000000 9.77500000000 9.77500000000 9.77500000000 9.77500000000 9.77500000000 9.77500000000 9.77500000000 9.77500000000 9.77500000000 9.77500000000 9.77500000000 
97
covarEC97 20 9.77500000000 9.77500000000 9.77500000000 9.77500000000 9.77500000000 9.77500000000 9.77500000000 9.77500000000 9.77500000000 9.77500000000 9.77500000000 9.77500000000 9.77500000000 9.77500000000 9.77500000000 9.77500000000 9.77500000000 9.77500000000 9.77500000000 9.77500000000 
98
covarEC98 20 9.77500000000 9.77500000000 9.77500000000 9.77500000000 9.77500000000 9.77500000000 9.77500000000 9.77500000000 9.77500000000 9.77500000000 9.77500000000 9.77500000000 9.77500000000 9.77500000000 9.77500000000 9.77500000000 9.77500000000 9.77500000000 9.77500000000 9.77500000000 
99
covarEC99 20 9.77500000000 9.77500000000 9.77500000000 9.77500000000 9.77500000000 9.77500000000 9.77500000000 9.77500000000 9.77500000000 9.77500000000 9.77500000000 9.77500000000 9.77500000000 9.77500000000 9.77500000000 9.77500000000 9.77500000000 9.77500000000 9.77500000000 9.77500000000 
100
covarEC100 20 9.77500000000 9.77500000000 9.77500000000 9.77500000000 9.77500000000 9.77500000000 9.77500000000 9.77500000000 9.77500000000 9.77500000000 9.77500000000 9.77500000000 9.77500000000 9.77500000000 9.77500000000 9.77500000000 9.77500000000 9.77500000000 9.77500000000 9.77500000000 
101
covarEC101 20 9.77500000000 9.77500000000 9.77500000000 9.77500000000 9.77500000000 9.77500000000 9.77500000000 9.77500000000 9.77500000000 9.77500000000 9.77500000000 9.77500000000 9.77500000000 9.77500000000 9.77500000000 9.77500000000 9.77500000000 9.77500000000 9.77500000000 9.77500000000 
102
covarEC102 20 9.77500000000 9.77500000000 9.77500000000 9.77500000000 9.77500000000 9.77500000000 9.77500000000 9.77500000000 9.77500000000 9.77500000000 9.77500000000 9.77500000000 9.77500000000 9.77500000000 9.77500000000 9.77500000000 9.77500000000 9.77500000000 9.77500000000 9.77500000000 
103
covarEC103 20 9.77500000000 9.77500000000 9.77500000000 9.77500000000 9.77500000000 9.77500000000 9.77500000000 9.77500000000 9.77500000000 9.77500000000 9.77500000000 9.77500000000 9.77500000000 9.77500000000 9.77500000000 9.77500000000 9.77500000000 9.77500000000 9.77500000000 9.77500000000 
104
covarEC104 20 9.77500000000 9.77500000000 9.77500000000 9.77500000000 9.77500000000 9.77500000000 9.77500000000 9.77500000000 9.77500000000 9.77500000000 9.77500000000 9.77500000000 9.77500000000 9.77500000000 9.77500000000 9.77500000000 9.77500000000 9.77500000000 9.77500000000 9.77500000000 
105
covarEC105 20 9.77500000000 9.77500000000 9.77500000000 9.77500000000 9.77500000000 9.77500000000 9.77500000000 9.77500000000 9.77500000000 9.77500000000 9.77500000000 9.77500000000 9.77500000000 9.77500000000 9.77500000000 9.77500000000 9.77500000000 9.77500000000 9.77500000000 9.77500000000 
106
covarEC106 20 9.77500000000 9.77500000000 9.77500000000 9.77500000000 9.77500000000 9.77500000000 9.77500000000 9.77500000000 9.77500000000 9.77500000000 9.77500000000 9.77500000000 9.77500000000 9.77500000000 9.77500000000 9.77500000000 9.77500000000 9.77500000000 9.77500000000 9.77500000000 
107
covarEC107 20 9.77500000000 9.77500000000 9.77500000000 9.77500000000 9.77500000000 9.77500000000 9.77500000000 9.77500000000 9.77500000000 9.77500000000 9.77500000000 9.77500000000 9.77500000000 9.77500000000 9.77500000000 9.77500000000 9.77500000000 9.77500000000 9.77500000000 9.77500000000 
108
covarEC108 20 0.06212646423 0.07215169177 0.07597627714 0.08653923556 0.07116652761 0.07769850732 0.08806034362 0.06483362689 0.07663120134 0.05917770624 0.06083381118 0.07599428460 0.07341550399 0.07508703259 0.06643401126 0.08379310354 0.06455517493 0.08491749253 0.07799607550 0.06426306181 
109
covarEC109 20 9.77500000000 9.77500000000 9.77500000000 9.77500000000 9.77500000000 9.77500000000 9.77500000000 9.77500000000 9.77500000000 9.77500000000 9.77500000000 9.77500000000 9.77500000000 9.77500000000 9.77500000000 9.77500000000 9.77500000000 9.77500000000 9.77500000000 9.77500000000 
110
covarEC110 20 9.77500000000 9.77500000000 9.77500000000 9.77500000000 9.77500000000 9.77500000000 9.77500000000 9.77500000000 9.77500000000 9.77500000000 9.77500000000 9.77500000000 9.77500000000 9.77500000000 9.77500000000 9.77500000000 9.77500000000 9.77500000000 9.77500000000 9.77500000000 
111
covarEC111 20 9.77500000000 9.77500000000 9.77500000000 9.77500000000 9.77500000000 9.77500000000 9.77500000000 9.77500000000 9.77500000000 9.77500000000 9.77500000000 9.77500000000 9.77500000000 9.77500000000 9.77500000000 9.77500000000 9.77500000000 9.77500000000 9.77500000000 9.77500000000 
112
covarEC112 20 9.77500000000 9.77500000000 9.77500000000 9.77500000000 9.77500000000 9.77500000000 9.77500000000 9.77500000000 9.77500000000 9.77500000000 9.77500000000 9.77500000000 9.77500000000 9.77500000000 9.77500000000 9.77500000000 9.77500000000 9.77500000000 9.77500000000 9.77500000000 
113
covarEC113 20 9.77500000000 9.77500000000 9.77500000000 9.77500000000 9.77500000000 9.77500000000 9.77500000000 9.77500000000 9.77500000000 9.77500000000 9.77500000000 9.77500000000 9.77500000000 9.77500000000 9.77500000000 9.77500000000 9.77500000000 9.77500000000 9.77500000000 9.77500000000 
114
covarEC114 20 9.77500000000 9.77500000000 9.77500000000 9.77500000000 9.77500000000 9.77500000000 9.77500000000 9.77500000000 9.77500000000 9.77500000000 9.77500000000 9.77500000000 9.77500000000 9.77500000000 9.77500000000 9.77500000000 9.77500000000 9.77500000000 9.77500000000 9.77500000000 
115
covarEC115 20 9.77500000000 9.77500000000 9.77500000000 9.77500000000 9.77500000000 9.77500000000 9.77500000000 9.77500000000 9.77500000000 9.77500000000 9.77500000000 9.77500000000 9.77500000000 9.77500000000 9.77500000000 9.77500000000 9.77500000000 9.77500000000 9.77500000000 9.77500000000 
116
covarEC116 20 9.77500000000 9.77500000000 9.77500000000 9.77500000000 9.77500000000 9.77500000000 9.77500000000 9.77500000000 9.77500000000 9.77500000000 9.77500000000 9.77500000000 9.77500000000 9.77500000000 9.77500000000 9.77500000000 9.77500000000 9.77500000000 9.77500000000 9.77500000000 
117
covarEC117 20 0.06025397285 0.07728912417 0.07437791936 0.07624478791 0.05593098408 0.07659514895 0.07752345136 0.07646615544 0.07209448232 0.04595942033 0.04497462889 0.08111695078 0.06297433258 0.06300672457 0.07054801064 0.06887414356 0.05695818913 0.08177367742 0.07137712247 0.05032131919 
118
covarEC118 20 9.77500000000 9.77500000000 9.77500000000 9.77500000000 9.77500000000 9.77500000000 9.77500000000 9.77500000000 9.77500000000 9.77500000000 9.77500000000 9.77500000000 9.77500000000 9.77500000000 9.77500000000 9.77500000000 9.77500000000 9.77500000000 9.77500000000 9.77500000000 
119
covarEC119 20 9.77500000000 9.77500000000 9.77500000000 9.77500000000 9.77500000000 9.77500000000 9.77500000000 9.77500000000 9.77500000000 9.77500000000 9.77500000000 9.77500000000 9.77500000000 9.77500000000 9.77500000000 9.77500000000 9.77500000000 9.77500000000 9.77500000000 9.77500000000 
120
covarEC120 20 0.06846313493 0.07869682390 0.06336000465 0.06613835954 0.07508419545 0.07226186582 0.08223284333 0.08031392569 0.05934116876 0.06669081013 0.06928807038 0.09124139087 0.08276065734 0.08740772434 0.09223786883 0.08213677611 0.06962034397 0.10052420287 0.08821377457 0.07579225060 
121
covarEC121 20 0.07981595417 0.07670913980 0.07987982026 0.07817584306 0.09766820683 0.08128750061 0.08283993363 0.08196676267 0.07821276757 0.07814529063 0.07710756390 0.08883937535 0.09804843511 0.09880175936 0.08177019413 0.09615255287 0.09680551364 0.10197052930 0.11233540500 0.11946310327 
122
covarEC122 20 0.07742196224 0.07720362276 0.09535798517 0.10000221418 0.08866700404 0.08189502286 0.08758023239 0.10328370175 0.07896622174 0.06606283176 0.06691879148 0.09326441422 0.08413474894 0.08259444364 0.11443365652 0.09670003719 0.09477022458 0.08271794866 0.08632023349 0.09288549870 
123
covarEC123 20 0.06593444015 0.07663560015 0.07133463092 0.08068102802 0.06137740129 0.07500047742 0.09003647490 0.07373668419 0.05983646719 0.05799503817 0.06211397599 0.08623984395 0.07970323402 0.07621375564 0.12743060799 0.08079225508 0.06857893986 0.09581725619 0.08830311222 0.06351639908 
124
covarEC124 20 0.06515646451 0.07193105908 0.08058870465 0.08365673159 0.08977954327 0.07014777381 0.07420567427 0.08165877473 0.06726521049 0.06616743896 0.06685328697 0.08537894686 0.07562552909 0.09470079206 0.10100057076 0.10118463420 0.08157260586 0.09506620257 0.09410243271 0.09232507851 
125
covarEC125 20 0.07598814982 0.07996212838 0.09108005280 0.09571947477 0.08102908191 0.08459910935 0.09000886438 0.10807599074 0.07729757336 0.05974621372 0.05796944026 0.09070940867 0.07599997146 0.07457248888 0.12675138507 0.09410496742 0.08589077324 0.07851359730 0.07972820201 0.07834828375 
126
covarEC126 20 0.06834558416 0.06933507056 0.08181781603 0.08623323095 0.06149569738 0.08036477578 0.08784001113 0.07945564203 0.07380030311 0.05848251772 0.05436037282 0.07922692539 0.07270722661 0.06972373444 0.08047590527 0.07493618124 0.06315091458 0.07669261536 0.07699523562 0.05894188490 
127
covarEC127 20 9.77500000000 9.77500000000 9.77500000000 9.77500000000 9.77500000000 9.77500000000 9.77500000000 9.77500000000 9.77500000000 9.77500000000 9.77500000000 9.77500000000 9.77500000000 9.77500000000 9.77500000000 9.77500000000 9.77500000000 9.77500000000 9.77500000000 9.77500000000 
128
covarEC128 20 9.77500000000 9.77500000000 9.77500000000 9.77500000000 9.77500000000 9.77500000000 9.77500000000 9.77500000000 9.77500000000 9.77500000000 9.77500000000 9.77500000000 9.77500000000 9.77500000000 9.77500000000 9.77500000000 9.77500000000 9.77500000000 9.77500000000 9.77500000000 
129
covarEC129 20 0.05152949642 0.06399945293 0.02724856166 0.05352179071 0.02560338097 0.09274677131 0.09856919493 0.08974896018 0.03096316970 0.10459052259 0.04241365934 0.08265131479 0.06424461082 0.04703836463 0.09479554455 0.08870073516 0.04210877195 0.13554348847 0.04980170881 0.04784911624 
130
covarEC130 20 0.06765126293 0.06511014465 0.06344723343 0.06679140634 0.09237628419 0.07506704257 0.07990879971 0.07014677924 0.05985954148 0.09019457174 0.07517855767 0.08189523859 0.08548961474 0.08845032932 0.06578287932 0.08789421601 0.07477038029 0.10779874275 0.08996333327 0.11006445121 
131
covarEC131 20 0.07394694513 0.07035201360 0.09766337551 0.09302001294 0.06796054834 0.06834755421 0.07056976192 0.09625755206 0.07205375972 0.06830154010 0.05247025125 0.09357210767 0.06978725695 0.07879043774 0.10384217109 0.08153834331 0.06698638294 0.07872619221 0.06482177470 0.08047885681 
132
covarEC132 20 0.06546252901 0.07120312289 0.06660696900 0.06972930894 0.05811213662 0.07689810534 0.08626970471 0.07126742231 0.05791321414 0.05787296193 0.06205496814 0.08730927399 0.08839842808 0.07864308101 0.11077852187 0.07522364805 0.06110633549 0.09885219205 0.08770375272 0.06835470963 
133
covarEC133 20 0.06586970897 0.07864390911 0.07887041957 0.07629206017 0.07884384692 0.08470937740 0.08100842511 0.08565480212 0.07739750227 0.07345606128 0.06546875632 0.09406653658 0.08639277658 0.08207969279 0.06810020738 0.09269022431 0.08284319201 0.09448265538 0.09782227800 0.09266784526 
134
covarEC134 20 0.07489762708 0.07846848540 0.09382929730 0.09156283758 0.07841440727 0.08782240491 0.08797826824 0.10535973187 0.07805182749 0.06265343987 0.06014548866 0.08760879225 0.08032169812 0.08080185418 0.12583196971 0.09229007094 0.08754222712 0.08253970898 0.08487679379 0.07736571236 
135
covarEC135 20 0.08166123248 0.06469051157 0.07957381823 0.07636510010 0.07830801613 0.08390816538 0.08752460405 0.07943067717 0.07517810549 0.06670897803 0.07154069577 0.07571967509 0.09124195422 0.08903730140 0.06287655385 0.08514274610 0.07258220045 0.08727736777 0.08904022050 0.08171441164 
136
covarEC136 20 9.77500000000 9.77500000000 9.77500000000 9.77500000000 9.77500000000 9.77500000000 9.77500000000 9.77500000000 9.77500000000 9.77500000000 9.77500000000 9.77500000000 9.77500000000 9.77500000000 9.77500000000 9.77500000000 9.77500000000 9.77500000000 9.77500000000 9.77500000000 
137
covarEC137 20 9.77500000000 9.77500000000 9.77500000000 9.77500000000 9.77500000000 9.77500000000 9.77500000000 9.77500000000 9.77500000000 9.77500000000 9.77500000000 9.77500000000 9.77500000000 9.77500000000 9.77500000000 9.77500000000 9.77500000000 9.77500000000 9.77500000000 9.77500000000 
138
covarEC138 20 9.77500000000 9.77500000000 9.77500000000 9.77500000000 9.77500000000 9.77500000000 9.77500000000 9.77500000000 9.77500000000 9.77500000000 9.77500000000 9.77500000000 9.77500000000 9.77500000000 9.77500000000 9.77500000000 9.77500000000 9.77500000000 9.77500000000 9.77500000000 
139
covarEC139 20 9.77500000000 9.77500000000 9.77500000000 9.77500000000 9.77500000000 9.77500000000 9.77500000000 9.77500000000 9.77500000000 9.77500000000 9.77500000000 9.77500000000 9.77500000000 9.77500000000 9.77500000000 9.77500000000 9.77500000000 9.77500000000 9.77500000000 9.77500000000 
140
covarEC140 20 9.77500000000 9.77500000000 9.77500000000 9.77500000000 9.77500000000 9.77500000000 9.77500000000 9.77500000000 9.77500000000 9.77500000000 9.77500000000 9.77500000000 9.77500000000 9.77500000000 9.77500000000 9.77500000000 9.77500000000 9.77500000000 9.77500000000 9.77500000000 
141
covarEC141 20 9.77500000000 9.77500000000 9.77500000000 9.77500000000 9.77500000000 9.77500000000 9.77500000000 9.77500000000 9.77500000000 9.77500000000 9.77500000000 9.77500000000 9.77500000000 9.77500000000 9.77500000000 9.77500000000 9.77500000000 9.77500000000 9.77500000000 9.77500000000 
142
covarEC142 20 9.77500000000 9.77500000000 9.77500000000 9.77500000000 9.77500000000 9.77500000000 9.77500000000 9.77500000000 9.77500000000 9.77500000000 9.77500000000 9.77500000000 9.77500000000 9.77500000000 9.77500000000 9.77500000000 9.77500000000 9.77500000000 9.77500000000 9.77500000000 
143
covarEC143 20 9.77500000000 9.77500000000 9.77500000000 9.77500000000 9.77500000000 9.77500000000 9.77500000000 9.77500000000 9.77500000000 9.77500000000 9.77500000000 9.77500000000 9.77500000000 9.77500000000 9.77500000000 9.77500000000 9.77500000000 9.77500000000 9.77500000000 9.77500000000 
144
covarEC144 20 0.03742022103 0.04584264769 0.05663820283 0.08145868884 0.05548712325 0.05151746486 0.08302109391 0.06447923165 0.08112585327 0.05738145706 0.04735780388 0.03954590367 0.05400407177 0.07404659902 0.09143717669 0.02785681101 0.02627517349 0.10648280459 0.05890878611 0.04543698737 
145
covarEC145 20 9.77500000000 9.77500000000 9.77500000000 9.77500000000 9.77500000000 9.77500000000 9.77500000000 9.77500000000 9.77500000000 9.77500000000 9.77500000000 9.77500000000 9.77500000000 9.77500000000 9.77500000000 9.77500000000 9.77500000000 9.77500000000 9.77500000000 9.77500000000 
146
covarEC146 20 9.77500000000 9.77500000000 9.77500000000 9.77500000000 9.77500000000 9.77500000000 9.77500000000 9.77500000000 9.77500000000 9.77500000000 9.77500000000 9.77500000000 9.77500000000 9.77500000000 9.77500000000 9.77500000000 9.77500000000 9.77500000000 9.77500000000 9.77500000000 
147
covarEC147 20 0.02967187871 0.02960392675 0.06901124839 0.04296670130 0.14219411839 0.03770687845 0.02883668384 0.11782370309 0.04487028508 0.05699495170 0.07164429769 0.06623617794 0.02680676726 0.05500753261 0.06179367559 0.06865635931 0.02636052538 0.07182814053 0.06759068616 0.04066222506 
148
covarEC148 20 0.06853658874 0.08151122526 0.06935256788 0.06157079131 0.06973848578 0.07460283438 0.07284758335 0.06144221972 0.06292205199 0.09916619083 0.07154977590 0.06549929281 0.08757591123 0.10355086072 0.04986216491 0.09438351121 0.06908018797 0.08629160146 0.10003857559 0.10516979862 
149
covarEC149 20 0.05147994406 0.07556719860 0.09046982760 0.11073220793 0.08916725303 0.07498924979 0.08709998135 0.08815611016 0.05203792503 0.08731464592 0.07128980684 0.10109668658 0.07124319140 0.07365766523 0.08778104074 0.08125811700 0.08684545960 0.06001055929 0.06667001403 0.07744585229 
150
covarEC150 20 0.06652619231 0.10092709551 0.03091986482 0.03181433207 0.07674214486 0.06339079047 0.07862208228 0.08966853376 0.05511307900 0.04143201202 0.05675031196 0.08772800065 0.05788149446 0.04856970794 0.10939209626 0.07524665826 0.03786007700 0.12317244051 0.02510883303 0.06169088008 
151
covarEC151 20 0.06153686211 0.06462638996 0.06221713956 0.12171995261 0.05112429620 0.11515720019 0.09067520356 0.05159646220 0.03806001835 0.07685780248 0.05997075709 0.02836954137 0.09312599496 0.11608741616 0.07276564418 0.16582795745 0.03979749892 0.07213069686 0.08517327593 0.08200006271 
152
covarEC152 20 0.05788612504 0.07443663450 0.08286868449 0.07952447006 0.06798260408 0.08856161540 0.07743632234 0.09821186493 0.07895613762 0.05623742466 0.05198172597 0.07927059421 0.06830950581 0.06968810113 0.11289671871 0.09850139513 0.06894992526 0.07864055706 0.07988817114 0.06818293035 
153
covarEC153 20 0.07010050696 0.07544376973 0.07482197676 0.06977709324 0.06523582239 0.07629925393 0.08667076891 0.07341911682 0.07298977267 0.05752914704 0.05583253420 0.07378676416 0.07435921977 0.07308763870 0.08187875021 0.07699414616 0.06166740605 0.08896838546 0.08188404625 0.05910648340 
154
covarEC154 20 9.77500000000 9.77500000000 9.77500000000 9.77500000000 9.77500000000 9.77500000000 9.77500000000 9.77500000000 9.77500000000 9.77500000000 9.77500000000 9.77500000000 9.77500000000 9.77500000000 9.77500000000 9.77500000000 9.77500000000 9.77500000000 9.77500000000 9.77500000000 
155
covarEC155 20 9.77500000000 9.77500000000 9.77500000000 9.77500000000 9.77500000000 9.77500000000 9.77500000000 9.77500000000 9.77500000000 9.77500000000 9.77500000000 9.77500000000 9.77500000000 9.77500000000 9.77500000000 9.77500000000 9.77500000000 9.77500000000 9.77500000000 9.77500000000 
156
covarEC156 20 0.03870731537 0.05428748778 0.09467467331 0.04412019230 0.04508907166 0.06124573314 0.07073442947 0.04763907116 0.09032033342 0.05845973517 0.09559253280 0.06666193746 0.09695949706 0.09396640101 0.09530944190 0.05047441288 0.02698970430 0.07048030973 0.07801042371 0.06756597199 
157
covarEC157 20 0.07067476311 0.07275945144 0.07135767925 0.06355275133 0.09178499833 0.07794825858 0.07537987538 0.06498787837 0.06312533322 0.07617217844 0.07271833559 0.07934113009 0.09303175885 0.09160301573 0.09776039338 0.08436730562 0.09034011021 0.11369394876 0.10622729693 0.10718330722 
158
covarEC158 20 0.07347011861 0.07741592877 0.08422335145 0.08064823372 0.07396221153 0.07910425461 0.07567460514 0.09355340846 0.06147441822 0.06893119422 0.06083525823 0.07526009567 0.07672206129 0.07575627518 0.10860650689 0.08928362523 0.08235108424 0.06954790506 0.07869205056 0.08176869787 
159
covarEC159 20 0.07366549624 0.07169946027 0.06945084612 0.07254367395 0.06373705346 0.07513208583 0.08765153202 0.06650690465 0.06975516386 0.06932902316 0.05970882154 0.08384641675 0.08612624276 0.07959365502 0.11783207514 0.07712832811 0.06467525195 0.09802509253 0.07936936282 0.07474848097 
160
covarEC160 20 0.07000950441 0.07316530140 0.07607818280 0.06527869928 0.08774076895 0.08614975672 0.07629029335 0.08868970161 0.07424546963 0.07624473388 0.06858640180 0.08499180981 0.09448287219 0.09982889324 0.07681607410 0.09189230997 0.08924754089 0.09549397042 0.10443806721 0.10209437776 
161
covarEC161 20 0.07613056356 0.08034945361 0.09401027322 0.09254464466 0.08451851189 0.08941299870 0.09026013967 0.11252232769 0.07852460826 0.06354010422 0.06253254068 0.08800414591 0.08427827670 0.08104220598 0.12127206698 0.09145109238 0.09072383547 0.08802341612 0.08372570461 0.08150180327 
162
covarEC162 20 0.08776949836 0.08118596470 0.07066946083 0.06340033454 0.08892852657 0.08539907535 0.07721553312 0.05743329512 0.06680958763 0.07819949085 0.08238810606 0.08900401358 0.10506851999 0.09919824319 0.05962690865 0.08327632461 0.07152744529 0.10837410718 0.10143887672 0.09633868579 
163
covarEC163 20 0.05538704481 0.05178119125 0.04810017129 0.04214384460 0.10578061366 0.06804599708 0.05413918249 0.03775225795 0.06013956826 0.08825068351 0.08348627974 0.06092491434 0.09260100244 0.10316417053 0.05308663168 0.07290263142 0.07216684527 0.08495634104 0.09193587065 0.08805132154 
164
covarEC164 20 0.07969764061 0.08526067139 0.08471818512 0.07474461261 0.09038871073 0.08433294692 0.07216070782 0.08568257750 0.07586923421 0.07550049818 0.07939184953 0.08143134642 0.10113247931 0.09433131877 0.07732716780 0.09306585427 0.07907112180 0.10392701372 0.09725052978 0.09234153945 
165
covarEC165 20 9.77500000000 9.77500000000 9.77500000000 9.77500000000 9.77500000000 9.77500000000 9.77500000000 9.77500000000 9.77500000000 9.77500000000 9.77500000000 9.77500000000 9.77500000000 9.77500000000 9.77500000000 9.77500000000 9.77500000000 9.77500000000 9.77500000000 9.77500000000 
166
covarEC166 20 9.77500000000 9.77500000000 9.77500000000 9.77500000000 9.77500000000 9.77500000000 9.77500000000 9.77500000000 9.77500000000 9.77500000000 9.77500000000 9.77500000000 9.77500000000 9.77500000000 9.77500000000 9.77500000000 9.77500000000 9.77500000000 9.77500000000 9.77500000000 
167
covarEC167 20 9.77500000000 9.77500000000 9.77500000000 9.77500000000 9.77500000000 9.77500000000 9.77500000000 9.77500000000 9.77500000000 9.77500000000 9.77500000000 9.77500000000 9.77500000000 9.77500000000 9.77500000000 9.77500000000 9.77500000000 9.77500000000 9.77500000000 9.77500000000 
168
covarEC168 20 9.77500000000 9.77500000000 9.77500000000 9.77500000000 9.77500000000 9.77500000000 9.77500000000 9.77500000000 9.77500000000 9.77500000000 9.77500000000 9.77500000000 9.77500000000 9.77500000000 9.77500000000 9.77500000000 9.77500000000 9.77500000000 9.77500000000 9.77500000000 
169
covarEC169 20 9.77500000000 9.77500000000 9.77500000000 9.77500000000 9.77500000000 9.77500000000 9.77500000000 9.77500000000 9.77500000000 9.77500000000 9.77500000000 9.77500000000 9.77500000000 9.77500000000 9.77500000000 9.77500000000 9.77500000000 9.77500000000 9.77500000000 9.77500000000 
170
covarEC170 20 9.77500000000 9.77500000000 9.77500000000 9.77500000000 9.77500000000 9.77500000000 9.77500000000 9.77500000000 9.77500000000 9.77500000000 9.77500000000 9.77500000000 9.77500000000 9.77500000000 9.77500000000 9.77500000000 9.77500000000 9.77500000000 9.77500000000 9.77500000000 
171
covarEC171 20 9.77500000000 9.77500000000 9.77500000000 9.77500000000 9.77500000000 9.77500000000 9.77500000000 9.77500000000 9.77500000000 9.77500000000 9.77500000000 9.77500000000 9.77500000000 9.77500000000 9.77500000000 9.77500000000 9.77500000000 9.77500000000 9.77500000000 9.77500000000 
172
covarEC172 20 9.77500000000 9.77500000000 9.77500000000 9.77500000000 9.77500000000 9.77500000000 9.77500000000 9.77500000000 9.77500000000 9.77500000000 9.77500000000 9.77500000000 9.77500000000 9.77500000000 9.77500000000 9.77500000000 9.77500000000 9.77500000000 9.77500000000 9.77500000000 
173
covarEC173 20 9.77500000000 9.77500000000 9.77500000000 9.77500000000 9.77500000000 9.77500000000 9.77500000000 9.77500000000 9.77500000000 9.77500000000 9.77500000000 9.77500000000 9.77500000000 9.77500000000 9.77500000000 9.77500000000 9.77500000000 9.77500000000 9.77500000000 9.77500000000 
174
covarEC174 20 9.77500000000 9.77500000000 9.77500000000 9.77500000000 9.77500000000 9.77500000000 9.77500000000 9.77500000000 9.77500000000 9.77500000000 9.77500000000 9.77500000000 9.77500000000 9.77500000000 9.77500000000 9.77500000000 9.77500000000 9.77500000000 9.77500000000 9.77500000000 
175
covarEC175 20 9.77500000000 9.77500000000 9.77500000000 9.77500000000 9.77500000000 9.77500000000 9.77500000000 9.77500000000 9.77500000000 9.77500000000 9.77500000000 9.77500000000 9.77500000000 9.77500000000 9.77500000000 9.77500000000 9.77500000000 9.77500000000 9.77500000000 9.77500000000 
176
covarEC176 20 9.77500000000 9.77500000000 9.77500000000 9.77500000000 9.77500000000 9.77500000000 9.77500000000 9.77500000000 9.77500000000 9.77500000000 9.77500000000 9.77500000000 9.77500000000 9.77500000000 9.77500000000 9.77500000000 9.77500000000 9.77500000000 9.77500000000 9.77500000000 
177
covarEC177 20 9.77500000000 9.77500000000 9.77500000000 9.77500000000 9.77500000000 9.77500000000 9.77500000000 9.77500000000 9.77500000000 9.77500000000 9.77500000000 9.77500000000 9.77500000000 9.77500000000 9.77500000000 9.77500000000 9.77500000000 9.77500000000 9.77500000000 9.77500000000 
178
covarEC178 20 9.77500000000 9.77500000000 9.77500000000 9.77500000000 9.77500000000 9.77500000000 9.77500000000 9.77500000000 9.77500000000 9.77500000000 9.77500000000 9.77500000000 9.77500000000 9.77500000000 9.77500000000 9.77500000000 9.77500000000 9.77500000000 9.77500000000 9.77500000000 
179
covarEC179 20 9.77500000000 9.77500000000 9.77500000000 9.77500000000 9.77500000000 9.77500000000 9.77500000000 9.77500000000 9.77500000000 9.77500000000 9.77500000000 9.77500000000 9.77500000000 9.77500000000 9.77500000000 9.77500000000 9.77500000000 9.77500000000 9.77500000000 9.77500000000 
180
covarEC180 20 9.77500000000 9.77500000000 9.77500000000 9.77500000000 9.77500000000 9.77500000000 9.77500000000 9.77500000000 9.77500000000 9.77500000000 9.77500000000 9.77500000000 9.77500000000 9.77500000000 9.77500000000 9.77500000000 9.77500000000 9.77500000000 9.77500000000 9.77500000000 
181
covarEC181 20 9.77500000000 9.77500000000 9.77500000000 9.77500000000 9.77500000000 9.77500000000 9.77500000000 9.77500000000 9.77500000000 9.77500000000 9.77500000000 9.77500000000 9.77500000000 9.77500000000 9.77500000000 9.77500000000 9.77500000000 9.77500000000 9.77500000000 9.77500000000 
182
covarEC182 20 9.77500000000 9.77500000000 9.77500000000 9.77500000000 9.77500000000 9.77500000000 9.77500000000 9.77500000000 9.77500000000 9.77500000000 9.77500000000 9.77500000000 9.77500000000 9.77500000000 9.77500000000 9.77500000000 9.77500000000 9.77500000000 9.77500000000 9.77500000000 
183
covarEC183 20 9.77500000000 9.77500000000 9.77500000000 9.77500000000 9.77500000000 9.77500000000 9.77500000000 9.77500000000 9.77500000000 9.77500000000 9.77500000000 9.77500000000 9.77500000000 9.77500000000 9.77500000000 9.77500000000 9.77500000000 9.77500000000 9.77500000000 9.77500000000 
184
covarEC184 20 9.77500000000 9.77500000000 9.77500000000 9.77500000000 9.77500000000 9.77500000000 9.77500000000 9.77500000000 9.77500000000 9.77500000000 9.77500000000 9.77500000000 9.77500000000 9.77500000000 9.77500000000 9.77500000000 9.77500000000 9.77500000000 9.77500000000 9.77500000000 
185
covarEC185 20 9.77500000000 9.77500000000 9.77500000000 9.77500000000 9.77500000000 9.77500000000 9.77500000000 9.77500000000 9.77500000000 9.77500000000 9.77500000000 9.77500000000 9.77500000000 9.77500000000 9.77500000000 9.77500000000 9.77500000000 9.77500000000 9.77500000000 9.77500000000 
186
covarEC186 20 9.77500000000 9.77500000000 9.77500000000 9.77500000000 9.77500000000 9.77500000000 9.77500000000 9.77500000000 9.77500000000 9.77500000000 9.77500000000 9.77500000000 9.77500000000 9.77500000000 9.77500000000 9.77500000000 9.77500000000 9.77500000000 9.77500000000 9.77500000000 
187
covarEC187 20 9.77500000000 9.77500000000 9.77500000000 9.77500000000 9.77500000000 9.77500000000 9.77500000000 9.77500000000 9.77500000000 9.77500000000 9.77500000000 9.77500000000 9.77500000000 9.77500000000 9.77500000000 9.77500000000 9.77500000000 9.77500000000 9.77500000000 9.77500000000 
188
covarEC188 20 9.77500000000 9.77500000000 9.77500000000 9.77500000000 9.77500000000 9.77500000000 9.77500000000 9.77500000000 9.77500000000 9.77500000000 9.77500000000 9.77500000000 9.77500000000 9.77500000000 9.77500000000 9.77500000000 9.77500000000 9.77500000000 9.77500000000 9.77500000000 
189
covarEC189 20 0.06215083838 0.05397398961 0.08928071376 0.08594521387 0.05318574859 0.09162347537 0.10630075621 0.06107375661 0.08125648873 0.05358727998 0.04446120211 0.06884952322 0.06790164599 0.05526410434 0.04453591916 0.08659936669 0.05244345560 0.06852380868 0.06267427223 0.05795004787 
190
covarEC190 20 9.77500000000 9.77500000000 9.77500000000 9.77500000000 9.77500000000 9.77500000000 9.77500000000 9.77500000000 9.77500000000 9.77500000000 9.77500000000 9.77500000000 9.77500000000 9.77500000000 9.77500000000 9.77500000000 9.77500000000 9.77500000000 9.77500000000 9.77500000000 
191
covarEC191 20 9.77500000000 9.77500000000 9.77500000000 9.77500000000 9.77500000000 9.77500000000 9.77500000000 9.77500000000 9.77500000000 9.77500000000 9.77500000000 9.77500000000 9.77500000000 9.77500000000 9.77500000000 9.77500000000 9.77500000000 9.77500000000 9.77500000000 9.77500000000 
192
covarEC192 20 9.77500000000 9.77500000000 9.77500000000 9.77500000000 9.77500000000 9.77500000000 9.77500000000 9.77500000000 9.77500000000 9.77500000000 9.77500000000 9.77500000000 9.77500000000 9.77500000000 9.77500000000 9.77500000000 9.77500000000 9.77500000000 9.77500000000 9.77500000000 
193
covarEC193 20 9.77500000000 9.77500000000 9.77500000000 9.77500000000 9.77500000000 9.77500000000 9.77500000000 9.77500000000 9.77500000000 9.77500000000 9.77500000000 9.77500000000 9.77500000000 9.77500000000 9.77500000000 9.77500000000 9.77500000000 9.77500000000 9.77500000000 9.77500000000 
194
covarEC194 20 9.77500000000 9.77500000000 9.77500000000 9.77500000000 9.77500000000 9.77500000000 9.77500000000 9.77500000000 9.77500000000 9.77500000000 9.77500000000 9.77500000000 9.77500000000 9.77500000000 9.77500000000 9.77500000000 9.77500000000 9.77500000000 9.77500000000 9.77500000000 
195
covarEC195 20 9.77500000000 9.77500000000 9.77500000000 9.77500000000 9.77500000000 9.77500000000 9.77500000000 9.77500000000 9.77500000000 9.77500000000 9.77500000000 9.77500000000 9.77500000000 9.77500000000 9.77500000000 9.77500000000 9.77500000000 9.77500000000 9.77500000000 9.77500000000 
196
covarEC196 20 9.77500000000 9.77500000000 9.77500000000 9.77500000000 9.77500000000 9.77500000000 9.77500000000 9.77500000000 9.77500000000 9.77500000000 9.77500000000 9.77500000000 9.77500000000 9.77500000000 9.77500000000 9.77500000000 9.77500000000 9.77500000000 9.77500000000 9.77500000000 
197
covarEC197 20 9.77500000000 9.77500000000 9.77500000000 9.77500000000 9.77500000000 9.77500000000 9.77500000000 9.77500000000 9.77500000000 9.77500000000 9.77500000000 9.77500000000 9.77500000000 9.77500000000 9.77500000000 9.77500000000 9.77500000000 9.77500000000 9.77500000000 9.77500000000 
198
covarEC198 20 0.06261338826 0.08641320878 0.07758687735 0.09330126788 0.07215256952 0.08397083660 0.09583207581 0.07645935359 0.05157397746 0.06893620918 0.05082835864 0.08262988011 0.07710144575 0.07978603417 0.06103573939 0.09848638661 0.05910955770 0.08295687823 0.07622749904 0.06465966804 
199
covarEC199 20 9.77500000000 9.77500000000 9.77500000000 9.77500000000 9.77500000000 9.77500000000 9.77500000000 9.77500000000 9.77500000000 9.77500000000 9.77500000000 9.77500000000 9.77500000000 9.77500000000 9.77500000000 9.77500000000 9.77500000000 9.77500000000 9.77500000000 9.77500000000 
200
covarEC200 20 9.77500000000 9.77500000000 9.77500000000 9.77500000000 9.77500000000 9.77500000000 9.77500000000 9.77500000000 9.77500000000 9.77500000000 9.77500000000 9.77500000000 9.77500000000 9.77500000000 9.77500000000 9.77500000000 9.77500000000 9.77500000000 9.77500000000 9.77500000000 
201
covarEC201 20 0.06532476351 0.07056743462 0.06263725192 0.04532045086 0.06913352056 0.08010075030 0.06846733847 0.04808544765 0.05305550070 0.06578529786 0.07843977562 0.07695499550 0.09139379576 0.10115276575 0.09424244253 0.07618003351 0.04940757603 0.10826559397 0.10103726840 0.08673592824 
202
covarEC202 20 0.07774475579 0.07027214360 0.06888168847 0.06385263141 0.10269284993 0.07336864548 0.07630273590 0.07366790461 0.07196645610 0.07618197633 0.07733555551 0.07556723194 0.09868636401 0.09910830260 0.07333407697 0.08845434398 0.09297574376 0.10218494016 0.10894932492 0.11160148606 
203
covarEC203 20 0.07600629822 0.07889788989 0.08938675984 0.09423980248 0.09071029056 0.07816057310 0.08034737353 0.09491219466 0.07341516026 0.07196874970 0.07167910555 0.08702837215 0.08077954016 0.08089995240 0.11258259050 0.09957805481 0.09947463786 0.08405267216 0.08540522739 0.09561501462 
204
covarEC204 20 0.06282570289 0.07382075980 0.07239903789 0.07524317482 0.05944291115 0.06877080022 0.07869825256 0.05729441522 0.04252007748 0.06893160765 0.06729260677 0.05630769160 0.07744604038 0.10420880105 0.12160339289 0.08363617678 0.06176929989 0.11112306967 0.11583345483 0.07390826475 
205
covarEC205 20 0.05965638183 0.08413581973 0.07417300439 0.05496827901 0.09644353999 0.06456775891 0.07533896864 0.07386048882 0.05741621720 0.08060803938 0.06979869555 0.07546502680 0.06715885158 0.09798882771 0.05053181892 0.08663317722 0.07783672173 0.06720764894 0.09382041640 0.09454253279 
206
covarEC206 20 0.07190947454 0.07804739826 0.08994405470 0.09355825507 0.07560725112 0.08742709103 0.08829058745 0.10779994080 0.07574058122 0.06174399599 0.06092055390 0.09040976794 0.07898356139 0.07688721063 0.12574238979 0.09356850783 0.08652997424 0.08308404917 0.07848016340 0.07650990691 
207
covarEC207 20 0.05834714050 0.07075905824 0.07331214540 0.07454146530 0.04616847875 0.07197194143 0.09935932797 0.06639888892 0.06360830307 0.04621369322 0.04861695284 0.07517963370 0.06065231087 0.06373133049 0.07357875044 0.07239329825 0.05289858214 0.07159171370 0.06515791582 0.04895744203 
208
covarEC208 20 9.77500000000 9.77500000000 9.77500000000 9.77500000000 9.77500000000 9.77500000000 9.77500000000 9.77500000000 9.77500000000 9.77500000000 9.77500000000 9.77500000000 9.77500000000 9.77500000000 9.77500000000 9.77500000000 9.77500000000 9.77500000000 9.77500000000 9.77500000000 
209
covarEC209 20 9.77500000000 9.77500000000 9.77500000000 9.77500000000 9.77500000000 9.77500000000 9.77500000000 9.77500000000 9.77500000000 9.77500000000 9.77500000000 9.77500000000 9.77500000000 9.77500000000 9.77500000000 9.77500000000 9.77500000000 9.77500000000 9.77500000000 9.77500000000 
210
covarEC210 20 0.03041400216 0.03137589554 0.04927066433 0.03680696974 0.02510203708 0.10872574465 0.07156329430 0.02534196513 0.05650127649 0.04346516826 0.02518108808 9.77500053399 0.02516098577 0.02777794637 0.19374601459 0.05024461935 0.03272409837 0.04205912715 0.06262034456 0.04460295490 
211
covarEC211 20 0.08106571671 0.06871306399 0.05489861334 0.04788939057 0.10564261331 0.07852321709 0.05342552691 0.07458262930 0.04837720086 0.09194283077 0.08853691203 0.04441668241 0.09308359510 0.09974032917 0.06125833627 0.09755748987 0.07855937913 0.10847214283 0.12964196836 0.10081030093 
212
covarEC212 20 0.06446740632 0.07651459012 0.11959315491 0.09805545157 0.05464974985 0.08303645309 0.08074335190 0.08911589374 0.06124050492 0.07065331703 0.06848678980 0.09051413298 0.07228957649 0.08682734006 0.11793577026 0.10537140547 0.08071736140 0.05700993204 0.07634502465 0.10135083143 
213
covarEC213 20 0.06450837330 0.07834258479 0.06738776873 0.08234196160 0.05234330635 0.06724565170 0.09061880424 0.05313658830 0.05784561164 0.07494468262 0.06952208795 0.08199599362 0.08676930166 0.08936053442 0.11520881911 0.08133718864 0.05299456538 0.09213540842 0.07846648624 0.07781363009 
214
covarEC214 20 0.06639147550 0.07272223884 0.07821436922 0.06643965873 0.08508035039 0.08009574969 0.07363423361 0.07759629016 0.07661436937 0.07576884902 0.07235612361 0.08573658527 0.09390165730 0.10412139316 0.07363844254 0.09691574995 0.08496851188 0.08847726756 0.10464724672 0.09095377177 
215
covarEC215 20 0.07385354681 0.07825834376 0.09037570732 0.09314228550 0.07782586862 0.08823948329 0.08888758061 0.10094986813 0.07187559274 0.06877487604 0.06909542961 0.08651260006 0.08449767367 0.07929856880 0.11533869498 0.09064568333 0.08608449057 0.08976154842 0.08660163367 0.08863268476 
216
covarEC216 20 0.07951312122 0.07828006142 0.08478025092 0.08363579479 0.07442786785 0.09020490928 0.09519437432 0.06881293821 0.07884860986 0.06874506148 0.07344632540 0.08664328423 0.09754875688 0.08637721525 0.07278553562 0.08606056347 0.07681225976 0.09593828575 0.09326217783 0.08619944397 
217
covarEC217 20 9.77500000000 9.77500000000 9.77500000000 9.77500000000 9.77500000000 9.77500000000 9.77500000000 9.77500000000 9.77500000000 9.77500000000 9.77500000000 9.77500000000 9.77500000000 9.77500000000 9.77500000000 9.77500000000 9.77500000000 9.77500000000 9.77500000000 9.77500000000 
218
covarEC218 20 9.77500000000 9.77500000000 9.77500000000 9.77500000000 9.77500000000 9.77500000000 9.77500000000 9.77500000000 9.77500000000 9.77500000000 9.77500000000 9.77500000000 9.77500000000 9.77500000000 9.77500000000 9.77500000000 9.77500000000 9.77500000000 9.77500000000 9.77500000000 
219
covarEC219 20 9.77500000000 9.77500000000 9.77500000000 9.77500000000 9.77500000000 9.77500000000 9.77500000000 9.77500000000 9.77500000000 9.77500000000 9.77500000000 9.77500000000 9.77500000000 9.77500000000 9.77500000000 9.77500000000 9.77500000000 9.77500000000 9.77500000000 9.77500000000 
220
covarEC220 20 9.77500000000 9.77500000000 9.77500000000 9.77500000000 9.77500000000 9.77500000000 9.77500000000 9.77500000000 9.77500000000 9.77500000000 9.77500000000 9.77500000000 9.77500000000 9.77500000000 9.77500000000 9.77500000000 9.77500000000 9.77500000000 9.77500000000 9.77500000000 
221
covarEC221 20 9.77500000000 9.77500000000 9.77500000000 9.77500000000 9.77500000000 9.77500000000 9.77500000000 9.77500000000 9.77500000000 9.77500000000 9.77500000000 9.77500000000 9.77500000000 9.77500000000 9.77500000000 9.77500000000 9.77500000000 9.77500000000 9.77500000000 9.77500000000 
222
covarEC222 20 9.77500000000 9.77500000000 9.77500000000 9.77500000000 9.77500000000 9.77500000000 9.77500000000 9.77500000000 9.77500000000 9.77500000000 9.77500000000 9.77500000000 9.77500000000 9.77500000000 9.77500000000 9.77500000000 9.77500000000 9.77500000000 9.77500000000 9.77500000000 
223
covarEC223 20 9.77500000000 9.77500000000 9.77500000000 9.77500000000 9.77500000000 9.77500000000 9.77500000000 9.77500000000 9.77500000000 9.77500000000 9.77500000000 9.77500000000 9.77500000000 9.77500000000 9.77500000000 9.77500000000 9.77500000000 9.77500000000 9.77500000000 9.77500000000 
224
covarEC224 20 9.77500000000 9.77500000000 9.77500000000 9.77500000000 9.77500000000 9.77500000000 9.77500000000 9.77500000000 9.77500000000 9.77500000000 9.77500000000 9.77500000000 9.77500000000 9.77500000000 9.77500000000 9.77500000000 9.77500000000 9.77500000000 9.77500000000 9.77500000000 
225
covarEC225 20 0.07242554635 0.08269684108 0.06618637391 0.09240495925 0.07846533527 0.07619300425 0.09238104737 0.09380704888 0.06537373076 0.06196815551 0.04935768957 0.09233991521 0.06649793939 0.07591127017 0.05205921897 0.08480090883 0.05362670988 0.08497906220 0.07543988575 0.05611034166 
226
covarEC226 20 9.77500000000 9.77500000000 9.77500000000 9.77500000000 9.77500000000 9.77500000000 9.77500000000 9.77500000000 9.77500000000 9.77500000000 9.77500000000 9.77500000000 9.77500000000 9.77500000000 9.77500000000 9.77500000000 9.77500000000 9.77500000000 9.77500000000 9.77500000000 
227
covarEC227 20 9.77500000000 9.77500000000 9.77500000000 9.77500000000 9.77500000000 9.77500000000 9.77500000000 9.77500000000 9.77500000000 9.77500000000 9.77500000000 9.77500000000 9.77500000000 9.77500000000 9.77500000000 9.77500000000 9.77500000000 9.77500000000 9.77500000000 9.77500000000 
228
covarEC228 20 0.07443530183 0.07941597486 0.05310216272 0.04278061106 0.07072095482 0.07262849223 0.05841866143 0.05584551484 0.05882091791 0.08059836429 0.09587781878 0.06713110768 0.09033766217 0.10462112703 0.07961070938 0.07637141830 0.05323772337 0.10978862723 0.09853053761 0.07998558432 
229
covarEC229 20 0.07911931068 0.07204060861 0.06654558029 0.06222475717 0.10133932490 0.07436370151 0.07375954911 0.07161454109 0.07360626981 0.07883083529 0.07787298585 0.07953469115 0.09969859117 0.09849726460 0.06915025898 0.08704148520 0.08918474472 0.10530857421 0.11612143208 0.11475493293 
230
covarEC230 20 0.07315208256 0.07398680939 0.08757325836 0.08652263940 0.09503038726 0.07713404366 0.07977693572 0.09354735333 0.07504372051 0.07359704557 0.07658859087 0.08745787615 0.09767724903 0.09106057629 0.09371714665 0.09549899031 0.09287993940 0.08856447630 0.09011364077 0.10298878215 
231
covarEC231 20 0.06385073568 0.06617705459 0.05935785694 0.06185070906 0.07055940752 0.07163049991 0.08602556838 0.06352591989 0.05273887016 0.08210195481 0.07374134012 0.07627354713 0.09283542624 0.08676333900 0.12650315002 0.08207333638 0.06831460043 0.10736518424 0.08465943544 0.08025987037 
232
covarEC232 20 0.06582779035 0.08611640873 0.06809150158 0.04210113111 0.10244275135 0.08457614905 0.06825604560 0.08037842541 0.06116900120 0.08087910658 0.07988626437 0.09707331800 0.09406686730 0.11320474124 0.08200710874 0.08387320771 0.06855237369 0.10140615865 0.11233458572 0.09848135393 
233
covarEC233 20 0.07737506685 0.08546181185 0.09197438502 0.09713170902 0.07568177173 0.08747858869 0.09063556270 0.09917881223 0.07399553199 0.06604077962 0.06366154690 0.09291151549 0.07953121426 0.07968511957 0.13337466928 0.09891281297 0.09133067431 0.08404532485 0.08549557827 0.08413837953 
234
covarEC234 20 0.07633311826 0.08239354414 0.08352496932 0.07814983296 0.06972822597 0.08708836587 0.09244439113 0.07683850326 0.07531490922 0.06693062818 0.06537031753 0.08825411249 0.08681249438 0.07910686548 0.09116463580 0.08957132884 0.07390716787 0.09755751688 0.08515301820 0.07666336922 
235
covarEC235 20 9.77500000000 9.77500000000 9.77500000000 9.77500000000 9.77500000000 9.77500000000 9.77500000000 9.77500000000 9.77500000000 9.77500000000 9.77500000000 9.77500000000 9.77500000000 9.77500000000 9.77500000000 9.77500000000 9.77500000000 9.77500000000 9.77500000000 9.77500000000 
236
covarEC236 20 9.77500000000 9.77500000000 9.77500000000 9.77500000000 9.77500000000 9.77500000000 9.77500000000 9.77500000000 9.77500000000 9.77500000000 9.77500000000 9.77500000000 9.77500000000 9.77500000000 9.77500000000 9.77500000000 9.77500000000 9.77500000000 9.77500000000 9.77500000000 
237
covarEC237 20 0.06530005697 0.07035076366 0.05489561205 0.04939172601 0.06878285377 0.04970418918 0.05637235977 0.06113602272 0.04453062722 0.09017949238 0.09808373336 0.07691415905 0.09843057359 0.11037420566 0.09234251137 0.06978411433 0.05535414639 0.10499109987 0.10594593687 0.11342257746 
238
covarEC238 20 0.07644832885 0.07252181196 0.06691841318 0.06140229935 0.10074992467 0.07491917105 0.07382526847 0.06322640206 0.07282111091 0.07898289461 0.07677194377 0.08245302394 0.09999016261 0.09609004206 0.07415868468 0.08537013579 0.09322947679 0.10536152638 0.11239413203 0.11042876393 
239
covarEC239 20 0.08090299357 0.07946579991 0.09067475087 0.09144091017 0.09536864248 0.08486260265 0.08162819728 0.08940119886 0.07258229447 0.07796006360 0.07440751038 0.09214833079 0.09089369738 0.08759186488 0.11029975619 0.09274634690 0.09647784588 0.08817458792 0.09388381837 0.10128261950 
240
covarEC240 20 0.08131436648 0.08357790235 0.07724795246 0.08047166773 0.07050128911 0.09024296591 0.09632907195 0.07311609558 0.06858709312 0.07425661987 0.07562603712 0.09374684500 0.09550799651 0.08905809374 0.11956031997 0.09122400555 0.07170195821 0.10732008510 0.09228677245 0.08525976837 
241
covarEC241 20 0.07422800430 0.08030686693 0.07632591916 0.06848232921 0.09717039669 0.08199006341 0.08218910024 0.07534137694 0.07945741195 0.08361723759 0.07651031869 0.09504716671 0.09940718404 0.09758198002 0.09169012982 0.09343963202 0.09898009226 0.10634341225 0.11691616595 0.11414247844 
242
covarEC242 20 0.08495932296 0.08932651532 0.09869164594 0.09841360503 0.08496492261 0.09718217266 0.09804558332 0.10487283555 0.08137601466 0.07715772472 0.07383703353 0.10198821451 0.09907044305 0.08895316414 0.13219214361 0.10722914511 0.09572140981 0.08932567207 0.09320791843 0.09228853900 
