
243
0
covarEC0 20 0.08802963485 0.07046763918 0.06663534238 0.07322604512 0.06579881116 0.06593542015 0.09156579235 0.07198727010 0.08162178515 0.05450781224 0.07011372498 0.09656132629 0.08761767983 0.06987712645 0.07508859987 0.07462201741 0.08845249247 0.06887703915 0.10090108669 0.12267568894 
1
covarEC1 20 0.05865510634 0.06142787647 0.09027307355 0.12025126193 0.05175055522 0.05467497135 0.07753503224 0.06335627371 0.08948786511 0.03601272908 0.05161064983 0.07245676619 0.05414593445 0.05113246558 0.13839366221 0.09319063412 0.13413437229 0.05104286023 0.07609775200 0.04970468772 
2
covarEC2 20 0.06886314426 0.06214466027 0.09207988786 0.10113001197 0.06368092753 0.06200964584 0.08983527339 0.10810622951 0.09277787283 0.04253447448 0.05136101939 0.08462063134 0.06019784124 0.05347832803 0.11771174612 0.09220428113 0.12181811733 0.05306271361 0.08022024039 0.07095304653 
3
covarEC3 20 0.07304041135 0.03273989258 0.09152277672 0.16693675396 0.02509146265 0.03263461892 0.03108909046 0.03353518953 0.10146394091 0.02917876612 0.02508501625 0.03232353276 0.02530368218 0.17521554566 0.02573123619 0.11209772925 0.13099257733 0.08310699819 0.16535900617 0.05589259379 
4
covarEC4 20 0.07059232983 0.04954190655 0.04441385367 0.04380635926 0.07304768472 0.04768635764 0.04720400238 0.06355067625 0.06631720043 0.06679952228 0.08220563019 0.07335468008 0.09911822145 0.09102369483 0.05196752642 0.06096666361 0.09060581005 0.06881154394 0.11431370115 0.14571981393 
5
covarEC5 20 0.06808820452 0.07201145499 0.06153362423 0.06481307646 0.05817233315 0.07173740027 0.08080485851 0.08338676491 0.06708628001 0.08042458911 0.10356040551 0.08956526575 0.12512568545 0.07612439953 0.11692465387 0.06377145575 0.09196718608 0.07559007118 0.08324064905 0.11456610430 
6
covarEC6 20 0.08439847978 0.07352057363 0.07635188553 0.07604562298 0.05615053494 0.06740287821 0.09255192623 0.06361504206 0.09283517454 0.05004647101 0.07364451160 0.10725952637 0.08114852886 0.07219876682 0.05284503993 0.08268420698 0.08388147701 0.05108748906 0.09994781939 0.10056595113 
7
covarEC7 20 0.07304819319 0.04797454321 0.04965877374 0.06166574817 0.07962901886 0.04774574748 0.06143683134 0.07716544031 0.06680621471 0.06515759957 0.07949155576 0.06308641255 0.09496173322 0.08605854795 0.07148374876 0.07260933936 0.08902936599 0.07298956997 0.11729145858 0.15005863011 
8
covarEC8 20 0.07657803761 0.06613266098 0.07204362322 0.08175121503 0.07237928947 0.06180765118 0.08650657395 0.10364046716 0.08425436562 0.05381459406 0.06737020478 0.09725492355 0.08591237379 0.07122887591 0.11833474477 0.07981474703 0.10237377132 0.06936380105 0.10311888313 0.12040449325 
9
covarEC9 20 0.09321100566 0.02569530541 0.06754578635 0.03424917055 0.02505493172 0.03588589920 0.03427728231 0.07626224067 0.02579645005 0.11803867975 0.11828197069 0.05406613794 0.07184142670 0.02902147100 0.11528423031 0.12886569980 0.08124928255 9.77500016902 9.77500007226 0.10233517531 
10
covarEC10 20 9.77500000000 9.77500000000 9.77500000000 9.77500000000 9.77500000000 9.77500000000 9.77500000000 9.77500000000 9.77500000000 9.77500000000 9.77500000000 9.77500000000 9.77500000000 9.77500000000 9.77500000000 9.77500000000 9.77500000000 9.77500000000 9.77500000000 9.77500000000 
11
covarEC11 20 9.77500000000 9.77500000000 9.77500000000 9.77500000000 9.77500000000 9.77500000000 9.77500000000 9.77500000000 9.77500000000 9.77500000000 9.77500000000 9.77500000000 9.77500000000 9.77500000000 9.77500000000 9.77500000000 9.77500000000 9.77500000000 9.77500000000 9.77500000000 
12
covarEC12 20 9.77500000000 9.77500000000 9.77500036754 9.77500000000 9.77500000000 9.77554361011 9.77500000000 9.77500000000 9.77500000000 9.77500000000 9.77550892586 9.77500000000 9.77500000000 9.77500019047 9.77500000000 9.77500000000 9.77500000000 9.77500005903 9.77500000001 9.77500000000 
13
covarEC13 20 0.06839552443 0.06181208975 0.05578262512 0.05728334964 0.07123621500 0.04827719720 0.07687103901 0.06457681193 0.06938748451 0.06659891921 0.07773612635 0.07037685058 0.09405465901 0.08645953765 0.04888202174 0.07890007820 0.10838062528 0.07638920496 0.12231117891 0.15225424058 
14
covarEC14 20 0.08115753684 0.06210345497 0.06489375686 0.09229711891 0.05379619336 0.06148030681 0.07929486522 0.13545452785 0.07063629413 0.06712101617 0.06834511881 0.08295191854 0.07521873487 0.08134018634 0.12607957138 0.08364678439 0.08250398732 0.05687850131 0.11062067695 0.10302056354 
15
covarEC15 20 0.04105141300 0.06894980834 0.09726099634 0.08011403986 0.02577413779 0.11165757439 0.12704462135 0.02639360921 0.02839854880 0.09005660153 0.13268632597 0.11620552166 0.17329472426 0.04828748645 0.07636543752 0.07078081618 0.03983576738 0.04056916893 0.07489909552 0.09130445663 
16
covarEC16 20 0.05423238680 0.16678472695 0.02526613088 0.02503513894 0.05154228923 0.02508830193 0.02513602035 0.09948492722 0.02501954670 0.07947301257 0.08366330635 0.04288507373 0.05899747302 0.06388900646 0.20901032953 0.06268251606 0.09100283072 9.77500023067 0.11052726051 0.04379128562 
17
covarEC17 20 0.06747816329 0.06599108185 0.07510279456 0.09958563923 0.05062655682 0.06380345884 0.08375933184 0.14624761759 0.08088001311 0.05803392928 0.06208538990 0.09630112989 0.07532966627 0.06095883387 0.12070942863 0.07204051844 0.07805218053 0.03525198610 0.07668735798 0.09417055622 
18
covarEC18 20 0.08679905836 0.07201778380 0.07058697290 0.07659874817 0.06305288906 0.06300364571 0.08757104953 0.06090857099 0.08204260413 0.05323098551 0.07019553233 0.09703496201 0.09146735601 0.07485429234 0.05320437059 0.07078717587 0.08154652464 0.06709732521 0.09794554663 0.10545301251 
19
covarEC19 20 9.77500000000 9.77500000000 9.77500000000 9.77500000000 9.77500000000 9.77500000000 9.77500000000 9.77500000000 9.77500000000 9.77500000000 9.77500000000 9.77500000000 9.77500000000 9.77500000000 9.77500000000 9.77500000000 9.77500000000 9.77500000000 9.77500000000 9.77500000000 
20
covarEC20 20 9.77500000000 9.77500000000 9.77500000000 9.77500000000 9.77500000000 9.77500000000 9.77500000000 9.77500000000 9.77500000000 9.77500000000 9.77500000000 9.77500000000 9.77500000000 9.77500000000 9.77500000000 9.77500000000 9.77500000000 9.77500000000 9.77500000000 9.77500000000 
21
covarEC21 20 0.08907543406 0.05926581237 0.02507743716 0.02857137278 0.12812324261 0.08805924598 0.10758743880 0.13154394949 0.12497780307 0.09586090469 0.11309706849 0.03291852668 0.12969561249 0.02503884954 0.02502199019 0.09465095396 0.09829164172 9.77500002737 0.02503642992 0.04299918823 
22
covarEC22 20 0.06928943386 0.06831470636 0.06447794557 0.05609521708 0.08239143311 0.05778119011 0.07512295951 0.06135352060 0.07904841016 0.06811414234 0.07297682922 0.08889864418 0.08599442053 0.09017418079 0.06549430535 0.07192522214 0.10922930897 0.08104422791 0.12518366133 0.15044326112 
23
covarEC23 20 0.06692396606 0.07578533350 0.08567672161 0.09335325226 0.06960379042 0.07643072335 0.09511477776 0.14983247109 0.06831797970 0.06123787622 0.06768578885 0.09921482936 0.08317644925 0.06364734495 0.11158976325 0.07085565813 0.09409743945 0.06663945525 0.08110470113 0.09809030127 
24
covarEC24 20 0.08320084011 0.07157865916 0.07650607280 0.08202625958 0.06358183621 0.06904453651 0.09151438623 0.06924984927 0.09252530965 0.05045300954 0.07328892681 0.10458345959 0.08157173689 0.07842578164 0.04727640908 0.08297007105 0.09172031023 0.06861088458 0.11108835415 0.08834501784 
25
covarEC25 20 0.08067194313 0.06112125654 0.05889577599 0.06394200043 0.09351335119 0.05474136469 0.07352375042 0.08343675776 0.07630005157 0.06020394563 0.06936616852 0.08061428248 0.08141475632 0.08136413150 0.09650861341 0.07796880876 0.10816727442 0.05833494825 0.11240068042 0.14519732073 
26
covarEC26 20 0.07830571115 0.06765057900 0.07689512963 0.08687940961 0.06837134532 0.06452982707 0.09456906043 0.12552987730 0.09068346210 0.05047367221 0.05937989855 0.10415806046 0.07490166008 0.06524980392 0.12488895163 0.08046941032 0.10222227256 0.06154027433 0.09346242731 0.10655774791 
27
covarEC27 20 0.03847826525 0.10134722015 0.07175493835 0.02505394301 9.77518106700 0.03150029495 0.03225783929 0.21856008887 9.77500021410 0.18357008295 0.13239993303 0.03173722696 0.13069522348 0.06394392837 9.77500046749 0.02964659368 0.02501136679 0.21602071563 9.77500000302 0.10338096805 
28
covarEC28 20 9.77500000000 9.77500000000 9.77500000000 9.77500000000 9.77500000000 9.77500000000 9.77500000000 9.77500000000 9.77500000000 9.77500000000 9.77500000000 9.77500000000 9.77500000000 9.77500000000 9.77500000000 9.77500000000 9.77500000000 9.77500000000 9.77500000000 9.77500000000 
29
covarEC29 20 9.77500000000 9.77500000000 9.77500000000 9.77500000000 9.77500000000 9.77500000000 9.77500000000 9.77500000000 9.77500000000 9.77500000000 9.77500000000 9.77500000000 9.77500000000 9.77500000000 9.77500000000 9.77500000000 9.77500000000 9.77500000000 9.77500000000 9.77500000000 
30
covarEC30 20 9.77500000000 9.77500000000 9.77500000000 9.77500000000 9.77500000000 9.77500000000 9.77500000000 9.77500000000 9.77500000000 9.77500000000 9.77500000000 9.77500000000 9.77500000000 9.77500000000 9.77500000000 9.77500000000 9.77500000000 9.77500000000 9.77500000000 9.77500000000 
31
covarEC31 20 9.77500000000 9.77500000000 9.77500000000 9.77500000000 9.77500000000 9.77500000000 9.77500000000 9.77500000000 9.77500000000 9.77500000000 9.77500000000 9.77500000000 9.77500000000 9.77500000000 9.77500000000 9.77500000000 9.77500000000 9.77500000000 9.77500000000 9.77500000000 
32
covarEC32 20 9.77500000000 9.77500000000 9.77500000000 9.77500000000 9.77500000000 9.77500000000 9.77500000000 9.77500000000 9.77500000000 9.77500000000 9.77500000000 9.77500000000 9.77500000000 9.77500000000 9.77500000000 9.77500000000 9.77500000000 9.77500000000 9.77500000000 9.77500000000 
33
covarEC33 20 9.77500000000 9.77500000000 9.77500000000 9.77500000000 9.77500000000 9.77500000000 9.77500000000 9.77500000000 9.77500000000 9.77500000000 9.77500000000 9.77500000000 9.77500000000 9.77500000000 9.77500000000 9.77500000000 9.77500000000 9.77500000000 9.77500000000 9.77500000000 
34
covarEC34 20 9.77500000000 9.77500000000 9.77500000000 9.77500000000 9.77500000000 9.77500000000 9.77500000000 9.77500000000 9.77500000000 9.77500000000 9.77500000000 9.77500000000 9.77500000000 9.77500000000 9.77500000000 9.77500000000 9.77500000000 9.77500000000 9.77500000000 9.77500000000 
35
covarEC35 20 9.77500000000 9.77500000000 9.77500000000 9.77500000000 9.77500000000 9.77500000000 9.77500000000 9.77500000000 9.77500000000 9.77500000000 9.77500000000 9.77500000000 9.77500000000 9.77500000000 9.77500000000 9.77500000000 9.77500000000 9.77500000000 9.77500000000 9.77500000000 
36
covarEC36 20 9.77500000000 9.77500000000 9.77507756913 9.77500000000 9.77500000000 9.77500000000 9.77500000000 9.77500000000 9.77527718452 9.77500000000 9.77500000000 9.77500000000 9.77531367994 9.77531254077 9.77500000000 9.77500000000 9.77500061650 9.77500000000 9.77500000000 9.77500000000 
37
covarEC37 20 9.77500000000 9.77500000000 9.77500000000 9.77500000000 9.77500000000 9.77500000000 9.77500000000 9.77500000000 9.77500000000 9.77500000000 9.77500000000 9.77500000000 9.77500000000 9.77500000000 9.77500000000 9.77500000000 9.77500000000 9.77500000000 9.77500000000 9.77500000000 
38
covarEC38 20 9.77500000000 9.77500000000 9.77500000000 9.77500000000 9.77500000000 9.77500000000 9.77500000000 9.77500000000 9.77500000000 9.77500000000 9.77500000000 9.77500000000 9.77500000000 9.77500000000 9.77500000000 9.77500000000 9.77500000000 9.77500000000 9.77500000000 9.77500000000 
39
covarEC39 20 0.02521862483 9.77500056608 0.20676905057 0.08573527362 0.02517308880 0.04620625596 0.10894593609 0.05291576466 9.77500040476 0.22259302006 0.12055415401 9.77500027992 0.11100803993 0.02566616110 9.77500000000 0.17927012895 9.77500000000 9.77500005369 9.77500025469 0.21157336720 
40
covarEC40 20 0.08223805652 0.05614794849 0.04466765997 0.04627544584 0.08324061114 0.05234569081 0.06450316281 0.09148374029 0.07313375421 0.07358472882 0.07650645409 0.07126815561 0.09178300669 0.09142434095 0.04861162278 0.06846523641 0.09923042198 0.06475780629 0.11407739316 0.15371204354 
41
covarEC41 20 0.06278314903 0.05921385565 0.09621204491 0.07195296594 0.07138040564 0.06951675669 0.09685413619 0.15373111376 0.07482409724 0.04842959159 0.06041482130 0.08604626525 0.04634059182 0.07166482903 0.08927339265 0.04986481317 0.09903752492 0.05505720328 0.07982509346 0.05655490691 
42
covarEC42 20 0.02519073519 0.02670569599 0.03491551168 9.77500004028 0.09320345721 0.03121204969 9.77500001437 9.77500003333 0.02501746383 0.03434149149 9.77500006940 0.03139311182 0.02556869316 0.02519659248 0.03118212041 9.77500000830 0.02520121832 0.02514013527 9.77500000001 0.02694314054 
43
covarEC43 20 0.17566574338 0.12465253898 0.12125617920 0.03425218186 9.77821438918 0.11983546485 0.06973190927 0.13060968619 0.16264914226 0.08597796543 0.02508763135 9.77500121868 9.77500051691 0.03756535702 0.05724800597 0.08181424946 0.02756379417 9.77551526415 0.07293237868 0.11631935425 
44
covarEC44 20 0.06913782567 0.08467935758 0.08661389101 0.09441173316 0.07639611155 0.07937286103 0.08586937835 0.12080723286 0.09985206246 0.06435847629 0.07527232146 0.09281566830 0.08403450677 0.06920827500 0.11245781117 0.06813061720 0.08236307918 0.04476569475 0.08129001730 0.05808163006 
45
covarEC45 20 0.13256360111 0.07833268014 0.09567678184 0.12225344494 0.08770806815 0.06761356524 0.14250708035 9.77500268215 0.14397041947 0.13375485057 0.18582236241 0.03445598127 0.14718022240 0.03371930925 9.77500145737 0.14981391045 0.07900893376 9.77500124714 0.02826703750 0.09264779575 
46
covarEC46 20 9.77500000000 9.77500000000 9.77500000000 9.77500000000 9.77500000000 9.77500000000 9.77500000000 9.77500000000 9.77500000000 9.77500000000 9.77500000000 9.77500000000 9.77500000000 9.77500000000 9.77500000000 9.77500000000 9.77500000000 9.77500000000 9.77500000000 9.77500000000 
47
covarEC47 20 9.77500000000 9.77500000000 9.77500000000 9.77500000000 9.77500000000 9.77500000000 9.77500000000 9.77500000000 9.77500000000 9.77500000000 9.77500000000 9.77500000000 9.77500000000 9.77500000000 9.77500000000 9.77500000000 9.77500000000 9.77500000000 9.77500000000 9.77500000000 
48
covarEC48 20 9.77500000000 9.77500000000 9.77500000000 9.77500000000 9.77500000000 9.77500000000 9.77500000000 9.77500000000 9.77500000000 9.77500000000 9.77500000000 9.77500000000 9.77500000000 9.77500000000 9.77500000000 9.77500000000 9.77500000000 9.77500000000 9.77500000000 9.77500000000 
49
covarEC49 20 0.08231461247 0.09840921673 0.09675399022 9.77500400315 0.05229592194 0.11209767254 0.02829731754 0.07786806614 0.08534872146 0.15075132256 0.10577522248 0.08500141503 0.07944525271 0.03044233581 9.77500178347 0.11126029260 0.08607569754 9.77500004539 0.02522862366 0.13055033106 
50
covarEC50 20 0.02505120946 0.02505139653 9.77500138762 0.16335775335 9.77500001070 0.03585221156 0.20466405715 9.77500000000 9.77500000000 9.77500014398 0.04104542347 0.10329188341 0.17938460962 0.20055906601 0.19947721534 0.03945802584 0.02951590224 0.22479386189 0.21548712134 9.77500000000 
51
covarEC51 20 0.02755087511 0.05692302081 0.05385840365 0.14527085883 0.02511388850 0.08268736130 0.10410669028 0.02867219781 0.02696544745 0.05664971649 0.14051474210 0.08323925389 0.06709163259 0.11604036253 0.02503026001 0.07912791226 0.11437480263 0.09057682262 0.14777232667 0.03984018506 
52
covarEC52 20 0.07752199163 0.07115695211 0.10414066703 0.03270897720 0.08709714054 0.09687545088 0.04729646427 0.05637805353 0.13690359278 0.10853267313 0.11525480002 0.13543542742 0.13841576516 0.03509173287 0.03589358639 0.03789329056 0.07431677468 0.10504246622 0.04012667625 0.14419923276 
53
covarEC53 20 0.07103793634 0.07656820979 0.08524809496 0.10459426681 0.04937968725 0.06883764024 0.11507965928 0.11481232826 0.08413647629 0.06677216863 0.06302045834 0.09645647485 0.06154765418 0.07248062908 0.09851716853 0.09094286472 0.08483706026 0.04075041570 0.07264885135 0.09725850075 
54
covarEC54 20 0.08815938730 0.06303799689 0.05872052918 0.06348285973 0.05961413512 0.05638444988 0.07829550556 0.06534371510 0.06871635169 0.05875068677 0.08421117731 0.10002452362 0.09473981630 0.07689807260 0.07002638149 0.08136768097 0.07018318467 0.06478896604 0.10929382557 0.11306209303 
55
covarEC55 20 9.77500000000 9.77500000000 9.77500000000 9.77500000000 9.77500000000 9.77500000000 9.77500000000 9.77500000000 9.77500000000 9.77500000000 9.77500000000 9.77500000000 9.77500000000 9.77500000000 9.77500000000 9.77500000000 9.77500000000 9.77500000000 9.77500000000 9.77500000000 
56
covarEC56 20 9.77500000000 9.77500000000 9.77500000000 9.77500000000 9.77500000000 9.77500000000 9.77500000000 9.77500000000 9.77500000000 9.77500000000 9.77500000000 9.77500000000 9.77500000000 9.77500000000 9.77500000000 9.77500000000 9.77500000000 9.77500000000 9.77500000000 9.77500000000 
57
covarEC57 20 9.77500000000 9.77500000000 9.77500000000 9.77500000000 9.77500000000 9.77500000000 9.77500000000 9.77500000000 9.77500000000 9.77500000000 9.77500000000 9.77500000000 9.77500000000 9.77500000000 9.77500000000 9.77500000000 9.77500000000 9.77500000000 9.77500000000 9.77500000000 
58
covarEC58 20 9.77500000000 9.77500000000 9.77500000000 9.77500000000 9.77500000000 9.77500000000 9.77500000000 9.77500000000 9.77500000000 9.77500000000 9.77500000000 9.77500000000 9.77500000000 9.77500000000 9.77500000000 9.77500000000 9.77500000000 9.77500000000 9.77500000000 9.77500000000 
59
covarEC59 20 9.77500000000 9.77500000000 9.77500000000 9.77500000000 9.77500000000 9.77500000000 9.77500000000 9.77500000000 9.77500000000 9.77500000000 9.77500000000 9.77500000000 9.77500000000 9.77500000000 9.77500000000 9.77500000000 9.77500000000 9.77500000000 9.77500000000 9.77500000000 
60
covarEC60 20 9.77500000000 9.77500000000 9.77500000000 9.77500000000 9.77500000000 9.77500000000 9.77500000000 9.77500000000 9.77500000000 9.77500000000 9.77500000000 9.77500000000 9.77500000000 9.77500000000 9.77500000000 9.77500000000 9.77500000000 9.77500000000 9.77500000000 9.77500000000 
61
covarEC61 20 9.77500000000 9.77500000000 9.77500000000 9.77500000000 9.77500000000 9.77500000000 9.77500000000 9.77500000000 9.77500000000 9.77500000000 9.77500000000 9.77500000000 9.77500000000 9.77500000000 9.77500000000 9.77500000000 9.77500000000 9.77500000000 9.77500000000 9.77500000000 
62
covarEC62 20 9.77500000000 9.77500000000 9.77500000000 9.77500000000 9.77500000000 9.77500000000 9.77500000000 9.77500000000 9.77500000000 9.77500000000 9.77500000000 9.77500000000 9.77500000000 9.77500000000 9.77500000000 9.77500000000 9.77500000000 9.77500000000 9.77500000000 9.77500000000 
63
covarEC63 20 0.14756137928 0.02873231903 9.77500205626 0.12328617965 0.09408715016 0.02744546431 0.07604202997 0.12038335074 0.02990451692 0.10032941883 0.03103952808 9.77500035183 0.02502286447 0.11802233492 9.77500010911 0.09903226354 0.08001990795 0.13824938861 0.02502631367 0.11711512376 
64
covarEC64 20 9.77500000000 9.77500000000 9.77500000000 9.77500000000 9.77500000000 9.77500000000 9.77500000000 9.77500000000 9.77500000000 9.77500000000 9.77500000000 9.77500000000 9.77500000000 9.77500000000 9.77500000000 9.77500000000 9.77500000000 9.77500000000 9.77500000000 9.77500000000 
65
covarEC65 20 9.77500000000 9.77500000000 9.77500000000 9.77500000000 9.77500000000 9.77500000000 9.77500000000 9.77500000000 9.77500000000 9.77500000000 9.77500000000 9.77500000000 9.77500000000 9.77500000000 9.77500000000 9.77500000000 9.77500000000 9.77500000000 9.77500000000 9.77500000000 
66
covarEC66 20 9.77500000000 9.77500028203 9.77500000000 9.77500000000 9.77500000000 9.77500000000 9.77500110749 9.77500000000 9.77500000000 9.77500000000 9.77500000000 9.77500000000 9.77500000000 9.77500000000 9.77500000000 9.77500000000 9.77500000000 9.77500000000 9.77500000000 9.77500000000 
67
covarEC67 20 0.07515903482 0.06308702059 0.03958747605 0.04925071183 0.07263963924 0.04900955259 0.06877678750 0.07091940881 0.07027595081 0.06993390861 0.07914773399 0.07761771472 0.09303348954 0.09558680797 0.05992870619 0.06502888968 0.08110041296 0.07214286129 0.11910484659 0.15907540433 
68
covarEC68 20 0.09637686921 0.10100626887 0.07321606854 0.08627118182 0.05609636625 0.06721859637 0.08378807473 0.13541790484 0.11143138541 0.06972013938 0.06833496023 0.12303054874 0.08532122739 0.07408185345 0.09623982202 0.08619099198 0.07561403726 0.05971527627 0.09383322774 0.07108509364 
69
covarEC69 20 0.10905607862 0.15642035968 0.04553007449 0.03970663932 0.04572459450 0.06440474324 0.05533862556 0.09926502758 0.10505639412 0.03805031234 0.12252696760 0.10937056954 0.10466835646 0.14628139743 0.07253327222 0.05247980120 0.05708638452 0.13458777424 0.15631079952 0.08796810880 
70
covarEC70 20 0.08768546458 0.12747313983 0.09996872329 0.15565514966 0.05816481136 0.03269718551 0.07536278175 0.02503283749 0.07808177279 0.08482445854 0.05492896618 0.12152625030 0.02690865602 0.02521365998 0.16513301351 0.12724341545 0.07537364160 0.07905937651 0.02584028841 0.13825840968 
71
covarEC71 20 0.06031041824 0.07425975741 0.08973923391 0.09554302375 0.05901794543 0.07209730662 0.08722850062 0.14068357426 0.10410001766 0.06128414124 0.05775035422 0.08847832045 0.07846567133 0.06780680764 0.09176522780 0.08141488404 0.07792444788 0.04415133192 0.08339348183 0.08544930164 
72
covarEC72 20 0.08341942238 0.07219352946 0.07078644457 0.08327981706 0.05907862136 0.06816335956 0.09817548212 0.06845457447 0.07990404511 0.04920253992 0.06593755430 0.10237785523 0.08079035711 0.07033832398 0.06223461356 0.07703325813 0.07579280794 0.06997339792 0.08850576271 0.09900383987 
73
covarEC73 20 9.77500000000 9.77500000000 9.77500000000 9.77500000000 9.77500000000 9.77500000000 9.77500000000 9.77500000000 9.77500000000 9.77500000000 9.77500000000 9.77500000000 9.77500000000 9.77500000000 9.77500000000 9.77500000000 9.77500000000 9.77500000000 9.77500000000 9.77500000000 
74
covarEC74 20 9.77500000000 9.77500000000 9.77500000000 9.77500000000 9.77500000000 9.77500000000 9.77500000000 9.77500000000 9.77500000000 9.77500000000 9.77500000000 9.77500000000 9.77500000000 9.77500000000 9.77500000000 9.77500000000 9.77500000000 9.77500000000 9.77500000000 9.77500000000 
75
covarEC75 20 0.07810931832 0.13847583386 0.14635665428 0.02530568457 9.77500065896 9.77500132435 9.77500031304 9.77500217963 0.07155355057 0.21102909098 0.14806282887 9.77500018924 0.06552489568 0.12598852508 0.09037716113 9.77500086402 9.77500048140 0.07909641373 0.14552436604 0.11924260948 
76
covarEC76 20 0.07764941373 0.06232550715 0.05623655099 0.05710912800 0.07836724633 0.05627587364 0.07688091008 0.07516418228 0.08095472941 0.06024940303 0.07344516408 0.08229342504 0.08959072508 0.08177554959 0.05263952671 0.07302071654 0.11100383449 0.07054498892 0.11625109631 0.16073284522 
77
covarEC77 20 0.07270914166 0.08958297060 0.09024739627 0.08000595449 0.04611545385 0.07300599452 0.08686333111 0.11694446498 0.08501472090 0.06372948940 0.07059211783 0.10977476170 0.06669525805 0.07745447966 0.12959466513 0.08576553310 0.09359320029 0.04928678497 0.08694029763 0.09798762742 
78
covarEC78 20 0.08520697740 0.06913808779 0.07464459707 0.07178215046 0.07408399569 0.06586552214 0.08569140960 0.06553478519 0.09651609334 0.05160071951 0.07613164670 0.11053237954 0.09061194411 0.07788290235 0.03889386640 0.08200167759 0.09504136193 0.06557010375 0.11559213137 0.09181751348 
79
covarEC79 20 0.07637567024 0.06484201551 0.06614493048 0.07018477551 0.08722863840 0.06276517659 0.06741193639 0.07596208729 0.07549457553 0.05834925072 0.07374862141 0.07694522428 0.08281780550 0.07068169450 0.09419007905 0.08876940558 0.10511932252 0.06198521696 0.10610609622 0.14580145031 
80
covarEC80 20 0.07715615241 0.07153782338 0.07657242652 0.08679121627 0.06700030615 0.06533689427 0.09200263019 0.11614955141 0.09238330723 0.04976163941 0.06052644484 0.10940302180 0.07404580933 0.06240598801 0.12732915192 0.08373076505 0.10058858342 0.06146166774 0.09652121813 0.10072054304 
81
covarEC81 20 0.09331457694 0.04999969739 0.04017197226 0.04056617448 0.07602760810 0.05450822030 0.06632045976 0.05949784348 0.05363331331 0.08106482585 0.11604120723 0.06601524267 0.11153794836 0.11642542297 0.06132039720 0.05339511109 0.07126516270 0.08451279656 0.11494755749 0.12004338410 
82
covarEC82 20 0.07413987261 0.11158026328 0.09399741232 0.14198695058 0.02522830904 0.03545379385 0.05351263806 0.07344694190 0.09911844360 0.03614768192 0.05198425918 0.06878036999 0.05138839242 0.03804550594 0.17028800273 0.08658263657 0.08116834093 0.02517618864 0.02951491965 0.06122318162 
83
covarEC83 20 0.06705151362 0.06800078638 0.08234181250 0.11875792289 0.05000138467 0.06516265076 0.08966195375 0.08496273056 0.10293647014 0.03869582300 0.04499587209 0.09802952350 0.04080634580 0.04848183816 0.14601305482 0.08874015316 0.09085849489 0.04548190816 0.08084942727 0.05337503790 
84
covarEC84 20 9.77500000000 9.77500000000 9.77500000000 9.77500000000 9.77500000000 9.77500000000 9.77500000000 9.77500000000 9.77500000000 9.77500000000 9.77500000000 9.77500000000 9.77500000000 9.77500000000 9.77500000000 9.77500000000 9.77500000000 9.77500000000 9.77500000000 9.77500000000 
85
covarEC85 20 9.77500000000 9.77500000000 9.77500000000 9.77500000000 9.77500000000 9.77500000000 9.77500000000 9.77500000000 9.77500000000 9.77500000000 9.77500000000 9.77500000000 9.77500000000 9.77500000000 9.77500000000 9.77500000000 9.77500000000 9.77500000000 9.77500000000 9.77500000000 
86
covarEC86 20 9.77500000000 9.77500000000 9.77500000000 9.77500000000 9.77500000000 9.77500000000 9.77500000000 9.77500000000 9.77500000000 9.77500000000 9.77500000000 9.77500000000 9.77500000000 9.77500000000 9.77500000000 9.77500000000 9.77500000000 9.77500000000 9.77500000000 9.77500000000 
87
covarEC87 20 9.77500000000 9.77500000000 9.77500000000 9.77500000000 9.77500000000 9.77500000000 9.77500000000 9.77500000000 9.77500000000 9.77500000000 9.77500000000 9.77500000000 9.77500000000 9.77500000000 9.77500000000 9.77500000000 9.77500000000 9.77500000000 9.77500000000 9.77500000000 
88
covarEC88 20 9.77500000000 9.77500000000 9.77500000000 9.77500000000 9.77500000000 9.77500000000 9.77500000000 9.77500000000 9.77500000000 9.77500000000 9.77500000000 9.77500000000 9.77500000000 9.77500000000 9.77500000000 9.77500000000 9.77500000000 9.77500000000 9.77500000000 9.77500000000 
89
covarEC89 20 9.77500000000 9.77500000000 9.77500000000 9.77500000000 9.77500000000 9.77500000000 9.77500000000 9.77500000000 9.77500000000 9.77500000000 9.77500000000 9.77500000000 9.77500000000 9.77500000000 9.77500000000 9.77500000000 9.77500000000 9.77500000000 9.77500000000 9.77500000000 
90
covarEC90 20 9.77500000000 9.77500000000 9.77500000000 9.77500000000 9.77500000000 9.77500000000 9.77500000000 9.77500000000 9.77500000000 9.77500000000 9.77500000000 9.77500000000 9.77500000000 9.77500000000 9.77500000000 9.77500000000 9.77500000000 9.77500000000 9.77500000000 9.77500000000 
91
covarEC91 20 9.77500000000 9.77500000000 9.77500000000 9.77500000000 9.77500000000 9.77500000000 9.77500000000 9.77500000000 9.77500000000 9.77500000000 9.77500000000 9.77500000000 9.77500000000 9.77500000000 9.77500000000 9.77500000000 9.77500000000 9.77500000000 9.77500000000 9.77500000000 
92
covarEC92 20 9.77500000000 9.77500000000 9.77500000000 9.77500000000 9.77500000000 9.77500000000 9.77500000000 9.77500000000 9.77500000000 9.77500000000 9.77500000000 9.77500000000 9.77500000000 9.77500000000 9.77500000000 9.77500000000 9.77500000000 9.77500000000 9.77500000000 9.77500000000 
93
covarEC93 20 9.77500000000 9.77500000000 9.77500000000 9.77500000000 9.77500000000 9.77500000000 9.77500000000 9.77500000000 9.77500000000 9.77500000000 9.77500000000 9.77500000000 9.77500000000 9.77500000000 9.77500000000 9.77500000000 9.77500000000 9.77500000000 9.77500000000 9.77500000000 
94
covarEC94 20 9.77500000000 9.77500000000 9.77500000000 9.77500000000 9.77500000000 9.77500000000 9.77500000000 9.77500000000 9.77500000000 9.77500000000 9.77500000000 9.77500000000 9.77500000000 9.77500000000 9.77500000000 9.77500000000 9.77500000000 9.77500000000 9.77500000000 9.77500000000 
95
covarEC95 20 9.77500000000 9.77500000000 9.77500000000 9.77500000000 9.77500000000 9.77500000000 9.77500000000 9.77500000000 9.77500000000 9.77500000000 9.77500000000 9.77500000000 9.77500000000 9.77500000000 9.77500000000 9.77500000000 9.77500000000 9.77500000000 9.77500000000 9.77500000000 
96
covarEC96 20 9.77500000000 9.77500000000 9.77500000000 9.77500000000 9.77500000000 9.77500000000 9.77500000000 9.77500000000 9.77500000000 9.77500000000 9.77500000000 9.77500000000 9.77500000000 9.77500000000 9.77500000000 9.77500000000 9.77500000000 9.77500000000 9.77500000000 9.77500000000 
97
covarEC97 20 9.77500000000 9.77500000000 9.77500000000 9.77500000000 9.77500000000 9.77500000000 9.77500000000 9.77500000000 9.77500000000 9.77500000000 9.77500000000 9.77500000000 9.77500000000 9.77500000000 9.77500000000 9.77500000000 9.77500000000 9.77500000000 9.77500000000 9.77500000000 
98
covarEC98 20 9.77500000000 9.77500000000 9.77500000000 9.77500000000 9.77500000000 9.77500000000 9.77500000000 9.77500000000 9.77500000000 9.77500000000 9.77500000000 9.77500000000 9.77500000000 9.77500000000 9.77500000000 9.77500000000 9.77500000000 9.77500000000 9.77500000000 9.77500000000 
99
covarEC99 20 9.77500000000 9.77500000000 9.77500000000 9.77500000000 9.77500000000 9.77500000000 9.77500000000 9.77500000000 9.77500000000 9.77500000000 9.77500000000 9.77500000000 9.77500000000 9.77500000000 9.77500000000 9.77500000000 9.77500000000 9.77500000000 9.77500000000 9.77500000000 
100
covarEC100 20 9.77500000000 9.77500000000 9.77500000000 9.77500000000 9.77500000000 9.77500000000 9.77500000000 9.77500000000 9.77500000000 9.77500000000 9.77500000000 9.77500000000 9.77500000000 9.77500000000 9.77500000000 9.77500000000 9.77500000000 9.77500000000 9.77500000000 9.77500000000 
101
covarEC101 20 9.77500000000 9.77500000000 9.77500000000 9.77500000000 9.77500000000 9.77500000000 9.77500000000 9.77500000000 9.77500000000 9.77500000000 9.77500000000 9.77500000000 9.77500000000 9.77500000000 9.77500000000 9.77500000000 9.77500000000 9.77500000000 9.77500000000 9.77500000000 
102
covarEC102 20 9.77500000000 9.77500000000 9.77500000000 9.77500000000 9.77500000000 9.77500000000 9.77500000000 9.77500000000 9.77500000000 9.77500000000 9.77500000000 9.77500000000 9.77500000000 9.77500000000 9.77500000000 9.77500000000 9.77500000000 9.77500000000 9.77500000000 9.77500000000 
103
covarEC103 20 9.77500000000 9.77500000000 9.77500000000 9.77500000000 9.77500000000 9.77500000000 9.77500000000 9.77500000000 9.77500000000 9.77500000000 9.77500000000 9.77500000000 9.77500000000 9.77500000000 9.77500000000 9.77500000000 9.77500000000 9.77500000000 9.77500000000 9.77500000000 
104
covarEC104 20 9.77500000000 9.77500000000 9.77500000000 9.77500000000 9.77500000000 9.77500000000 9.77500000000 9.77500000000 9.77500000000 9.77500000000 9.77500000000 9.77500000000 9.77500000000 9.77500000000 9.77500000000 9.77500000000 9.77500000000 9.77500000000 9.77500000000 9.77500000000 
105
covarEC105 20 9.77500000000 9.77500000000 9.77500000000 9.77500000000 9.77500000000 9.77500000000 9.77500000000 9.77500000000 9.77500000000 9.77500000000 9.77500000000 9.77500000000 9.77500000000 9.77500000000 9.77500000000 9.77500000000 9.77500000000 9.77500000000 9.77500000000 9.77500000000 
106
covarEC106 20 9.77500000000 9.77500000000 9.77500000000 9.77500000000 9.77500000000 9.77500000000 9.77500000000 9.77500000000 9.77500000000 9.77500000000 9.77500000000 9.77500000000 9.77500000000 9.77500000000 9.77500000000 9.77500000000 9.77500000000 9.77500000000 9.77500000000 9.77500000000 
107
covarEC107 20 9.77500000000 9.77500000000 9.77500000000 9.77500000000 9.77500000000 9.77500000000 9.77500000000 9.77500000000 9.77500000000 9.77500000000 9.77500000000 9.77500000000 9.77500000000 9.77500000000 9.77500000000 9.77500000000 9.77500000000 9.77500000000 9.77500000000 9.77500000000 
108
covarEC108 20 0.08657961193 0.08562868478 0.06687902212 0.07995691838 0.05314666540 0.06188707500 0.09857934405 0.08848571215 0.08206756827 0.04952333406 0.06478445264 0.10920974033 0.07831339787 0.06643682993 0.15033152794 0.07631802447 0.06758924351 0.05327204397 0.08693582001 0.09208037276 
109
covarEC109 20 9.77500000000 9.77500000000 9.77500000000 9.77500000000 9.77500000000 9.77500000000 9.77500000000 9.77500000000 9.77500000000 9.77500000000 9.77500000000 9.77500000000 9.77500000000 9.77500000000 9.77500000000 9.77500000000 9.77500000000 9.77500000000 9.77500000000 9.77500000000 
110
covarEC110 20 9.77500000000 9.77500000000 9.77500000000 9.77500000000 9.77500000000 9.77500000000 9.77500000000 9.77500000000 9.77500000000 9.77500000000 9.77500000000 9.77500000000 9.77500000000 9.77500000000 9.77500000000 9.77500000000 9.77500000000 9.77500000000 9.77500000000 9.77500000000 
111
covarEC111 20 9.77500000000 9.77500000000 9.77500000000 9.77500000000 9.77500000000 9.77500000000 9.77500000000 9.77500000000 9.77500000000 9.77500000000 9.77500000000 9.77500000000 9.77500000000 9.77500000000 9.77500000000 9.77500000000 9.77500000000 9.77500000000 9.77500000000 9.77500000000 
112
covarEC112 20 9.77500000000 9.77500000000 9.77500000000 9.77500000000 9.77500000000 9.77500000000 9.77500000000 9.77500000000 9.77500000000 9.77500000000 9.77500000000 9.77500000000 9.77500000000 9.77500000000 9.77500000000 9.77500000000 9.77500000000 9.77500000000 9.77500000000 9.77500000000 
113
covarEC113 20 9.77500000000 9.77500000000 9.77500000000 9.77500000000 9.77500000000 9.77500000000 9.77500000000 9.77500000000 9.77500000000 9.77500000000 9.77500000000 9.77500000000 9.77500000000 9.77500000000 9.77500000000 9.77500000000 9.77500000000 9.77500000000 9.77500000000 9.77500000000 
114
covarEC114 20 9.77500000000 9.77500000000 9.77500000000 9.77500000000 9.77500000000 9.77500000000 9.77500000000 9.77500000000 9.77500000000 9.77500000000 9.77500000000 9.77500000000 9.77500000000 9.77500000000 9.77500000000 9.77500000000 9.77500000000 9.77500000000 9.77500000000 9.77500000000 
115
covarEC115 20 9.77500000000 9.77500000000 9.77500000000 9.77500000000 9.77500000000 9.77500000000 9.77500000000 9.77500000000 9.77500000000 9.77500000000 9.77500000000 9.77500000000 9.77500000000 9.77500000000 9.77500000000 9.77500000000 9.77500000000 9.77500000000 9.77500000000 9.77500000000 
116
covarEC116 20 9.77500000000 9.77500000000 9.77500000000 9.77500000000 9.77500000000 9.77500000000 9.77500000000 9.77500000000 9.77500000000 9.77500000000 9.77500000000 9.77500000000 9.77500000000 9.77500000000 9.77500000000 9.77500000000 9.77500000000 9.77500000000 9.77500000000 9.77500000000 
117
covarEC117 20 0.07499881127 0.07628412348 0.08108842363 0.09481548916 0.04607895362 0.07244002468 0.09977033682 0.08896655689 0.08805886475 0.03643216959 0.03805598787 0.09232214628 0.05042843518 0.04039529029 0.08730805549 0.07951356415 0.07138743772 0.03864778388 0.05303830463 0.04236475010 
118
covarEC118 20 9.77500000000 9.77500000000 9.77500000000 9.77500000000 9.77500000000 9.77500000000 9.77500000000 9.77500000000 9.77500000000 9.77500000000 9.77500000000 9.77500000000 9.77500000000 9.77500000000 9.77500000000 9.77500000000 9.77500000000 9.77500000000 9.77500000000 9.77500000000 
119
covarEC119 20 9.77500000000 9.77500000000 9.77500000000 9.77500000000 9.77500000000 9.77500000000 9.77500000000 9.77500000000 9.77500000000 9.77500000000 9.77500000000 9.77500000000 9.77500000000 9.77500000000 9.77500000000 9.77500000000 9.77500000000 9.77500000000 9.77500000000 9.77500000000 
120
covarEC120 20 0.07443001441 0.10503232355 0.10175966830 0.10886431478 0.06360819646 0.08147192759 0.08201699353 0.07314495241 0.11561100661 0.04377323951 0.05680214024 0.11239005964 0.08059041373 0.06781289390 0.04411902500 0.07177541549 0.06514617134 0.07322786358 0.10010052532 0.06181501634 
121
covarEC121 20 0.07620351399 0.06660194681 0.06410882873 0.06458445028 0.08528388033 0.06176113268 0.07927579845 0.08445314469 0.08912281117 0.05981964642 0.07233049612 0.09832548373 0.08716801670 0.08229508282 0.06885971670 0.07620321965 0.11214858492 0.07653517090 0.12547457564 0.16123440266 
122
covarEC122 20 0.07469977940 0.07236356042 0.08403054808 0.09907403199 0.06899113905 0.06738095660 0.09374322195 0.12885626285 0.09398272941 0.04877610576 0.05584752873 0.11929002927 0.07434302671 0.06213153361 0.12869960421 0.08134637311 0.10467633032 0.06122202836 0.09428393699 0.10306199193 
123
covarEC123 20 0.07232070297 0.07290509132 0.08594476924 0.09563611247 0.06097542890 0.07306794451 0.09053278066 0.09460469453 0.09824235459 0.04477774574 0.07705704443 0.10434761676 0.08509898940 0.07095301413 0.04427929472 0.08617654521 0.09724542081 0.05607657705 0.09252578894 0.07209386015 
124
covarEC124 20 0.08305407093 0.07860167090 0.07139596139 0.05909735459 0.05230801325 0.06580645185 0.07238122150 0.09320905345 0.06723416702 0.07531274936 0.07667666629 0.09736801197 0.07166483240 0.07393548067 0.11283835922 0.09112111047 0.08795792949 0.05151707746 0.09327680924 0.11894950159 
125
covarEC125 20 0.07597924071 0.06823784356 0.08162636345 0.09421846971 0.06484838926 0.06621933449 0.09447049529 0.13637036804 0.09202825436 0.04750820509 0.05361181231 0.11139654176 0.06499296618 0.05833295444 0.13103025438 0.08047939683 0.09497959351 0.05634859512 0.08560658216 0.09646323975 
126
covarEC126 20 0.08301461860 0.07904769603 0.08144700537 0.09606476722 0.05276064502 0.06736205331 0.11074637031 0.09230921767 0.09200681495 0.05056415047 0.05727797687 0.10328567626 0.05841193371 0.06077150549 0.07614869082 0.08617043331 0.06903314575 0.06352201025 0.07788235788 0.07148626186 
127
covarEC127 20 9.77500000000 9.77500000000 9.77500000000 9.77500000000 9.77500000000 9.77500000000 9.77500000000 9.77500000000 9.77500000000 9.77500000000 9.77500000000 9.77500000000 9.77500000000 9.77500000000 9.77500000000 9.77500000000 9.77500000000 9.77500000000 9.77500000000 9.77500000000 
128
covarEC128 20 9.77500000000 9.77500000000 9.77500000000 9.77500000000 9.77500000000 9.77500000000 9.77500000000 9.77500000000 9.77500000000 9.77500000000 9.77500000000 9.77500000000 9.77500000000 9.77500000000 9.77500000000 9.77500000000 9.77500000000 9.77500000000 9.77500000000 9.77500000000 
129
covarEC129 20 0.02611347435 0.10417342778 0.11240070829 0.15254255489 9.77505564361 0.03984272125 0.07864142653 0.02719135713 0.15544193068 0.04773935150 0.12094598572 0.11037345860 9.77500221499 0.17838555904 9.77500043970 0.09000539238 9.77500049419 0.13748667338 0.16021652982 0.09775972404 
130
covarEC130 20 0.05352456697 0.07097344246 0.07059624219 0.05798483207 0.06593859484 0.07040004798 0.09676055033 0.06175976546 0.09364545070 0.08737464596 0.08678411745 0.09735319680 0.08917006829 0.08819938184 0.07513046166 0.07283542553 0.11308164607 0.08060079352 0.10896812863 0.12592817750 
131
covarEC131 20 0.05504369984 0.10522989325 0.09548756186 0.08481870513 0.03320770238 0.06417010503 0.08910107827 0.12315010228 0.08541482720 0.06404998683 0.06994729922 0.11624729124 0.07864392932 0.07762907005 0.10783914342 0.07907427813 0.06863611672 0.06725071905 0.10689455137 0.08204409536 
132
covarEC132 20 0.08175270716 0.07659424570 0.07372105718 0.07562246235 0.05846291049 0.06702062246 0.08352857070 0.07630529433 0.10463289257 0.04951887434 0.08455949354 0.10687828023 0.08855778475 0.07430936788 0.04881184165 0.08529615193 0.08940297191 0.06530148522 0.12393584263 0.08180889497 
133
covarEC133 20 0.06872580199 0.06610568915 0.07293607412 0.08137035703 0.08050348445 0.06547093983 0.08658176432 0.08727794415 0.09339050598 0.05706604409 0.06302328111 0.09992688422 0.07773609608 0.07483629185 0.07000977993 0.08034752053 0.09456399983 0.08027107826 0.11755674281 0.13262981418 
134
covarEC134 20 0.07726620425 0.06985900400 0.08203677361 0.09539056819 0.06640573111 0.06696236525 0.09971047937 0.12500511338 0.09284601231 0.04635652688 0.05508165457 0.11612109050 0.06666596347 0.05825691067 0.13738744504 0.08058517223 0.10082246768 0.05697934569 0.08696950712 0.08819391280 
135
covarEC135 20 0.07997984649 0.07428803174 0.06123553716 0.06923088208 0.05710443336 0.06288548685 0.08830179755 0.07051331207 0.07036968906 0.05307175071 0.07267667708 0.10008542045 0.07937825977 0.07378565383 0.13583435377 0.07183112989 0.08229373474 0.07282735418 0.10342575850 0.10214185733 
136
covarEC136 20 9.77500000000 9.77500000000 9.77500000000 9.77500000000 9.77500000000 9.77500000000 9.77500000000 9.77500000000 9.77500000000 9.77500000000 9.77500000000 9.77500000000 9.77500000000 9.77500000000 9.77500000000 9.77500000000 9.77500000000 9.77500000000 9.77500000000 9.77500000000 
137
covarEC137 20 9.77500000000 9.77500000000 9.77500000000 9.77500000000 9.77500000000 9.77500000000 9.77500000000 9.77500000000 9.77500000000 9.77500000000 9.77500000000 9.77500000000 9.77500000000 9.77500000000 9.77500000000 9.77500000000 9.77500000000 9.77500000000 9.77500000000 9.77500000000 
138
covarEC138 20 9.77500000000 9.77500000000 9.77500000000 9.77500000000 9.77500000000 9.77500000000 9.77500000000 9.77500000000 9.77500000000 9.77500000000 9.77500000000 9.77500000000 9.77500000000 9.77500000000 9.77500000000 9.77500000000 9.77500000000 9.77500000000 9.77500000000 9.77500000000 
139
covarEC139 20 9.77500000000 9.77500000000 9.77500000000 9.77500000000 9.77500000000 9.77500000000 9.77500000000 9.77500000000 9.77500000000 9.77500000000 9.77500000000 9.77500000000 9.77500000000 9.77500000000 9.77500000000 9.77500000000 9.77500000000 9.77500000000 9.77500000000 9.77500000000 
140
covarEC140 20 9.77500000000 9.77500000000 9.77500000000 9.77500000000 9.77500000000 9.77500000000 9.77500000000 9.77500000000 9.77500000000 9.77500000000 9.77500000000 9.77500000000 9.77500000000 9.77500000000 9.77500000000 9.77500000000 9.77500000000 9.77500000000 9.77500000000 9.77500000000 
141
covarEC141 20 9.77500000000 9.77500000000 9.77500000000 9.77500000000 9.77500000000 9.77500000000 9.77500000000 9.77500000000 9.77500000000 9.77500000000 9.77500000000 9.77500000000 9.77500000000 9.77500000000 9.77500000000 9.77500000000 9.77500000000 9.77500000000 9.77500000000 9.77500000000 
142
covarEC142 20 9.77500000000 9.77500000000 9.77500000000 9.77500000000 9.77500000000 9.77500000000 9.77500000000 9.77500000000 9.77500000000 9.77500000000 9.77500000000 9.77500000000 9.77500000000 9.77500000000 9.77500000000 9.77500000000 9.77500000000 9.77500000000 9.77500000000 9.77500000000 
143
covarEC143 20 9.77500000000 9.77500000000 9.77500000000 9.77500000000 9.77500000000 9.77500000000 9.77500000000 9.77500000000 9.77500000000 9.77500000000 9.77500000000 9.77500000000 9.77500000000 9.77500000000 9.77500000000 9.77500000000 9.77500000000 9.77500000000 9.77500000000 9.77500000000 
144
covarEC144 20 0.06125543371 0.04031532924 0.07208662738 0.11684407747 0.02502792373 0.09216437015 0.09849311837 0.04683806665 0.09470989360 0.03423161439 9.77500290012 0.08410880564 0.02977718671 0.03466127267 0.07675312382 0.07902996010 0.08456911313 0.06565722251 0.02560297062 0.05674731322 
145
covarEC145 20 9.77500000000 9.77500000000 9.77500000000 9.77500000000 9.77500000000 9.77500000000 9.77500000000 9.77500000000 9.77500000000 9.77500000000 9.77500000000 9.77500000000 9.77500000000 9.77500000000 9.77500000000 9.77500000000 9.77500000000 9.77500000000 9.77500000000 9.77500000000 
146
covarEC146 20 9.77500000000 9.77500000000 9.77500000000 9.77500000000 9.77500000000 9.77500000000 9.77500000000 9.77500000000 9.77500000000 9.77500000000 9.77500000000 9.77500000000 9.77500000000 9.77500000000 9.77500000000 9.77500000000 9.77500000000 9.77500000000 9.77500000000 9.77500000000 
147
covarEC147 20 9.77500458957 9.77500000000 9.77500028271 9.77500000000 9.77500000000 9.77500000000 9.77500000000 9.77500000000 9.77500010769 9.77527598562 9.77500000000 9.77500000763 9.77500000000 9.77500000000 9.77500000000 9.77500000000 9.77500000000 9.77500000000 9.77500000000 9.77500000000 
148
covarEC148 20 0.07488766529 0.06320001114 0.04180812568 0.04310037816 0.07960371771 0.06308286058 0.06388018190 0.08020817793 0.07162660237 0.08261980273 0.09450920755 0.07832798414 0.09756613654 0.09286071277 0.04892980444 0.06700339332 0.09878424436 0.08502977213 0.10402417470 0.14692506567 
149
covarEC149 20 0.07952690047 0.07705108309 0.08227879716 0.08401641522 0.03126602312 0.05298903190 0.06433055239 0.13908560637 0.07933006327 0.07942812274 0.05573684743 0.09857895025 0.04081336021 0.06423454215 0.13303178251 0.08662514654 0.04931147166 0.05700541814 0.07256441297 0.09293213561 
150
covarEC150 20 0.06230278615 0.06442373225 0.05619569425 0.10581231955 9.77500072574 0.06452509455 0.14839851171 0.07918219687 0.03025223749 0.02726141989 0.08774413751 0.06739943902 9.77500256986 0.02501438278 0.08296536000 0.02809170711 0.06756508370 9.77500053168 0.08878147248 0.02504750639 
151
covarEC151 20 0.08481001110 0.11279718392 0.11546409089 0.13536511670 0.02638146062 0.03090440306 0.06606007616 0.06652472477 0.14777312928 0.07077163864 0.03320136768 0.06268642103 0.02501544985 0.10011364898 0.16482051345 0.05952059007 0.05003905777 0.06825315878 0.13496680092 0.10222416930 
152
covarEC152 20 0.06401824046 0.06997286923 0.09023984581 0.08666955745 0.05152114396 0.06231111456 0.09107793181 0.14193430978 0.08035121424 0.06042790524 0.06396849914 0.08199063091 0.06878943338 0.08119510410 0.11376435914 0.06809225794 0.09266854692 0.06632299232 0.10256533227 0.08507368201 
153
covarEC153 20 0.08640553514 0.07685353013 0.07043183247 0.08207410941 0.05268242714 0.07137735032 0.10175934840 0.07940518347 0.08885430932 0.04437955737 0.06738578587 0.11235090500 0.07460643574 0.05912851471 0.07129455334 0.08174698928 0.07861527148 0.05828987456 0.07638650513 0.08439637898 
154
covarEC154 20 9.77500000000 9.77500000000 9.77500000000 9.77500000000 9.77500000000 9.77500000000 9.77500000000 9.77500000000 9.77500000000 9.77500000000 9.77500000000 9.77500000000 9.77500000000 9.77500000000 9.77500000000 9.77500000000 9.77500000000 9.77500000000 9.77500000000 9.77500000000 
155
covarEC155 20 9.77500000000 9.77500000000 9.77500000000 9.77500000000 9.77500000000 9.77500000000 9.77500000000 9.77500000000 9.77500000000 9.77500000000 9.77500000000 9.77500000000 9.77500000000 9.77500000000 9.77500000000 9.77500000000 9.77500000000 9.77500000000 9.77500000000 9.77500000000 
156
covarEC156 20 0.02603357454 0.07159982474 0.13178436252 0.04156459045 0.10358852152 0.14985923187 0.07727253902 0.03679287206 0.09899570144 0.05434395005 0.15644683700 0.05809812488 0.08884727762 0.14880913272 9.77500212270 0.08414819792 0.09620636412 9.77500022612 0.09299364724 0.08738113027 
157
covarEC157 20 0.06927923852 0.07395198459 0.06590666388 0.06869098243 0.07306417164 0.06845684764 0.08496248742 0.06625189412 0.08290415915 0.05903099715 0.07161916067 0.09912617836 0.08320458140 0.07952096378 0.07007359785 0.07379039715 0.10607897355 0.07937318820 0.12509410905 0.13995289858 
158
covarEC158 20 0.06886595839 0.07833656847 0.08168051194 0.08512227211 0.05429500319 0.06895644096 0.07854559536 0.11645050710 0.08928192029 0.05084888517 0.06166555371 0.10328801613 0.07579955981 0.06763450716 0.11091149423 0.08620452973 0.10372608659 0.05306114935 0.09798332419 0.10136746671 
159
covarEC159 20 0.09544944107 0.07497569371 0.07016286544 0.07797084112 0.06223471217 0.06574274047 0.08542925267 0.06323175884 0.08712524457 0.04791486069 0.07054031696 0.10615773659 0.08947540638 0.07031154245 0.04307348862 0.08354490436 0.08183619283 0.06317012534 0.10348430039 0.08489200147 
160
covarEC160 20 0.07792526324 0.06151947477 0.06874934695 0.08570292612 0.09099203512 0.05934517830 0.07484209403 0.07557486497 0.08906277376 0.06290069292 0.07351214941 0.08270839084 0.08314326151 0.07683846472 0.08594094098 0.08282707642 0.10414749898 0.06817277092 0.10871139004 0.14569515884 
161
covarEC161 20 0.07855583261 0.07053596787 0.07958960155 0.08952720503 0.06971610178 0.06739977833 0.09648926815 0.11597916779 0.09241394196 0.04871571364 0.06047173546 0.10907451969 0.07204072200 0.06365365372 0.13488757235 0.08399765619 0.09797976223 0.06186559193 0.09401021332 0.09673945084 
162
covarEC162 20 0.08999634698 0.06769640210 0.06081084150 0.06851139121 0.07359709429 0.06288209396 0.08708208633 0.06758948987 0.07794219417 0.05505031716 0.07201223694 0.09768593693 0.09206518049 0.07414471709 0.06692234699 0.07365538513 0.07995725435 0.07592549512 0.11019517123 0.12025872748 
163
covarEC163 20 0.06454497350 0.08775625603 0.09384730119 0.13203828577 0.05179178167 0.05963474002 0.07777739541 0.04378833789 0.08701716393 0.05814482964 0.07221870959 0.08436064156 0.07435106440 0.06032142180 0.13960103441 0.08746725805 0.08727202775 0.06028877717 0.07561472930 0.08799213190 
164
covarEC164 20 0.06701253411 0.07090982689 0.08382617068 0.10402989461 0.06702202059 0.06551685783 0.08908231862 0.09889119096 0.09908109607 0.04535722556 0.05536005925 0.09340694054 0.06461899858 0.06244815947 0.12808344849 0.08825309370 0.09671819050 0.06149338257 0.09492246766 0.07765275091 
165
covarEC165 20 9.77500000000 9.77500000000 9.77500000000 9.77500000000 9.77500000000 9.77500000000 9.77500000000 9.77500000000 9.77500000000 9.77500000000 9.77500000000 9.77500000000 9.77500000000 9.77500000000 9.77500000000 9.77500000000 9.77500000000 9.77500000000 9.77500000000 9.77500000000 
166
covarEC166 20 9.77500000000 9.77500000000 9.77500000000 9.77500000000 9.77500000000 9.77500000000 9.77500000000 9.77500000000 9.77500000000 9.77500000000 9.77500000000 9.77500000000 9.77500000000 9.77500000000 9.77500000000 9.77500000000 9.77500000000 9.77500000000 9.77500000000 9.77500000000 
167
covarEC167 20 9.77500000000 9.77500000000 9.77500000000 9.77500000000 9.77500000000 9.77500000000 9.77500000000 9.77500000000 9.77500000000 9.77500000000 9.77500000000 9.77500000000 9.77500000000 9.77500000000 9.77500000000 9.77500000000 9.77500000000 9.77500000000 9.77500000000 9.77500000000 
168
covarEC168 20 9.77500000000 9.77500000000 9.77500000000 9.77500000000 9.77500000000 9.77500000000 9.77500000000 9.77500000000 9.77500000000 9.77500000000 9.77500000000 9.77500000000 9.77500000000 9.77500000000 9.77500000000 9.77500000000 9.77500000000 9.77500000000 9.77500000000 9.77500000000 
169
covarEC169 20 9.77500000000 9.77500000000 9.77500000000 9.77500000000 9.77500000000 9.77500000000 9.77500000000 9.77500000000 9.77500000000 9.77500000000 9.77500000000 9.77500000000 9.77500000000 9.77500000000 9.77500000000 9.77500000000 9.77500000000 9.77500000000 9.77500000000 9.77500000000 
170
covarEC170 20 9.77500000000 9.77500000000 9.77500000000 9.77500000000 9.77500000000 9.77500000000 9.77500000000 9.77500000000 9.77500000000 9.77500000000 9.77500000000 9.77500000000 9.77500000000 9.77500000000 9.77500000000 9.77500000000 9.77500000000 9.77500000000 9.77500000000 9.77500000000 
171
covarEC171 20 9.77500000000 9.77500000000 9.77500000000 9.77500000000 9.77500000000 9.77500000000 9.77500000000 9.77500000000 9.77500000000 9.77500000000 9.77500000000 9.77500000000 9.77500000000 9.77500000000 9.77500000000 9.77500000000 9.77500000000 9.77500000000 9.77500000000 9.77500000000 
172
covarEC172 20 9.77500000000 9.77500000000 9.77500000000 9.77500000000 9.77500000000 9.77500000000 9.77500000000 9.77500000000 9.77500000000 9.77500000000 9.77500000000 9.77500000000 9.77500000000 9.77500000000 9.77500000000 9.77500000000 9.77500000000 9.77500000000 9.77500000000 9.77500000000 
173
covarEC173 20 9.77500000000 9.77500000000 9.77500000000 9.77500000000 9.77500000000 9.77500000000 9.77500000000 9.77500000000 9.77500000000 9.77500000000 9.77500000000 9.77500000000 9.77500000000 9.77500000000 9.77500000000 9.77500000000 9.77500000000 9.77500000000 9.77500000000 9.77500000000 
174
covarEC174 20 9.77500000000 9.77500000000 9.77500000000 9.77500000000 9.77500000000 9.77500000000 9.77500000000 9.77500000000 9.77500000000 9.77500000000 9.77500000000 9.77500000000 9.77500000000 9.77500000000 9.77500000000 9.77500000000 9.77500000000 9.77500000000 9.77500000000 9.77500000000 
175
covarEC175 20 9.77500000000 9.77500000000 9.77500000000 9.77500000000 9.77500000000 9.77500000000 9.77500000000 9.77500000000 9.77500000000 9.77500000000 9.77500000000 9.77500000000 9.77500000000 9.77500000000 9.77500000000 9.77500000000 9.77500000000 9.77500000000 9.77500000000 9.77500000000 
176
covarEC176 20 9.77500000000 9.77500000000 9.77500000000 9.77500000000 9.77500000000 9.77500000000 9.77500000000 9.77500000000 9.77500000000 9.77500000000 9.77500000000 9.77500000000 9.77500000000 9.77500000000 9.77500000000 9.77500000000 9.77500000000 9.77500000000 9.77500000000 9.77500000000 
177
covarEC177 20 9.77500000000 9.77500000000 9.77500000000 9.77500000000 9.77500000000 9.77500000000 9.77500000000 9.77500000000 9.77500000000 9.77500000000 9.77500000000 9.77500000000 9.77500000000 9.77500000000 9.77500000000 9.77500000000 9.77500000000 9.77500000000 9.77500000000 9.77500000000 
178
covarEC178 20 9.77500000000 9.77500000000 9.77500000000 9.77500000000 9.77500000000 9.77500000000 9.77500000000 9.77500000000 9.77500000000 9.77500000000 9.77500000000 9.77500000000 9.77500000000 9.77500000000 9.77500000000 9.77500000000 9.77500000000 9.77500000000 9.77500000000 9.77500000000 
179
covarEC179 20 9.77500000000 9.77500000000 9.77500000000 9.77500000000 9.77500000000 9.77500000000 9.77500000000 9.77500000000 9.77500000000 9.77500000000 9.77500000000 9.77500000000 9.77500000000 9.77500000000 9.77500000000 9.77500000000 9.77500000000 9.77500000000 9.77500000000 9.77500000000 
180
covarEC180 20 9.77500000000 9.77500000000 9.77500000000 9.77500000000 9.77500000000 9.77500000000 9.77500000000 9.77500000000 9.77500000000 9.77500000000 9.77500000000 9.77500000000 9.77500000000 9.77500000000 9.77500000000 9.77500000000 9.77500000000 9.77500000000 9.77500000000 9.77500000000 
181
covarEC181 20 9.77500000000 9.77500000000 9.77500000000 9.77500000000 9.77500000000 9.77500000000 9.77500000000 9.77500000000 9.77500000000 9.77500000000 9.77500000000 9.77500000000 9.77500000000 9.77500000000 9.77500000000 9.77500000000 9.77500000000 9.77500000000 9.77500000000 9.77500000000 
182
covarEC182 20 9.77500000000 9.77500000000 9.77500000000 9.77500000000 9.77500000000 9.77500000000 9.77500000000 9.77500000000 9.77500000000 9.77500000000 9.77500000000 9.77500000000 9.77500000000 9.77500000000 9.77500000000 9.77500000000 9.77500000000 9.77500000000 9.77500000000 9.77500000000 
183
covarEC183 20 9.77500000000 9.77500000000 9.77500000000 9.77500000000 9.77500000000 9.77500000000 9.77500000000 9.77500000000 9.77500000000 9.77500000000 9.77500000000 9.77500000000 9.77500000000 9.77500000000 9.77500000000 9.77500000000 9.77500000000 9.77500000000 9.77500000000 9.77500000000 
184
covarEC184 20 9.77500000000 9.77500000000 9.77500000000 9.77500000000 9.77500000000 9.77500000000 9.77500000000 9.77500000000 9.77500000000 9.77500000000 9.77500000000 9.77500000000 9.77500000000 9.77500000000 9.77500000000 9.77500000000 9.77500000000 9.77500000000 9.77500000000 9.77500000000 
185
covarEC185 20 9.77500000000 9.77500000000 9.77500000000 9.77500000000 9.77500000000 9.77500000000 9.77500000000 9.77500000000 9.77500000000 9.77500000000 9.77500000000 9.77500000000 9.77500000000 9.77500000000 9.77500000000 9.77500000000 9.77500000000 9.77500000000 9.77500000000 9.77500000000 
186
covarEC186 20 9.77500000000 9.77500000000 9.77500000000 9.77500000000 9.77500000000 9.77500000000 9.77500000000 9.77500000000 9.77500000000 9.77500000000 9.77500000000 9.77500000000 9.77500000000 9.77500000000 9.77500000000 9.77500000000 9.77500000000 9.77500000000 9.77500000000 9.77500000000 
187
covarEC187 20 9.77500000000 9.77500000000 9.77500000000 9.77500000000 9.77500000000 9.77500000000 9.77500000000 9.77500000000 9.77500000000 9.77500000000 9.77500000000 9.77500000000 9.77500000000 9.77500000000 9.77500000000 9.77500000000 9.77500000000 9.77500000000 9.77500000000 9.77500000000 
188
covarEC188 20 9.77500000000 9.77500000000 9.77500000000 9.77500000000 9.77500000000 9.77500000000 9.77500000000 9.77500000000 9.77500000000 9.77500000000 9.77500000000 9.77500000000 9.77500000000 9.77500000000 9.77500000000 9.77500000000 9.77500000000 9.77500000000 9.77500000000 9.77500000000 
189
covarEC189 20 0.08252592736 0.09300350923 0.06789153278 0.09396124651 0.03336462818 0.06956467241 0.10534385133 0.05159630787 0.07411081422 0.06289902442 0.09107222268 0.09128817054 0.08780140707 0.04463046995 0.14672252492 0.08007271637 0.08783019971 0.05423641004 0.06255593918 0.06494874060 
190
covarEC190 20 9.77500000000 9.77500000000 9.77500000000 9.77500000000 9.77500000000 9.77500000000 9.77500000000 9.77500000000 9.77500000000 9.77500000000 9.77500000000 9.77500000000 9.77500000000 9.77500000000 9.77500000000 9.77500000000 9.77500000000 9.77500000000 9.77500000000 9.77500000000 
191
covarEC191 20 9.77500000000 9.77500000000 9.77500000000 9.77500000000 9.77500000000 9.77500000000 9.77500000000 9.77500000000 9.77500000000 9.77500000000 9.77500000000 9.77500000000 9.77500000000 9.77500000000 9.77500000000 9.77500000000 9.77500000000 9.77500000000 9.77500000000 9.77500000000 
192
covarEC192 20 9.77500000000 9.77500000000 9.77500000000 9.77500000000 9.77500000000 9.77500000000 9.77500000000 9.77500000000 9.77500000000 9.77500000000 9.77500000000 9.77500000000 9.77500000000 9.77500000000 9.77500000000 9.77500000000 9.77500000000 9.77500000000 9.77500000000 9.77500000000 
193
covarEC193 20 9.77500000000 9.77500000000 9.77500000000 9.77500000000 9.77500000000 9.77500000000 9.77500000000 9.77500000000 9.77500000000 9.77500000000 9.77500000000 9.77500000000 9.77500000000 9.77500000000 9.77500000000 9.77500000000 9.77500000000 9.77500000000 9.77500000000 9.77500000000 
194
covarEC194 20 9.77500000000 9.77500000000 9.77500000000 9.77500000000 9.77500000000 9.77500000000 9.77500000000 9.77500000000 9.77500000000 9.77500000000 9.77500000000 9.77500000000 9.77500000000 9.77500000000 9.77500000000 9.77500000000 9.77500000000 9.77500000000 9.77500000000 9.77500000000 
195
covarEC195 20 9.77500000000 9.77500000000 9.77500000000 9.77500000000 9.77500000000 9.77500000000 9.77500000000 9.77500000000 9.77500000000 9.77500000000 9.77500000000 9.77500000000 9.77500000000 9.77500000000 9.77500000000 9.77500000000 9.77500000000 9.77500000000 9.77500000000 9.77500000000 
196
covarEC196 20 9.77500000000 9.77500000000 9.77500000000 9.77500000000 9.77500000000 9.77500000000 9.77500000000 9.77500000000 9.77500000000 9.77500000000 9.77500000000 9.77500000000 9.77500000000 9.77500000000 9.77500000000 9.77500000000 9.77500000000 9.77500000000 9.77500000000 9.77500000000 
197
covarEC197 20 9.77500000000 9.77500000000 9.77500000000 9.77500000000 9.77500000000 9.77500000000 9.77500000000 9.77500000000 9.77500000000 9.77500000000 9.77500000000 9.77500000000 9.77500000000 9.77500000000 9.77500000000 9.77500000000 9.77500000000 9.77500000000 9.77500000000 9.77500000000 
198
covarEC198 20 0.06592301711 0.06635985168 0.09768723695 0.11445981480 0.04139024445 0.07886679072 0.12159320787 0.09445317224 0.09433821247 0.04108695489 0.05826229415 0.10304058649 0.05664353767 0.05436019837 0.05858737579 0.07685505100 0.06012091557 0.05040928241 0.07349732078 0.04977212418 
199
covarEC199 20 9.77500000000 9.77500000000 9.77500000000 9.77500000000 9.77500000000 9.77500000000 9.77500000000 9.77500000000 9.77500000000 9.77500000000 9.77500000000 9.77500000000 9.77500000000 9.77500000000 9.77500000000 9.77500000000 9.77500000000 9.77500000000 9.77500000000 9.77500000000 
200
covarEC200 20 9.77500000000 9.77500000000 9.77500000000 9.77500000000 9.77500000000 9.77500000000 9.77500000000 9.77500000000 9.77500000000 9.77500000000 9.77500000000 9.77500000000 9.77500000000 9.77500000000 9.77500000000 9.77500000000 9.77500000000 9.77500000000 9.77500000000 9.77500000000 
201
covarEC201 20 0.05217826135 0.12798826512 0.11382207384 0.10558382608 0.04287180577 0.08974725149 0.10874442840 0.05269375925 0.10260097781 0.06191517515 0.08390173919 0.12408052873 0.07493374125 0.10721859149 0.02513726571 0.06844313896 0.03949742308 0.07536143704 0.12008698473 0.07213304024 
202
covarEC202 20 0.07722842269 0.06444527481 0.05771019301 0.06013060511 0.08769609787 0.05996799408 0.07482577894 0.07798969409 0.08131866370 0.06266927523 0.07536592576 0.09004421761 0.09052356887 0.08279593311 0.05590472566 0.07353265550 0.10911331827 0.07632081478 0.12613960542 0.16334778108 
203
covarEC203 20 0.07389830271 0.07216561180 0.07961022857 0.08980370952 0.07906986196 0.06236454050 0.08588003642 0.11558143269 0.09206100022 0.05323330486 0.05931843632 0.10515228841 0.07486513378 0.06357692933 0.13035247781 0.07543240971 0.10377884948 0.06401910643 0.09160714901 0.11176727228 
204
covarEC204 20 0.09640078336 0.07495829480 0.06970346904 0.11333896799 0.06936499578 0.09087904017 0.10069833178 0.08137085904 0.09017120455 0.05178159631 0.08798762867 0.09798386113 0.06758486924 0.08803396806 0.03043450275 0.08875783861 0.09222441107 0.06453131539 0.10611442280 0.07984799817 
205
covarEC205 20 0.07909013566 0.07463970714 0.05774920371 0.04615529915 0.08446125008 0.10317271355 0.06221710279 0.03973525412 0.07235700639 0.09927100200 0.10260458602 0.07445439001 0.08442780205 0.12920860725 0.09781251749 0.07347111118 0.09508419409 0.05201447118 0.13906966662 0.11594889592 
206
covarEC206 20 0.06977091706 0.07188960326 0.08577180778 0.09321779563 0.06043859183 0.06282812594 0.09391497416 0.13824440661 0.08933156253 0.04617849492 0.05380216342 0.10198429922 0.06260046771 0.06002396699 0.11294278195 0.07686185926 0.09398854447 0.06583752106 0.09076173914 0.09201636687 
207
covarEC207 20 0.06968885702 0.08974243726 0.07353510231 0.09836199801 0.05103293215 0.07469208399 0.09698140246 0.09077967890 0.06420610135 0.06525728212 0.09436267578 0.10494522378 0.08210766695 0.06068902665 0.06212288723 0.08966635075 0.06875981507 0.07821816195 0.07556437967 0.07472262727 
208
covarEC208 20 9.77500000000 9.77500000000 9.77500000000 9.77500000000 9.77500000000 9.77500000000 9.77500000000 9.77500000000 9.77500000000 9.77500000000 9.77500000000 9.77500000000 9.77500000000 9.77500000000 9.77500000000 9.77500000000 9.77500000000 9.77500000000 9.77500000000 9.77500000000 
209
covarEC209 20 9.77500000000 9.77500000000 9.77500000000 9.77500000000 9.77500000000 9.77500000000 9.77500000000 9.77500000000 9.77500000000 9.77500000000 9.77500000000 9.77500000000 9.77500000000 9.77500000000 9.77500000000 9.77500000000 9.77500000000 9.77500000000 9.77500000000 9.77500000000 
210
covarEC210 20 0.14838003367 9.77500188935 0.03480066253 9.77500141984 0.02502775811 0.14771441429 0.02528126852 9.77500118588 0.02508419930 0.13973033113 0.14980981819 0.02529907471 0.06592422084 0.17473858901 9.77500098160 0.08425472757 0.15836052412 0.19635206617 0.08068310396 0.03460442198 
211
covarEC211 20 0.07205363368 0.07910801200 0.04162261290 0.05293362302 0.06329892749 0.04775703950 0.06553009673 0.06879176062 0.06727672439 0.10176503154 0.09240755117 0.08426987960 0.07783232246 0.10474714144 0.06740652411 0.06619905009 0.10005133912 0.06497202228 0.11515285907 0.12805087604 
212
covarEC212 20 0.08172101156 0.08273608866 0.11648301592 0.09291597363 0.03192777344 0.08036114143 0.10613797757 0.14480370287 0.06549171502 0.06898286063 0.07438294477 0.09479490962 0.07981553259 0.07943826766 0.13175055361 0.09208661795 0.10578134715 0.05320246441 0.09769228114 0.07577909855 
213
covarEC213 20 0.08728726675 0.07428259365 0.06876096388 0.07256589984 0.08664575431 0.08690499827 0.07807089184 0.05987763569 0.10547329204 0.07822156817 0.11151522688 0.08903578383 0.09221071847 0.10604100936 0.03600016034 0.08481476613 0.09573772635 0.08033306806 0.09845552456 0.10144775920 
214
covarEC214 20 0.07150142042 0.06443244169 0.07349863466 0.07940364223 0.06645134844 0.06683130602 0.07489663717 0.08705379287 0.07971986121 0.06826357160 0.07100126798 0.08792563486 0.08367222512 0.09817823341 0.07678998534 0.08330764251 0.10148378083 0.06307051799 0.10920423116 0.13471558820 
215
covarEC215 20 0.07587239868 0.06821373437 0.08177041800 0.09168484763 0.06708405708 0.06934487244 0.09259006013 0.12158970869 0.08653423391 0.04834378104 0.05490385391 0.10209546041 0.06938628695 0.06538990932 0.11629717771 0.08274953453 0.10221420282 0.06118306798 0.09190023540 0.09186187666 
216
covarEC216 20 0.08983474639 0.06929021604 0.06621887185 0.07240852130 0.07294419718 0.06423105629 0.09279980680 0.06910398956 0.08050465006 0.05466398079 0.07116647044 0.10538910066 0.08940475445 0.07152282229 0.08065663857 0.07664519633 0.07944505332 0.07135445280 0.10106806586 0.11031384971 
217
covarEC217 20 9.77500000000 9.77500000000 9.77500000000 9.77500000000 9.77500000000 9.77500000000 9.77500000000 9.77500000000 9.77500000000 9.77500000000 9.77500000000 9.77500000000 9.77500000000 9.77500000000 9.77500000000 9.77500000000 9.77500000000 9.77500000000 9.77500000000 9.77500000000 
218
covarEC218 20 9.77500000000 9.77500000000 9.77500000000 9.77500000000 9.77500000000 9.77500000000 9.77500000000 9.77500000000 9.77500000000 9.77500000000 9.77500000000 9.77500000000 9.77500000000 9.77500000000 9.77500000000 9.77500000000 9.77500000000 9.77500000000 9.77500000000 9.77500000000 
219
covarEC219 20 9.77500000000 9.77500000000 9.77500000000 9.77500000000 9.77500000000 9.77500000000 9.77500000000 9.77500000000 9.77500000000 9.77500000000 9.77500000000 9.77500000000 9.77500000000 9.77500000000 9.77500000000 9.77500000000 9.77500000000 9.77500000000 9.77500000000 9.77500000000 
220
covarEC220 20 9.77500000000 9.77500000000 9.77500000000 9.77500000000 9.77500000000 9.77500000000 9.77500000000 9.77500000000 9.77500000000 9.77500000000 9.77500000000 9.77500000000 9.77500000000 9.77500000000 9.77500000000 9.77500000000 9.77500000000 9.77500000000 9.77500000000 9.77500000000 
221
covarEC221 20 9.77500000000 9.77500000000 9.77500000000 9.77500000000 9.77500000000 9.77500000000 9.77500000000 9.77500000000 9.77500000000 9.77500000000 9.77500000000 9.77500000000 9.77500000000 9.77500000000 9.77500000000 9.77500000000 9.77500000000 9.77500000000 9.77500000000 9.77500000000 
222
covarEC222 20 9.77500000000 9.77500000000 9.77500000000 9.77500000000 9.77500000000 9.77500000000 9.77500000000 9.77500000000 9.77500000000 9.77500000000 9.77500000000 9.77500000000 9.77500000000 9.77500000000 9.77500000000 9.77500000000 9.77500000000 9.77500000000 9.77500000000 9.77500000000 
223
covarEC223 20 9.77500000000 9.77500000000 9.77500000000 9.77500000000 9.77500000000 9.77500000000 9.77500000000 9.77500000000 9.77500000000 9.77500000000 9.77500000000 9.77500000000 9.77500000000 9.77500000000 9.77500000000 9.77500000000 9.77500000000 9.77500000000 9.77500000000 9.77500000000 
224
covarEC224 20 9.77500000000 9.77500000000 9.77500000000 9.77500000000 9.77500000000 9.77500000000 9.77500000000 9.77500000000 9.77500000000 9.77500000000 9.77500000000 9.77500000000 9.77500000000 9.77500000000 9.77500000000 9.77500000000 9.77500000000 9.77500000000 9.77500000000 9.77500000000 
225
covarEC225 20 0.09479781659 0.09802775932 0.06853457696 0.11702671289 0.05336924806 0.08415950404 0.11113096621 0.06285413016 0.06948247369 0.05360197108 0.07044709510 0.09265353772 0.06069836579 0.04707852003 0.06721036948 0.09468341266 0.06068881616 0.05027355671 0.07867763417 0.06979734469 
226
covarEC226 20 9.77500000000 9.77500000000 9.77500000000 9.77500000000 9.77500000000 9.77500000000 9.77500000000 9.77500000000 9.77500000000 9.77500000000 9.77500000000 9.77500000000 9.77500000000 9.77500000000 9.77500000000 9.77500000000 9.77500000000 9.77500000000 9.77500000000 9.77500000000 
227
covarEC227 20 9.77500000000 9.77500000000 9.77500000000 9.77500000000 9.77500000000 9.77500000000 9.77500000000 9.77500000000 9.77500000000 9.77500000000 9.77500000000 9.77500000000 9.77500000000 9.77500000000 9.77500000000 9.77500000000 9.77500000000 9.77500000000 9.77500000000 9.77500000000 
228
covarEC228 20 0.06681412955 0.06372213297 0.11080595091 0.12712167403 0.06660768294 0.06603253919 0.07364936041 0.07111847867 0.13247717166 0.06152157433 0.10407426743 0.04078016189 0.07017972443 0.12177701559 0.02710465662 0.09328284685 0.07364268428 0.06989381181 0.12577390861 0.09180650804 
229
covarEC229 20 0.07929275877 0.06077777941 0.05376223119 0.05372605652 0.09072499540 0.05573000539 0.07269495148 0.07520355422 0.07867597261 0.06316845861 0.07813735838 0.08452405415 0.09239048745 0.08630912965 0.05955544930 0.07157661915 0.10611802080 0.07702303569 0.12619326683 0.16572229713 
230
covarEC230 20 0.08151027079 0.06343450494 0.07085277939 0.07836262336 0.07692756586 0.06020037609 0.08142539969 0.11707664453 0.08456552544 0.05604860427 0.06493578354 0.08763632302 0.07798528143 0.07069990947 0.11347609459 0.07585428069 0.10109588217 0.07489094300 0.10851308039 0.12555423957 
231
covarEC231 20 0.06495626078 0.08045729330 0.10333669273 0.11101016482 0.07227499349 0.06995662940 0.10108754212 0.08689015249 0.09462991420 0.04818159034 0.08799299375 0.09053144498 0.08178282022 0.07952873219 0.03059733536 0.08514588658 0.08465147776 0.05873536754 0.10319851142 0.05019957833 
232
covarEC232 20 0.07801202376 0.07096644601 0.06423186175 0.07155007580 0.05491633269 0.06397264587 0.08397780953 0.05074451573 0.06651942843 0.09746820530 0.08369466462 0.07640311346 0.07214136297 0.08833938952 0.11922410502 0.06813979361 0.08275501209 0.04502635491 0.09511848845 0.15800558850 
233
covarEC233 20 0.07039580584 0.06773221418 0.07541432518 0.08637086116 0.06485012174 0.06205132987 0.08830897893 0.13113183168 0.08311517743 0.04981944054 0.06133460731 0.10189596862 0.07376898583 0.06330369358 0.12545167513 0.08054309965 0.09782863273 0.06327054434 0.09716351671 0.10436030682 
234
covarEC234 20 0.08686169534 0.07232339953 0.06668661178 0.07432156359 0.06637269372 0.06462047518 0.09614150178 0.06474533627 0.08773381727 0.05281911396 0.06845445566 0.10792864259 0.08659198226 0.06910743952 0.05763510254 0.07591472638 0.08270572303 0.06683716296 0.09887388225 0.11478171647 
235
covarEC235 20 9.77500000000 9.77500000000 9.77500000000 9.77500000000 9.77500000000 9.77500000000 9.77500000000 9.77500000000 9.77500000000 9.77500000000 9.77500000000 9.77500000000 9.77500000000 9.77500000000 9.77500000000 9.77500000000 9.77500000000 9.77500000000 9.77500000000 9.77500000000 
236
covarEC236 20 9.77500000000 9.77500000000 9.77500000000 9.77500000000 9.77500000000 9.77500000000 9.77500000000 9.77500000000 9.77500000000 9.77500000000 9.77500000000 9.77500000000 9.77500000000 9.77500000000 9.77500000000 9.77500000000 9.77500000000 9.77500000000 9.77500000000 9.77500000000 
237
covarEC237 20 0.08540627518 0.06773628870 0.05863607762 0.07797656747 0.07190196849 0.08911789282 0.06783103049 0.06561336991 0.10359965880 0.06071577727 0.10973211631 0.08297595305 0.08092663164 0.11446201241 0.03786854804 0.07357977253 0.06718814792 0.08696143094 0.14019995342 0.08610164449 
238
covarEC238 20 0.07418600652 0.06644515173 0.05635151910 0.05787991333 0.08717312956 0.06030205768 0.07924955827 0.07453266878 0.08729649025 0.06318781942 0.07354149991 0.09332184694 0.08818536274 0.08520460801 0.05838871208 0.07347308810 0.10805584596 0.07787945617 0.13104832080 0.16443540901 
239
covarEC239 20 0.07159824902 0.06584044953 0.07095450921 0.07797549427 0.07010775230 0.06282054419 0.08027174236 0.11558939847 0.08594908340 0.05087673858 0.06315491981 0.10269095963 0.07648426003 0.07202700383 0.11946483788 0.07646464417 0.10574673052 0.07195172657 0.10763624262 0.11939233430 
240
covarEC240 20 0.08500293542 0.07040616237 0.07122086877 0.07198042356 0.07140468639 0.06487995292 0.08838052111 0.06827800273 0.09056505538 0.05255236094 0.07224951790 0.10621957050 0.08980503369 0.07365526635 0.04898112032 0.08229503492 0.08945221892 0.07072582752 0.11193560135 0.10929022040 
241
covarEC241 20 0.07187150179 0.06762698244 0.07155777544 0.08106833738 0.08633290993 0.06312524868 0.08213458546 0.07554882571 0.08794501149 0.05911179769 0.07113802378 0.09608976228 0.08219641597 0.07991845078 0.09828956507 0.08127574229 0.11194429058 0.07466878647 0.12103109297 0.14958306439 
242
covarEC242 20 0.07604518636 0.06964881484 0.07824492467 0.08849168509 0.07121582668 0.06621496068 0.09312456261 0.11361249783 0.08962068770 0.05057907438 0.06237421042 0.10668452700 0.07448446022 0.06683361798 0.12925558132 0.08257099233 0.10189037600 0.06660262797 0.10029742036 0.11092403773 
