
243
0
meanEC0 20 0.14332095092 0.04260605564 -0.00468554892 0.00678606690 0.02203025195 0.04997555224 0.09514660192 0.04768677382 0.05808329196 0.04094505591 0.08252060010 0.14578146535 0.11178685036 0.03592638560 -0.06158563825 0.09642383493 0.04048905440 -0.00911737819 0.05970200389 0.21262015402 
1
meanEC1 20 0.03185068293 0.07425482368 -0.02004654976 -0.01550444510 0.11253871465 0.05730723132 0.01688931127 0.05977197225 0.13197954635 0.23821643911 0.14586092717 0.05395555003 0.29329496721 0.20924029477 -0.08222857281 0.04032982310 0.01052179957 -0.07537350067 0.25076479097 0.21653409302 
2
meanEC2 20 0.05654799436 0.01766470955 0.02966145954 0.03554991261 0.03629391884 0.04428631624 0.04899745092 0.24708278989 0.02441611848 0.03157887544 0.06145643390 0.06828642539 0.09105124515 0.03181368772 -0.11399560066 0.09821882429 0.02785053081 -0.00866625536 0.03570032041 0.10500202328 
3
meanEC3 20 0.72204440325 0.21620845003 0.53225677582 0.35452219013 0.06721944422 0.25601131253 0.20759131762 0.54455558749 0.08828049260 0.04074513089 0.03342570157 0.16498252357 0.12578220190 0.02936918497 0.45192963697 0.61562317853 0.35821857112 -0.01182686767 0.06491398561 0.14899320900 
4
meanEC4 20 0.12624418602 0.06628602750 0.10503049823 0.10957495133 0.00637259136 0.22257054255 0.17456197718 0.01828785004 0.02710724975 0.11742522351 0.13525772367 0.20275007918 0.17614810732 0.17386022181 -0.11028062351 0.11673313757 0.19336129869 0.01783999630 0.03210652801 0.34801518917 
5
meanEC5 20 0.06182633646 0.19490597394 0.26688758160 0.18437202715 0.01799733780 0.30985742973 0.02738215948 0.06358422373 0.17300315031 0.17863636498 0.13317074802 0.29432808420 0.23416158282 0.01411073162 -0.17936845783 0.25169334213 0.26018697956 -0.02813557522 0.10651298498 0.20961886644 
6
meanEC6 20 0.03993238937 0.00816297496 0.01184853898 0.00982300179 0.05782753638 0.09006993536 0.09450019260 0.11096434796 0.06788354037 0.01800710855 0.04434606062 0.19080774891 0.09468801119 0.09773093482 0.34430550341 0.10520992386 0.06986799070 -0.01260719709 0.05160426643 0.10549096018 
7
meanEC7 20 0.12115733724 0.07338569292 0.10229460622 -0.04506710111 0.04129299679 0.07971188568 0.09841277034 0.17635269019 0.05320960882 0.08602064842 0.15605822809 0.06516381829 0.07464925155 0.06039505649 -0.06522174586 0.17274743236 0.17407807188 -0.06843060699 0.03469143627 0.29865539074 
8
meanEC8 20 0.03594606795 0.04069309906 0.02014953527 0.01970301149 -0.02373667099 0.04529387393 0.04635322377 0.20826671340 0.04187904366 0.01528055083 0.02728948609 0.11219204627 0.05078452205 0.01150975383 0.03024183804 0.07212628451 0.08115466202 -0.02555882062 0.01607394122 0.07132068276 
9
meanEC9 20 0.53806672668 0.17149328230 0.52501527040 0.46099407511 0.04756018128 0.24526522100 0.38207174885 0.33177409138 0.13413548431 0.33229894071 0.26839662682 0.19507393512 0.15765982157 0.41448528420 0.22131717993 0.34094221194 0.35767883925 0.14635718664 0.41795721631 0.32955309749 
10
meanEC10 20 0.47731730342 0.89614433050 0.66797995567 0.32841250300 0.21016462147 0.40310609341 0.14532501996 0.63837218285 0.31470254064 0.94590479136 0.18958894908 0.49387004972 0.38130274415 0.39379435778 0.63542401791 0.24361801147 0.04739567265 0.08417552710 0.99778729677 0.25332713127 
11
meanEC11 20 0.96285372972 0.12922807038 0.57676380873 0.19640979171 0.85889345407 0.01489719842 0.44898718596 0.83368241787 0.81274712086 0.91835176945 0.23774324358 0.32175198197 0.54964715242 0.64015871286 0.75006234646 0.99019664526 0.77180820704 0.68029654026 0.25121164322 0.32150968909 
12
meanEC12 20 0.01798620075 0.26894140244 0.09348565234 0.01798620075 0.73105859756 0.01798620075 0.00669289986 0.00247259997 1.00262486726 0.00669289986 0.01798620075 0.01798620075 0.04742589965 0.26894140244 0.04742589965 0.01798620075 0.04742589965 0.05682887798 0.99987661839 0.04742589965 
13
meanEC13 20 0.03766541553 0.00815685774 0.08933772739 -0.00339485955 0.02951663139 0.01618487962 0.07434699140 -0.00777148190 -0.03681025150 0.17514618068 0.19507753620 0.20256877669 0.20301207448 0.15556519953 0.08406906460 0.08561441469 -0.00403272147 -0.04982281805 0.07488927107 0.22747161984 
14
meanEC14 20 0.17069717323 0.21811505292 0.17457935507 0.22131718993 0.02100421038 0.15544449736 0.21052047459 0.44118328421 0.15791814558 -0.16384249025 -0.14237001287 0.30368435208 -0.12313773263 -0.03116981481 0.27097889266 0.10869229892 -0.08661681398 -0.02192150064 -0.05831735495 -0.11323083192 
15
meanEC15 20 0.24297944413 0.39706593723 0.19958003554 0.25005488008 0.03556755251 0.32249473276 0.31860959750 0.18128044562 0.11989697133 -0.70962343344 0.02561788527 0.27379130842 0.04262235743 0.03180048604 0.28211275490 0.64569881752 0.22228405448 0.12227061292 0.02284322795 0.02535812557 
16
meanEC16 20 0.10613847845 0.33043814618 0.06313228267 0.06009456798 0.01505471990 0.20862409501 0.12470739489 0.30784890093 0.10683842079 0.32519961814 0.29098862074 0.29985984038 0.13904614693 0.12737769146 0.05070173848 0.18699779544 0.28634385368 0.01428059890 0.01409217891 0.37595388293 
17
meanEC17 20 0.01106343062 0.30740807565 0.25816166888 0.19049278288 -0.01590987191 0.18886918940 0.15435546121 0.19793839546 0.13028896458 0.03489339139 0.07024452913 0.32782552639 0.13774027520 0.13317911204 0.17239179439 0.24735683775 0.25955582105 -0.09449239648 0.14426421958 0.01894648932 
18
meanEC18 20 0.20450388399 0.02411809026 0.02308916256 0.19326480297 0.03112702489 0.06726106230 0.33679216987 0.11928553276 0.04443787808 0.04024264483 0.04655649024 0.17448419546 0.02757358253 0.04972793313 0.05226021993 0.15106780811 0.02666557082 0.01613484717 0.04940891723 0.19103629887 
19
meanEC19 20 0.18366053700 0.73458361626 0.66870021820 0.82149618864 0.07030569017 0.40708214045 0.79551178217 0.15971608460 0.67468845844 0.46461045742 0.21088822186 0.84849226475 0.15483181179 0.90499603748 0.68253582716 0.15662060678 0.65326076746 0.25673475862 0.59172511101 0.81350660324 
20
meanEC20 20 0.90142476559 0.69055569172 0.44797021151 0.72297108173 0.66345971823 0.35478955507 0.11570010334 0.64899325371 0.93865525723 0.60005313158 0.94870394468 0.23442542553 0.09563975036 0.77853703499 0.75646263361 0.73966664076 0.10280510038 0.08805151284 0.05503807962 0.39976024628 
21
meanEC21 20 0.49551609767 0.10357232987 0.24026406273 0.03497566467 0.05561248492 0.16840321676 0.06729520727 0.09208163065 0.04234664874 0.49575356050 0.46130890393 0.19554686845 0.45805807610 0.35540930477 0.13646850901 0.26212839339 0.35190312727 0.14665818853 0.23751365016 0.54899519682 
22
meanEC22 20 -0.00067284255 -0.00020410331 0.08621504145 -0.03098181923 0.12144731767 -0.00102057588 0.06974036602 0.04134672903 -0.04921453186 0.18013579511 0.21306777407 0.13115522294 0.15975359692 0.11961390266 -0.12178699683 0.06542974551 0.11877097250 -0.02982558484 0.14493104744 0.35820487142 
23
meanEC23 20 0.13510759970 0.20546570474 0.19161533688 0.13990697640 0.14848750335 0.21336402393 0.14266679121 0.00455047752 0.10224511154 0.08107703668 0.09793087787 0.18745784805 0.12444672751 0.10968371063 0.13883368918 0.18658306345 0.17245607830 0.09336496850 0.09773891804 0.11463391036 
24
meanEC24 20 0.12176627314 0.04897800776 0.03758353994 0.04472608365 0.00119989319 0.02254687323 0.15119376964 0.15496691034 0.04110092259 0.08400629986 0.07217931822 0.17970429862 0.15552046124 0.05168243466 0.08320324738 0.00520030344 0.07310622889 -0.03986793793 0.06778310825 0.24842858315 
25
meanEC25 20 0.08646086096 0.10686397696 -0.01448317660 -0.06288219554 0.14938138939 0.08322369489 -0.01977435568 0.18685575021 0.04008085200 0.10374521862 0.10889135739 0.18162257136 0.04712767893 0.08377242936 -0.07454616846 0.12072283360 0.07948298900 0.00228219097 0.09762906009 0.35602241755 
26
meanEC26 20 0.03156351529 0.00019983615 0.04161174187 0.07651566147 -0.00951361338 0.01311984800 0.08081766988 0.09877840133 0.04611743580 0.02506204070 0.04687696967 0.07933643216 0.04126725376 0.02610360035 -0.00537068028 0.10493854608 0.07939560406 -0.03805480342 0.00966405696 0.12759520113 
27
meanEC27 20 0.57511087537 0.61546905389 0.44933185961 0.11641874764 0.10555688392 0.46312378344 0.29714649325 0.22322453617 0.28149840947 0.02620232763 0.08809095577 0.40680853253 0.24737744951 0.02406419701 0.08844102840 0.39398746972 0.27524249939 0.04012959318 0.33169580358 0.18809697032 
28
meanEC28 20 0.16233778000 0.29679077864 0.23272307217 0.85023611784 0.00488931080 0.20890273154 0.26691573858 0.68953382969 0.47697928548 0.13782040775 0.54449230433 0.14855225384 0.48141351342 0.05191510543 0.86371701956 0.79045295715 0.98541587591 0.54461646080 0.85266315937 0.28586849570 
29
meanEC29 20 0.07132176310 0.70566207170 0.92298209667 0.86627626419 0.23580250144 0.84988218546 0.12914174795 0.33326724172 0.45107463002 0.27697825432 0.71394866705 0.65271306038 0.33452141285 0.57328802347 0.27432635427 0.58047145605 0.88456821442 0.77830284834 0.16441413760 0.72857522964 
30
meanEC30 20 0.91175568104 0.58856683969 0.78719615936 0.45942503214 0.19444355369 0.27424734831 0.17677415907 0.78422302008 0.19876730442 0.48566472530 0.40617501736 0.95692682266 0.53151202202 0.15157841146 0.36459243298 0.21648813784 0.89630019665 0.32912534475 0.86500608921 0.77178233862 
31
meanEC31 20 0.28130373359 0.09314368665 0.36737760901 0.47087007761 0.27327477932 0.50862145424 0.84017038345 0.51821422577 0.25054335594 0.96173763275 0.52224373817 0.56558400393 0.09896447510 0.93239933252 0.93395787477 0.26417070627 0.44970861077 0.07143503428 0.65490484238 0.55473327637 
32
meanEC32 20 0.99667543173 0.90881431103 0.97915953398 0.28902554512 0.54144430161 0.10694028437 0.86302953959 0.12221674621 0.99553126097 0.79576361179 0.77335953712 0.81665277481 0.46241757274 0.74615931511 0.99142593145 0.82186871767 0.40317991376 0.76240754128 0.53025490046 0.24296404421 
33
meanEC33 20 0.55198109150 0.43686062098 0.28820943832 0.71505385637 0.32419890165 0.41080707312 0.14151655138 0.98662245274 0.32850787044 0.42813140154 0.47461798787 0.10656790435 0.33953419328 0.38416495919 0.89654779434 0.53121060133 0.72454816103 0.62572908401 0.82127630711 0.74731671810 
34
meanEC34 20 0.49009704590 0.39948055148 0.65848076344 0.24705781043 0.08587446064 0.13273906708 0.92602378130 0.14097040892 0.81703007221 0.78876137733 0.76190173626 0.78703135252 0.96689063311 0.62955558300 0.58032315969 0.39312404394 0.18623535335 0.29040798545 0.99943006039 0.02423414215 
35
meanEC35 20 0.76459872723 0.63014590740 0.20257699490 0.16031177342 0.90760749578 0.38050562143 0.00426370930 0.25323161483 0.80526918173 0.55066943169 0.12011532485 0.29964518547 0.22464744747 0.29104304314 0.94422799349 0.60212230682 0.20309734344 0.48722133040 0.39855894446 0.79297500849 
36
meanEC36 20 0.73105859756 0.50000000000 0.98271362747 0.88079708815 0.04742589965 0.50000000000 0.26894140244 0.50000000000 0.50000000000 0.01798620075 0.01798620075 0.73105859756 0.05170367232 0.04742589965 0.26894140244 0.50000000000 0.50000000000 0.88079708815 0.50000000000 0.04742589965 
37
meanEC37 20 0.25468239188 0.75444245338 0.96335798502 0.35586848855 0.94799208641 0.00242104847 0.90984112024 0.29071152210 0.20224986970 0.92158520222 0.05800865591 0.85172671080 0.11752881110 0.33365651965 0.73278832436 0.03001452051 0.72297149897 0.19232004881 0.93034696579 0.95103377104 
38
meanEC38 20 0.52259415388 0.88537329435 0.22741733491 0.90256631374 0.46583312750 0.91004288197 0.58178007603 0.91387766600 0.30099385977 0.88002550602 0.12977379560 0.92400193214 0.66613769531 0.91459780931 0.95624697208 0.59012532234 0.11364389211 0.65064620972 0.54656594992 0.53289180994 
39
meanEC39 20 0.26894140244 0.06362150614 -0.01560100715 0.01073663425 0.07771354518 0.13225640619 0.06367081735 -0.01474116679 0.05778243761 0.85182812324 0.93507339934 0.06341318578 0.73963054268 0.29832708412 0.04095816018 0.06422513618 0.18810199757 0.06434287642 0.14952213248 0.70194542408 
40
meanEC40 20 0.16628825047 0.09467216133 0.07399947275 0.11247614861 0.05218792087 0.13131757064 0.18291882639 0.05918184095 0.05911357646 0.20219639440 0.06912528501 0.22884764448 0.08377248294 0.00441572907 -0.02462846565 0.14161736687 0.11932643981 -0.12779639462 0.00574673067 0.33657586575 
41
meanEC41 20 -0.01735620430 0.07237127123 0.44136372494 0.38195461470 -0.04260212415 0.06538081050 0.14176535084 0.10708196135 0.20894375659 0.26406652676 0.17713291873 0.12605694936 0.13940966182 0.12037494563 -0.01834106371 0.14442021748 0.20359209781 -0.02947212531 0.14716149468 0.30202543736 
42
meanEC42 20 0.01798620075 0.00091110001 0.00091110001 0.00091110001 0.00033539999 0.00091110001 0.00091110001 0.00033539999 0.00247259997 0.00091110001 0.00091110001 0.00091110001 0.00091110001 0.73105859756 1.09753857611 0.01798620075 0.04742589966 0.00247259997 1.09884131266 0.26894140244 
43
meanEC43 20 0.04742589965 0.26894140244 0.01798620075 0.01798620075 0.26894140244 0.26894140244 0.04742589965 0.01798620075 0.04742589965 0.50000000000 0.73105859756 0.93047491047 0.99689676524 0.04742589966 0.98201382160 0.04742589966 -0.67199856043 0.50000000000 0.50000000000 0.50000000000 
44
meanEC44 20 0.18787274393 0.28089037035 0.18131582480 0.19897389697 0.04715556697 0.31487139779 0.35983467570 0.30725484970 0.27778045714 -0.05468482614 -0.04379481080 0.28942536244 0.10286982100 -0.10369208684 0.21885004955 0.23543514420 0.15998870527 -0.08208292105 -0.03652060872 0.00627604267 
45
meanEC45 20 0.07891277289 0.27108860176 0.07382182218 0.13558101684 0.02944360305 0.27580395185 0.39560784287 0.00799066017 0.04019727667 0.13969202829 0.13222563528 0.32344538895 0.25026929884 0.07185563045 0.57536433018 0.21479915201 0.40088480753 0.19721188440 0.07461418568 0.07240863144 
46
meanEC46 20 0.41053843498 0.49023017287 0.05670001358 0.17158408463 0.35874858499 0.42686825991 0.56101423502 0.76319831610 0.51154166460 0.11736847460 0.23054368794 0.89622712135 0.70515370369 0.92165052891 0.77929693460 0.53228068352 0.86852556467 0.31956607103 0.55303972960 0.15763194859 
47
meanEC47 20 0.98218667507 0.87512415648 0.31254529953 0.76060891151 0.27034527063 0.35397213697 0.79596984386 0.19374555349 0.57677292824 0.09159616381 0.25770264864 0.08528294414 0.55076688528 0.84695422649 0.46293717623 0.57096600533 0.21295689046 0.25231319666 0.99435913563 0.99223482609 
48
meanEC48 20 0.92488849163 0.81111282110 0.46756672859 0.40889781713 0.50826686621 0.39262306690 0.50735735893 0.67794197798 0.41450634599 0.16476003826 0.40902385116 0.36291307211 0.11616050452 0.86404567957 0.13979092240 0.71939778328 0.56070971489 0.10986082256 0.88055646420 0.07145675272 
49
meanEC49 20 0.17517735857 0.27707701622 0.22051242030 0.10503913652 0.31386337854 0.20268319035 0.17745131495 0.16978283748 0.25360911732 0.37587165274 0.30002554997 0.25489227250 0.28547395634 0.10308595920 0.09367447495 0.31134017271 0.39905051796 0.03424197683 0.05551680757 0.33914947510 
50
meanEC50 20 0.09199500383 0.12065938934 0.53087895246 0.66870628517 -0.02462262481 0.22144077361 0.40364622644 0.02572396377 0.22826005525 0.33286422460 0.26224125983 0.08200109824 0.31610554690 0.29279624472 0.16798600929 0.23083679621 0.23572805812 0.01229558688 0.02267755489 0.38356959820 
51
meanEC51 20 0.39120093123 0.49075486263 0.12273074001 0.23633278232 -0.00245434061 0.13343891248 0.13373904041 0.06422258596 0.32155546325 0.02168019485 0.00289172023 0.39267231209 0.04315335090 0.02338526761 1.00531966895 0.30307227817 0.13700225238 0.04008847227 0.05530295010 0.00880987663 
52
meanEC52 20 0.25155083054 0.07840917321 0.24927771090 0.14627648728 0.07059379223 0.20157423113 0.13540602119 0.42636356035 0.28653193300 0.22475269543 0.13599492047 0.13143863268 0.15509422858 0.35101987967 0.01001405577 0.21068936248 0.18013562095 0.15915945123 0.29580083371 0.18767458200 
53
meanEC53 20 0.13941114264 0.23435932427 0.29017510399 0.30842752510 -0.05416740505 0.29424058130 0.30951364631 0.32074458327 0.07799975129 0.07858909066 0.09655496955 0.30244472454 0.04807394128 0.14933362638 0.15675574006 0.31313227113 0.27526624690 0.07586160079 0.14872851682 0.09459295124 
54
meanEC54 20 0.14961597810 0.00588723379 0.04936685419 -0.07313641332 0.03906008349 0.10552315111 0.07289838630 0.19257534387 0.07791296505 0.05389347060 0.06416483344 0.09706478553 0.10740334990 0.00648926158 -0.05628145935 0.12992953446 0.11378387435 -0.08420832912 -0.01868622962 0.23699036241 
55
meanEC55 20 0.52014005184 0.29073634744 0.48477363586 0.83776319027 0.04914668575 0.61793237925 0.55909770727 0.05811222270 0.58967381716 0.71930682659 0.21919642389 0.81271529198 0.22125500441 0.09033319354 0.97306108475 0.97952932119 0.58756500483 0.85571432114 0.18313752115 0.18656714261 
56
meanEC56 20 0.93722647429 0.97441780567 0.51542979479 0.97781372070 0.54892593622 0.42162373662 0.34423941374 0.53304624557 0.49791926146 0.98779505491 0.96134018898 0.12332167476 0.59258151054 0.26718044281 0.24657566845 0.98118275404 0.84481847286 0.78438156843 0.05674586445 0.05954034254 
57
meanEC57 20 0.49295949936 0.51787388325 0.34747818112 0.65703952312 0.86894625425 0.23981119692 0.82240200043 0.86656981707 0.11876904964 0.08180043846 0.64215725660 0.21308597922 0.47706222534 0.54409992695 0.96713805199 0.28417408466 0.89144217968 0.92953914404 0.81204408407 0.42013993859 
58
meanEC58 20 0.06970721483 0.62262612581 0.43223211169 0.00722817425 0.72653263807 0.56143480539 0.33637958765 0.10273720324 0.23649288714 0.60106110573 0.79145866632 0.73547816277 0.26418837905 0.73092955351 0.77288746834 0.84424835443 0.53938043118 0.51393574476 0.91318678856 0.98793947697 
59
meanEC59 20 0.12579810619 0.61311507225 0.07847188413 0.26457786560 0.05863612145 0.79571455717 0.56819254160 0.81152546406 0.04920654744 0.09393795580 0.70706099272 0.22786152363 0.98355555534 0.40198755264 0.77502006292 0.98838806152 0.63846266270 0.66692501307 0.79607385397 0.15878601372 
60
meanEC60 20 0.33550649881 0.28300544620 0.39878344536 0.40623864532 0.73008263111 0.58640807867 0.91579872370 0.83258020878 0.42139345407 0.57242554426 0.46032470465 0.28499871492 0.69824683666 0.29341611266 0.93780308962 0.89344573021 0.38135886192 0.57915747166 0.74753725529 0.42620521784 
61
meanEC61 20 0.53728413582 0.51332074404 0.40577566624 0.23658791184 0.54594928026 0.19635359943 0.85907572508 0.53236854076 0.36073324084 0.27900609374 0.21280242503 0.53585177660 0.07161745429 0.11062251776 0.33066529036 0.49626183510 0.15960967541 0.30999535322 0.76661515236 0.91222035885 
62
meanEC62 20 0.78418207169 0.96590459347 0.13275784254 0.46030041575 0.93800693750 0.48270785809 0.23342210054 0.38468194008 0.97399455309 0.40564200282 0.09471208602 0.84372735023 0.98169285059 0.93925398588 0.15139979124 0.09526907653 0.99965053797 0.31477946043 0.99018692970 0.44621872902 
63
meanEC63 20 0.20498078968 0.31653930069 0.42142107563 0.46134882154 -0.03345346442 0.39183853125 0.47027535463 0.28725847783 0.14463484573 0.01036838250 0.15436673034 0.26151409735 0.00861324019 0.07757511052 0.07775318391 0.51134544726 0.28208689299 0.07096791966 0.06877764687 -0.04276735336 
64
meanEC64 20 0.53633457422 0.45684340596 0.34264373779 0.66090959311 0.79292881489 0.06851758063 0.98874044418 0.68396443129 0.48796623945 0.74145978689 0.87556505203 0.98154371977 0.13044232130 0.18837139010 0.77734452486 0.29843458533 0.35612025857 0.80343264341 0.18992145360 0.46287706494 
65
meanEC65 20 0.42263334990 0.33113664389 0.39316827059 0.84448611736 0.84256851673 0.50149041414 0.31987938285 0.71788948774 0.49440148473 0.63495969772 0.43312600255 0.07206705213 0.03214362264 0.25138440728 0.58532834053 0.19369985163 0.74308091402 0.75065577030 0.64420694113 0.54265314341 
66
meanEC66 20 0.14882396360 0.32208891124 0.19595759733 0.10943838544 0.05702929113 0.27507607612 0.27628865095 0.05453009407 0.12560400584 0.46464679235 0.69440988887 0.35808288079 0.62254580625 0.35162674944 0.17367417969 0.26305802760 0.39138995852 0.04742589965 0.23350492984 0.36437034607 
67
meanEC67 20 0.01354026489 0.02770398029 0.06136251400 -0.02799570362 0.07137515592 -0.00034461003 -0.00218065664 0.04446506222 0.04357542888 0.17813327222 0.15266098081 -0.06407083844 0.13044650277 0.18155997058 -0.10238980928 0.09044380617 0.20150172336 0.10479939584 0.44645662789 0.42832526565 
68
meanEC68 20 0.31304133300 0.04480137870 0.32502418190 0.23154176280 0.21181420699 0.01966976213 0.16030844869 0.20956323918 0.24167329228 0.10485614041 0.12852460677 0.08103796084 0.06214896914 0.09528189935 0.08027409878 0.34986245345 0.26916674460 -0.09692386307 0.07253524430 0.15281295776 
69
meanEC69 20 0.51063174478 0.21806578503 0.29675085767 0.37612028813 0.04135608405 0.38092733928 0.46166912068 0.20824331767 0.14081293251 0.12464445254 0.19123954933 0.42042606538 0.23629944248 0.03441888866 0.45835426284 0.60187976481 0.49325431043 0.09746457728 0.01321114500 0.17153392732 
70
meanEC70 20 0.14574688901 0.04864216090 0.18556129399 0.18938257714 0.05538281420 0.04532603906 0.05096595566 -0.02495528241 0.54431705785 0.53670319765 0.32151544127 0.11061315914 0.34765418346 0.47869251297 0.06816656075 0.02367824428 0.20964094594 0.07610702098 0.43630466097 0.44510906935 
71
meanEC71 20 0.41528782888 0.03083579246 0.27523267174 0.18146536236 0.05086090364 0.08393191745 0.22336468961 0.37523967998 0.06129176971 0.05302957917 -0.04068313155 0.16897578015 0.15487122509 -0.10895161815 0.24573916526 0.50340432583 0.57940883421 -0.08812352125 -0.08039981208 0.17561379075 
72
meanEC72 20 0.11417607673 -0.02372924140 0.02142766864 0.09090539755 -0.02895183035 0.11124399379 0.29915065339 0.09843270882 0.14404846425 0.05787292409 0.11445579557 0.19114364857 0.06816493719 0.00402588987 0.01679276283 0.20725456174 0.09270406761 -0.05076918597 -0.04629536345 0.08939459920 
73
meanEC73 20 0.34159570932 0.24417330325 0.99210095406 0.11365569383 0.50262796879 0.30455666780 0.57435446978 0.92980688810 0.68261170387 0.84596258402 0.54658889771 0.52496528625 0.98222535849 0.09999601543 0.98311251402 0.04294622317 0.85891681910 0.87674808502 0.45690554380 0.14028024673 
74
meanEC74 20 0.45981696248 0.44309255481 0.88871955872 0.46277359128 0.09459271282 0.62514889240 0.86854326725 0.83352828026 0.44405132532 0.64855170250 0.97267270088 0.84406083822 0.59969019890 0.07268141955 0.64381110668 0.31709712744 0.08524670452 0.67748177052 0.83664089441 0.65601724386 
75
meanEC75 20 0.11369985044 0.03200618137 0.05619160565 0.07781436528 0.05578315415 0.26326813284 0.06592516502 0.00599238505 0.01778915160 0.43009593298 0.47485540329 0.11094848843 0.47002325343 0.36115624924 0.11293671830 0.10302505998 0.13267652784 0.25108774522 0.25618659689 0.55579042435 
76
meanEC76 20 0.17949094633 0.02240178335 -0.06232514500 -0.04605113008 -0.00981862267 0.08172256339 0.05359311130 0.10058231350 -0.06402155396 0.14289256324 0.15793888191 0.13952352456 -0.00555510955 0.01563465656 -0.04059725463 0.08396701863 0.20642771564 -0.01036234689 0.04140373921 0.43806537986 
77
meanEC77 20 0.02129586698 0.13024879606 0.17066327289 0.07240540806 0.08875862559 0.20479890114 0.10065443668 0.24877880711 0.18760316479 0.01546511712 0.16805289592 0.23998467843 0.23280269348 0.28293325699 0.04060838643 0.27251646083 0.21016354373 0.05633908242 0.23003833861 0.13584020734 
78
meanEC78 20 0.04538867893 0.09455483427 -0.07867964351 -0.05030287970 -0.03605595645 0.00257677325 0.08566475472 0.00341853973 -0.06237074022 0.06947247041 0.09532976974 0.11478715679 0.11930754305 0.09053535086 0.26475509025 0.06961628155 0.05582275368 0.01776160936 -0.01526888450 0.17792156339 
79
meanEC79 20 0.12475140938 0.02381883295 0.03498704520 0.00287667498 0.07734185437 0.13012377739 0.09812796095 0.00235855152 0.08635629710 0.05127568586 0.03285872965 0.09235552850 0.09917485251 -0.02282909312 -0.08823062346 0.09713158737 0.12153171866 -0.04043125435 0.04463413533 0.32677721977 
80
meanEC80 20 0.05185512253 0.02700713600 0.01018389693 0.00998094980 0.00216270014 0.04593691249 0.05607075075 0.12619255748 0.02620817756 0.00879713697 0.05811694226 0.11099742534 0.04976458131 -0.01237603903 -0.00704348779 0.08802133410 0.07032221154 -0.03487037902 -0.02068237587 0.08393124491 
81
meanEC81 20 0.15364331611 0.08947542475 -0.01372104810 -0.06028570577 -0.00188269544 0.09738399476 0.04722417471 0.07504695332 0.02527478913 0.10984026787 0.08278389999 0.13631020762 0.19843775563 0.11722680873 -0.08991191106 0.05684720048 0.07415518044 -0.03248216745 0.03765566585 0.27766397595 
82
meanEC82 20 0.07834082847 0.23665994992 0.00691122817 -0.02486092502 0.15145132858 0.33514084402 0.05963435761 -0.01323066006 0.02262109083 0.48254702093 0.46149037600 0.21773284298 0.36641300410 0.20504480633 0.04327431335 0.00971181631 0.06706064154 0.10751384649 0.00572941194 0.53271931410 
83
meanEC83 20 0.11414998162 0.01851671007 0.12253230167 0.02077548547 -0.11043744070 0.03845413771 0.11350581043 0.28958582122 0.03435659804 0.02462232570 0.11221708914 0.07981006823 0.06435165143 0.07536905194 -0.13729041545 0.15472197128 0.04364728105 0.07339458081 0.04558422322 0.10146027058 
84
meanEC84 20 0.09164170176 0.77719622850 0.03204556555 0.96870690584 0.90606123209 0.05120382830 0.86438608170 0.60155564547 0.41944518685 0.02084098943 0.65341192484 0.01366669126 0.87103444338 0.18013648689 0.69841444492 0.48714938760 0.36673921347 0.56288218498 0.65916568041 0.31204921007 
85
meanEC85 20 0.81483614445 0.39940714836 0.56232881546 0.41491481662 0.46096923947 0.53283810616 0.39636218548 0.22225832939 0.38728681207 0.29761239886 0.43343842030 0.77547341585 0.74113303423 0.54143708944 0.59935098886 0.93187016249 0.76886457205 0.86126601696 0.58886170387 0.83830362558 
86
meanEC86 20 0.66985082626 0.18540996313 0.03879140690 0.91065543890 0.93713861704 0.00042658314 0.78967028856 0.86031311750 0.89482706785 0.76511210203 0.87017571926 0.15794481337 0.84189403057 0.59042686224 0.41787052155 0.09824705124 0.65560281277 0.96195119619 0.63987761736 0.98451632261 
87
meanEC87 20 0.57719683647 0.97518301010 0.41689684987 0.37133446336 0.96116691828 0.57883322239 0.03367692232 0.86485612392 0.89663195610 0.29031947255 0.24940994382 0.28139442205 0.43070721626 0.64467459917 0.00198595109 0.77340567112 0.13397039473 0.62402224541 0.61093956232 0.10850939155 
88
meanEC88 20 0.42006897926 0.93170523643 0.75951349735 0.18364210427 0.90983855724 0.72976517677 0.65894478559 0.26047071815 0.03332113102 0.83516341448 0.48543712497 0.95594757795 0.88583642244 0.15779945254 0.42345678806 0.17094510794 0.22745561600 0.71679979563 0.23061273992 0.38879224658 
89
meanEC89 20 0.24760584533 0.09300841391 0.63059377670 0.32371026278 0.46868738532 0.12110808492 0.50450342894 0.73807042837 0.74024033546 0.03234368563 0.98961377144 0.61341732740 0.29425784945 0.41843289137 0.53514957428 0.23486721516 0.42127603292 0.54233270884 0.31622591615 0.72974324226 
90
meanEC90 20 0.08027928323 0.51354366541 0.49070414901 0.69631189108 0.93026268482 0.04820337892 0.58247929811 0.05043974146 0.58078581095 0.71042609215 0.41063427925 0.28670832515 0.64918023348 0.47009363770 0.77870547771 0.58625137806 0.51172584295 0.34858104587 0.15616331995 0.08649805933 
91
meanEC91 20 0.98144131899 0.22281771898 0.89264982939 0.24136334658 0.29296967387 0.55180847645 0.85457646847 0.47185364366 0.17742142081 0.10769906640 0.86113733053 0.84926944971 0.67689251900 0.25339466333 0.57874566317 0.75761961937 0.50008100271 0.33879584074 0.59216129780 0.16093528271 
92
meanEC92 20 0.35682407022 0.22253364325 0.81567317247 0.67707914114 0.40542736650 0.98296296597 0.95107817650 0.53857707977 0.89942401648 0.87706220150 0.43757683039 0.36551988125 0.33910501003 0.98590797186 0.92188727856 0.43657836318 0.04135531187 0.63641238213 0.18125119805 0.28453797102 
93
meanEC93 20 0.20260250568 0.89036339521 0.12330240756 0.29185256362 0.01456439402 0.13580220938 0.30289646983 0.06265679002 0.95634269714 0.19192442298 0.43655499816 0.45229619741 0.83424496651 0.41921138763 0.79597365856 0.90474426746 0.51733070612 0.53372645378 0.23861171305 0.38737058640 
94
meanEC94 20 0.99623811245 0.40116170049 0.07588617504 0.06064756215 0.65498161316 0.00348718790 0.12247990072 0.11903044581 0.91853350401 0.21528962255 0.92805713415 0.32617563009 0.73748427629 0.04763965309 0.41723644733 0.58788895607 0.01956857182 0.58414900303 0.22316363454 0.46614399552 
95
meanEC95 20 0.77352082729 0.38993254304 0.18084780872 0.40096607804 0.50270420313 0.33155086637 0.30301702023 0.95582145452 0.44759264588 0.36825427413 0.84133905172 0.64364582300 0.48894450068 0.86945188046 0.45833829045 0.05203240737 0.65948748589 0.36602637172 0.59593385458 0.44500142336 
96
meanEC96 20 0.85396403074 0.92875963449 0.34112936258 0.03213696927 0.39642164111 0.57597947121 0.26999241114 0.37178859115 0.79016673565 0.31748631597 0.35696232319 0.84635782242 0.05309792608 0.04713261127 0.90406274796 0.73045223951 0.10104573518 0.50413113832 0.72318881750 0.07360331714 
97
meanEC97 20 0.54523742199 0.77447456121 0.46411499381 0.58024770021 0.84147030115 0.11929406226 0.71318763494 0.91262197495 0.11582871526 0.56294709444 0.47230887413 0.24794000387 0.72482997179 0.57320630550 0.77083325386 0.84465968609 0.31265062094 0.56668829918 0.94010281563 0.03129172325 
98
meanEC98 20 0.89390355349 0.56869983673 0.77665346861 0.55003464222 0.24603702128 0.71516287327 0.22899505496 0.57454788685 0.90522646904 0.07085525245 0.09996134043 0.45279097557 0.05169274285 0.71451938152 0.30129477382 0.99723160267 0.30704003572 0.52302992344 0.02777364850 0.56908363104 
99
meanEC99 20 0.52607840300 0.38645854592 0.09962745756 0.04409249872 0.01335269026 0.15332077444 0.75103837252 0.08180033416 0.04035846517 0.49922770262 0.83697915077 0.99871110916 0.94733822346 0.51502817869 0.50549721718 0.60464769602 0.23160882294 0.52066469193 0.68054807186 0.93633890152 
100
meanEC100 20 0.19996237755 0.45995000005 0.74057626724 0.36275437474 0.39972916245 0.15045143664 0.98946690559 0.74358582497 0.57118612528 0.50439232588 0.45063865185 0.58483582735 0.43879705667 0.60637456179 0.74682402611 0.65428012609 0.22026912868 0.97422808409 0.08790990710 0.06472694874 
101
meanEC101 20 0.67615437508 0.81817591190 0.14393603802 0.21241392195 0.84135800600 0.22874888778 0.96588164568 0.51898938417 0.46451291442 0.26568794250 0.11724245548 0.35944703221 0.26324504614 0.49342456460 0.66778838634 0.09956938028 0.13165013492 0.92077380419 0.13383021951 0.33785918355 
102
meanEC102 20 0.65511846542 0.31095278263 0.71759849787 0.08822529763 0.60034036636 0.73522144556 0.54989463091 0.46359792352 0.72603797913 0.55862319469 0.97201156616 0.70463258028 0.09949373454 0.89190036058 0.82053244114 0.09863162786 0.26742264628 0.09019473195 0.60955017805 0.66800063848 
103
meanEC103 20 0.33670401573 0.29568910599 0.30850160122 0.33648201823 0.78497904539 0.08215781301 0.35497054458 0.55675691366 0.13886506855 0.44899451733 0.82440692186 0.83464235067 0.01719725691 0.85768908262 0.16870388389 0.62782627344 0.69947659969 0.79265260696 0.96149682999 0.44790565968 
104
meanEC104 20 0.90602439642 0.78815978765 0.65014213324 0.91334605217 0.47909164429 0.22784414887 0.92807251215 0.00334340869 0.33993023634 0.15808612108 0.29257133603 0.54518359900 0.29324698448 0.76212137938 0.12509252131 0.72345930338 0.90816622972 0.47001361847 0.94639134407 0.15628531575 
105
meanEC105 20 0.66909599304 0.86710786819 0.49842733145 0.64985996485 0.56895363331 0.89643615484 0.52127128839 0.00660040835 0.87244224548 0.74303954840 0.90280842781 0.90424537659 0.78760474920 0.49567905068 0.98665863276 0.84677588940 0.55716794729 0.03026048839 0.44205042720 0.73885190487 
106
meanEC106 20 0.49034520984 0.68759441376 0.14460694790 0.40202429891 0.40071308613 0.43477198482 0.03434974700 0.53696435690 0.90212088823 0.81270253658 0.61386686563 0.28815528750 0.21752515435 0.34806337953 0.59649783373 0.36351159215 0.18437327445 0.97091555595 0.97396832705 0.06503935158 
107
meanEC107 20 0.01601389609 0.10889483988 0.70574957132 0.01022371370 0.12832954526 0.73174458742 0.47577211261 0.15062269568 0.17384329438 0.77398586273 0.38835749030 0.94438302517 0.63719993830 0.15183480084 0.76136630774 0.39741808176 0.76845580339 0.73847854137 0.35182020068 0.68805140257 
108
meanEC108 20 0.04610345100 -0.08096594951 0.08720017330 -0.01032768606 0.03826086584 0.07332189261 0.24254447037 0.02068998344 0.08830434188 0.04874795978 0.06985319432 0.06367062533 0.02294922363 0.10981931274 -0.06597965971 0.08064483533 0.00205650452 -0.05725169013 0.16233609932 0.12572120130 
109
meanEC109 20 0.18634784222 0.44379207492 0.65950340033 0.63804095984 0.75427103043 0.19857233763 0.45229345560 0.21229349077 0.98243159056 0.88271820545 0.04326530546 0.27039343119 0.81991499662 0.04389733076 0.14513009787 0.90790677071 0.57773077488 0.98253369331 0.94737088680 0.38698339462 
110
meanEC110 20 0.32861581445 0.35729676485 0.91373634338 0.28439268470 0.63634639978 0.32449853420 0.30594053864 0.65437227488 0.99794113636 0.42542853951 0.91380745173 0.84803950787 0.93343162537 0.70865219831 0.11841611564 0.56696152687 0.91198128462 0.44071480632 0.76463788748 0.32985335588 
111
meanEC111 20 0.29551553726 0.06937661022 0.78368645906 0.29443755746 0.40433040261 0.75922101736 0.53311491013 0.09262702614 0.31280970573 0.66201877594 0.73983663321 0.57032829523 0.01205937658 0.90238165855 0.80052649975 0.40681838989 0.88658988476 0.81634503603 0.42929482460 0.52426040173 
112
meanEC112 20 0.11105996370 0.07463540882 0.41686198115 0.58352899551 0.05884074047 0.15572202206 0.64664012194 0.99292856455 0.82624936104 0.83541315794 0.89910018444 0.59755671024 0.33592876792 0.87065035105 0.85014903545 0.24722363055 0.84976446629 0.28399944305 0.93473875523 0.58033704758 
113
meanEC113 20 0.57029533386 0.42266708612 0.87275570631 0.70344638824 0.01076092478 0.82490277290 0.33831587434 0.05544241145 0.90051686764 0.35631024837 0.71670317650 0.89229971170 0.22495682538 0.15546719730 0.05256218836 0.81092387438 0.05894315988 0.36216849089 0.96846711636 0.12693932652 
114
meanEC114 20 0.59836316109 0.19822214544 0.52459710836 0.02777521499 0.48947414756 0.30741289258 0.31937065721 0.43080347776 0.43562373519 0.55657905340 0.84933364391 0.27801501751 0.03676280752 0.81528556347 0.52020752430 0.62545645237 0.19698448479 0.05481785163 0.54767441750 0.17192822695 
115
meanEC115 20 0.63746869564 0.33842960000 0.82772898674 0.86007791758 0.66184043884 0.11569608748 0.64933151007 0.14622081816 0.81582868099 0.18299576640 0.55512940884 0.30709406734 0.09337744117 0.88616836071 0.46935492754 0.66825652122 0.82018202543 0.08903329819 0.27927616239 0.67469745874 
116
meanEC116 20 0.48298382759 0.46861824393 0.64956510067 0.20628578961 0.08202182502 0.26471155882 0.76269990206 0.06193261966 0.46304675937 0.56475007534 0.24951083958 0.17890687287 0.08037390560 0.57484722137 0.95553559065 0.20246583223 0.37858366966 0.52781975269 0.13155171275 0.59777712822 
117
meanEC117 20 0.16860735868 0.07769074907 0.10316947910 0.07761651462 0.03801832209 0.20472818565 0.17919474135 0.15479119009 0.09012978031 -0.01332676106 0.01164870216 0.22919877111 0.05627134299 -0.01493291755 0.01397161272 0.34122294142 0.19319595454 -0.04040479709 -0.02543204077 0.03449803218 
118
meanEC118 20 0.22873631120 0.56215792894 0.01424141228 0.60483378172 0.85527855158 0.02323416062 0.61468422413 0.90654432774 0.16088488698 0.44339665771 0.44480901957 0.07919110358 0.31745043397 0.48527741432 0.13721816242 0.43951869011 0.06056689099 0.99942463636 0.23674817383 0.23173980415 
119
meanEC119 20 0.13355711102 0.88789796829 0.10014650971 0.94044798613 0.21549698710 0.31648620963 0.71811169386 0.84128576517 0.02129402384 0.78206819296 0.15094493330 0.01365518570 0.16330949962 0.72973799706 0.38138264418 0.99811726809 0.97697025537 0.62346190214 0.12404832244 0.57306337357 
120
meanEC120 20 0.06979834354 0.07199594442 0.05822314867 0.03972084119 0.01089296944 0.07810282676 0.14971778256 -0.00230335865 -0.04580345936 0.09595721876 0.21429878103 0.16474196643 0.15443372072 0.07086544454 0.03256276019 0.03364130009 0.07524895920 -0.03351712068 0.03482865883 0.22596734762 
121
meanEC121 20 0.05226760707 0.02349768598 0.00097986058 0.01699772965 0.02640314714 0.04573040614 0.05546095711 0.06069793252 0.02696362570 0.06027266998 0.09317113473 0.07427607496 0.06250290699 0.06111635266 -0.03240045880 0.07962225681 0.05129653633 0.01209588096 0.06929454814 0.31820574403 
122
meanEC122 20 0.05208763496 0.03766801384 0.04139522875 0.06028937051 0.01651901860 0.01154223695 0.06744734646 0.10187113679 0.04523059571 0.01669008643 0.06846714258 0.07354796944 0.07322353098 0.04348897109 -0.04383746887 0.12382421084 0.08437580300 -0.00013620922 0.02582595828 0.16626146436 
123
meanEC123 20 0.09789676361 -0.03602766747 0.00543090668 0.02856170872 0.02230286926 0.05173893334 0.20825900130 0.09655762719 0.02339569698 0.03467970095 0.04915436078 0.11590302875 0.02301433813 0.05860956045 0.20219284936 0.22841740436 0.04733739352 -0.05077944235 -0.00148537281 0.03726827353 
124
meanEC124 20 0.06034709001 -0.06566429916 -0.02663380633 0.04655031278 0.03323422638 -0.03825011042 0.04493459624 0.09990551326 0.03277758491 0.06985324477 0.12801537429 -0.07510285723 0.08364982672 0.21708930887 0.03391239410 0.13259562885 0.08029685868 0.01560862660 0.16925185180 0.17754316330 
125
meanEC125 20 0.05509861711 0.01317572152 0.02927193907 0.05683260066 -0.00396093476 0.02684626149 0.08506589410 0.19029276751 0.05422467692 0.01199034483 0.04376666757 0.04779330127 0.04154213167 0.03737157222 0.06480613188 0.13470218464 0.06634009616 -0.02543441853 0.01924896344 0.05140134692 
126
meanEC126 20 0.10727284308 0.04218547952 0.05553865391 0.08815371531 0.04936655280 0.10569583303 0.25515714365 0.20534250606 0.08771916532 -0.03570705200 0.01741352151 0.14513873862 0.03174864824 -0.05374840542 -0.00896873167 0.19535195025 0.09228154632 -0.03898336105 -0.01231283409 -0.02059413306 
127
meanEC127 20 0.67778146267 0.47285681963 0.04497221485 0.21133480966 0.42503580451 0.66559785604 0.60243469477 0.93139678240 0.17195521295 0.84001529217 0.90815949440 0.10863083601 0.76527285576 0.10477122664 0.97299587727 0.91101670265 0.81680327654 0.14000743628 0.93492525816 0.58979606628 
128
meanEC128 20 0.90845292807 0.85529345274 0.36642062664 0.20227023959 0.15080560744 0.56011819839 0.68270331621 0.60993027687 0.57482957840 0.13435328007 0.63853061199 0.07786995172 0.22837682068 0.22281959653 0.82641685009 0.86875653267 0.45420044661 0.34960642457 0.10143065453 0.54737019539 
129
meanEC129 20 0.42528442324 0.28162987593 0.01948796001 0.05816082779 0.00557848842 0.33458378235 0.28763979585 0.23226311814 0.17558604965 0.24762449452 0.32653940530 0.15546500707 0.33164301942 0.20606268192 -0.00924085138 0.16178649302 0.04707112030 0.43940504000 0.31669113526 0.24601402879 
130
meanEC130 20 0.05781613076 0.02241365617 0.07579150625 -0.03086501434 0.03770164155 0.04772291078 -0.00006619734 0.14727585551 0.08829752111 0.13751789555 0.15206984354 0.07066098613 0.16162605163 0.17697100159 -0.06639176727 0.03087894406 0.03730945105 0.06989507714 0.12343094901 0.24044184387 
131
meanEC131 20 0.15036104548 0.03364576764 0.20827702878 0.31175054613 0.06965733364 0.12735571893 0.12421120446 0.11903368231 0.02519505402 0.22211933579 0.12657018567 0.09878208848 0.06826839329 -0.02679420227 0.02074542026 0.19215028819 0.18695128004 -0.08475354879 0.04813521683 0.29630306363 
132
meanEC132 20 0.23628945798 -0.01129350163 0.02301675088 -0.00962435801 0.03536037085 0.12100485530 0.09849562125 0.10336858793 0.06894116184 0.01748903765 0.03505662769 0.21419839262 0.05163257618 0.05763635991 0.07104755164 0.18906484698 0.12467723020 -0.03468649535 0.06962883356 0.11295443773 
133
meanEC133 20 0.03485598822 0.01116278737 -0.04274478994 0.00564389570 -0.00582919402 0.05155751069 -0.00633971127 0.15077115920 0.04680602100 0.05816090071 0.04000496839 0.13720928043 0.06482238611 0.09259345864 -0.07658662108 0.04523982738 0.05634785846 -0.00618479183 0.13317647622 0.22251418233 
134
meanEC134 20 0.04990576214 0.01665639433 0.03677346616 0.04561370759 0.00784850110 0.02892700085 0.09343072543 0.12179358017 0.04103131818 0.01164114986 0.04141566447 0.08252837463 0.03875673013 0.05509845871 -0.00699201873 0.09242764734 0.06037369247 -0.01361800352 0.04429663141 0.08951669186 
135
meanEC135 20 0.11488769470 0.04352526516 -0.05761110498 0.04460004504 0.02905949009 -0.00925489971 0.10117463869 0.04295912213 0.01771977396 0.04994374887 0.14168682726 0.07367817455 0.09006363838 0.08679402832 -0.06318206856 0.01311792493 0.00286213929 -0.05386936900 0.01372141880 0.19087876379 
136
meanEC136 20 0.47378143668 0.96450859308 0.67100965977 0.23561930656 0.33424684405 0.76529955864 0.93722665310 0.82924473286 0.00683899550 0.87162953615 0.32411754131 0.86283260584 0.43311685324 0.93967974186 0.08769179136 0.26202094555 0.70739310980 0.33564820886 0.91235494614 0.42154991627 
137
meanEC137 20 0.35743439198 0.33366221189 0.80098134279 0.35954019427 0.48549681902 0.18896041811 0.87757009268 0.94945442677 0.84614968300 0.29776495695 0.21968613565 0.50822621584 0.16770295799 0.18725994229 0.05672731251 0.18721579015 0.74744075537 0.76730626822 0.32635033131 0.57996463776 
138
meanEC138 20 0.64756059647 0.94505363703 0.65440940857 0.55594456196 0.96133017540 0.57066988945 0.92628782988 0.80114448071 0.18106910586 0.31231471896 0.56226640940 0.82538169622 0.18881374598 0.53127288818 0.69167840481 0.20079693198 0.61574208736 0.28496539593 0.46794342995 0.71548193693 
139
meanEC139 20 0.54200851917 0.60544502735 0.19183455408 0.15200282633 0.00606869347 0.69710308313 0.89196944237 0.49222522974 0.89543098211 0.18482708931 0.10188160837 0.55349367857 0.48719823360 0.68013113737 0.29749616981 0.51281505823 0.84983128309 0.87202906609 0.94696056843 0.18663091958 
140
meanEC140 20 0.80117082596 0.45773103833 0.90761703253 0.67990911007 0.88652724028 0.34376239777 0.60398554802 0.92093324661 0.06965678930 0.46964377165 0.76858580112 0.18138664961 0.97064208984 0.36005151272 0.95963537693 0.75880926847 0.08241588622 0.03332361206 0.47845825553 0.03869685903 
141
meanEC141 20 0.35422307253 0.68502771854 0.87941384315 0.90980529785 0.81061828136 0.00009614068 0.36018839478 0.94419723749 0.30103239417 0.67473888397 0.70082634687 0.58028674126 0.13613098860 0.54947447777 0.60811901093 0.11074036360 0.43307405710 0.75301724672 0.80893337727 0.56713795662 
142
meanEC142 20 0.38439911604 0.41543388367 0.90905165672 0.86619323492 0.15582242608 0.98651397228 0.09550213069 0.24023808539 0.31636464596 0.82929146290 0.47073721886 0.07709985971 0.31970816851 0.42231479287 0.75805622339 0.52282798290 0.24646729231 0.49788513780 0.36653873324 0.91345655918 
143
meanEC143 20 0.92567795515 0.06446665525 0.66001814604 0.94148552418 0.86035305262 0.77839338779 0.99978643656 0.56049615145 0.97743731737 0.95369726419 0.84471493959 0.72148185968 0.92195057869 0.44813558459 0.61652183533 0.96937727928 0.40036404133 0.86369240284 0.75764787197 0.81725353003 
144
meanEC144 20 0.32978496762 0.30779005848 0.30445322729 0.43188207885 0.00378420570 0.25843600915 0.41092091871 0.15334190068 0.37902041304 0.21437197698 0.18879338801 0.23265142539 0.23566612564 0.34934447154 0.43324729219 0.36895801528 0.20979188415 0.25998704162 0.05306966108 0.21787837148 
145
meanEC145 20 0.51932334900 0.28241154552 0.81832528114 0.88119417429 0.51783800125 0.80625963211 0.73733431101 0.32322746515 0.95057773590 0.72956639528 0.50529181957 0.07001082599 0.42506986856 0.81475287676 0.66193062067 0.11835276335 0.42910686135 0.17647147179 0.41333982348 0.47999998927 
146
meanEC146 20 0.29441654682 0.13693518937 0.37451228499 0.21456097066 0.15623490512 0.07227040082 0.17729265988 0.17458397150 0.68724083900 0.68584752083 0.67216646671 0.01393673290 0.05183630064 0.66402775049 0.71378386021 0.73292160034 0.94279235601 0.88375830650 0.72885757685 0.94452118874 
147
meanEC147 20 0.46836192526 0.14726800225 0.25804393080 0.03971682309 0.11275639466 0.07494709060 0.05808371777 0.43468116812 0.04261221884 0.32276039605 0.22911872266 0.23030310419 0.20218114636 0.23117508025 0.19769147655 0.44895112270 0.29566734681 0.07710117613 0.22015048939 0.25860720873 
148
meanEC148 20 0.08221754054 -0.00170494457 -0.04362691335 0.06279442174 0.06475655225 -0.01227182877 0.09369608064 0.21499793713 -0.03290226033 0.13019248007 0.17363806781 0.01441769941 0.16240837168 0.19223043400 -0.11597330578 0.14003755636 0.01941473962 -0.03589902837 0.12613378002 0.26838970184 
149
meanEC149 20 0.20152416354 0.14287810928 0.18053685257 0.31732392516 0.23292585573 0.24068688773 0.32704452441 0.11007213668 0.15764291672 0.16738758936 0.06886324866 0.24485792068 0.14691241597 -0.02846395565 -0.00325490817 0.14071113478 0.25809620357 -0.07987502604 -0.00020376556 0.19606883824 
150
meanEC150 20 0.42905162655 0.15284335229 0.09282375315 0.26563401894 0.02208982359 0.45716556700 0.41522352448 0.09392169701 0.24070712793 0.07375590161 0.12569692051 0.31395213529 0.17700300043 0.14996637319 0.36937596821 0.40311606865 0.17831924728 0.25018406389 0.24874509911 0.07471770048 
151
meanEC151 20 0.35983771744 0.17383168927 0.23860595751 0.37101689746 0.20115014322 0.32209149479 0.36844705475 0.22125071744 0.23500043583 0.40905682816 0.29729150180 0.18975311114 0.28068812491 0.26371143053 0.18075630200 0.38664706817 0.28072985801 0.07302386570 0.18615205934 0.33918389678 
152
meanEC152 20 0.06653034266 0.07609116401 0.06835902146 0.11901782213 0.05479207298 0.02849755925 0.17132785714 0.24670159944 0.09442969536 -0.00178508731 0.08167403871 0.07340231416 0.01770506031 0.17264719688 0.14130520642 0.19104419836 0.10534411805 0.10253215911 0.12350804141 0.05222464725 
153
meanEC153 20 0.19721405051 0.01903379269 -0.02094079054 0.02876847951 0.06319039209 0.02468381089 0.19806899524 0.13552174066 0.02343304327 0.01869680499 0.01863485212 0.18959741531 0.02868252239 0.08746729136 -0.04797806211 0.14313625750 0.13179599039 -0.07373969571 0.04877125992 0.08383828402 
154
meanEC154 20 0.88055932522 0.08603669703 0.18905670941 0.08327545971 0.48553496599 0.83717203140 0.55839049816 0.55326443911 0.37389910221 0.02445266955 0.33688545227 0.85453832150 0.12969790399 0.57607960701 0.74049365520 0.51223105192 0.86866033077 0.73734360933 0.84629648924 0.77445441484 
155
meanEC155 20 0.60903471708 0.11769945920 0.07702539861 0.62501972914 0.35800516605 0.25626820326 0.60714161396 0.95649886131 0.68382811546 0.54241263866 0.25577050447 0.84916174412 0.88177728653 0.94830238819 0.37692731619 0.41511994600 0.69320082664 0.11126375943 0.51054233313 0.35051360726 
156
meanEC156 20 0.40406036540 0.34838732710 0.20319191047 0.09518093542 0.15057640460 0.36143102782 0.22733436368 0.06873820090 0.39493786525 0.29282624245 0.43880850162 0.38091305362 0.41289929009 0.20621188075 0.07052533884 0.40658088992 0.19994667944 0.04152521814 0.24722056156 0.42647144198 
157
meanEC157 20 0.08468688823 0.03130476487 -0.01462124820 -0.05000766522 0.03949336231 0.03336531483 -0.00704979586 -0.04859225680 -0.00967145211 0.07955231257 0.06850588086 0.04050231169 0.09894071417 0.05280599033 -0.01253958664 0.10184889013 0.02220474517 0.05902548972 0.10110398060 0.30888324976 
158
meanEC158 20 -0.03321442910 0.07184132669 0.05064735464 0.07011149550 0.09584928863 0.09817997375 0.06141080514 0.19611062759 0.13170073333 0.02031483625 0.09892037317 0.09281101178 0.08867078504 0.10595679918 -0.05565975553 0.25129902053 0.13377504803 0.03658644135 0.04199163669 0.07451503724 
159
meanEC159 20 0.13660628005 0.04179375539 0.01718944306 -0.01656636571 0.06788530477 0.03826850604 -0.00711626978 0.03495376276 0.09114494735 0.03874151116 0.08935751043 0.08747523917 0.12869406176 0.05974701841 0.20674477155 0.11365317707 0.05606243181 -0.02327862879 0.05025513962 0.14922778308 
160
meanEC160 20 0.08628563782 0.10321582406 0.02659404022 -0.00986844247 0.02149672732 0.06184856996 0.09102295462 0.16875363898 0.02002755121 0.09575272379 0.03493041011 0.04700443942 0.01022196522 0.08307254314 -0.06761888852 0.11806238428 0.05041706353 -0.03252596567 0.03647068336 0.19496414065 
161
meanEC161 20 0.01372366007 0.04086211848 0.02579936956 0.01375805342 0.01908910250 0.02472712640 0.04731304308 0.13850032830 0.03909921743 0.00815711026 0.03463940829 0.08314346944 0.03706363002 0.03381580558 -0.00385859311 0.08578775086 0.06854727201 -0.01853549084 0.01285232262 0.06456829608 
162
meanEC162 20 0.12708792211 0.06134993883 -0.01099219110 -0.00452628499 0.02889320758 0.06204098962 0.07003309280 0.04491982532 0.05015421385 0.03921610339 0.08310122285 0.14207853799 0.13697463331 0.04245135314 -0.09910171000 0.09267555601 0.06247561004 -0.00241290684 0.07759461521 0.24833573401 
163
meanEC163 20 -0.02902382395 0.06645459745 0.08743536478 -0.09366923885 -0.03040935037 0.01262384791 0.00285620365 -0.07203660583 0.02328374635 0.17114458668 0.21197363007 0.17407195261 0.25307662634 0.16768605136 -0.07372280239 0.01273780386 0.06595495125 -0.10087754623 0.13568042470 0.26015281677 
164
meanEC164 20 0.04270267110 0.06471537314 -0.00437510470 -0.03308274051 0.01196287678 0.09115386193 0.03750925782 0.13471321329 0.02518638412 0.07646989776 0.06681461875 0.09861732363 0.05249618878 0.02731186877 -0.14236666920 0.11183202185 0.07326979402 -0.03492579578 0.01228293769 0.13615503907 
165
meanEC165 20 0.74250698090 0.76147425175 0.83668291569 0.66622662544 0.17122866213 0.88681417704 0.97721308470 0.15677139163 0.10879100859 0.44461175799 0.12373705953 0.52486252785 0.05778585002 0.57619422674 0.41168272495 0.75649821758 0.83175796270 0.75010579824 0.88540381193 0.35550656915 
166
meanEC166 20 0.88240438700 0.25254064798 0.05556595326 0.26710763574 0.69858956337 0.55065762997 0.24399493635 0.00558315869 0.03762853146 0.66608464718 0.79332774878 0.77666336298 0.88588362932 0.57317018509 0.78731775284 0.53790867329 0.08010554314 0.03954490647 0.08809295297 0.32261028886 
167
meanEC167 20 0.20193478465 0.59602856636 0.18880744278 0.97651219368 0.78675371408 0.89023125172 0.38858768344 0.46015951037 0.01092381403 0.91149812937 0.80873185396 0.85840529203 0.78679579496 0.36315137148 0.91007912159 0.07135512680 0.61449384689 0.80708247423 0.20973159373 0.60511654615 
168
meanEC168 20 0.49609375000 0.46120414138 0.00287529291 0.09878900647 0.73683583736 0.88112741709 0.73268979788 0.09897359461 0.76666510105 0.99085217714 0.99501127005 0.01235076133 0.11763591319 0.57035505772 0.70278847218 0.51470261812 0.70725792646 0.57691103220 0.74768406153 0.69573950768 
169
meanEC169 20 0.31298452616 0.94434702396 0.68803840876 0.91487181187 0.90735512972 0.56443345547 0.34816640615 0.67308807373 0.45069181919 0.10850826651 0.78833752871 0.69374275208 0.85969662666 0.89110624790 0.79827672243 0.18518045545 0.62908726931 0.11360137910 0.62833964825 0.31208512187 
170
meanEC170 20 0.12756343186 0.21242336929 0.13660779595 0.33579945564 0.20392489433 0.49978604913 0.41231355071 0.72386080027 0.66618520021 0.44475650787 0.85222315788 0.40129837394 0.88710671663 0.12736642361 0.95894157887 0.66137212515 0.38993453979 0.14953513443 0.71514111757 0.67418670654 
171
meanEC171 20 0.58115333319 0.53028237820 0.78438961506 0.51631289721 0.89020538330 0.39579668641 0.35256624222 0.20700146258 0.62653756142 0.05049519986 0.86856561899 0.00403728429 0.33509960771 0.56559336185 0.50844484568 0.31699547172 0.05344017595 0.66213572025 0.30627465248 0.71610391140 
172
meanEC172 20 0.75282841921 0.22754600644 0.45507696271 0.53648006916 0.59748715162 0.32766187191 0.41884332895 0.43815964460 0.57862067223 0.65680426359 0.59192889929 0.20994991064 0.92294305563 0.79309165478 0.16757346690 0.19615614414 0.12753105164 0.38873869181 0.88516694307 0.33412835002 
173
meanEC173 20 0.11344517022 0.78394293785 0.23656249046 0.39018774033 0.43125525117 0.92139923573 0.25959292054 0.08675998449 0.47371339798 0.81342321634 0.89201486111 0.26530572772 0.00763739599 0.23156066239 0.43553841114 0.70799738169 0.94761717319 0.46299493313 0.52602833509 0.04620870948 
174
meanEC174 20 0.71052187681 0.99269127846 0.16551774740 0.67904680967 0.67270374298 0.41791421175 0.35134527087 0.22737759352 0.92813181877 0.71964788437 0.86486655474 0.60186177492 0.14140020311 0.10834930092 0.81582850218 0.37753212452 0.39260458946 0.80134028196 0.20096147060 0.80536365509 
175
meanEC175 20 0.26731961966 0.68334579468 0.16192625463 0.65094769001 0.21185967326 0.29273122549 0.50412636995 0.19665528834 0.81440204382 0.79879933596 0.07542540878 0.66097533703 0.99499005079 0.61853557825 0.17201645672 0.02564347535 0.82695901394 0.04968876019 0.68502861261 0.08526166528 
176
meanEC176 20 0.48650041223 0.40304088593 0.17179751396 0.37792325020 0.82110315561 0.48090666533 0.81753557920 0.89324438572 0.85048550367 0.58992254734 0.32306492329 0.19027584791 0.22564379871 0.74270033836 0.24075292051 0.73782879114 0.45016422868 0.32227966189 0.07209198177 0.16690808535 
177
meanEC177 20 0.69821542501 0.25706037879 0.61826121807 0.55708223581 0.43524324894 0.09194545448 0.18049819767 0.09923480451 0.73953872919 0.58729743958 0.91469466686 0.11998627335 0.60310101509 0.60309302807 0.40049606562 0.52140760422 0.10343243182 0.65468418598 0.35936182737 0.58278471231 
178
meanEC178 20 0.18733736873 0.93433260918 0.46768319607 0.52683293819 0.73354554176 0.31902760267 0.81013232470 0.00748100504 0.14678265154 0.90670192242 0.97276806831 0.37776014209 0.61989998817 0.19307217002 0.87744295597 0.69580250978 0.87270712852 0.31581890583 0.70291525126 0.26476368308 
179
meanEC179 20 0.75212520361 0.36503010988 0.82432836294 0.56372648478 0.56419885159 0.62370681763 0.99449199438 0.20781724155 0.85705143213 0.60955965519 0.84153544903 0.55720382929 0.02496644109 0.55151164532 0.52287691832 0.79921281338 0.08448807150 0.08335542679 0.41528514028 0.92983871698 
180
meanEC180 20 0.49280139804 0.52380317450 0.40426930785 0.08764111996 0.95402795076 0.30941760540 0.12695968151 0.52653247118 0.59550207853 0.03911110386 0.82915288210 0.02061934024 0.01013039798 0.56274670362 0.31707975268 0.22448660433 0.89297538996 0.10189015418 0.50457954407 0.12225787342 
181
meanEC181 20 0.46418920159 0.04705388099 0.80067831278 0.20921137929 0.09489220381 0.38905686140 0.66336119175 0.36267122626 0.42158126831 0.92021268606 0.27839934826 0.71998029947 0.94294774532 0.69329470396 0.42765137553 0.17996248603 0.16075460613 0.35067409277 0.10863410681 0.30447873473 
182
meanEC182 20 0.70954293013 0.98638552427 0.20570406318 0.51104539633 0.45605978370 0.00180075236 0.38996189833 0.73388165236 0.01802160591 0.34373092651 0.26416903734 0.13607768714 0.02672620490 0.32082605362 0.25643852353 0.51296806335 0.87328720093 0.52024620771 0.36501550674 0.51853162050 
183
meanEC183 20 0.50804126263 0.11264039576 0.40984725952 0.36777281761 0.60099452734 0.46268713474 0.92567467690 0.63499659300 0.53735715151 0.32874366641 0.27667593956 0.24263295531 0.65817409754 0.00216104928 0.78820800781 0.33876386285 0.85872882605 0.47382926941 0.99838584661 0.64466780424 
184
meanEC184 20 0.65592473745 0.51237314939 0.31541976333 0.29481309652 0.27040079236 0.93967342377 0.25841006637 0.96349161863 0.46285951138 0.12641862035 0.93363326788 0.04755660147 0.63554513454 0.06028927490 0.32324787974 0.05106948316 0.43013453484 0.48841312528 0.00381076406 0.26428020000 
185
meanEC185 20 0.05056202784 0.18399170041 0.68091934919 0.76427876949 0.37566211820 0.28878715634 0.73366236687 0.63275235891 0.33584010601 0.52410250902 0.42024701834 0.76177150011 0.95287203789 0.69940888882 0.11130807549 0.43236604333 0.32195815444 0.25399282575 0.44309020042 0.29302802682 
186
meanEC186 20 0.37172180414 0.53672498465 0.86849921942 0.82195979357 0.79807406664 0.36791771650 0.81496834755 0.17958122492 0.92932343483 0.23657731712 0.95689815283 0.14657112956 0.33561065793 0.21386796236 0.37538781762 0.88534432650 0.20874512196 0.56620991230 0.73301535845 0.91269451380 
187
meanEC187 20 0.78215700388 0.06621454656 0.36688414216 0.01368915942 0.62569814920 0.51089781523 0.66693055630 0.73283773661 0.68780905008 0.72744649649 0.02177345753 0.66966032982 0.62759238482 0.25027024746 0.90892529488 0.59660089016 0.02638058551 0.99577087164 0.72500008345 0.11218572408 
188
meanEC188 20 0.98771470785 0.49928313494 0.94787490368 0.70360249281 0.08805672079 0.76463502645 0.46490281820 0.70531791449 0.46520349383 0.50087356567 0.90539610386 0.89794713259 0.94136452675 0.77268487215 0.51532077789 0.88821822405 0.45743983984 0.60126477480 0.13156290352 0.04224605486 
189
meanEC189 20 0.12240371126 0.11667324127 0.15495517770 0.16217604488 0.05486589342 0.26449125635 0.32908946617 0.07023104162 0.36927702820 0.01507400805 0.06189350882 0.12721262892 0.04528835229 0.00997872473 -0.03327860089 0.21324724412 0.02319360235 0.01874160723 0.11181641695 0.04839590564 
190
meanEC190 20 0.01180117577 0.36252564192 0.16434711218 0.82991623878 0.83587783575 0.99406653643 0.06338309497 0.96297574043 0.52322351933 0.00798443705 0.04436655715 0.11108722538 0.51900845766 0.63457471132 0.52882033587 0.16284929216 0.90618771315 0.40166956186 0.25636309385 0.41432154179 
191
meanEC191 20 0.54945456982 0.08005332947 0.99052500725 0.33976098895 0.37648442388 0.88984054327 0.86551189423 0.49965211749 0.59116131067 0.07096905261 0.74408185482 0.45235380530 0.36023497581 0.64353400469 0.22045297921 0.22409094870 0.40390264988 0.43593248725 0.44043394923 0.08015646785 
192
meanEC192 20 0.03170490637 0.18020781875 0.40771442652 0.86434388161 0.30171915889 0.43664383888 0.15970571339 0.85546255112 0.83776307106 0.51602041721 0.64371126890 0.82054293156 0.06111078709 0.22011780739 0.65114438534 0.82889229059 0.46208804846 0.89281922579 0.05267953128 0.08040581644 
193
meanEC193 20 0.53619223833 0.58508312702 0.53611516953 0.09906436503 0.26008978486 0.21606408060 0.07198113203 0.55074506998 0.48537144065 0.55094575882 0.19499602914 0.99690991640 0.03417686373 0.04157275334 0.61763381958 0.71979236603 0.85973322392 0.77043598890 0.49001216888 0.18761591613 
194
meanEC194 20 0.18437214196 0.90886121988 0.66576045752 0.72339177132 0.27823644876 0.41988298297 0.82419121265 0.01691230014 0.83602803946 0.36200249195 0.44686600566 0.71492856741 0.40261906385 0.71681195498 0.09432001412 0.48520994186 0.48716062307 0.32584911585 0.13142262399 0.71955865622 
195
meanEC195 20 0.93593204021 0.53068608046 0.60352098942 0.24301019311 0.35495024920 0.11864901334 0.45348340273 0.85173934698 0.43811121583 0.66457355022 0.17487336695 0.25032392144 0.45876187086 0.46610224247 0.21291789412 0.04891239479 0.51141780615 0.88095128536 0.22899504006 0.26398229599 
196
meanEC196 20 0.25374168158 0.90864092112 0.60459345579 0.67398995161 0.30925464630 0.37035855651 0.86926722527 0.00275489921 0.59208136797 0.74819660187 0.68316417933 0.98026996851 0.41010913253 0.64556545019 0.20547771454 0.83531862497 0.03696373478 0.24527841806 0.31000456214 0.74204486609 
197
meanEC197 20 0.71958285570 0.35011482239 0.93263989687 0.64254271984 0.47312352061 0.98238879442 0.05778865516 0.69392687082 0.31216821074 0.75477427244 0.19747814536 0.49040889740 0.50110042095 0.83356785774 0.29673799872 0.07912107557 0.75462180376 0.89686501026 0.40753078461 0.25756406784 
198
meanEC198 20 0.27629884323 0.33847113636 0.21632848506 0.24500172160 0.03377171642 0.25942988462 0.26653029938 0.22080892175 0.26235833739 0.11833866853 0.10634258210 0.35184092372 0.11519989783 0.08982126354 0.01196441666 0.43443807850 0.13684728691 -0.00821342201 0.06259386214 0.15074250102 
199
meanEC199 20 0.01560598332 0.90957456827 0.21299457550 0.30329170823 0.24634812772 0.49341127276 0.23272185028 0.42697408795 0.55919694901 0.23100984097 0.28141742945 0.12203449756 0.33762979507 0.57456451654 0.92325949669 0.87118119001 0.14390291274 0.81737887859 0.28383681178 0.06752821058 
200
meanEC200 20 0.80056267977 0.07892168313 0.15791326761 0.72617423534 0.08651257306 0.88617688417 0.75905787945 0.25885453820 0.34149605036 0.89883977175 0.05987238139 0.03709501773 0.19937086105 0.01721221581 0.46000197530 0.32680949569 0.44944486022 0.27230048180 0.41224071383 0.03820089996 
201
meanEC201 20 0.14853322749 0.24786038045 -0.01244126414 0.21580738108 -0.13355696023 0.39115549822 0.38311482254 -0.03815248277 0.13844564300 0.10985083665 0.31376958000 0.38064552973 0.33409891417 0.14689384063 0.16858356387 0.21142506458 0.22664342361 -0.06119935175 0.10021339417 0.20301599801 
202
meanEC202 20 0.07100243800 0.00892327541 0.00576336264 0.01037724777 0.02949918805 0.04303331066 0.05563336346 0.10112605233 0.02959505095 0.06438969053 0.08495896811 0.08823049757 0.09555214683 0.08932051706 -0.02294567061 0.10883366187 0.07797475047 -0.00242937283 0.08483399621 0.33636963367 
203
meanEC203 20 0.05149705806 -0.01197535180 0.07085915821 0.12242021887 0.01525895103 0.06139318154 0.05396695812 0.13142877533 0.02175915865 0.02606755513 0.08646396326 0.10410349264 0.08458313242 0.08301915895 -0.01765779781 0.15606497213 0.13371053586 -0.02271574684 0.02707837887 0.18136021495 
204
meanEC204 20 0.19550209215 0.10032517060 -0.04925372157 0.02605437985 0.14267617903 0.10037762232 0.19086726013 -0.04268684084 0.09594462074 0.12766217296 0.06166090605 0.07205242715 0.08710404522 0.11683592616 0.28239990432 0.28228232001 0.16824036026 0.02566343214 0.21542018301 0.09953069687 
205
meanEC205 20 0.25530609992 0.15029244156 0.16648180652 -0.09613950886 0.09641135190 0.02677997509 0.02349365558 0.28424933776 0.12497642849 0.15040091421 0.04257399297 0.12480139707 0.07711145297 0.27812043333 -0.15695969404 0.12912122819 0.09175443090 0.14146927487 0.12266704904 0.25698983669 
206
meanEC206 20 0.02979251984 0.09766483708 0.08258567985 0.08580983837 -0.00011962363 0.04265634026 0.09104402070 0.15646193790 0.07878036899 -0.01122854117 0.05065141551 0.18960324397 0.03002702119 0.00553018718 0.03052867688 0.14629330031 0.15349112043 0.03673001633 0.00605682904 0.06473841518 
207
meanEC207 20 0.23499142176 0.13111009149 0.06321781207 0.19603068338 0.01517744384 0.16969635260 0.33633689620 0.10993393133 0.07364697402 0.02163290038 0.02637274146 0.16221464409 -0.02049440660 0.09776031604 -0.03380924594 0.19649291555 0.04572028442 0.08537100382 0.16778796556 0.02780441195 
208
meanEC208 20 0.71402621269 0.91557163000 0.53164494038 0.08983112872 0.20165972412 0.09889819473 0.71605485678 0.05346617475 0.05194703862 0.56038570404 0.82266175747 0.35366499424 0.71691566706 0.09608390927 0.00656159595 0.51595383883 0.73201370239 0.75288599730 0.82513338327 0.21052993834 
209
meanEC209 20 0.46564990282 0.09751958400 0.44698798656 0.35117471218 0.88530975580 0.50811469555 0.19108973444 0.21035070717 0.77574795485 0.15390811861 0.19594942033 0.25169974566 0.41650578380 0.63178628683 0.08494205773 0.47249728441 0.03920894861 0.99546915293 0.77871292830 0.78018802404 
210
meanEC210 20 0.14588868194 -0.03487736252 0.44988345378 0.48647792482 0.00179352726 0.15140536319 0.51057033467 0.15470306749 0.07341880317 0.00247259997 0.05191256117 0.06921672778 -0.05062609005 0.35248007769 0.06843122212 0.07116700612 0.16135796119 0.23174140384 0.49484428763 0.00669289986 
211
meanEC211 20 0.17770419143 0.11481835890 -0.03759845514 0.00559573401 0.07443301334 0.17776826015 0.09095584027 0.20673722793 0.09171948496 0.10669576669 0.03436207003 0.06339195559 0.07006310640 0.20114548822 -0.05878796028 0.21982694081 0.20021167846 -0.01701504197 0.21271356216 0.20964971185 
212
meanEC212 20 0.22169694591 0.18202473544 0.34477665159 0.45549209651 0.01176205311 0.10436281684 0.29619806702 0.11803431755 0.06327526370 0.28163116384 0.24916877332 0.19938216493 0.25337605382 0.09837781012 0.19774503877 0.28929426444 0.22419597454 0.01929751990 0.02147998970 0.33540257812 
213
meanEC213 20 0.34352830493 0.05497155426 -0.01375309873 0.20344197764 0.07940421201 0.06718284364 0.16316600921 0.07785701626 0.04457400702 0.12233969368 0.24962761551 0.12722095460 0.18123984827 0.03017740193 0.16392551157 0.21712960346 0.03738163628 -0.00973675628 0.02699087376 0.11440019310 
214
meanEC214 20 0.04659010200 0.01999330159 0.02870728570 -0.01825893802 0.05155171412 0.03870241979 0.05198804381 0.04291253419 0.07387126799 0.02736272568 0.09263465211 0.03257450998 0.22736075053 0.15024057826 -0.13593107304 0.08752966531 0.04720641058 -0.04422553353 0.11612296824 0.19342379272 
215
meanEC215 20 0.09010769672 0.01028043064 0.06236760841 0.05986836616 0.05465825322 0.01443680774 0.09039753964 0.12734289561 0.06767742036 0.03008396728 0.06476711074 0.09136608103 0.07682132526 0.06160285657 -0.02527453711 0.14120532928 0.12517486040 -0.01780529368 -0.00844880801 0.08436363190 
216
meanEC216 20 0.11663128802 0.02352205427 -0.00057149095 0.03261247625 0.00824539729 0.05128378323 0.15918365738 0.03927045364 0.06025872876 0.02520165929 0.06193509210 0.08693451616 0.08153843300 0.03592832077 -0.07254016016 0.08255447707 0.06106151832 -0.01758141976 0.02966270131 0.16758622229 
217
meanEC217 20 0.75516033173 0.61261785030 0.69169563055 0.69677680731 0.75398367643 0.93988561630 0.77997028828 0.47147873044 0.63284486532 0.75064343214 0.05080121011 0.52297377586 0.53699749708 0.29000416398 0.07103325427 0.20100036263 0.06259774417 0.15237332880 0.60470497608 0.91016650200 
218
meanEC218 20 0.68038648367 0.59114837646 0.64368492365 0.92786735296 0.01923519373 0.61925506592 0.44861316681 0.07831264287 0.22622793913 0.76618921757 0.33567792177 0.57577800751 0.28789389133 0.32961657643 0.85870903730 0.01675141230 0.93526577950 0.17548441887 0.61254161596 0.73975408077 
219
meanEC219 20 0.80950069427 0.77857518196 0.40549010038 0.57848477364 0.98588466644 0.61215323210 0.24690698087 0.10008886456 0.82413810492 0.80863320827 0.52214777470 0.68807196617 0.10186239332 0.70496177673 0.77122747898 0.03395744041 0.41693407297 0.97673749924 0.79588580132 0.09475452453 
220
meanEC220 20 0.91594886780 0.91216480732 0.08346961439 0.73384368420 0.09939280897 0.25362047553 0.47526517510 0.69893884659 0.25133317709 0.34082758427 0.73436009884 0.43863949180 0.49778491259 0.63732898235 0.98134946823 0.40144881606 0.08849970251 0.70026946068 0.68579798937 0.91653305292 
221
meanEC221 20 0.73599529266 0.93830436468 0.74038368464 0.18529574573 0.53262835741 0.72489178181 0.94578093290 0.39852046967 0.36032065749 0.63084220886 0.48551553488 0.77399808168 0.63327974081 0.75354415178 0.56108713150 0.17626509070 0.32438805699 0.38986340165 0.69658863544 0.30086579919 
222
meanEC222 20 0.43985617161 0.03339523822 0.04283256084 0.27273231745 0.07314613461 0.40982627869 0.05462761223 0.30366724730 0.39665070176 0.83273446560 0.74035191536 0.40745133162 0.68799805641 0.32214614749 0.09508562088 0.83235102892 0.98897188902 0.25060501695 0.24223741889 0.30215170979 
223
meanEC223 20 0.60962408781 0.66018629074 0.25511786342 0.02587311715 0.91227537394 0.30806484818 0.87580358982 0.19987122715 0.73949301243 0.42097163200 0.02490114607 0.85464513302 0.77187085152 0.09542035311 0.20275142789 0.42273047566 0.89536625147 0.65425014496 0.04445033893 0.78254795074 
224
meanEC224 20 0.22419397533 0.01772871986 0.05727811903 0.65893626213 0.38522785902 0.26797199249 0.47688901424 0.25813984871 0.43292316794 0.94205677509 0.89215362072 0.02915953472 0.62699139118 0.25914022326 0.59909230471 0.62279331684 0.26770833135 0.23036840558 0.54907369614 0.63336426020 
225
meanEC225 20 0.30634837095 0.02456587704 0.09878029451 0.26754720166 0.01285179249 0.13497427285 0.26473695232 0.30019972372 0.11612160258 -0.02595887361 0.07300896320 0.13234744715 0.16759336466 0.20671548202 -0.11481576441 0.23342535960 0.09621266975 -0.02381711259 0.13294150458 0.10622610897 
226
meanEC226 20 0.65659493208 0.50121569633 0.99079030752 0.51764655113 0.22883461416 0.00507735973 0.13552084565 0.92136025429 0.27457159758 0.16295345128 0.83415192366 0.84197169542 0.95620000362 0.37535122037 0.91754776239 0.05850773305 0.40652051568 0.41154345870 0.80289912224 0.02786415257 
227
meanEC227 20 0.56044691801 0.62121099234 0.29623857141 0.99194592237 0.19416835904 0.97391194105 0.54478234053 0.22359676659 0.66189849377 0.07839211076 0.49253192544 0.16256611049 0.89147835970 0.46971523762 0.05321184918 0.40413922071 0.52226537466 0.05342373252 0.14746096730 0.99433863163 
228
meanEC228 20 0.17399443322 0.23610499053 0.09007625611 0.01962197491 0.03185451408 0.07112888808 0.09016195362 0.05152076366 0.01691259314 0.30792037921 0.26872770936 0.21376807108 0.17035149912 -0.07467843612 0.08335247778 0.14383454605 0.18354054581 0.07122282906 0.07268473491 0.46689718962 
229
meanEC229 20 0.04594617904 0.02624163850 0.00674962775 0.00407325329 0.03650422366 0.02517352620 0.03225461941 0.06075499337 0.00731229092 0.05978905843 0.08216437629 0.07026092165 0.07572244279 0.06780560842 -0.02451103657 0.04950089800 0.02682563946 0.01043938156 0.09083109041 0.35129338503 
230
meanEC230 20 0.05292518120 0.05407147696 0.04485559946 0.07559377697 0.03709637558 0.01847353192 0.07974094170 0.19332354409 0.04135269873 0.02424482184 0.05699519962 0.10476102129 0.06234808443 0.02690393798 -0.02824726300 0.06482503080 0.09351155072 -0.04867600145 0.01317284741 0.10607962310 
231
meanEC231 20 0.25833597624 0.10674605139 0.02699026809 -0.00155802231 0.08201811908 0.01911924974 0.06972461840 0.05503079224 0.02496447962 0.07622415053 0.15536283239 0.03049593047 0.12302932876 0.16300485958 0.11695459973 0.12643247621 0.14577328644 0.02859433722 0.10068460415 0.19602997601 
232
meanEC232 20 -0.04347004140 0.12455210241 0.15958626184 0.10511694593 0.09733640913 0.02902496326 0.05434261286 0.13959833462 0.05345495075 0.24658951693 0.32432023296 0.12383156134 0.23066117803 0.42030312047 -0.11547820794 -0.04062019236 -0.03590793756 0.10852179306 0.30946003010 0.36407580972 
233
meanEC233 20 0.03590390533 0.02459261163 -0.00123922432 0.11724835262 -0.01952778693 0.04094826154 0.11824503983 0.11491929965 0.05072825915 0.01695827992 0.02845770958 0.09032515883 0.01969437940 0.05025743315 0.13069451820 0.14970485417 0.04942060547 0.01802905320 0.02088070583 0.02994109877 
234
meanEC234 20 0.12608404019 0.02498675533 0.00317446757 0.02648821522 0.01992375386 0.08024806448 0.17288069608 0.05381921712 0.05007393956 0.03751736418 0.04671930137 0.12266002443 0.05775772395 0.04988423688 -0.02317012902 0.09454939356 0.10503556222 0.01581673672 0.02389417903 0.13987408578 
235
meanEC235 20 0.56163501740 0.69008743763 0.78098094463 0.17711359262 0.03152069077 0.42998668551 0.53109979630 0.56819713116 0.10874847323 0.34526562691 0.72662264109 0.74560773373 0.52353352308 0.64423972368 0.91889518499 0.64928942919 0.67459559441 0.65651363134 0.19202207029 0.64440578222 
236
meanEC236 20 0.93216294050 0.73006695509 0.44176259637 0.97476083040 0.82221102715 0.90441107750 0.91957122087 0.70320707560 0.58958047628 0.68194103241 0.32028818130 0.29506731033 0.47419568896 0.32732683420 0.27832150459 0.11143282056 0.00016145370 0.00770388870 0.25644451380 0.10158139467 
237
meanEC237 20 0.26914349864 0.16211457300 0.05772201374 0.02880269259 0.19809592083 0.19250434451 0.11815589091 0.21903027762 -0.01397294200 0.37791985608 0.20788516795 0.20434091513 0.33641487296 0.10016669576 -0.02014734714 0.17922606781 0.15603555962 -0.00804994010 0.11717965177 0.56063604355 
238
meanEC238 20 0.08792663602 0.03231810643 -0.00403431785 0.01189304848 0.04687011049 0.03137459750 0.05622217166 0.03531037029 0.04516830791 0.08595203896 0.07041029269 0.07201917560 0.08348250902 0.05446797247 -0.06893239646 0.08855135397 0.07269303448 0.00901366867 0.08749522945 0.35525295138 
239
meanEC239 20 0.05838250740 -0.00789614894 0.00993380813 0.07119358187 0.00929394440 -0.00325081735 0.02722187722 0.07374127048 0.04075463892 0.03806968371 0.09075508767 0.06430063084 0.05622333537 0.06330023838 -0.00381722938 0.13117310075 0.10050546472 0.01040524785 0.06694531113 0.13684678078 
240
meanEC240 20 0.11501093265 0.02882909686 -0.00226199524 -0.00317465585 -0.01338822678 0.04227028454 0.13992605068 0.04719237178 0.02592485064 0.02044364374 0.04089669834 0.15784432463 0.04371536518 0.05131984035 0.12203303331 0.11800868029 0.07603758437 -0.00609718821 0.02629135548 0.15096235275 
241
meanEC241 20 0.06698940263 0.04777080724 -0.00379066736 -0.03139188826 0.03244397424 0.04501779290 0.04558130933 0.05839646486 0.03492776136 0.05778925091 0.07984775740 0.14475390286 0.07943757337 0.03345850050 -0.09084397164 0.09142674170 0.10306261591 -0.01735521352 0.06726647301 0.29217252135 
242
meanEC242 20 0.03728201368 0.02101774368 0.02635380413 0.02898255922 0.01021576712 0.02842235871 0.05546132773 0.08936749490 0.04125413165 0.00958163076 0.04107027585 0.08612604671 0.05243577958 0.03520848657 -0.01196674165 0.10515844319 0.08689893391 -0.02845772744 0.01010602626 0.07112880796 
