
243
0
covarEC0 20 0.08247404058 0.07931633105 0.07698343090 0.07197946097 0.08089048737 0.08399330348 0.08511215264 0.06474748885 0.07174306900 0.07232362732 0.07540953891 0.08487407965 0.09907963186 0.08620709259 0.07781285715 0.08404265287 0.07171552632 0.09843880724 0.09358750753 0.08636393715 
1
covarEC1 20 0.05154398033 0.07154672153 0.08596006369 0.09448982400 0.07005602651 0.07091867017 0.06842859452 0.05912049261 0.07721139156 0.04331786311 0.04504831529 0.06978560019 0.05981666929 0.05784064664 0.12114184970 0.08252908937 0.10135098458 0.06852326853 0.07200480990 0.04522784590 
2
covarEC2 20 0.06995416737 0.07537498645 0.09149781450 0.09169426339 0.07848504236 0.08367135742 0.08531314228 0.09103076675 0.08056601249 0.05771292778 0.05603360261 0.07921661419 0.07644919787 0.06970478894 0.11095994030 0.09187911088 0.09511920634 0.07560703022 0.07631713819 0.06278967326 
3
covarEC3 20 0.08594413638 0.07060848972 0.07488033252 0.14130652504 0.02810866446 0.08909009781 0.08238267168 0.07129076321 0.05948736095 0.02501279755 0.02507213903 0.02764199042 0.03328736344 0.11006071073 0.08098669861 0.07288991384 0.08202298953 0.07376513695 0.10442958843 0.02840628208 
4
covarEC4 20 0.06594696394 0.05506760445 0.04625582902 0.04632306121 0.09004827220 0.06162831382 0.05263630228 0.06445533430 0.05715823004 0.07997193917 0.07638657053 0.06941150977 0.09851690404 0.09842787946 0.06170320213 0.07267373857 0.08366495600 0.09756143570 0.10379104408 0.09136488121 
5
covarEC5 20 0.04979617072 0.07324506212 0.08420490856 0.06353770148 0.07265151908 0.08432145673 0.07734713592 0.06893087526 0.07216792087 0.07870187875 0.08646868881 0.08788849678 0.11331416648 0.08978737526 0.10180096755 0.07180268253 0.06998398158 0.09511804662 0.07309624332 0.08936257418 
6
covarEC6 20 0.06657093511 0.08154657136 0.08688354948 0.07532308715 0.07270263097 0.08582996725 0.08243007679 0.05861718762 0.07737952703 0.06755908144 0.07272867776 0.08873070802 0.09089766896 0.08461640112 0.06589754334 0.08840819295 0.06752581049 0.08448640488 0.08914775290 0.06667679064 
7
covarEC7 20 0.07158683083 0.05704760976 0.05966574126 0.06340104457 0.08623908480 0.06211513653 0.06383050448 0.07189530542 0.06111371621 0.07448599764 0.07593312327 0.06561156037 0.10165829143 0.10240465083 0.08845645886 0.08178420468 0.07719066506 0.10176211588 0.10773479386 0.10913966019 
8
covarEC8 20 0.07716722369 0.07755164087 0.08273642039 0.08002736105 0.08958879755 0.08372050425 0.08344283836 0.08927726152 0.07473373688 0.07370178172 0.07397752299 0.08807002910 0.10321956754 0.09008666822 0.11719317823 0.08925497581 0.08469772575 0.09643571399 0.09289304916 0.09408330452 
9
covarEC9 20 0.02554076404 0.06194968708 0.06848997478 0.09693283697 9.77500283777 0.04413583497 0.08106742662 0.04608572002 0.04594926401 0.10348129671 0.15092329410 0.12612935658 0.12192864074 0.07233499915 0.04858099221 0.09375038216 0.05706159415 0.07910215651 0.07375997479 0.05616573570 
10
covarEC10 20 9.77500000000 9.77500000000 9.77500000000 9.77500000000 9.77500000000 9.77500000000 9.77500000000 9.77500000000 9.77500000000 9.77500000000 9.77500000000 9.77500000000 9.77500000000 9.77500000000 9.77500000000 9.77500000000 9.77500000000 9.77500000000 9.77500000000 9.77500000000 
11
covarEC11 20 9.77500000000 9.77500000000 9.77500000000 9.77500000000 9.77500000000 9.77500000000 9.77500000000 9.77500000000 9.77500000000 9.77500000000 9.77500000000 9.77500000000 9.77500000000 9.77500000000 9.77500000000 9.77500000000 9.77500000000 9.77500000000 9.77500000000 9.77500000000 
12
covarEC12 20 9.77500000000 9.77508446101 9.77500022166 9.77500000000 9.77500000000 9.78201906569 9.77500000000 9.77500107181 9.77500000000 9.77500000000 9.77500000000 9.77500003705 9.77500190495 9.77500000000 9.77500000000 9.77500000000 9.77500000000 9.77500000293 9.77500000000 9.77500000000 
13
covarEC13 20 0.06458276279 0.06722207029 0.06666676676 0.05344566051 0.08268459207 0.06384455168 0.08110732476 0.05762232059 0.05779657440 0.07930019381 0.07301925545 0.06944119839 0.09256610735 0.08974957442 0.05992230919 0.08256205377 0.09068447511 0.10923344698 0.10580307649 0.09844103698 
14
covarEC14 20 0.06850422923 0.05849856883 0.08457499547 0.07015829760 0.07008618072 0.08271780802 0.08211756527 0.10949788187 0.05956074967 0.06935041181 0.05862173244 0.08000753533 0.08609333477 0.08794925089 0.12499674498 0.09585517456 0.07310603788 0.07632499804 0.07986952743 0.08754784632 
15
covarEC15 20 0.04262140094 0.04990360863 0.06547771623 0.10425373575 0.05707898564 0.05924766096 0.10496779790 0.04379268580 0.04114486490 0.06302770331 0.04809225490 0.04573312120 0.09524459818 0.08236979722 0.08671645070 0.03907751335 0.02921732705 0.06921414171 0.08027822907 0.06938368548 
16
covarEC16 20 0.03978081370 0.11235215903 0.02894918089 9.77500550054 0.05530496358 0.03625329821 0.02534177960 0.09621479233 0.03206894437 0.12066863932 0.04885743236 0.07353617858 0.08096835284 0.12560901629 0.18822136921 0.04367588983 0.08348060063 0.08271623294 0.02798819991 0.09316198584 
17
covarEC17 20 0.05341182569 0.07116425821 0.08128576384 0.08314454833 0.06068506528 0.07606204532 0.07785965160 0.11258411380 0.06683657839 0.06787177618 0.05298027225 0.08063680237 0.07484108511 0.07822819505 0.11616803755 0.07816096263 0.06653003114 0.06188746841 0.07750949291 0.07490595682 
18
covarEC18 20 0.07522659187 0.07424196292 0.07153922033 0.06901894392 0.07809055806 0.07912870997 0.08420434527 0.05592047545 0.06751141474 0.06547522179 0.07059524525 0.08389635651 0.09421080164 0.08845884992 0.06142799594 0.08637030755 0.06579372999 0.09343378911 0.08943653197 0.07821998866 
19
covarEC19 20 9.77500000000 9.77500000000 9.77500000000 9.77500000000 9.77500000000 9.77500000000 9.77500000000 9.77500000000 9.77500000000 9.77500000000 9.77500000000 9.77500000000 9.77500000000 9.77500000000 9.77500000000 9.77500000000 9.77500000000 9.77500000000 9.77500000000 9.77500000000 
20
covarEC20 20 9.77500000000 9.77500000000 9.77500000000 9.77500000000 9.77500000000 9.77500000000 9.77500000000 9.77500000000 9.77500000000 9.77500000000 9.77500000000 9.77500000000 9.77500000000 9.77500000000 9.77500000000 9.77500000000 9.77500000000 9.77500000000 9.77500000000 9.77500000000 
21
covarEC21 20 0.07578702267 0.06064822468 0.05310669293 0.06282910612 0.10353370351 0.04648255282 0.10567621764 0.12237306424 0.07367628287 0.05114446565 0.06156917833 0.07462581980 0.03143085228 0.07192478670 0.08555152382 0.11163411551 0.04445540397 0.02785276496 0.07707340731 0.02503768150 
22
covarEC22 20 0.06379423689 0.07876668264 0.06713975806 0.05867011787 0.08255819491 0.07384259062 0.07514913278 0.06013191198 0.06369161040 0.08100347077 0.07087703554 0.07996263285 0.08631365236 0.09185826849 0.07772651820 0.08070813866 0.07453676127 0.10781493300 0.11466346031 0.10208350308 
23
covarEC23 20 0.06511482678 0.07871625265 0.08928500154 0.08676844541 0.08024090628 0.08858725227 0.07664698950 0.11386859443 0.06902304734 0.06149390748 0.05841131256 0.08432189347 0.07529062748 0.07002767724 0.11788193114 0.07971275785 0.07716039089 0.08258864606 0.07602255683 0.07497876706 
24
covarEC24 20 0.06955421726 0.07802790687 0.07887468097 0.07185579870 0.08120711721 0.08176109355 0.08246962705 0.06618044668 0.07979298409 0.06869583803 0.07152762827 0.08873562442 0.08968887515 0.09421606010 0.06140963497 0.08312036971 0.07073485021 0.08949362422 0.09166449923 0.07661632551 
25
covarEC25 20 0.07231328791 0.06082134857 0.07091379692 0.06866707187 0.10510750950 0.06680795290 0.07139635002 0.07600942302 0.06800774562 0.07395411748 0.06758987150 0.06835525793 0.08840071283 0.09292743584 0.10205912502 0.08945524481 0.08616148547 0.08891495524 0.10411109140 0.10532504432 
26
covarEC26 20 0.07690048695 0.08075913077 0.08659086772 0.08738834375 0.08681637105 0.08772758953 0.08843453368 0.10207925651 0.08033882615 0.06874652964 0.06670284083 0.09139228914 0.09352388822 0.08632290725 0.12181935092 0.09129387427 0.08402967846 0.08694832338 0.09130343576 0.08473023241 
27
covarEC27 20 0.03165543251 0.07236041397 0.08017913153 0.04866047541 0.04610686357 0.06805176920 9.77500071522 0.15572822352 0.04119496243 0.11715257944 0.06968587590 0.04602988893 0.12179093724 0.11255444719 0.03068026647 0.06870656259 0.02772383891 0.11785437107 0.02839135775 0.06178079052 
28
covarEC28 20 9.77500000000 9.77500000000 9.77500000000 9.77500000000 9.77500000000 9.77500000000 9.77500000000 9.77500000000 9.77500000000 9.77500000000 9.77500000000 9.77500000000 9.77500000000 9.77500000000 9.77500000000 9.77500000000 9.77500000000 9.77500000000 9.77500000000 9.77500000000 
29
covarEC29 20 9.77500000000 9.77500000000 9.77500000000 9.77500000000 9.77500000000 9.77500000000 9.77500000000 9.77500000000 9.77500000000 9.77500000000 9.77500000000 9.77500000000 9.77500000000 9.77500000000 9.77500000000 9.77500000000 9.77500000000 9.77500000000 9.77500000000 9.77500000000 
30
covarEC30 20 9.77500000000 9.77500000000 9.77500000000 9.77500000000 9.77500000000 9.77500000000 9.77500000000 9.77500000000 9.77500000000 9.77500000000 9.77500000000 9.77500000000 9.77500000000 9.77500000000 9.77500000000 9.77500000000 9.77500000000 9.77500000000 9.77500000000 9.77500000000 
31
covarEC31 20 9.77500000000 9.77500000000 9.77500000000 9.77500000000 9.77500000000 9.77500000000 9.77500000000 9.77500000000 9.77500000000 9.77500000000 9.77500000000 9.77500000000 9.77500000000 9.77500000000 9.77500000000 9.77500000000 9.77500000000 9.77500000000 9.77500000000 9.77500000000 
32
covarEC32 20 9.77500000000 9.77500000000 9.77500000000 9.77500000000 9.77500000000 9.77500000000 9.77500000000 9.77500000000 9.77500000000 9.77500000000 9.77500000000 9.77500000000 9.77500000000 9.77500000000 9.77500000000 9.77500000000 9.77500000000 9.77500000000 9.77500000000 9.77500000000 
33
covarEC33 20 9.77500000000 9.77500000000 9.77500000000 9.77500000000 9.77500000000 9.77500000000 9.77500000000 9.77500000000 9.77500000000 9.77500000000 9.77500000000 9.77500000000 9.77500000000 9.77500000000 9.77500000000 9.77500000000 9.77500000000 9.77500000000 9.77500000000 9.77500000000 
34
covarEC34 20 9.77500000000 9.77500000000 9.77500000000 9.77500000000 9.77500000000 9.77500000000 9.77500000000 9.77500000000 9.77500000000 9.77500000000 9.77500000000 9.77500000000 9.77500000000 9.77500000000 9.77500000000 9.77500000000 9.77500000000 9.77500000000 9.77500000000 9.77500000000 
35
covarEC35 20 9.77500000000 9.77500000000 9.77500000000 9.77500000000 9.77500000000 9.77500000000 9.77500000000 9.77500000000 9.77500000000 9.77500000000 9.77500000000 9.77500000000 9.77500000000 9.77500000000 9.77500000000 9.77500000000 9.77500000000 9.77500000000 9.77500000000 9.77500000000 
36
covarEC36 20 9.77500000000 9.77501931442 9.77500000000 9.77500000000 9.77515247843 9.77500076190 9.77500009435 9.77500000000 9.84514068313 9.77500000000 9.77623036965 9.77500031940 9.77500000000 9.77500000000 9.77500000000 9.77500000000 9.77500000000 9.77500000000 9.77500015341 9.77500000000 
37
covarEC37 20 9.77500000000 9.77500000000 9.77500000000 9.77500000000 9.77500000000 9.77500000000 9.77500000000 9.77500000000 9.77500000000 9.77500000000 9.77500000000 9.77500000000 9.77500000000 9.77500000000 9.77500000000 9.77500000000 9.77500000000 9.77500000000 9.77500000000 9.77500000000 
38
covarEC38 20 9.77500000000 9.77500000000 9.77500000000 9.77500000000 9.77500000000 9.77500000000 9.77500000000 9.77500000000 9.77500000000 9.77500000000 9.77500000000 9.77500000000 9.77500000000 9.77500000000 9.77500000000 9.77500000000 9.77500000000 9.77500000000 9.77500000000 9.77500000000 
39
covarEC39 20 9.77500000844 9.77500011956 0.02514418112 0.08795104708 9.77500000000 0.06335038044 0.03489486541 0.03323251556 0.02501628830 0.08975250584 9.77500025656 0.02978528708 0.05760809242 0.02803087080 0.04650895900 0.13713190280 9.77500000057 9.77500000000 0.03071083278 9.77500000000 
40
covarEC40 20 0.06749057567 0.05204615923 0.05076158839 0.04601013963 0.09125620441 0.06065991433 0.06011869373 0.07744854996 0.05454782718 0.07542952184 0.06496424585 0.05776434991 0.08555259759 0.09717546436 0.05750295657 0.07428067463 0.07036586748 0.09105860292 0.10450767107 0.09787743501 
41
covarEC41 20 0.06172266297 0.06352054850 0.08905866297 0.06456255722 0.07265348726 0.07371411614 0.08783617783 0.12229895560 0.06492034786 0.06006999293 0.05768763613 0.07156817068 0.05902630354 0.06253044177 0.09327851969 0.07835116710 0.07723364839 0.10048446655 0.08260277775 0.06022469774 
42
covarEC42 20 0.02557568484 0.02506548417 0.09680400871 0.03132170356 0.11702582488 0.02602435826 0.02502156917 0.02504683341 0.02572412246 0.04150003515 9.77500087059 0.03056924129 9.77500039398 0.10464555575 0.03294978764 0.03997774913 0.03347362865 0.14314420270 0.08094010258 0.04125365843 
43
covarEC43 20 0.03146558527 0.05190324892 0.05753570055 0.06215828195 0.08108158998 0.07477469749 0.02768394047 0.10956839658 0.05421058931 0.09071698087 0.09035976726 0.02655310685 0.05365361894 0.06785641488 0.12203747795 0.04488030707 0.06865949280 0.06316316204 0.04620113088 0.07384643452 
44
covarEC44 20 0.05132522580 0.06188340707 0.08755235769 0.07906381977 0.06435636855 0.07213519208 0.06610946088 0.10635076341 0.06886523335 0.05978475026 0.05499178456 0.07285233055 0.08782335096 0.07892586879 0.11072664187 0.06412697683 0.05819705469 0.06813422485 0.07442203040 0.05082866084 
45
covarEC45 20 0.07615837188 0.05050983901 0.06657088128 0.10379815128 0.07508274867 0.05691103202 0.08074227220 0.02855735122 0.04099431525 0.06983107321 0.12011560584 0.04382013519 0.11060959649 0.07023243845 0.06755086814 0.12124495546 0.04005745660 0.11511688360 0.04739658165 0.03718865702 
46
covarEC46 20 9.77500000000 9.77500000000 9.77500000000 9.77500000000 9.77500000000 9.77500000000 9.77500000000 9.77500000000 9.77500000000 9.77500000000 9.77500000000 9.77500000000 9.77500000000 9.77500000000 9.77500000000 9.77500000000 9.77500000000 9.77500000000 9.77500000000 9.77500000000 
47
covarEC47 20 9.77500000000 9.77500000000 9.77500000000 9.77500000000 9.77500000000 9.77500000000 9.77500000000 9.77500000000 9.77500000000 9.77500000000 9.77500000000 9.77500000000 9.77500000000 9.77500000000 9.77500000000 9.77500000000 9.77500000000 9.77500000000 9.77500000000 9.77500000000 
48
covarEC48 20 9.77500000000 9.77500000000 9.77500000000 9.77500000000 9.77500000000 9.77500000000 9.77500000000 9.77500000000 9.77500000000 9.77500000000 9.77500000000 9.77500000000 9.77500000000 9.77500000000 9.77500000000 9.77500000000 9.77500000000 9.77500000000 9.77500000000 9.77500000000 
49
covarEC49 20 0.04967163675 0.09011212204 0.11040586182 9.77524310984 0.04352891036 0.08043355078 0.03581129578 0.02505934750 0.11014513681 0.12217416728 0.08102062705 0.08196167757 0.09385176722 0.08171647616 0.05345993830 0.11235129562 0.02639454791 0.05102855575 0.02816190074 0.10707649272 
50
covarEC50 20 9.77500025761 0.03070013569 9.77500167976 0.07456293059 0.02559614798 0.04067879915 0.07308880461 9.77500222445 0.02631676720 0.06635105731 0.02744612522 0.11763959347 0.14289586942 0.13195192431 0.03672018634 9.77500013647 0.02502612318 9.77500001120 0.17971076930 0.02502766793 
51
covarEC51 20 0.06247831033 0.08846391023 0.02548985475 0.10078124781 0.05099891954 0.08210230435 0.03835051725 0.02637159948 0.03043164599 0.04713554075 0.08051664537 0.04730056212 0.02668383566 0.06979097763 0.08486843416 0.04655937325 0.03568420462 0.10927717269 0.06288318469 0.03341535423 
52
covarEC52 20 0.06396226314 0.08440622904 0.07982715687 0.05941664090 0.09013388860 0.04999290320 0.02904190325 0.06466995633 0.08683381943 0.12757297111 0.06122812874 0.10768134266 0.12012992536 0.08169195992 0.04204914008 0.09114617325 0.08605442386 0.11001762781 0.07813929452 0.11323918980 
53
covarEC53 20 0.06411589362 0.08993644210 0.08283497118 0.08567916103 0.06978153718 0.07437107376 0.10452718602 0.08949888239 0.06004504708 0.07832924833 0.05361625932 0.08393961698 0.06726377650 0.07328573216 0.10801171812 0.09048103247 0.07996292605 0.04995086596 0.06460388431 0.08273244016 
54
covarEC54 20 0.07900113271 0.07551053006 0.06922629713 0.06346191294 0.07266250314 0.07906197690 0.07393525598 0.06519527967 0.05982156956 0.07436286158 0.08264883391 0.08558857059 0.09583987438 0.09761965865 0.07893093963 0.08396431722 0.06001089647 0.09966673313 0.09498389042 0.08575456273 
55
covarEC55 20 9.77500000000 9.77500000000 9.77500000000 9.77500000000 9.77500000000 9.77500000000 9.77500000000 9.77500000000 9.77500000000 9.77500000000 9.77500000000 9.77500000000 9.77500000000 9.77500000000 9.77500000000 9.77500000000 9.77500000000 9.77500000000 9.77500000000 9.77500000000 
56
covarEC56 20 9.77500000000 9.77500000000 9.77500000000 9.77500000000 9.77500000000 9.77500000000 9.77500000000 9.77500000000 9.77500000000 9.77500000000 9.77500000000 9.77500000000 9.77500000000 9.77500000000 9.77500000000 9.77500000000 9.77500000000 9.77500000000 9.77500000000 9.77500000000 
57
covarEC57 20 9.77500000000 9.77500000000 9.77500000000 9.77500000000 9.77500000000 9.77500000000 9.77500000000 9.77500000000 9.77500000000 9.77500000000 9.77500000000 9.77500000000 9.77500000000 9.77500000000 9.77500000000 9.77500000000 9.77500000000 9.77500000000 9.77500000000 9.77500000000 
58
covarEC58 20 9.77500000000 9.77500000000 9.77500000000 9.77500000000 9.77500000000 9.77500000000 9.77500000000 9.77500000000 9.77500000000 9.77500000000 9.77500000000 9.77500000000 9.77500000000 9.77500000000 9.77500000000 9.77500000000 9.77500000000 9.77500000000 9.77500000000 9.77500000000 
59
covarEC59 20 9.77500000000 9.77500000000 9.77500000000 9.77500000000 9.77500000000 9.77500000000 9.77500000000 9.77500000000 9.77500000000 9.77500000000 9.77500000000 9.77500000000 9.77500000000 9.77500000000 9.77500000000 9.77500000000 9.77500000000 9.77500000000 9.77500000000 9.77500000000 
60
covarEC60 20 9.77500000000 9.77500000000 9.77500000000 9.77500000000 9.77500000000 9.77500000000 9.77500000000 9.77500000000 9.77500000000 9.77500000000 9.77500000000 9.77500000000 9.77500000000 9.77500000000 9.77500000000 9.77500000000 9.77500000000 9.77500000000 9.77500000000 9.77500000000 
61
covarEC61 20 9.77500000000 9.77500000000 9.77500000000 9.77500000000 9.77500000000 9.77500000000 9.77500000000 9.77500000000 9.77500000000 9.77500000000 9.77500000000 9.77500000000 9.77500000000 9.77500000000 9.77500000000 9.77500000000 9.77500000000 9.77500000000 9.77500000000 9.77500000000 
62
covarEC62 20 9.77500000000 9.77500000000 9.77500000000 9.77500000000 9.77500000000 9.77500000000 9.77500000000 9.77500000000 9.77500000000 9.77500000000 9.77500000000 9.77500000000 9.77500000000 9.77500000000 9.77500000000 9.77500000000 9.77500000000 9.77500000000 9.77500000000 9.77500000000 
63
covarEC63 20 0.08450034978 0.02540272862 0.10636290705 0.12135427272 0.07724950437 0.04858012103 0.10715686950 0.05823988570 0.11745405372 0.10160012421 0.04265972642 0.02924771915 0.03006396629 0.08652124909 0.06101745233 0.10934083311 0.04485686119 0.13420830835 0.03690463373 0.09146089368 
64
covarEC64 20 9.77500000000 9.77500000000 9.77500000000 9.77500000000 9.77500000000 9.77500000000 9.77500000000 9.77500000000 9.77500000000 9.77500000000 9.77500000000 9.77500000000 9.77500000000 9.77500000000 9.77500000000 9.77500000000 9.77500000000 9.77500000000 9.77500000000 9.77500000000 
65
covarEC65 20 9.77500000000 9.77500000000 9.77500000000 9.77500000000 9.77500000000 9.77500000000 9.77500000000 9.77500000000 9.77500000000 9.77500000000 9.77500000000 9.77500000000 9.77500000000 9.77500000000 9.77500000000 9.77500000000 9.77500000000 9.77500000000 9.77500000000 9.77500000000 
66
covarEC66 20 9.77500000000 9.77500016652 9.77500064456 9.77500024421 9.77500000000 9.77500018585 9.88208398043 9.77500000000 9.77500000000 9.77516396597 9.77500108654 9.77500000000 9.77500000000 9.77500000000 9.77500000000 9.77500601099 9.77500000000 9.77500000000 9.77500000000 9.77500000000 
67
covarEC67 20 0.07109850672 0.06119950672 0.05016177731 0.04488477880 0.08691892536 0.06231821122 0.06326456952 0.06678699792 0.06215819131 0.07690404102 0.06926646034 0.06886874342 0.09018582975 0.09978588639 0.07118655486 0.07951148176 0.07404798113 0.09769306878 0.10386367915 0.10040989909 
68
covarEC68 20 0.06317079211 0.07000988676 0.08780466372 0.08088605065 0.08087312219 0.06642471745 0.08318621870 0.10621867656 0.06729262963 0.07217364723 0.06449767727 0.08873927392 0.08212737710 0.06460628249 0.10763976565 0.07919686576 0.06133746719 0.05683760119 0.07817649130 0.07351413202 
69
covarEC69 20 0.09433865720 0.09831737188 0.05498733409 0.05233418169 0.09910863120 0.05067573593 0.03804632195 0.02549301405 0.05703652365 0.05860500170 0.07335506368 0.08797307228 0.08695045650 0.12301473161 0.07424448710 0.07281143405 0.05540957785 0.15898816366 0.12573971559 0.04783403189 
70
covarEC70 20 0.05608421061 0.09349914061 0.07585112422 0.11357105168 0.08864555640 0.06990802221 0.06853933429 0.04937686349 0.04192221477 0.09275260803 0.03672156847 0.07019967479 0.08170509277 0.08357334260 0.13831511110 0.07074482886 0.04590733604 0.07189259483 0.04979558938 0.07802108079 
71
covarEC71 20 0.06519795123 0.07454575093 0.08897273025 0.08307502532 0.07449441764 0.07697079445 0.07545944675 0.11375504543 0.06922110443 0.05355614952 0.05313425700 0.07135215183 0.08229184299 0.09069816082 0.09590730634 0.08492145215 0.06743438633 0.07512551892 0.07405338673 0.07315758122 
72
covarEC72 20 0.07445550136 0.07644623255 0.07682421786 0.07159968237 0.07246524755 0.08300226730 0.08905032282 0.06026963389 0.07513943301 0.06987564964 0.07275534388 0.08465652537 0.09103235969 0.07989777483 0.06930923589 0.08825833197 0.06472762533 0.08823808725 0.08535182360 0.07524423059 
73
covarEC73 20 9.77500000000 9.77500000000 9.77500000000 9.77500000000 9.77500000000 9.77500000000 9.77500000000 9.77500000000 9.77500000000 9.77500000000 9.77500000000 9.77500000000 9.77500000000 9.77500000000 9.77500000000 9.77500000000 9.77500000000 9.77500000000 9.77500000000 9.77500000000 
74
covarEC74 20 9.77500000000 9.77500000000 9.77500000000 9.77500000000 9.77500000000 9.77500000000 9.77500000000 9.77500000000 9.77500000000 9.77500000000 9.77500000000 9.77500000000 9.77500000000 9.77500000000 9.77500000000 9.77500000000 9.77500000000 9.77500000000 9.77500000000 9.77500000000 
75
covarEC75 20 0.04833471975 0.10632516764 0.11754523526 0.08268825028 0.03282356229 0.07165417152 0.10476716708 0.02673313199 0.08010530455 0.09341665901 0.02967542100 0.04470915267 0.02537685236 0.09032769400 0.03389680276 0.02502537717 0.02996818147 0.09104352485 0.11102934684 0.10232830327 
76
covarEC76 20 0.06732757228 0.06926643740 0.06376455539 0.05717585655 0.09510400623 0.06905731548 0.07096210983 0.06854499101 0.06849233181 0.07828673736 0.06784046705 0.06828521888 0.08906673249 0.08970573277 0.06470662137 0.07733777974 0.08283704432 0.10468221733 0.10487969938 0.10215284824 
77
covarEC77 20 0.06390294631 0.08165834530 0.09137594601 0.07851430464 0.07891776170 0.08326909128 0.08014553596 0.09082459268 0.06900875487 0.07518360610 0.07240821482 0.08469027407 0.08209186050 0.07429342712 0.12608755234 0.08128144915 0.07860997233 0.07718163481 0.07351080412 0.07299533635 
78
covarEC78 20 0.06953016162 0.07454952739 0.07420282357 0.06314337169 0.08087728752 0.07932082397 0.07968122468 0.05981013297 0.07823618188 0.06357057452 0.07204253573 0.09550388006 0.09447989746 0.09224682118 0.05770698559 0.08126342847 0.07374228507 0.09231689569 0.10362162365 0.06919673467 
79
covarEC79 20 0.06336943101 0.06899433372 0.07397399617 0.07688219013 0.09761222305 0.07102968959 0.06841423635 0.07259534921 0.08250779787 0.07159603623 0.06803347272 0.06628811530 0.08304679811 0.09036540949 0.09519161883 0.09383516721 0.08224905822 0.09446610479 0.10192259309 0.10344795231 
80
covarEC80 20 0.07733322680 0.08274994606 0.08798826709 0.08564878623 0.08725855156 0.08897961760 0.08862790364 0.09725672548 0.07969381363 0.06896239724 0.07003651716 0.09472884561 0.09622255328 0.08714219657 0.12095943076 0.09354327340 0.08398381045 0.09112478193 0.08949016838 0.08190677073 
81
covarEC81 20 0.06318845594 0.06036349525 0.05483386333 0.05681226664 0.07753557843 0.07400033667 0.07404034836 0.04943552908 0.05168499257 0.08034909913 0.07453371624 0.05468627325 0.10236281311 0.09567142462 0.06950024700 0.07648308634 0.05408509703 0.11796183052 0.09375976665 0.08280906053 
82
covarEC82 20 0.05243289516 0.09734870812 0.08379702596 0.10052637478 0.05190825906 0.05675177480 0.06190744912 0.05249474399 0.04993881344 0.04496567844 0.05630040971 0.07856004442 0.05917883578 0.04375241359 0.11589232708 0.07627333487 0.04479245118 0.03322178820 0.02610846335 0.03513262311 
83
covarEC83 20 0.05576042715 0.06663857506 0.08258716346 0.08749548658 0.06349929834 0.07248088029 0.08005811664 0.07696564207 0.07617569708 0.04933155578 0.04470503980 0.07451739673 0.06642141836 0.06725999827 0.11610162140 0.07456506963 0.06840165196 0.06807430156 0.07115562561 0.05222036941 
84
covarEC84 20 9.77500000000 9.77500000000 9.77500000000 9.77500000000 9.77500000000 9.77500000000 9.77500000000 9.77500000000 9.77500000000 9.77500000000 9.77500000000 9.77500000000 9.77500000000 9.77500000000 9.77500000000 9.77500000000 9.77500000000 9.77500000000 9.77500000000 9.77500000000 
85
covarEC85 20 9.77500000000 9.77500000000 9.77500000000 9.77500000000 9.77500000000 9.77500000000 9.77500000000 9.77500000000 9.77500000000 9.77500000000 9.77500000000 9.77500000000 9.77500000000 9.77500000000 9.77500000000 9.77500000000 9.77500000000 9.77500000000 9.77500000000 9.77500000000 
86
covarEC86 20 9.77500000000 9.77500000000 9.77500000000 9.77500000000 9.77500000000 9.77500000000 9.77500000000 9.77500000000 9.77500000000 9.77500000000 9.77500000000 9.77500000000 9.77500000000 9.77500000000 9.77500000000 9.77500000000 9.77500000000 9.77500000000 9.77500000000 9.77500000000 
87
covarEC87 20 9.77500000000 9.77500000000 9.77500000000 9.77500000000 9.77500000000 9.77500000000 9.77500000000 9.77500000000 9.77500000000 9.77500000000 9.77500000000 9.77500000000 9.77500000000 9.77500000000 9.77500000000 9.77500000000 9.77500000000 9.77500000000 9.77500000000 9.77500000000 
88
covarEC88 20 9.77500000000 9.77500000000 9.77500000000 9.77500000000 9.77500000000 9.77500000000 9.77500000000 9.77500000000 9.77500000000 9.77500000000 9.77500000000 9.77500000000 9.77500000000 9.77500000000 9.77500000000 9.77500000000 9.77500000000 9.77500000000 9.77500000000 9.77500000000 
89
covarEC89 20 9.77500000000 9.77500000000 9.77500000000 9.77500000000 9.77500000000 9.77500000000 9.77500000000 9.77500000000 9.77500000000 9.77500000000 9.77500000000 9.77500000000 9.77500000000 9.77500000000 9.77500000000 9.77500000000 9.77500000000 9.77500000000 9.77500000000 9.77500000000 
90
covarEC90 20 9.77500000000 9.77500000000 9.77500000000 9.77500000000 9.77500000000 9.77500000000 9.77500000000 9.77500000000 9.77500000000 9.77500000000 9.77500000000 9.77500000000 9.77500000000 9.77500000000 9.77500000000 9.77500000000 9.77500000000 9.77500000000 9.77500000000 9.77500000000 
91
covarEC91 20 9.77500000000 9.77500000000 9.77500000000 9.77500000000 9.77500000000 9.77500000000 9.77500000000 9.77500000000 9.77500000000 9.77500000000 9.77500000000 9.77500000000 9.77500000000 9.77500000000 9.77500000000 9.77500000000 9.77500000000 9.77500000000 9.77500000000 9.77500000000 
92
covarEC92 20 9.77500000000 9.77500000000 9.77500000000 9.77500000000 9.77500000000 9.77500000000 9.77500000000 9.77500000000 9.77500000000 9.77500000000 9.77500000000 9.77500000000 9.77500000000 9.77500000000 9.77500000000 9.77500000000 9.77500000000 9.77500000000 9.77500000000 9.77500000000 
93
covarEC93 20 9.77500000000 9.77500000000 9.77500000000 9.77500000000 9.77500000000 9.77500000000 9.77500000000 9.77500000000 9.77500000000 9.77500000000 9.77500000000 9.77500000000 9.77500000000 9.77500000000 9.77500000000 9.77500000000 9.77500000000 9.77500000000 9.77500000000 9.77500000000 
94
covarEC94 20 9.77500000000 9.77500000000 9.77500000000 9.77500000000 9.77500000000 9.77500000000 9.77500000000 9.77500000000 9.77500000000 9.77500000000 9.77500000000 9.77500000000 9.77500000000 9.77500000000 9.77500000000 9.77500000000 9.77500000000 9.77500000000 9.77500000000 9.77500000000 
95
covarEC95 20 9.77500000000 9.77500000000 9.77500000000 9.77500000000 9.77500000000 9.77500000000 9.77500000000 9.77500000000 9.77500000000 9.77500000000 9.77500000000 9.77500000000 9.77500000000 9.77500000000 9.77500000000 9.77500000000 9.77500000000 9.77500000000 9.77500000000 9.77500000000 
96
covarEC96 20 9.77500000000 9.77500000000 9.77500000000 9.77500000000 9.77500000000 9.77500000000 9.77500000000 9.77500000000 9.77500000000 9.77500000000 9.77500000000 9.77500000000 9.77500000000 9.77500000000 9.77500000000 9.77500000000 9.77500000000 9.77500000000 9.77500000000 9.77500000000 
97
covarEC97 20 9.77500000000 9.77500000000 9.77500000000 9.77500000000 9.77500000000 9.77500000000 9.77500000000 9.77500000000 9.77500000000 9.77500000000 9.77500000000 9.77500000000 9.77500000000 9.77500000000 9.77500000000 9.77500000000 9.77500000000 9.77500000000 9.77500000000 9.77500000000 
98
covarEC98 20 9.77500000000 9.77500000000 9.77500000000 9.77500000000 9.77500000000 9.77500000000 9.77500000000 9.77500000000 9.77500000000 9.77500000000 9.77500000000 9.77500000000 9.77500000000 9.77500000000 9.77500000000 9.77500000000 9.77500000000 9.77500000000 9.77500000000 9.77500000000 
99
covarEC99 20 9.77500000000 9.77500000000 9.77500000000 9.77500000000 9.77500000000 9.77500000000 9.77500000000 9.77500000000 9.77500000000 9.77500000000 9.77500000000 9.77500000000 9.77500000000 9.77500000000 9.77500000000 9.77500000000 9.77500000000 9.77500000000 9.77500000000 9.77500000000 
100
covarEC100 20 9.77500000000 9.77500000000 9.77500000000 9.77500000000 9.77500000000 9.77500000000 9.77500000000 9.77500000000 9.77500000000 9.77500000000 9.77500000000 9.77500000000 9.77500000000 9.77500000000 9.77500000000 9.77500000000 9.77500000000 9.77500000000 9.77500000000 9.77500000000 
101
covarEC101 20 9.77500000000 9.77500000000 9.77500000000 9.77500000000 9.77500000000 9.77500000000 9.77500000000 9.77500000000 9.77500000000 9.77500000000 9.77500000000 9.77500000000 9.77500000000 9.77500000000 9.77500000000 9.77500000000 9.77500000000 9.77500000000 9.77500000000 9.77500000000 
102
covarEC102 20 9.77500000000 9.77500000000 9.77500000000 9.77500000000 9.77500000000 9.77500000000 9.77500000000 9.77500000000 9.77500000000 9.77500000000 9.77500000000 9.77500000000 9.77500000000 9.77500000000 9.77500000000 9.77500000000 9.77500000000 9.77500000000 9.77500000000 9.77500000000 
103
covarEC103 20 9.77500000000 9.77500000000 9.77500000000 9.77500000000 9.77500000000 9.77500000000 9.77500000000 9.77500000000 9.77500000000 9.77500000000 9.77500000000 9.77500000000 9.77500000000 9.77500000000 9.77500000000 9.77500000000 9.77500000000 9.77500000000 9.77500000000 9.77500000000 
104
covarEC104 20 9.77500000000 9.77500000000 9.77500000000 9.77500000000 9.77500000000 9.77500000000 9.77500000000 9.77500000000 9.77500000000 9.77500000000 9.77500000000 9.77500000000 9.77500000000 9.77500000000 9.77500000000 9.77500000000 9.77500000000 9.77500000000 9.77500000000 9.77500000000 
105
covarEC105 20 9.77500000000 9.77500000000 9.77500000000 9.77500000000 9.77500000000 9.77500000000 9.77500000000 9.77500000000 9.77500000000 9.77500000000 9.77500000000 9.77500000000 9.77500000000 9.77500000000 9.77500000000 9.77500000000 9.77500000000 9.77500000000 9.77500000000 9.77500000000 
106
covarEC106 20 9.77500000000 9.77500000000 9.77500000000 9.77500000000 9.77500000000 9.77500000000 9.77500000000 9.77500000000 9.77500000000 9.77500000000 9.77500000000 9.77500000000 9.77500000000 9.77500000000 9.77500000000 9.77500000000 9.77500000000 9.77500000000 9.77500000000 9.77500000000 
107
covarEC107 20 9.77500000000 9.77500000000 9.77500000000 9.77500000000 9.77500000000 9.77500000000 9.77500000000 9.77500000000 9.77500000000 9.77500000000 9.77500000000 9.77500000000 9.77500000000 9.77500000000 9.77500000000 9.77500000000 9.77500000000 9.77500000000 9.77500000000 9.77500000000 
108
covarEC108 20 0.06967179725 0.07583804728 0.06934831042 0.07711406273 0.07090977589 0.07867190386 0.08348597137 0.07226945018 0.06669447997 0.06429859261 0.06668646244 0.08208532368 0.08273778130 0.06417637013 0.11348969061 0.07477090748 0.05734810705 0.08000447117 0.07588611563 0.06393736256 
109
covarEC109 20 9.77500000000 9.77500000000 9.77500000000 9.77500000000 9.77500000000 9.77500000000 9.77500000000 9.77500000000 9.77500000000 9.77500000000 9.77500000000 9.77500000000 9.77500000000 9.77500000000 9.77500000000 9.77500000000 9.77500000000 9.77500000000 9.77500000000 9.77500000000 
110
covarEC110 20 9.77500000000 9.77500000000 9.77500000000 9.77500000000 9.77500000000 9.77500000000 9.77500000000 9.77500000000 9.77500000000 9.77500000000 9.77500000000 9.77500000000 9.77500000000 9.77500000000 9.77500000000 9.77500000000 9.77500000000 9.77500000000 9.77500000000 9.77500000000 
111
covarEC111 20 9.77500000000 9.77500000000 9.77500000000 9.77500000000 9.77500000000 9.77500000000 9.77500000000 9.77500000000 9.77500000000 9.77500000000 9.77500000000 9.77500000000 9.77500000000 9.77500000000 9.77500000000 9.77500000000 9.77500000000 9.77500000000 9.77500000000 9.77500000000 
112
covarEC112 20 9.77500000000 9.77500000000 9.77500000000 9.77500000000 9.77500000000 9.77500000000 9.77500000000 9.77500000000 9.77500000000 9.77500000000 9.77500000000 9.77500000000 9.77500000000 9.77500000000 9.77500000000 9.77500000000 9.77500000000 9.77500000000 9.77500000000 9.77500000000 
113
covarEC113 20 9.77500000000 9.77500000000 9.77500000000 9.77500000000 9.77500000000 9.77500000000 9.77500000000 9.77500000000 9.77500000000 9.77500000000 9.77500000000 9.77500000000 9.77500000000 9.77500000000 9.77500000000 9.77500000000 9.77500000000 9.77500000000 9.77500000000 9.77500000000 
114
covarEC114 20 9.77500000000 9.77500000000 9.77500000000 9.77500000000 9.77500000000 9.77500000000 9.77500000000 9.77500000000 9.77500000000 9.77500000000 9.77500000000 9.77500000000 9.77500000000 9.77500000000 9.77500000000 9.77500000000 9.77500000000 9.77500000000 9.77500000000 9.77500000000 
115
covarEC115 20 9.77500000000 9.77500000000 9.77500000000 9.77500000000 9.77500000000 9.77500000000 9.77500000000 9.77500000000 9.77500000000 9.77500000000 9.77500000000 9.77500000000 9.77500000000 9.77500000000 9.77500000000 9.77500000000 9.77500000000 9.77500000000 9.77500000000 9.77500000000 
116
covarEC116 20 9.77500000000 9.77500000000 9.77500000000 9.77500000000 9.77500000000 9.77500000000 9.77500000000 9.77500000000 9.77500000000 9.77500000000 9.77500000000 9.77500000000 9.77500000000 9.77500000000 9.77500000000 9.77500000000 9.77500000000 9.77500000000 9.77500000000 9.77500000000 
117
covarEC117 20 0.05703769250 0.06897540685 0.07729489126 0.07008736904 0.06074432380 0.06379209843 0.07769330692 0.07234694619 0.06737945362 0.04715808842 0.04424537682 0.07310585577 0.05608444024 0.05204967667 0.09241089010 0.06908382838 0.05405053115 0.05572967125 0.05754465097 0.04058069219 
118
covarEC118 20 9.77500000000 9.77500000000 9.77500000000 9.77500000000 9.77500000000 9.77500000000 9.77500000000 9.77500000000 9.77500000000 9.77500000000 9.77500000000 9.77500000000 9.77500000000 9.77500000000 9.77500000000 9.77500000000 9.77500000000 9.77500000000 9.77500000000 9.77500000000 
119
covarEC119 20 9.77500000000 9.77500000000 9.77500000000 9.77500000000 9.77500000000 9.77500000000 9.77500000000 9.77500000000 9.77500000000 9.77500000000 9.77500000000 9.77500000000 9.77500000000 9.77500000000 9.77500000000 9.77500000000 9.77500000000 9.77500000000 9.77500000000 9.77500000000 
120
covarEC120 20 0.05941651811 0.07817217355 0.08833055257 0.08693277001 0.08481611933 0.07916390175 0.07152995706 0.06645732098 0.07789092612 0.04808844298 0.04553538277 0.08453199178 0.07667354205 0.06435891511 0.06803145594 0.06863722973 0.05362156556 0.07174159777 0.07274971885 0.04957255526 
121
covarEC121 20 0.07878597323 0.07513380176 0.07409715358 0.06654923818 0.09619352806 0.07963486864 0.07806214357 0.08150162226 0.07715063644 0.07929775841 0.07667249355 0.08814006975 0.10023823944 0.09805166432 0.07851326880 0.08974427935 0.09484688272 0.10292476610 0.11591766110 0.11826191228 
122
covarEC122 20 0.07314167911 0.08037423669 0.09168235413 0.09203740102 0.08303531661 0.08489707463 0.08633910063 0.10704074588 0.07731649967 0.06360769764 0.05971387516 0.10095198278 0.08999016884 0.07574929526 0.12271602643 0.08972951801 0.08574707888 0.08495896670 0.08830197451 0.08900548946 
123
covarEC123 20 0.06341275955 0.06833107284 0.08506788447 0.08360121542 0.07049118881 0.08498830310 0.07294353973 0.07992066560 0.06487817974 0.05157302483 0.06562776744 0.08423198434 0.08471128618 0.07813210362 0.06645337663 0.07858154950 0.07146447868 0.07584279773 0.07568211370 0.05300481021 
124
covarEC124 20 0.06968409911 0.07718539242 0.07163361808 0.06361691130 0.07432794406 0.09038463783 0.06137516860 0.09264587041 0.06046242746 0.07754097032 0.07020075250 0.09598970349 0.08582895102 0.08764015327 0.12200967425 0.08377160341 0.07518329804 0.06368480938 0.10087563804 0.10196285006 
125
covarEC125 20 0.07563749483 0.07868826564 0.08768168406 0.08750639668 0.08069393846 0.08283935928 0.08559435984 0.10605674689 0.07704902640 0.06285430417 0.05709456533 0.09162993695 0.07892264639 0.07429266978 0.12027271276 0.09020620352 0.07865064802 0.07658322702 0.08250939594 0.08223365042 
126
covarEC126 20 0.06824556170 0.07488923431 0.07533031500 0.08482850368 0.06648803124 0.07902980865 0.08599459854 0.07364204208 0.07258763524 0.05269498143 0.05808672311 0.08328504023 0.07464846234 0.07158462198 0.07282128411 0.08807610002 0.06004123266 0.07276751636 0.07504679575 0.05980902631 
127
covarEC127 20 9.77500000000 9.77500000000 9.77500000000 9.77500000000 9.77500000000 9.77500000000 9.77500000000 9.77500000000 9.77500000000 9.77500000000 9.77500000000 9.77500000000 9.77500000000 9.77500000000 9.77500000000 9.77500000000 9.77500000000 9.77500000000 9.77500000000 9.77500000000 
128
covarEC128 20 9.77500000000 9.77500000000 9.77500000000 9.77500000000 9.77500000000 9.77500000000 9.77500000000 9.77500000000 9.77500000000 9.77500000000 9.77500000000 9.77500000000 9.77500000000 9.77500000000 9.77500000000 9.77500000000 9.77500000000 9.77500000000 9.77500000000 9.77500000000 
129
covarEC129 20 0.03441327850 0.09156629702 0.04604016541 0.10332202625 0.02521215808 0.03830939806 0.04598529801 0.05912596522 0.03329864423 0.04917049599 0.03053949165 0.04549270367 0.07175411005 0.10582237389 0.04134977642 0.10504863647 0.03906424982 0.02761764932 0.10705331204 0.08352842396 
130
covarEC130 20 0.05944799928 0.06748162541 0.06464002609 0.05454106063 0.06944159839 0.07769693899 0.08448445758 0.05931120462 0.07322728712 0.09988072478 0.08086365719 0.09529888390 0.08664667579 0.09174654110 0.07619043431 0.07488543714 0.08113591475 0.09419754264 0.09553414590 0.09756860714 
131
covarEC131 20 0.06222139572 0.10749438625 0.09739413740 0.07953849814 0.05525081917 0.08338491576 0.08482353645 0.10460000837 0.06714485460 0.05487938025 0.05402315826 0.11185365328 0.06137764572 0.08374784292 0.08954257772 0.09354317999 0.06570586751 0.09385963481 0.08379129541 0.06320256973 
132
covarEC132 20 0.06863291023 0.06867691344 0.07383240884 0.06956752753 0.07227633919 0.07041951990 0.07075973172 0.06811772849 0.07916191670 0.06305906148 0.07272080015 0.08226865954 0.08796631577 0.08880324923 0.06525577092 0.07757652934 0.06502690279 0.08937575753 0.10596645617 0.06808541417 
133
covarEC133 20 0.06575297393 0.08116397096 0.08283179779 0.08377703026 0.09451955738 0.07878411817 0.08321983601 0.07710451776 0.07946253737 0.08078223834 0.07053354456 0.09524983219 0.09125492450 0.08891931910 0.08098014733 0.08710864052 0.07943206013 0.09659711089 0.10379657576 0.10465220883 
134
covarEC134 20 0.07598505118 0.07847167645 0.08776039078 0.09105674815 0.07734126674 0.08681824120 0.08804691937 0.10182008581 0.07947556022 0.06291883798 0.06100292220 0.09278420609 0.08451276329 0.07561474387 0.12124233218 0.08912928293 0.08434473237 0.07605365496 0.08240836755 0.07663622974 
135
covarEC135 20 0.06970069023 0.07656519015 0.06878994389 0.06701434011 0.06817957448 0.08105487306 0.07916808807 0.06531677252 0.06133116895 0.06643850420 0.07470957688 0.08441396428 0.08569614231 0.08874757135 0.11847888321 0.08446650285 0.06369015336 0.09661431703 0.08307095049 0.06939754216 
136
covarEC136 20 9.77500000000 9.77500000000 9.77500000000 9.77500000000 9.77500000000 9.77500000000 9.77500000000 9.77500000000 9.77500000000 9.77500000000 9.77500000000 9.77500000000 9.77500000000 9.77500000000 9.77500000000 9.77500000000 9.77500000000 9.77500000000 9.77500000000 9.77500000000 
137
covarEC137 20 9.77500000000 9.77500000000 9.77500000000 9.77500000000 9.77500000000 9.77500000000 9.77500000000 9.77500000000 9.77500000000 9.77500000000 9.77500000000 9.77500000000 9.77500000000 9.77500000000 9.77500000000 9.77500000000 9.77500000000 9.77500000000 9.77500000000 9.77500000000 
138
covarEC138 20 9.77500000000 9.77500000000 9.77500000000 9.77500000000 9.77500000000 9.77500000000 9.77500000000 9.77500000000 9.77500000000 9.77500000000 9.77500000000 9.77500000000 9.77500000000 9.77500000000 9.77500000000 9.77500000000 9.77500000000 9.77500000000 9.77500000000 9.77500000000 
139
covarEC139 20 9.77500000000 9.77500000000 9.77500000000 9.77500000000 9.77500000000 9.77500000000 9.77500000000 9.77500000000 9.77500000000 9.77500000000 9.77500000000 9.77500000000 9.77500000000 9.77500000000 9.77500000000 9.77500000000 9.77500000000 9.77500000000 9.77500000000 9.77500000000 
140
covarEC140 20 9.77500000000 9.77500000000 9.77500000000 9.77500000000 9.77500000000 9.77500000000 9.77500000000 9.77500000000 9.77500000000 9.77500000000 9.77500000000 9.77500000000 9.77500000000 9.77500000000 9.77500000000 9.77500000000 9.77500000000 9.77500000000 9.77500000000 9.77500000000 
141
covarEC141 20 9.77500000000 9.77500000000 9.77500000000 9.77500000000 9.77500000000 9.77500000000 9.77500000000 9.77500000000 9.77500000000 9.77500000000 9.77500000000 9.77500000000 9.77500000000 9.77500000000 9.77500000000 9.77500000000 9.77500000000 9.77500000000 9.77500000000 9.77500000000 
142
covarEC142 20 9.77500000000 9.77500000000 9.77500000000 9.77500000000 9.77500000000 9.77500000000 9.77500000000 9.77500000000 9.77500000000 9.77500000000 9.77500000000 9.77500000000 9.77500000000 9.77500000000 9.77500000000 9.77500000000 9.77500000000 9.77500000000 9.77500000000 9.77500000000 
143
covarEC143 20 9.77500000000 9.77500000000 9.77500000000 9.77500000000 9.77500000000 9.77500000000 9.77500000000 9.77500000000 9.77500000000 9.77500000000 9.77500000000 9.77500000000 9.77500000000 9.77500000000 9.77500000000 9.77500000000 9.77500000000 9.77500000000 9.77500000000 9.77500000000 
144
covarEC144 20 0.04079343381 0.05823048820 0.02940666298 0.10980150317 0.08775245820 0.03466454953 0.11292858447 0.03973314861 0.06835782016 0.04556377549 0.03195905737 0.07032968080 0.03742520162 0.02960336227 0.04937602470 0.05688284843 0.03576613171 0.08418979238 0.07785040836 0.02820386804 
145
covarEC145 20 9.77500000000 9.77500000000 9.77500000000 9.77500000000 9.77500000000 9.77500000000 9.77500000000 9.77500000000 9.77500000000 9.77500000000 9.77500000000 9.77500000000 9.77500000000 9.77500000000 9.77500000000 9.77500000000 9.77500000000 9.77500000000 9.77500000000 9.77500000000 
146
covarEC146 20 9.77500000000 9.77500000000 9.77500000000 9.77500000000 9.77500000000 9.77500000000 9.77500000000 9.77500000000 9.77500000000 9.77500000000 9.77500000000 9.77500000000 9.77500000000 9.77500000000 9.77500000000 9.77500000000 9.77500000000 9.77500000000 9.77500000000 9.77500000000 
147
covarEC147 20 9.77500000000 9.77500035515 9.77500000000 9.77500000000 9.77500000000 9.77500000000 9.77500000000 9.77500971546 9.77500033264 9.77500000000 9.77500000000 9.77500000000 9.77500000004 9.77500000000 9.77673146905 9.77500000000 9.77500000000 9.77500000000 9.77500000000 9.77500000000 
148
covarEC148 20 0.06671262350 0.06761555014 0.05267577516 0.04538475748 0.08835960891 0.07416323602 0.06807416117 0.06222399496 0.04869439703 0.07869973210 0.07486374190 0.07156236475 0.09285149226 0.08831685619 0.05430208156 0.07794251493 0.08513616369 0.10026905808 0.08606530692 0.09390304778 
149
covarEC149 20 0.06367140881 0.06165733437 0.09004357954 0.08713370907 0.07912967087 0.07868606458 0.05566915982 0.11950162184 0.04618932615 0.08495537453 0.05667655397 0.08879944951 0.07684935319 0.06664497300 0.11574798868 0.08792165219 0.04722041622 0.10632551960 0.05910304577 0.07806973718 
150
covarEC150 20 0.08980987038 0.10146867455 0.15248791708 0.13007431025 0.02512607627 0.10066433050 0.09029660652 0.06710483539 0.06366918992 0.04628971834 0.04784060575 0.06089132473 0.02582510365 0.06847916561 0.08350602497 0.07346348092 0.03823948925 0.06286925118 0.08718617057 0.02522749298 
151
covarEC151 20 0.05242820147 0.08309283158 0.03959479825 0.08781242689 0.07011764120 0.03425391063 0.05851915204 0.06649302185 0.05907852463 0.04536673065 0.04601741581 0.07018319734 0.03470948202 0.09013343152 0.11363358254 0.12345592648 0.07091555029 0.03763713251 0.08910537644 0.05822447194 
152
covarEC152 20 0.06252722082 0.06906575643 0.09562864683 0.09683773561 0.06058978607 0.09179631018 0.08245215116 0.11891021192 0.06083561482 0.08534529332 0.05521292520 0.07358087888 0.07232763763 0.08489301766 0.10168105493 0.09195784153 0.08066919458 0.09257184734 0.08513139276 0.06908085793 
153
covarEC153 20 0.06980222299 0.07332994099 0.07152280800 0.07366044063 0.07077196278 0.07697024811 0.08259517071 0.06550204817 0.06903839314 0.05692781741 0.06217930720 0.07854207826 0.08345395138 0.06901729000 0.06912011726 0.07619179363 0.06125159516 0.08613529266 0.08115516511 0.06080265036 
154
covarEC154 20 9.77500000000 9.77500000000 9.77500000000 9.77500000000 9.77500000000 9.77500000000 9.77500000000 9.77500000000 9.77500000000 9.77500000000 9.77500000000 9.77500000000 9.77500000000 9.77500000000 9.77500000000 9.77500000000 9.77500000000 9.77500000000 9.77500000000 9.77500000000 
155
covarEC155 20 9.77500000000 9.77500000000 9.77500000000 9.77500000000 9.77500000000 9.77500000000 9.77500000000 9.77500000000 9.77500000000 9.77500000000 9.77500000000 9.77500000000 9.77500000000 9.77500000000 9.77500000000 9.77500000000 9.77500000000 9.77500000000 9.77500000000 9.77500000000 
156
covarEC156 20 0.03363011598 0.04896880940 0.08578199099 0.05815966442 0.07434395813 0.08031571799 0.09015479576 0.02598932335 0.03813790944 0.07251585164 0.09398227268 0.04754780268 0.02651233768 0.14311098026 0.12669423820 0.05787492737 0.07252759797 0.11462840747 0.11037479511 0.07584635522 
157
covarEC157 20 0.06953429707 0.07864585160 0.08018309729 0.06461899712 0.08739167935 0.07977562998 0.07896530062 0.06777017686 0.07158598588 0.07870325736 0.07103686550 0.08560418150 0.09255362515 0.09230795411 0.07883194111 0.08627880053 0.08577567584 0.10371303984 0.10820788414 0.10442626681 
158
covarEC158 20 0.07314507198 0.07553790974 0.08372624787 0.08411412903 0.07017170304 0.08601663492 0.07259129448 0.10018727699 0.06861654953 0.06600782876 0.06138655011 0.08974328137 0.08465950033 0.07816173059 0.11937133929 0.09670023225 0.07860767955 0.09276308863 0.08540550550 0.07930775462 
159
covarEC159 20 0.07046026414 0.06942324355 0.06705756558 0.06526777573 0.07601798301 0.07246233043 0.07120299851 0.06031082267 0.06735595945 0.05665248929 0.06903648776 0.07903873807 0.09087328166 0.08204058681 0.06113701308 0.07604849537 0.05746027776 0.09157838233 0.09202648378 0.06474341108 
160
covarEC160 20 0.07340692626 0.06967481784 0.07848973728 0.08002626475 0.10431912658 0.07676640712 0.07236832851 0.06869777910 0.07133487238 0.07760515980 0.07318177897 0.07361166937 0.08916952902 0.09967432521 0.09242600221 0.09766055260 0.08361172401 0.09012019072 0.09670073239 0.11030325107 
161
covarEC161 20 0.07944603183 0.08216323294 0.09110126035 0.08775356285 0.08307662820 0.08847128883 0.08933330786 0.09892079745 0.07783236587 0.06775222987 0.06904758968 0.09314195861 0.08750004463 0.08387508292 0.12552905460 0.09076510191 0.08401485989 0.08486007183 0.08789791436 0.08194648838 
162
covarEC162 20 0.08489739989 0.07655400834 0.07119589966 0.06928295904 0.08721544448 0.08028475456 0.08198889193 0.06214237117 0.07056111149 0.07341270292 0.07626156339 0.08670293071 0.10137252677 0.08786633508 0.07188668470 0.08266827679 0.06549787999 0.10491623303 0.09945224809 0.08395414194 
163
covarEC163 20 0.06216927015 0.08442912326 0.09348127363 0.11289612413 0.07967908161 0.07149960328 0.07056854101 0.04895340212 0.07365907682 0.06843751492 0.06264856060 0.07849033584 0.07011301440 0.07436815306 0.11393719500 0.08431458372 0.07938389824 0.06944532066 0.07048994705 0.07065611035 
164
covarEC164 20 0.07085475605 0.07951060803 0.09282118672 0.09654880893 0.07475547717 0.08659547665 0.08414323755 0.08832675142 0.08765786545 0.06215578669 0.06286753271 0.08231254206 0.08054754897 0.08187930412 0.11454779466 0.09206817081 0.08230502594 0.08406110331 0.08597013931 0.06852206131 
165
covarEC165 20 9.77500000000 9.77500000000 9.77500000000 9.77500000000 9.77500000000 9.77500000000 9.77500000000 9.77500000000 9.77500000000 9.77500000000 9.77500000000 9.77500000000 9.77500000000 9.77500000000 9.77500000000 9.77500000000 9.77500000000 9.77500000000 9.77500000000 9.77500000000 
166
covarEC166 20 9.77500000000 9.77500000000 9.77500000000 9.77500000000 9.77500000000 9.77500000000 9.77500000000 9.77500000000 9.77500000000 9.77500000000 9.77500000000 9.77500000000 9.77500000000 9.77500000000 9.77500000000 9.77500000000 9.77500000000 9.77500000000 9.77500000000 9.77500000000 
167
covarEC167 20 9.77500000000 9.77500000000 9.77500000000 9.77500000000 9.77500000000 9.77500000000 9.77500000000 9.77500000000 9.77500000000 9.77500000000 9.77500000000 9.77500000000 9.77500000000 9.77500000000 9.77500000000 9.77500000000 9.77500000000 9.77500000000 9.77500000000 9.77500000000 
168
covarEC168 20 9.77500000000 9.77500000000 9.77500000000 9.77500000000 9.77500000000 9.77500000000 9.77500000000 9.77500000000 9.77500000000 9.77500000000 9.77500000000 9.77500000000 9.77500000000 9.77500000000 9.77500000000 9.77500000000 9.77500000000 9.77500000000 9.77500000000 9.77500000000 
169
covarEC169 20 9.77500000000 9.77500000000 9.77500000000 9.77500000000 9.77500000000 9.77500000000 9.77500000000 9.77500000000 9.77500000000 9.77500000000 9.77500000000 9.77500000000 9.77500000000 9.77500000000 9.77500000000 9.77500000000 9.77500000000 9.77500000000 9.77500000000 9.77500000000 
170
covarEC170 20 9.77500000000 9.77500000000 9.77500000000 9.77500000000 9.77500000000 9.77500000000 9.77500000000 9.77500000000 9.77500000000 9.77500000000 9.77500000000 9.77500000000 9.77500000000 9.77500000000 9.77500000000 9.77500000000 9.77500000000 9.77500000000 9.77500000000 9.77500000000 
171
covarEC171 20 9.77500000000 9.77500000000 9.77500000000 9.77500000000 9.77500000000 9.77500000000 9.77500000000 9.77500000000 9.77500000000 9.77500000000 9.77500000000 9.77500000000 9.77500000000 9.77500000000 9.77500000000 9.77500000000 9.77500000000 9.77500000000 9.77500000000 9.77500000000 
172
covarEC172 20 9.77500000000 9.77500000000 9.77500000000 9.77500000000 9.77500000000 9.77500000000 9.77500000000 9.77500000000 9.77500000000 9.77500000000 9.77500000000 9.77500000000 9.77500000000 9.77500000000 9.77500000000 9.77500000000 9.77500000000 9.77500000000 9.77500000000 9.77500000000 
173
covarEC173 20 9.77500000000 9.77500000000 9.77500000000 9.77500000000 9.77500000000 9.77500000000 9.77500000000 9.77500000000 9.77500000000 9.77500000000 9.77500000000 9.77500000000 9.77500000000 9.77500000000 9.77500000000 9.77500000000 9.77500000000 9.77500000000 9.77500000000 9.77500000000 
174
covarEC174 20 9.77500000000 9.77500000000 9.77500000000 9.77500000000 9.77500000000 9.77500000000 9.77500000000 9.77500000000 9.77500000000 9.77500000000 9.77500000000 9.77500000000 9.77500000000 9.77500000000 9.77500000000 9.77500000000 9.77500000000 9.77500000000 9.77500000000 9.77500000000 
175
covarEC175 20 9.77500000000 9.77500000000 9.77500000000 9.77500000000 9.77500000000 9.77500000000 9.77500000000 9.77500000000 9.77500000000 9.77500000000 9.77500000000 9.77500000000 9.77500000000 9.77500000000 9.77500000000 9.77500000000 9.77500000000 9.77500000000 9.77500000000 9.77500000000 
176
covarEC176 20 9.77500000000 9.77500000000 9.77500000000 9.77500000000 9.77500000000 9.77500000000 9.77500000000 9.77500000000 9.77500000000 9.77500000000 9.77500000000 9.77500000000 9.77500000000 9.77500000000 9.77500000000 9.77500000000 9.77500000000 9.77500000000 9.77500000000 9.77500000000 
177
covarEC177 20 9.77500000000 9.77500000000 9.77500000000 9.77500000000 9.77500000000 9.77500000000 9.77500000000 9.77500000000 9.77500000000 9.77500000000 9.77500000000 9.77500000000 9.77500000000 9.77500000000 9.77500000000 9.77500000000 9.77500000000 9.77500000000 9.77500000000 9.77500000000 
178
covarEC178 20 9.77500000000 9.77500000000 9.77500000000 9.77500000000 9.77500000000 9.77500000000 9.77500000000 9.77500000000 9.77500000000 9.77500000000 9.77500000000 9.77500000000 9.77500000000 9.77500000000 9.77500000000 9.77500000000 9.77500000000 9.77500000000 9.77500000000 9.77500000000 
179
covarEC179 20 9.77500000000 9.77500000000 9.77500000000 9.77500000000 9.77500000000 9.77500000000 9.77500000000 9.77500000000 9.77500000000 9.77500000000 9.77500000000 9.77500000000 9.77500000000 9.77500000000 9.77500000000 9.77500000000 9.77500000000 9.77500000000 9.77500000000 9.77500000000 
180
covarEC180 20 9.77500000000 9.77500000000 9.77500000000 9.77500000000 9.77500000000 9.77500000000 9.77500000000 9.77500000000 9.77500000000 9.77500000000 9.77500000000 9.77500000000 9.77500000000 9.77500000000 9.77500000000 9.77500000000 9.77500000000 9.77500000000 9.77500000000 9.77500000000 
181
covarEC181 20 9.77500000000 9.77500000000 9.77500000000 9.77500000000 9.77500000000 9.77500000000 9.77500000000 9.77500000000 9.77500000000 9.77500000000 9.77500000000 9.77500000000 9.77500000000 9.77500000000 9.77500000000 9.77500000000 9.77500000000 9.77500000000 9.77500000000 9.77500000000 
182
covarEC182 20 9.77500000000 9.77500000000 9.77500000000 9.77500000000 9.77500000000 9.77500000000 9.77500000000 9.77500000000 9.77500000000 9.77500000000 9.77500000000 9.77500000000 9.77500000000 9.77500000000 9.77500000000 9.77500000000 9.77500000000 9.77500000000 9.77500000000 9.77500000000 
183
covarEC183 20 9.77500000000 9.77500000000 9.77500000000 9.77500000000 9.77500000000 9.77500000000 9.77500000000 9.77500000000 9.77500000000 9.77500000000 9.77500000000 9.77500000000 9.77500000000 9.77500000000 9.77500000000 9.77500000000 9.77500000000 9.77500000000 9.77500000000 9.77500000000 
184
covarEC184 20 9.77500000000 9.77500000000 9.77500000000 9.77500000000 9.77500000000 9.77500000000 9.77500000000 9.77500000000 9.77500000000 9.77500000000 9.77500000000 9.77500000000 9.77500000000 9.77500000000 9.77500000000 9.77500000000 9.77500000000 9.77500000000 9.77500000000 9.77500000000 
185
covarEC185 20 9.77500000000 9.77500000000 9.77500000000 9.77500000000 9.77500000000 9.77500000000 9.77500000000 9.77500000000 9.77500000000 9.77500000000 9.77500000000 9.77500000000 9.77500000000 9.77500000000 9.77500000000 9.77500000000 9.77500000000 9.77500000000 9.77500000000 9.77500000000 
186
covarEC186 20 9.77500000000 9.77500000000 9.77500000000 9.77500000000 9.77500000000 9.77500000000 9.77500000000 9.77500000000 9.77500000000 9.77500000000 9.77500000000 9.77500000000 9.77500000000 9.77500000000 9.77500000000 9.77500000000 9.77500000000 9.77500000000 9.77500000000 9.77500000000 
187
covarEC187 20 9.77500000000 9.77500000000 9.77500000000 9.77500000000 9.77500000000 9.77500000000 9.77500000000 9.77500000000 9.77500000000 9.77500000000 9.77500000000 9.77500000000 9.77500000000 9.77500000000 9.77500000000 9.77500000000 9.77500000000 9.77500000000 9.77500000000 9.77500000000 
188
covarEC188 20 9.77500000000 9.77500000000 9.77500000000 9.77500000000 9.77500000000 9.77500000000 9.77500000000 9.77500000000 9.77500000000 9.77500000000 9.77500000000 9.77500000000 9.77500000000 9.77500000000 9.77500000000 9.77500000000 9.77500000000 9.77500000000 9.77500000000 9.77500000000 
189
covarEC189 20 0.05755054185 0.08881903970 0.08080086503 0.07594172622 0.06248143511 0.07526190218 0.08015714559 0.06454625843 0.05479616025 0.06182285507 0.06449961902 0.08805092319 0.09364780511 0.05624323789 0.12036294678 0.09634720846 0.07030831726 0.08440600794 0.06462893989 0.06096204035 
190
covarEC190 20 9.77500000000 9.77500000000 9.77500000000 9.77500000000 9.77500000000 9.77500000000 9.77500000000 9.77500000000 9.77500000000 9.77500000000 9.77500000000 9.77500000000 9.77500000000 9.77500000000 9.77500000000 9.77500000000 9.77500000000 9.77500000000 9.77500000000 9.77500000000 
191
covarEC191 20 9.77500000000 9.77500000000 9.77500000000 9.77500000000 9.77500000000 9.77500000000 9.77500000000 9.77500000000 9.77500000000 9.77500000000 9.77500000000 9.77500000000 9.77500000000 9.77500000000 9.77500000000 9.77500000000 9.77500000000 9.77500000000 9.77500000000 9.77500000000 
192
covarEC192 20 9.77500000000 9.77500000000 9.77500000000 9.77500000000 9.77500000000 9.77500000000 9.77500000000 9.77500000000 9.77500000000 9.77500000000 9.77500000000 9.77500000000 9.77500000000 9.77500000000 9.77500000000 9.77500000000 9.77500000000 9.77500000000 9.77500000000 9.77500000000 
193
covarEC193 20 9.77500000000 9.77500000000 9.77500000000 9.77500000000 9.77500000000 9.77500000000 9.77500000000 9.77500000000 9.77500000000 9.77500000000 9.77500000000 9.77500000000 9.77500000000 9.77500000000 9.77500000000 9.77500000000 9.77500000000 9.77500000000 9.77500000000 9.77500000000 
194
covarEC194 20 9.77500000000 9.77500000000 9.77500000000 9.77500000000 9.77500000000 9.77500000000 9.77500000000 9.77500000000 9.77500000000 9.77500000000 9.77500000000 9.77500000000 9.77500000000 9.77500000000 9.77500000000 9.77500000000 9.77500000000 9.77500000000 9.77500000000 9.77500000000 
195
covarEC195 20 9.77500000000 9.77500000000 9.77500000000 9.77500000000 9.77500000000 9.77500000000 9.77500000000 9.77500000000 9.77500000000 9.77500000000 9.77500000000 9.77500000000 9.77500000000 9.77500000000 9.77500000000 9.77500000000 9.77500000000 9.77500000000 9.77500000000 9.77500000000 
196
covarEC196 20 9.77500000000 9.77500000000 9.77500000000 9.77500000000 9.77500000000 9.77500000000 9.77500000000 9.77500000000 9.77500000000 9.77500000000 9.77500000000 9.77500000000 9.77500000000 9.77500000000 9.77500000000 9.77500000000 9.77500000000 9.77500000000 9.77500000000 9.77500000000 
197
covarEC197 20 9.77500000000 9.77500000000 9.77500000000 9.77500000000 9.77500000000 9.77500000000 9.77500000000 9.77500000000 9.77500000000 9.77500000000 9.77500000000 9.77500000000 9.77500000000 9.77500000000 9.77500000000 9.77500000000 9.77500000000 9.77500000000 9.77500000000 9.77500000000 
198
covarEC198 20 0.05393901039 0.05419941707 0.08525527567 0.09461605981 0.03384960861 0.09176603748 0.09222411373 0.06694025871 0.06277320566 0.04456934945 0.05524116647 0.06257030356 0.07404050509 0.07503950651 0.06959611926 0.08704055256 0.05528031158 0.05995695785 0.06291698825 0.06249882821 
199
covarEC199 20 9.77500000000 9.77500000000 9.77500000000 9.77500000000 9.77500000000 9.77500000000 9.77500000000 9.77500000000 9.77500000000 9.77500000000 9.77500000000 9.77500000000 9.77500000000 9.77500000000 9.77500000000 9.77500000000 9.77500000000 9.77500000000 9.77500000000 9.77500000000 
200
covarEC200 20 9.77500000000 9.77500000000 9.77500000000 9.77500000000 9.77500000000 9.77500000000 9.77500000000 9.77500000000 9.77500000000 9.77500000000 9.77500000000 9.77500000000 9.77500000000 9.77500000000 9.77500000000 9.77500000000 9.77500000000 9.77500000000 9.77500000000 9.77500000000 
201
covarEC201 20 0.05321467588 0.11095100319 0.08824030260 0.08202758386 0.04655858544 0.07388360352 0.07367161455 0.07699638264 0.05687903702 0.08225946879 0.07498851638 0.11294025028 0.08698213401 0.09879221003 0.05845963046 0.06907267813 0.04039561010 0.05656065196 0.08838001950 0.04971064627 
202
covarEC202 20 0.07683929180 0.06998738283 0.06615834641 0.06119471359 0.10017436009 0.07578408547 0.07406466773 0.07347492985 0.07281185384 0.07700253465 0.07515746914 0.08153398619 0.10054754742 0.09682474828 0.06588997309 0.08570910766 0.09276017146 0.10626948222 0.11196989490 0.11418354362 
203
covarEC203 20 0.07330199259 0.08191390347 0.08593195082 0.08768043115 0.08785371733 0.08349855407 0.08144045976 0.10141573013 0.07423740455 0.07250652590 0.06655593988 0.09686483823 0.08899837247 0.08195874161 0.12002028663 0.08693506359 0.08610119926 0.08600843564 0.08838356698 0.09383725487 
204
covarEC204 20 0.06164694297 0.09127967897 0.07926309050 0.11004143225 0.08423676977 0.11116977103 0.08577589919 0.07671826400 0.06432975351 0.04502694439 0.07250061688 0.07512912377 0.07928902704 0.09391845645 0.04405067198 0.08708468802 0.07291801279 0.10303693643 0.10206612065 0.03724740082 
205
covarEC205 20 0.07966454752 0.07237883251 0.05822329298 0.04060162713 0.10133023557 0.09123651967 0.07763368042 0.04043975371 0.07195738454 0.08899433607 0.06779768170 0.07074034435 0.07717925392 0.10595347680 0.10791686592 0.09004574571 0.08412233055 0.07889886053 0.11830657395 0.09789428096 
206
covarEC206 20 0.07468538466 0.07808257692 0.09114330195 0.09300604327 0.07482725731 0.08352846222 0.08418476196 0.11473627080 0.07327260274 0.06364254314 0.05954918550 0.09407884365 0.07384665017 0.07713103134 0.11271086844 0.09493873553 0.08146709361 0.08245655410 0.08831688603 0.08000339642 
207
covarEC207 20 0.06461093059 0.07546162438 0.09278708518 0.07605123160 0.06740579371 0.07578707895 0.09615260540 0.07614332864 0.05738282664 0.06750666397 0.06971042017 0.09605401355 0.10311652600 0.07309756215 0.05745507299 0.08526430580 0.06141833692 0.08874595310 0.06639393205 0.06104158461 
208
covarEC208 20 9.77500000000 9.77500000000 9.77500000000 9.77500000000 9.77500000000 9.77500000000 9.77500000000 9.77500000000 9.77500000000 9.77500000000 9.77500000000 9.77500000000 9.77500000000 9.77500000000 9.77500000000 9.77500000000 9.77500000000 9.77500000000 9.77500000000 9.77500000000 
209
covarEC209 20 9.77500000000 9.77500000000 9.77500000000 9.77500000000 9.77500000000 9.77500000000 9.77500000000 9.77500000000 9.77500000000 9.77500000000 9.77500000000 9.77500000000 9.77500000000 9.77500000000 9.77500000000 9.77500000000 9.77500000000 9.77500000000 9.77500000000 9.77500000000 
210
covarEC210 20 0.04818954256 0.05997134041 0.05916594958 0.04257693774 0.09767087788 0.12747931844 0.03146890066 0.02501324800 0.03275804624 0.07451860186 0.09833297056 0.06199710739 0.10514698409 0.11915141947 0.02539166595 0.02878139427 0.08573456174 0.08014409679 0.10608629938 0.02761111233 
211
covarEC211 20 0.07503815136 0.07472425857 0.05765559292 0.04188343277 0.07910376600 0.06194121821 0.06759805599 0.06456755752 0.05950112922 0.09023932269 0.07603647838 0.08117692649 0.07927988708 0.11136166740 0.05749333921 0.07397333536 0.09071877023 0.07777879755 0.11452826584 0.09147047531 
212
covarEC212 20 0.06581968370 0.05822396345 0.08785501761 0.09167108134 0.04882031668 0.06715186621 0.07850126289 0.09562956133 0.05120714124 0.08761118938 0.07859152803 0.08019721332 0.07326205172 0.08733987174 0.10705332053 0.09368600196 0.08294741483 0.05710198243 0.06142434761 0.06751672355 
213
covarEC213 20 0.08319861556 0.09262853574 0.08253364574 0.07397163151 0.09396096820 0.09300863607 0.07335477347 0.05628632758 0.06871363831 0.07599851240 0.08768136223 0.09301846425 0.10090583563 0.10745131812 0.04081874535 0.08447684273 0.06021827939 0.09678172510 0.09844860317 0.06392240897 
214
covarEC214 20 0.07141371117 0.06868083019 0.08032621062 0.07700774400 0.08961969520 0.08229720654 0.07380030665 0.07478510923 0.06082305282 0.07979630458 0.06547665110 0.08151073019 0.08134505958 0.10639011634 0.09078686249 0.09526017273 0.08096427929 0.09355674399 0.08442114234 0.09896213543 
215
covarEC215 20 0.07587172250 0.07864612734 0.09356880405 0.09619593969 0.08192447449 0.08904586274 0.08811300107 0.10858125499 0.08156290708 0.06745271508 0.06698078843 0.09342424354 0.08780783696 0.08581598449 0.11328994242 0.09461697535 0.08836650045 0.08834419317 0.08740886088 0.08086044770 
216
covarEC216 20 0.08380268683 0.07806762845 0.07488503637 0.07253136437 0.08793195669 0.08262737084 0.08497765751 0.06386382181 0.07201106730 0.07401286239 0.07550068919 0.08958543099 0.09938924261 0.08652463091 0.08080359725 0.08520590696 0.06494742482 0.10085706204 0.09419087933 0.08008975461 
217
covarEC217 20 9.77500000000 9.77500000000 9.77500000000 9.77500000000 9.77500000000 9.77500000000 9.77500000000 9.77500000000 9.77500000000 9.77500000000 9.77500000000 9.77500000000 9.77500000000 9.77500000000 9.77500000000 9.77500000000 9.77500000000 9.77500000000 9.77500000000 9.77500000000 
218
covarEC218 20 9.77500000000 9.77500000000 9.77500000000 9.77500000000 9.77500000000 9.77500000000 9.77500000000 9.77500000000 9.77500000000 9.77500000000 9.77500000000 9.77500000000 9.77500000000 9.77500000000 9.77500000000 9.77500000000 9.77500000000 9.77500000000 9.77500000000 9.77500000000 
219
covarEC219 20 9.77500000000 9.77500000000 9.77500000000 9.77500000000 9.77500000000 9.77500000000 9.77500000000 9.77500000000 9.77500000000 9.77500000000 9.77500000000 9.77500000000 9.77500000000 9.77500000000 9.77500000000 9.77500000000 9.77500000000 9.77500000000 9.77500000000 9.77500000000 
220
covarEC220 20 9.77500000000 9.77500000000 9.77500000000 9.77500000000 9.77500000000 9.77500000000 9.77500000000 9.77500000000 9.77500000000 9.77500000000 9.77500000000 9.77500000000 9.77500000000 9.77500000000 9.77500000000 9.77500000000 9.77500000000 9.77500000000 9.77500000000 9.77500000000 
221
covarEC221 20 9.77500000000 9.77500000000 9.77500000000 9.77500000000 9.77500000000 9.77500000000 9.77500000000 9.77500000000 9.77500000000 9.77500000000 9.77500000000 9.77500000000 9.77500000000 9.77500000000 9.77500000000 9.77500000000 9.77500000000 9.77500000000 9.77500000000 9.77500000000 
222
covarEC222 20 9.77500000000 9.77500000000 9.77500000000 9.77500000000 9.77500000000 9.77500000000 9.77500000000 9.77500000000 9.77500000000 9.77500000000 9.77500000000 9.77500000000 9.77500000000 9.77500000000 9.77500000000 9.77500000000 9.77500000000 9.77500000000 9.77500000000 9.77500000000 
223
covarEC223 20 9.77500000000 9.77500000000 9.77500000000 9.77500000000 9.77500000000 9.77500000000 9.77500000000 9.77500000000 9.77500000000 9.77500000000 9.77500000000 9.77500000000 9.77500000000 9.77500000000 9.77500000000 9.77500000000 9.77500000000 9.77500000000 9.77500000000 9.77500000000 
224
covarEC224 20 9.77500000000 9.77500000000 9.77500000000 9.77500000000 9.77500000000 9.77500000000 9.77500000000 9.77500000000 9.77500000000 9.77500000000 9.77500000000 9.77500000000 9.77500000000 9.77500000000 9.77500000000 9.77500000000 9.77500000000 9.77500000000 9.77500000000 9.77500000000 
225
covarEC225 20 0.06768928724 0.07797870282 0.06748404514 0.09111406873 0.06705859658 0.06789304313 0.09005503931 0.05880285052 0.06040670922 0.05631355077 0.05811385379 0.07017214332 0.08091075236 0.06516764547 0.07847231143 0.07671253816 0.05259799798 0.06629420276 0.06341760486 0.04949764018 
226
covarEC226 20 9.77500000000 9.77500000000 9.77500000000 9.77500000000 9.77500000000 9.77500000000 9.77500000000 9.77500000000 9.77500000000 9.77500000000 9.77500000000 9.77500000000 9.77500000000 9.77500000000 9.77500000000 9.77500000000 9.77500000000 9.77500000000 9.77500000000 9.77500000000 
227
covarEC227 20 9.77500000000 9.77500000000 9.77500000000 9.77500000000 9.77500000000 9.77500000000 9.77500000000 9.77500000000 9.77500000000 9.77500000000 9.77500000000 9.77500000000 9.77500000000 9.77500000000 9.77500000000 9.77500000000 9.77500000000 9.77500000000 9.77500000000 9.77500000000 
228
covarEC228 20 0.07017080547 0.04704269174 0.09504829976 0.11839987626 0.09871143932 0.07966031460 0.05589004611 0.06057428026 0.10068509691 0.08945311045 0.07969183209 0.05084163085 0.09014302765 0.11236853788 0.03924245293 0.07800005893 0.06726165573 0.09835524426 0.09198104303 0.06626956398 
229
covarEC229 20 0.08018265665 0.06807715419 0.06235951584 0.05645545272 0.10337356139 0.07257360325 0.07225565183 0.07314808631 0.06910554556 0.07977269553 0.08026582006 0.07758570676 0.10038329242 0.10048421267 0.06870526452 0.08531314771 0.09045861121 0.10669739942 0.11548890605 0.11469061468 
230
covarEC230 20 0.08162062002 0.07193693678 0.08565070007 0.07847229255 0.09078720402 0.07802880469 0.08017451203 0.10763940221 0.07033180074 0.07923416093 0.07308779538 0.08570958576 0.08991340247 0.09378514448 0.11451550315 0.09273456312 0.08691206334 0.09840947428 0.09469939873 0.09989233110 
231
covarEC231 20 0.05574572373 0.06616131504 0.10523981027 0.10364940300 0.06894434661 0.09571334586 0.08808386859 0.07079657217 0.07849861882 0.06283629354 0.07470274443 0.07217399041 0.08201856462 0.08517760779 0.04856082032 0.08862262028 0.06368077741 0.07275651610 0.08883430634 0.04632987897 
232
covarEC232 20 0.06713822912 0.07899575583 0.06135771908 0.07974539529 0.07713855549 0.07866231563 0.06791755553 0.04979767825 0.06076035260 0.08793972998 0.06555585199 0.06628973149 0.06889742556 0.11201013639 0.11531849208 0.09109249198 0.07597938915 0.07581819380 0.09383491333 0.11580747422 
233
covarEC233 20 0.07510591986 0.08129010963 0.09130834826 0.08676407355 0.08048414616 0.08813146788 0.08842015850 0.11359222237 0.07655037848 0.07073250403 0.06990167482 0.09073717913 0.08625418406 0.08231897986 0.12417813648 0.09566521081 0.08836557819 0.08504150293 0.09468066710 0.09124233220 
234
covarEC234 20 0.08111308778 0.07955021025 0.07584020644 0.07212078440 0.08362760222 0.08459731013 0.08732865413 0.06329564105 0.07703515382 0.07344310290 0.07681308550 0.09262110010 0.09913968721 0.08719538737 0.06628623472 0.08655384323 0.06644556617 0.09656206180 0.09421355173 0.08397136563 
235
covarEC235 20 9.77500000000 9.77500000000 9.77500000000 9.77500000000 9.77500000000 9.77500000000 9.77500000000 9.77500000000 9.77500000000 9.77500000000 9.77500000000 9.77500000000 9.77500000000 9.77500000000 9.77500000000 9.77500000000 9.77500000000 9.77500000000 9.77500000000 9.77500000000 
236
covarEC236 20 9.77500000000 9.77500000000 9.77500000000 9.77500000000 9.77500000000 9.77500000000 9.77500000000 9.77500000000 9.77500000000 9.77500000000 9.77500000000 9.77500000000 9.77500000000 9.77500000000 9.77500000000 9.77500000000 9.77500000000 9.77500000000 9.77500000000 9.77500000000 
237
covarEC237 20 0.06482320589 0.05782858763 0.06317510712 0.07660424723 0.08333520499 0.09415289737 0.06778886893 0.05276083048 0.08198646945 0.06176674862 0.08946185528 0.08415471985 0.09171024824 0.09442675389 0.04089745071 0.08925294332 0.03992023725 0.09950578220 0.12566864108 0.07129732426 
238
covarEC238 20 0.07697447265 0.07700378116 0.06828309375 0.06279227260 0.10048461854 0.07924902368 0.08004804148 0.07135160499 0.07693352603 0.08051799590 0.07822895775 0.08620465538 0.09639480772 0.10033092152 0.06863535470 0.08769929841 0.09264264440 0.10674127823 0.11365712806 0.11625356134 
239
covarEC239 20 0.07779382577 0.08054740056 0.08680833566 0.08224673304 0.08888178427 0.08723043451 0.07857622144 0.10134017436 0.07165553578 0.07566090830 0.07578926886 0.09627822198 0.09341195549 0.09267636584 0.11958385573 0.09321678181 0.09000333203 0.09654434691 0.09825872647 0.09994070418 
240
covarEC240 20 0.08175645294 0.08059154398 0.08297749134 0.07369187614 0.08827604964 0.08628295941 0.08682414838 0.06731268739 0.07971556728 0.07432622753 0.08230841562 0.09359798930 0.10610443199 0.09530538800 0.06307631820 0.09424467207 0.07414422814 0.09798593675 0.10154268386 0.08201658539 
241
covarEC241 20 0.07413291287 0.08190203467 0.08508589115 0.08564907216 0.10044596040 0.08407477547 0.08448488806 0.07256722407 0.07958409631 0.08044047668 0.07816673341 0.09088419626 0.09437457986 0.09895100880 0.10489359428 0.09807476947 0.09735853772 0.10110256861 0.10986075594 0.11455921046 
242
covarEC242 20 0.08642099026 0.09032020522 0.09850871813 0.09684112793 0.08767184201 0.09772681072 0.09732452391 0.10616768284 0.08249037721 0.07771746994 0.07721071688 0.10202413948 0.09614702813 0.09126954988 0.12900601761 0.10764041471 0.09204318221 0.08970768887 0.09565227318 0.09297370203 
