
243
0
meanEC0 20 0.08296379844 0.00971072196 0.02444398794 0.00079458461 -0.01471995653 0.02700938940 0.03952731862 0.02981463562 0.01842237048 0.03277036963 0.13089029192 0.06899388426 0.04105742140 0.00993369861 -0.04558984436 0.03316139599 0.07192566846 -0.05452233897 0.02280560310 0.09895652533 
1
meanEC1 20 0.01338680605 -0.01330026169 0.21890770513 0.02172455995 0.03413668090 -0.04395602168 -0.09948996615 -0.00489285721 0.07490463730 0.12777101819 0.07867143632 -0.04200887451 0.08879987670 0.13656347110 -0.11081196068 0.19790800933 0.20573320648 -0.24725850094 0.12434748490 0.11782214046 
2
meanEC2 20 0.06299177855 0.03064641221 0.03559321992 -0.01857368237 0.00691875996 -0.03062827328 -0.02708078745 0.15737316205 0.01284574859 -0.01206890713 0.03958565065 0.02920741645 0.02638501953 0.02150510127 -0.10049604840 0.08323973984 0.06995871436 -0.04470864291 0.00709645773 0.07971494645 
3
meanEC3 20 0.28944184702 0.12117336450 0.28757902575 0.15609290919 0.10313240957 0.20877888066 0.27232792435 0.48869070146 0.02446248239 0.29523031416 0.19785484509 0.11727016155 0.02524105523 0.05690323377 0.43054357503 0.72348575381 0.44848649951 0.21645793303 0.04405434848 0.01362104062 
4
meanEC4 20 0.06346985471 0.08262154133 -0.06228676256 0.07019230294 0.02249060492 -0.04761269032 0.17604626616 0.02375082964 -0.07735967301 0.02807265261 0.08185406762 0.20129402718 0.00982204806 -0.00134667954 -0.02762156480 0.16722741813 0.09694661414 -0.02386300834 -0.02773360985 0.13516630232 
5
meanEC5 20 0.10275210006 0.08210261849 0.15808943672 0.35118923646 0.19764593556 0.06630168977 0.07742201504 0.16698305098 -0.09162228503 0.09580639208 0.26630142979 0.16550975379 0.18354457935 -0.01697638953 0.08607692796 0.30885381636 0.20685283198 0.01952839796 -0.00930582325 0.15659952164 
6
meanEC6 20 0.12605764974 -0.06389599117 -0.04385199881 -0.00327434485 0.02461045229 -0.00127765233 0.07926610881 0.12251145181 -0.03422288545 0.09580918563 0.09480691055 0.00600895360 0.06950505140 0.06881366792 0.30173596913 0.05335450249 0.08225955369 0.02703611771 0.00751652071 0.07231114060 
7
meanEC7 20 0.06261096437 0.02336292522 0.02267031224 0.01559566605 0.05181430029 0.06368962865 -0.00100835631 0.03825210344 -0.00439681276 0.09427413758 0.03893621950 0.08449279000 0.03485028876 0.08702717532 -0.02590884679 0.03919329057 0.08281476663 -0.12046383809 0.04968974572 0.20929005742 
8
meanEC8 20 0.03425489351 0.01197180732 0.01347175192 0.01008701029 -0.04567282567 -0.00142800308 -0.01990091805 0.14276782726 0.03322374461 -0.00779326734 0.04912727112 0.02326871268 0.01066881098 -0.00084916363 0.01865266165 0.09827585907 0.08934723815 -0.05450234037 -0.01294716489 0.04884356633 
9
meanEC9 20 0.47214063492 0.16688047480 0.48557739314 0.58158833661 0.00000000000 0.32686711009 0.70275467621 0.24350956719 0.18519811176 0.01153101083 0.33527327535 0.50602649162 0.08662838489 0.25065059235 0.26635866098 0.47093311174 0.06246142252 0.01163848000 0.23933091568 0.43123707175 
10
meanEC10 20 0.74133539200 0.38725617528 0.78174585104 0.58478206396 0.69338357449 0.44876569510 0.49069154263 0.27074021101 0.91697162390 0.44394621253 0.92558443546 0.14017203450 0.46103489399 0.24327813089 0.80756711960 0.59011989832 0.01709330268 0.45597407222 0.23555788398 0.11295405775 
11
meanEC11 20 0.97968214750 0.80552804470 0.23255927861 0.41994911432 0.86414313316 0.49404221773 0.18697386980 0.85696959496 0.24853675067 0.09925851971 0.16937845945 0.74654805660 0.96463525295 0.69577622414 0.26569288969 0.76829737425 0.56454700232 0.64747089148 0.66773694754 0.05191535875 
12
meanEC12 20 0.19417268464 0.31691190600 0.37609944781 0.00000000000 0.00000000000 0.00000000000 -1.20943343636 0.00000000000 0.13895459473 0.57741023640 -0.09585725978 0.37739170006 0.61443662643 0.84523705473 0.45691994493 0.21881027738 0.07770109922 0.96564340591 0.93392112068 0.38485300541 
13
meanEC13 20 0.15326329544 0.08100490385 -0.06278634163 0.03366624291 -0.02489227843 0.07095166733 0.06905244076 0.10526976494 -0.03398942768 0.08224952754 0.08480457399 0.08377040889 0.00845688795 0.11876917746 -0.04897134924 0.09428971892 0.02835475915 -0.08651446662 0.07968994996 0.18925563991 
14
meanEC14 20 0.22453128695 0.44313456404 0.33027968290 0.23425377195 -0.10717908437 0.43268669834 0.50438200771 0.38990721693 0.02579713581 0.04746131650 0.00666457770 0.43842838556 0.10363402530 0.00311374947 0.19667914908 0.73191157739 0.21356991788 -0.02180790418 -0.01171842707 0.15442094207 
15
meanEC15 20 0.67703999114 0.54110835438 0.33429767800 0.32558649701 0.08704267543 0.26955365419 0.35528496802 0.35704765776 0.36047408876 0.15716118554 0.02976449065 0.16822813381 0.23173663889 0.18435313307 0.54974913009 0.76830999368 0.28333714778 0.01836537736 0.13997122754 0.13415871561 
16
meanEC16 20 0.07070364663 0.40877339775 0.14564708170 0.10020484526 0.20090304318 0.41525336933 0.08576541236 0.32656169064 -0.02119424108 0.26611981415 0.28284197944 0.30696524966 0.22433223558 0.19511520084 0.24073348934 0.30466887916 0.24781592473 -0.01783842880 -0.01363720259 0.24275876582 
17
meanEC17 20 0.12301129867 0.20042332350 0.26781411716 0.22358687920 -0.02309626499 0.10092148385 0.11152684571 0.12273139774 0.05366890429 0.21189446160 0.21733790274 0.17404275959 0.07869108481 0.04666621770 0.32118111317 0.35153527516 0.27578176062 -0.01378790524 -0.02164779834 0.08936294168 
18
meanEC18 20 0.01018604518 0.06961510298 0.04634225973 0.17882554714 0.00107081380 0.06545998793 0.10705601233 0.04788696692 0.06288363445 0.04544085269 0.08234273349 0.12744810877 0.02617610160 -0.03519235643 0.03289436059 0.06453708267 0.09693195070 -0.02862027744 0.01488414564 0.08826880902 
19
meanEC19 20 0.61045026779 0.12852126360 0.47093090415 0.15500827134 0.23720292747 0.77376049757 0.01760704070 0.20061336458 0.53401935101 0.43236118555 0.90928333998 0.25188252330 0.63578081131 0.32020840049 0.21495580673 0.27079606056 0.02123842575 0.01760482788 0.06822098046 0.42536666989 
20
meanEC20 20 0.64751744270 0.53907239437 0.92044138908 0.20263534784 0.32979825139 0.51615458727 0.21682889760 0.51232618093 0.44922786951 0.09184867889 0.98612087965 0.60013651848 0.64702284336 0.93281030655 0.39489334822 0.23065486550 0.90543115139 0.59243178368 0.27006465197 0.45198875666 
21
meanEC21 20 0.48299662003 0.21379732747 0.33225420220 0.11785282394 0.16950957246 0.41069932089 0.14807815279 0.24561450964 0.02672822049 0.34186996368 0.36248309622 0.32763038017 0.29129072693 0.18170226497 0.39059294699 0.50198217187 0.36307558096 0.12018769581 0.12254281906 0.45660018921 
22
meanEC22 20 0.10496777686 -0.00297382035 -0.06019554904 -0.04797882974 0.00856994370 0.05973537055 0.07314317262 -0.02165662101 0.01368263578 0.04618045565 0.11209754866 0.05483867004 0.00919929173 0.06264049681 -0.06463455525 0.10345396595 0.08457420455 -0.09045659442 0.03200028544 0.11813338101 
23
meanEC23 20 0.14636768046 0.25119613090 0.14336091903 0.08534014702 -0.16488377050 -0.08994037844 0.22621884554 0.13394692049 0.10834250299 0.09944873337 0.13746159930 0.16644911203 -0.08949822479 -0.06312454580 0.01103496925 0.16827143339 0.03584039941 -0.00995966316 0.07580426943 0.17396956682 
24
meanEC24 20 0.16650609476 -0.01062512953 -0.01626015563 -0.01867062135 -0.07672456386 0.11101655441 0.04546978385 0.12255990919 -0.01172549639 0.11933139674 0.12163420939 0.05861343833 -0.01328149957 0.00613696960 0.20307676985 0.19030551464 0.01688225028 -0.08288111635 -0.06273028260 0.03535012528 
25
meanEC25 20 0.01122689167 0.05057706585 -0.02794042333 0.01355799986 0.06453990450 0.02081238047 0.00820104080 0.01268084630 0.09711388708 0.07289367032 0.01964310463 0.13647296101 0.01108890897 0.12059613549 -0.06098875512 0.08902002604 0.06660639222 -0.05683655669 0.13261876536 0.20038110018 
26
meanEC26 20 0.01899815604 0.01586909373 0.04323093555 0.04040907654 -0.01588776124 -0.00623716769 0.00199603739 0.07838140655 -0.01636343271 -0.00539991197 0.06147281854 0.01455365906 0.00965445826 0.01629610437 0.02944567938 0.05277943252 0.09527121378 -0.05278099481 -0.00428664047 0.05661204830 
27
meanEC27 20 0.45262098391 0.62927600551 0.63975940848 0.11929638520 0.26025090058 0.59471446902 0.20269082765 0.29420274230 0.39639495968 0.16130234502 0.06668238793 0.22039214821 0.05188210712 0.14472272021 0.24011640989 0.21312046367 0.11799280384 0.07937501242 0.30829889903 0.19721348584 
28
meanEC28 20 0.48326748610 0.15341024101 0.95294737816 0.85216021538 0.75898456573 0.52918201685 0.99924659729 0.18367120624 0.33962497115 0.32920449972 0.19873762131 0.92552697659 0.86599689722 0.10865557939 0.77437055111 0.04296838120 0.47229680419 0.55685520172 0.64381533861 0.91602480412 
29
meanEC29 20 0.44876959920 0.37695997953 0.33101221919 0.01628727093 0.72388195992 0.19168464839 0.03194450587 0.35669851303 0.81966191530 0.11724645644 0.59942317009 0.36043971777 0.54224538803 0.24589502811 0.45517405868 0.62594604492 0.20526556671 0.31603971124 0.63025432825 0.88741159439 
30
meanEC30 20 0.30237540603 0.48201203346 0.28427392244 0.94108831882 0.04660752788 0.34160751104 0.95518428087 0.42501136661 0.47017917037 0.42384600639 0.43097546697 0.42703345418 0.41213589907 0.63101720810 0.72259765863 0.91868907213 0.52095162868 0.09911286086 0.23130308092 0.60438752174 
31
meanEC31 20 0.74436140060 0.45570757985 0.19438813627 0.86540085077 0.33373925090 0.54552781582 0.60953921080 0.58886015415 0.40811353922 0.65322321653 0.54615193605 0.59300452471 0.66519826651 0.40106916428 0.87990391254 0.46559458971 0.97307991982 0.41892030835 0.37377986312 0.14556869864 
32
meanEC32 20 0.93089270592 0.57915991545 0.24882036448 0.59661328793 0.30302214622 0.10041683912 0.39831396937 0.18053790927 0.07084181160 0.83648353815 0.12388764322 0.93468767405 0.67630666494 0.62112051249 0.22179490328 0.59906882048 0.23761913180 0.08029047400 0.78790581226 0.01659793407 
33
meanEC33 20 0.74475944042 0.07305673510 0.24150128663 0.41971597075 0.85797375441 0.81193339825 0.19899955392 0.29262375832 0.79318994284 0.55370610952 0.70470678806 0.91472798586 0.02810310386 0.63557547331 0.60426110029 0.37263098359 0.45576477051 0.77401471138 0.30393132567 0.85227555037 
34
meanEC34 20 0.70470285416 0.21013815701 0.72211170197 0.16017155349 0.57925879955 0.94994598627 0.49893626571 0.43958616257 0.38181689382 0.37147295475 0.36715260148 0.13719682395 0.80090540648 0.61649096012 0.26574137807 0.24482171237 0.22788748145 0.34401491284 0.40898621082 0.55766159296 
35
meanEC35 20 0.00764816115 0.01174586453 0.43400466442 0.73223555088 0.27355161309 0.30233839154 0.62656164169 0.38294750452 0.44348761439 0.50078094006 0.52213072777 0.91989547014 0.77102208138 0.06856617332 0.02992476150 0.26671615243 0.79955178499 0.79859834909 0.18004655838 0.22552865744 
36
meanEC36 20 0.53349423755 0.48885887008 0.76553561923 0.81950539351 0.23183119297 0.60515707731 0.52722311020 0.61158978939 0.00000000000 0.00000000000 0.00000000000 0.56831997633 0.00000000000 0.26920468146 0.76757492633 0.76714221101 0.50876412468 0.42018839717 0.11007259786 0.28638631105 
37
meanEC37 20 0.90319973230 0.89565664530 0.45646351576 0.13959133625 0.91713964939 0.61551874876 0.71367299557 0.00590165379 0.92843294144 0.28529310226 0.42576703429 0.87875622511 0.51516985893 0.33278614283 0.65940731764 0.56367081404 0.80793273449 0.72277975082 0.21644146740 0.79523855448 
38
meanEC38 20 0.65905344486 0.03704562411 0.76072967052 0.77332973480 0.15186959505 0.68381571770 0.99565571547 0.06439592689 0.12467827648 0.41078323126 0.39077422023 0.95224767923 0.88988780975 0.04391912371 0.21133081615 0.97695469856 0.74979752302 0.57715302706 0.96587413549 0.17235653102 
39
meanEC39 20 0.07512901758 0.28425141642 0.00000000000 0.07395755905 0.00000000000 0.08054016651 0.15886565022 0.06870274666 0.07765053388 0.29849405388 1.27061765091 0.30605294443 0.52921001436 0.04270578861 0.39488558791 0.34342344902 0.02774517018 0.00000000000 0.00000000000 0.32704487443 
40
meanEC40 20 0.03981343280 0.11668886771 0.13547026690 0.08355642337 -0.05683656446 0.01515538913 0.15844097479 0.02826310472 -0.00049696792 0.23616240562 0.06549692248 0.15015852801 0.04072267217 0.08202565952 -0.00053863171 0.18851311750 0.02548425428 -0.02715115584 0.08316728646 0.13628315926 
41
meanEC41 20 -0.05981224099 -0.05509041964 0.36643108715 0.34030450897 -0.03337934719 -0.12672188605 0.06652430001 0.03021070851 0.01371791815 0.25431614919 -0.05410863581 -0.01538384352 -0.09964407944 -0.04021738804 0.07489555517 0.28006230355 0.38060260838 0.09154219639 -0.03925649959 0.08687083423 
42
meanEC42 20 0.27224005812 0.07142519951 0.00000000000 0.00000000000 0.00000000000 0.00000000000 0.00000000000 0.00000000000 0.12763869762 0.33684338721 0.06611239910 0.00000000000 0.00000000000 0.66059151280 0.98004312360 0.00000000000 0.10774350166 0.38769769669 1.10518450830 0.38980987668 
43
meanEC43 20 0.34186369181 0.45300173098 0.39387390490 0.00000000000 3.08299020836 0.26115000248 0.10119649768 0.50368338066 0.12553800642 0.53485122964 0.60366331629 0.15962779522 0.91595699982 0.81254420897 0.42802309345 0.24374934630 0.47053420544 0.54503077527 0.84435558319 0.59531939030 
44
meanEC44 20 0.11424222070 0.25653800696 0.20235832248 0.22232579699 -0.06161862374 0.16670052241 0.27736032215 0.34753433524 0.12820440036 0.11046464750 0.23778625956 0.36126171885 0.18503441518 0.03459969249 0.19895833981 0.35759389353 0.44393350065 0.10877546900 0.09351413562 0.31362479925 
45
meanEC45 20 0.49475052534 0.39059356888 0.60535652088 0.40687675794 0.13388507784 0.38353430493 0.52686562023 0.08771242186 0.09817506000 0.25531971758 0.19634887246 0.28341120677 0.21677417857 0.23080260652 0.60844587284 0.46651457405 0.35880752409 0.33229616975 0.07342900850 0.22327533364 
46
meanEC46 20 0.84370869398 0.23321834207 0.47900098562 0.88137108088 0.06250921637 0.42941477895 0.86197900772 0.21431413293 0.55106616020 0.12027087808 0.69552820921 0.90340024233 0.98805689812 0.57486712933 0.19401846826 0.29974213243 0.91354316473 0.30623540282 0.80321562290 0.78037714958 
47
meanEC47 20 0.46735689044 0.95187371969 0.48170933127 0.08239944279 0.33140039444 0.41354799271 0.43751266599 0.60598880053 0.37464827299 0.71654903889 0.11890977621 0.23030155897 0.95870912075 0.55843120813 0.72449970245 0.71425527334 0.37317016721 0.23991678655 0.85304373503 0.26022309065 
48
meanEC48 20 0.26842269301 0.71134668589 0.04878971726 0.85957968235 0.16322602332 0.17354725301 0.32203829288 0.21930864453 0.94658368826 0.58445757627 0.51545327902 0.01832335070 0.45356729627 0.03399965167 0.39580026269 0.92800575495 0.56180858612 0.65140593052 0.41312223673 0.11945445091 
49
meanEC49 20 0.21750856752 0.23807323694 0.09613302943 0.20054407469 0.45911695535 0.20142620831 0.04150745236 0.09044431958 0.09947251542 0.44617361201 0.20302695029 0.32601791475 0.33443737205 0.30547572017 0.02821514115 0.32952475105 0.13755140571 0.00000000000 -0.01838484487 0.27344515920 
50
meanEC50 20 0.24290327749 0.26299753659 0.47298327407 0.53743048861 0.24312308656 0.27765396024 0.53137028403 0.43747682822 0.34966205093 0.35113677301 0.33189235705 0.31028479094 0.20969552649 0.37450995874 0.26256924096 0.48258693277 0.50995055333 0.29060859408 0.23434391590 0.31744766235 
51
meanEC51 20 0.60324363818 0.36984752414 0.39139163297 0.48053838738 0.17190145289 0.47314462348 0.61944383544 0.13111891803 0.30511051546 0.30758110337 0.18411318323 0.54249484362 0.20891356335 0.06779981693 0.55862827043 0.58029139767 0.30841534153 0.11242881014 -0.00896728813 0.33434072137 
52
meanEC52 20 0.28339551516 0.05068579918 0.20037488218 0.27909482146 0.30556625307 0.20452218249 0.17045825090 0.41406510912 0.22110999173 0.36182757622 0.23481220568 0.09578421692 0.26114446856 0.48728969266 0.10949455391 0.29554652501 0.13882593363 0.25760978876 0.38139959368 0.22481131554 
53
meanEC53 20 0.37362666924 -0.04725023081 0.16996907602 0.07923718814 -0.00363399323 0.08085677445 -0.00062300929 0.36784334863 0.13665297273 0.06343334065 0.11946965597 0.11505173997 0.04294223787 0.14252185887 0.15793524585 0.13048164476 0.05906142196 -0.00154028521 0.16849726904 0.04630345851 
54
meanEC54 20 0.07133464877 -0.00256974590 -0.00905750417 -0.01261903293 -0.03650724243 -0.03557918833 0.06598537344 0.06585370545 0.01174487821 -0.01937879389 0.06517450288 0.03348317434 0.04300502785 0.08694013772 -0.09118892348 0.10135200067 0.17338512710 -0.04269694116 0.12003738864 0.08352236450 
55
meanEC55 20 0.65493535995 0.42016464472 0.70808029175 0.70226895809 0.66747587919 0.03949511796 0.76771908998 0.63666486740 0.36003640294 0.76398181915 0.01082019973 0.89772719145 0.92084097862 0.42894491553 0.89060002565 0.66242420673 0.16822881997 0.18224368989 0.94309681654 0.02657758258 
56
meanEC56 20 0.66345465183 0.60685920715 0.09356971830 0.19113656878 0.13118985295 0.99020582438 0.57393610477 0.76577574015 0.81861281395 0.75556337833 0.64371418953 0.23288369179 0.64056384563 0.12111853808 0.45712938905 0.90582460165 0.71270155907 0.27799206972 0.81712001562 0.43924647570 
57
meanEC57 20 0.86940777302 0.51200926304 0.20057031512 0.35386547446 0.51261866093 0.60722088814 0.09680821747 0.74517542124 0.87338870764 0.71383404732 0.16512918472 0.69960916042 0.76285731792 0.25971677899 0.62237656116 0.43485400081 0.01596190408 0.59858655930 0.24399229884 0.13193821907 
58
meanEC58 20 0.56703794003 0.93832886219 0.35783946514 0.44660627842 0.88130205870 0.24791105092 0.14497457445 0.42195138335 0.13135191798 0.27709412575 0.04950546101 0.82369172573 0.48126712441 0.74624502659 0.59615570307 0.23605722189 0.99804228544 0.29899132252 0.06051227078 0.51398026943 
59
meanEC59 20 0.83720892668 0.90252822638 0.59698736668 0.92766815424 0.63331067562 0.57814180851 0.34680390358 0.48747119308 0.81078797579 0.13523936272 0.88103371859 0.42679634690 0.86148464680 0.31133434176 0.96597945690 0.85264474154 0.69084775448 0.08884492517 0.72093999386 0.86221319437 
60
meanEC60 20 0.96954095364 0.07238350809 0.65476536751 0.80386823416 0.87229621410 0.85116267204 0.23282767832 0.96898484230 0.46201738715 0.83196550608 0.12085884809 0.56715190411 0.73449885845 0.34990847111 0.89648270607 0.60998803377 0.56723386049 0.91975468397 0.70296877623 0.90437799692 
61
meanEC61 20 0.12685145438 0.49243885279 0.69634902477 0.89625048637 0.77013969421 0.58374083042 0.90261650085 0.27202051878 0.34903725982 0.43626707792 0.26687821746 0.78540146351 0.99852317572 0.40654224157 0.80252426863 0.13892491162 0.31286099553 0.05928168446 0.31308379769 0.27223837376 
62
meanEC62 20 0.16232794523 0.51698219776 0.81741648912 0.36537641287 0.83675789833 0.14299838245 0.54684805870 0.00744654704 0.63087660074 0.97185444832 0.49901819229 0.36616888642 0.81900119781 0.18998780847 0.89477413893 0.44867449999 0.87618345022 0.78639036417 0.08807469904 0.18557116389 
63
meanEC63 20 0.34571412193 0.38774470806 0.33079622606 0.45846281816 0.27536408158 0.46186440797 0.47630109304 0.27436173468 0.30590387273 0.14582564984 0.02764209340 0.32034489096 0.01974847091 -0.02486784519 0.09438551656 0.55998914863 0.29922860755 0.22363921934 0.05271802710 0.10015486926 
64
meanEC64 20 0.92045527697 0.02433414385 0.60199183226 0.77774041891 0.92526280880 0.13837836683 0.97241747379 0.00105497439 0.04455794767 0.15250450373 0.99931174517 0.46058070660 0.65693628788 0.05878849700 0.23632358015 0.30225294828 0.10147919506 0.55492937565 0.41920992732 0.18521183729 
65
meanEC65 20 0.09622004628 0.63775181770 0.45055347681 0.60311871767 0.72411197424 0.17779587209 0.34250929952 0.92286610603 0.23297359049 0.68132656813 0.47951576114 0.40605387092 0.63442033529 0.46806207299 0.40589156747 0.48288190365 0.45188078284 0.90333187580 0.58336007595 0.35936677456 
66
meanEC66 20 0.13922236270 0.43728485605 0.12869773256 0.02368140503 0.06902549101 0.19462468405 0.00000000000 0.00000000000 0.06942447163 0.69065762904 0.70564991412 0.31501540676 0.32691692966 0.21926568515 0.03956768357 0.51660374978 0.29869415344 0.24840534386 0.10429574937 0.41215708852 
67
meanEC67 20 0.02090025851 0.07046649126 0.04839369703 0.02690431474 -0.04369700966 0.04651033824 0.05159272032 0.03835732594 -0.01195593116 0.12016545381 0.01605180004 0.15443285595 -0.00212568759 0.03123392292 0.07701434405 0.21143258965 0.23651224240 -0.07622890041 0.02442072046 0.13069862127 
68
meanEC68 20 0.01497044107 0.10172363275 0.30711755836 0.04457849398 0.01785996126 0.19877436473 0.16823806751 0.30050652217 0.09618628143 0.10388188084 0.15774376262 0.29312914979 0.06704396734 0.22204877152 -0.11417785832 0.35055124375 0.07803876304 -0.03433587270 0.14821785237 0.14693915844 
69
meanEC69 20 0.46241283625 0.19444251816 0.11460385864 0.28557470572 0.19055200508 0.34830285502 0.32594100248 0.32686063085 0.08861783244 0.31976266339 0.35164018454 0.29740827778 0.01028280186 0.42134993568 0.53895059869 0.45493232323 0.21680043489 0.08906505822 0.09678721656 0.27446684241 
70
meanEC70 20 -0.01175325223 0.27164971267 0.19826034506 0.05334534452 0.05907815731 0.13911090532 0.32690914308 0.01327040543 0.31818788566 0.43509749007 0.14523776334 0.34579710905 0.00033040053 0.50142199972 0.01618429533 0.00646485117 0.26606657942 0.04845581905 0.35830927836 0.39044949412 
71
meanEC71 20 0.21326847441 0.09665435227 0.05337293634 0.24334139490 0.02146912488 0.05827083858 0.16208032553 0.10042748696 0.06276449038 0.03202661046 0.15009560839 0.07341780191 0.22100342846 -0.04236175430 0.13421163939 0.27303175168 0.15326192877 -0.07036470160 0.07043036394 0.14072556794 
72
meanEC72 20 0.09094677859 0.05265459708 0.15921434134 0.07333912277 -0.01485495839 -0.03224139413 0.12210177794 0.07992266250 0.01509157331 0.04811641649 0.11440181965 0.05593664534 -0.00284155553 0.00790989168 0.01920679364 0.15209307697 0.06837531709 -0.04162280659 -0.05429068273 0.21688385308 
73
meanEC73 20 0.56515336037 0.59327840805 0.13453163207 0.74530595541 0.26891019940 0.23674191535 0.26226615906 0.18118414283 0.86097985506 0.10202910751 0.75948995352 0.34070560336 0.96621006727 0.11178330332 0.01879090257 0.79422044754 0.16094501317 0.05660375953 0.99269813299 0.86022210121 
74
meanEC74 20 0.21861164272 0.20153734088 0.31419169903 0.24677179754 0.16035886109 0.60534530878 0.94325023890 0.07759122550 0.47762259841 0.06919348985 0.20330183208 0.95206266642 0.38198116422 0.53902822733 0.26839902997 0.76813161373 0.76003515720 0.69643396139 0.90548634529 0.37013164163 
75
meanEC75 20 0.20166004801 0.02472705932 0.34793861749 -0.00703454481 -0.09416815422 0.23397498517 0.18156983446 0.05570613745 0.12221826880 0.33061051407 0.34902316302 0.32806325035 0.21216127060 0.38506100177 0.22235565873 0.46456230146 0.41019038209 0.24282910513 0.12268888708 0.38087746501 
76
meanEC76 20 0.00673046375 0.01503733515 -0.03182604015 0.03162791420 -0.03450112968 0.04525246124 0.09317644533 0.01705023998 -0.02594811678 0.04463866520 0.06776921496 0.22847662030 0.08581260415 -0.00332207557 0.05329062138 0.11458593189 0.11904778837 -0.10261190272 0.02334516039 0.25190520287 
77
meanEC77 20 0.11991091203 0.05900015949 0.17448265179 -0.01162967999 0.04157233730 0.19323712539 0.12567985570 0.09381546570 0.01022784047 0.07861139132 -0.02927728940 0.17651791025 0.02365639011 -0.04352227759 0.18005422052 0.20402258530 0.26671061667 -0.08156466026 -0.04488169186 0.13225440681 
78
meanEC78 20 0.10209029307 0.01831601320 -0.04849536986 0.05154534146 0.03963038934 -0.00481018747 0.16867030661 0.07010893914 0.03335555770 -0.01942801888 -0.03195681408 0.12407110500 0.02068575419 0.02418700269 0.06727063558 0.04187429749 0.14672444300 0.00108546750 0.04036803263 0.15404443443 
79
meanEC79 20 -0.03272528232 0.02693211062 -0.09560860384 -0.02645538624 0.00119555485 0.00317310548 0.01541161096 0.02208989978 0.00519695280 0.08918365813 0.03233108023 0.00951414274 0.00338026020 0.07589617212 -0.14019609796 -0.00018741196 0.14640337284 0.02596686235 0.05710851980 0.11596931517 
80
meanEC80 20 0.07630446424 0.01278029691 0.01814778248 0.04375038732 -0.03548120529 -0.04246813887 0.03266744041 0.07359918725 -0.01191083500 -0.00630908395 0.07833685582 0.04776675980 0.01284572901 0.01195795030 -0.00182398454 0.07409448489 0.09903008390 -0.06599876026 -0.01776534031 0.05456485599 
81
meanEC81 20 0.20541811112 0.02077638066 0.08613567100 0.00686619157 0.01410611709 0.00355713656 0.01509034576 0.08560346033 0.07398211461 0.04799488178 0.29707550751 0.06595334832 0.08981815160 -0.10567098205 -0.06640318214 0.07889281475 0.06231001448 -0.13038233594 -0.03465333555 0.14169536531 
82
meanEC82 20 0.12541513105 0.05839334607 0.06040645952 -0.01664633365 0.23859214378 0.05437630676 0.07760172660 0.11144460021 0.10268184570 0.25021294127 0.45463000216 0.07164543550 0.17420237511 0.38511876263 0.17303496810 0.20971069337 -0.05511214392 0.05838595164 0.14692221947 0.35379174352 
83
meanEC83 20 0.00974527368 0.03334381240 0.06269937957 0.04835365257 -0.07313225205 -0.05098576447 0.04234553945 0.22411343728 0.06152640171 0.02630101797 0.06711548526 0.02713820610 -0.05734122986 0.19685794633 -0.07645457103 -0.00813828030 -0.04475240136 -0.14006514424 0.14588181968 0.20411427319 
84
meanEC84 20 0.92931342125 0.07518291473 0.18459741771 0.20735263824 0.45924118161 0.44893270731 0.89178746939 0.95137947798 0.63945168257 0.27126336098 0.82916802168 0.98485654593 0.63161838055 0.23205502331 0.19175244868 0.42313003540 0.58186179399 0.19418098032 0.96591925621 0.20416508615 
85
meanEC85 20 0.66440403461 0.74409443140 0.54905354977 0.02421666123 0.91385287046 0.46593526006 0.99007660151 0.76554763317 0.23021420836 0.09089484811 0.27938833833 0.96017163992 0.61746019125 0.64324820042 0.38292905688 0.13097904623 0.54307931662 0.96478962898 0.77099436522 0.63805401325 
86
meanEC86 20 0.28513872623 0.72056847811 0.25151419640 0.09004932642 0.18611064553 0.13700322807 0.78937894106 0.36227914691 0.28067529202 0.25201129913 0.66573351622 0.12477502227 0.32770261168 0.95501661301 0.75311672688 0.85870432854 0.56664335728 0.36894154549 0.01311730593 0.28200402856 
87
meanEC87 20 0.04020125419 0.69869554043 0.72492921352 0.68347728252 0.58208107948 0.06342177093 0.97548854351 0.14892758429 0.50440382957 0.78309357166 0.24285759032 0.43819171190 0.40324717760 0.79986298084 0.02171176113 0.85289764404 0.10349000245 0.57102376223 0.76315420866 0.75457066298 
88
meanEC88 20 0.27795860171 0.07898804545 0.97219955921 0.21509107947 0.42308095098 0.77848261595 0.77258706093 0.96290397644 0.49633908272 0.10660640150 0.38031944633 0.31813627481 0.40556541085 0.67178452015 0.21638949215 0.43663752079 0.39917314053 0.18366013467 0.92140626907 0.57418578863 
89
meanEC89 20 0.90939921141 0.77399122715 0.46124345064 0.37025767565 0.23114727437 0.06973990798 0.14946110547 0.22229826450 0.98980867863 0.65007609129 0.21087098122 0.00592012471 0.66446989775 0.42374193668 0.28624060750 0.64270401001 0.48450177908 0.05614340305 0.38670828938 0.62586820126 
90
meanEC90 20 0.54114335775 0.94332635403 0.90969723463 0.91192924976 0.61437922716 0.33617889881 0.46947562695 0.52647423744 0.53470891714 0.96602189541 0.58808004856 0.38466516137 0.98846119642 0.92816382647 0.18809533119 0.61483347416 0.51594156027 0.82667773962 0.10338582098 0.11468598247 
91
meanEC91 20 0.10671047866 0.46337935328 0.23971812427 0.65617877245 0.47627583146 0.10972490907 0.85869020224 0.59668058157 0.34571969509 0.97240406275 0.82565665245 0.88257819414 0.08915161341 0.37656983733 0.83744215965 0.43447545171 0.69637471437 0.59610313177 0.00685731927 0.06015570834 
92
meanEC92 20 0.44561031461 0.16802525520 0.99752724171 0.99990826845 0.14635460079 0.62304139137 0.92471879721 0.91284227371 0.94902110100 0.28967988491 0.96717470884 0.00084875390 0.50373470783 0.53069841862 0.72750407457 0.86260724068 0.83737510443 0.75745338202 0.62240868807 0.47611725330 
93
meanEC93 20 0.61613225937 0.76971143484 0.10386880487 0.48962584138 0.21845425665 0.75387793779 0.48782652617 0.60093915462 0.47799772024 0.56458067894 0.96188104153 0.46663090587 0.23753218353 0.70837903023 0.36616370082 0.55438071489 0.56681215763 0.84012079239 0.97944557667 0.31280857325 
94
meanEC94 20 0.71393895149 0.77571344376 0.13240933418 0.76869058609 0.91935676336 0.24169230461 0.15474474430 0.10682222992 0.82198178768 0.75355416536 0.94716352224 0.15145149827 0.73415750265 0.32596999407 0.46707177162 0.01124955993 0.70575839281 0.35163393617 0.32023867965 0.26484808326 
95
meanEC95 20 0.51968610287 0.64315944910 0.52274352312 0.76446521282 0.91411995888 0.80473560095 0.04190704599 0.38447225094 0.07183884084 0.91783034801 0.88062548637 0.03380660713 0.35760748386 0.15471872687 0.70595926046 0.88777852058 0.50668841600 0.07611944526 0.38387602568 0.04809507355 
96
meanEC96 20 0.06175670773 0.69048696756 0.64438080788 0.49430084229 0.69844108820 0.59436249733 0.18001562357 0.02285093069 0.41213694215 0.82600730658 0.93494117260 0.99955129623 0.52421098948 0.92197984457 0.50654524565 0.01438147761 0.08281738311 0.97528034449 0.32216873765 0.34491547942 
97
meanEC97 20 0.85600090027 0.99120050669 0.84860903025 0.88818848133 0.53822678328 0.80375933647 0.12357557565 0.84174829721 0.29841229320 0.32579541206 0.25580608845 0.12035456300 0.60189723969 0.14409729838 0.33221039176 0.47099512815 0.92660647631 0.12125367671 0.93679082394 0.81992644072 
98
meanEC98 20 0.17569826543 0.70014798641 0.27321839333 0.40971636772 0.46428322792 0.36334568262 0.38687655330 0.44740170240 0.87324327230 0.04595822841 0.75543791056 0.91917562485 0.65847921371 0.42619130015 0.13496305048 0.89698886871 0.86555713415 0.38911888003 0.40712049603 0.51727801561 
99
meanEC99 20 0.96521890163 0.53651970625 0.57399606705 0.11298125982 0.57154148817 0.64665704966 0.95412933826 0.54071146250 0.46025630832 0.40159106255 0.53414726257 0.55685228109 0.07128336281 0.29969748855 0.09161501378 0.30726429820 0.54212540388 0.37454867363 0.40175235271 0.46429768205 
100
meanEC100 20 0.48977610469 0.11626589298 0.99753093719 0.19239355624 0.09244146943 0.19511613250 0.66165858507 0.28485661745 0.45709598064 0.48001351953 0.01700911485 0.47388738394 0.81199365854 0.77001088858 0.76247066259 0.41940602660 0.31716793776 0.17392306030 0.51063072681 0.22344590724 
101
meanEC101 20 0.45295551419 0.01178931817 0.42908558249 0.37202912569 0.94261831045 0.39876732230 0.43086844683 0.32275599241 0.94729357958 0.95981061459 0.05105421320 0.84014475346 0.66614139080 0.85053652525 0.52472162247 0.70070856810 0.33508270979 0.96762675047 0.32691988349 0.65889984369 
102
meanEC102 20 0.95105952024 0.17829027772 0.39887636900 0.56502604485 0.92086458206 0.14691951871 0.15517641604 0.83266156912 0.75259983540 0.89868897200 0.21096798778 0.50657188892 0.85278612375 0.47636890411 0.41472813487 0.04458285868 0.65001183748 0.38537245989 0.07756272703 0.12331863493 
103
meanEC103 20 0.39285498857 0.42859861255 0.47747832537 0.84512495995 0.48959958553 0.19455726445 0.23403023183 0.58298814297 0.55425202847 0.15463361144 0.67532467842 0.64179182053 0.31940358877 0.36187267303 0.09515536576 0.57191908360 0.37287905812 0.31403493881 0.38176000118 0.92777103186 
104
meanEC104 20 0.80298852921 0.00934263691 0.16097670794 0.08386050165 0.65099662542 0.73205196857 0.10424945503 0.26371735334 0.15979295969 0.91643786430 0.04708957672 0.70571088791 0.86097759008 0.05337300524 0.48680984974 0.09072428197 0.17663997412 0.30574399233 0.64287859201 0.17033897340 
105
meanEC105 20 0.99674153328 0.18232640624 0.36133030057 0.48566147685 0.12150820345 0.41389381886 0.27214670181 0.53679597378 0.07854816318 0.81621557474 0.01819009706 0.12465466559 0.97897017002 0.27794635296 0.54647570848 0.33195814490 0.12296994030 0.27809676528 0.56355619431 0.38297989964 
106
meanEC106 20 0.56128162146 0.88096785545 0.62144589424 0.19870932400 0.87836843729 0.22088365257 0.02070225030 0.38220492005 0.15747907758 0.48297888041 0.93317633867 0.33244130015 0.86756718159 0.79765832424 0.50444632769 0.19558978081 0.85921025276 0.14437243342 0.18850195408 0.26538750529 
107
meanEC107 20 0.35961669683 0.25275182724 0.20790232718 0.30906119943 0.13807287812 0.82460314035 0.44116419554 0.53701406717 0.07941544801 0.44689491391 0.80866938829 0.95695495605 0.42895090580 0.50845783949 0.17510190606 0.22926637530 0.51137334108 0.99605226517 0.08966780454 0.45832446218 
108
meanEC108 20 -0.04456389377 0.02152905109 0.01721467081 0.08882660284 0.02639582411 -0.00741695748 0.10850027621 -0.03503304169 0.11672759996 0.03416739609 0.13314243915 0.01999931255 -0.00423958379 0.04361653255 -0.06898342433 0.03853261739 -0.01035886551 0.00965046781 0.06308206548 0.09406340122 
109
meanEC109 20 0.31779402494 0.28345271945 0.20055715740 0.54595190287 0.91726720333 0.37939471006 0.11135589331 0.68545734882 0.47784659266 0.65175962448 0.99499076605 0.81484174728 0.78191030025 0.49950310588 0.84938549995 0.86502301693 0.99773788452 0.32340013981 0.80636906624 0.75204145908 
110
meanEC110 20 0.83500671387 0.86486887932 0.51216429472 0.55494725704 0.91091150045 0.37429481745 0.38187885284 0.20924916863 0.59523308277 0.52390038967 0.44161546230 0.19566097856 0.67520564795 0.84667629004 0.93460810184 0.92079025507 0.24616807699 0.78344482183 0.39882683754 0.92614680529 
111
meanEC111 20 0.02155826054 0.23905883729 0.40191099048 0.03889647871 0.09431827068 0.43417519331 0.82402127981 0.00888427906 0.10550582409 0.71278852224 0.45935654640 0.72828233242 0.48693817854 0.78559625149 0.02043673769 0.35859659314 0.26366096735 0.41829580069 0.21768806875 0.78900551796 
112
meanEC112 20 0.51452088356 0.16304706037 0.42860275507 0.39496174455 0.66072690487 0.25482204556 0.04867637157 0.12364476174 0.93007975817 0.50612503290 0.29270443320 0.29848894477 0.12874874473 0.81061953306 0.14275468886 0.56842613220 0.51649439335 0.64544057846 0.72770285606 0.74470049143 
113
meanEC113 20 0.78968334198 0.50311058760 0.91760307550 0.47814643383 0.33719331026 0.29657140374 0.17798945308 0.49644178152 0.94314360619 0.84663510323 0.50930434465 0.64273935556 0.88237887621 0.71971380711 0.75755447149 0.01575700194 0.81290811300 0.24323001504 0.25470373034 0.52799254656 
114
meanEC114 20 0.86812990904 0.75152575970 0.63553029299 0.27043619752 0.26513367891 0.81057649851 0.51706695557 0.06178795174 0.50383740664 0.61865067482 0.43173205853 0.18689796329 0.75940340757 0.86796593666 0.18866844475 0.56764602661 0.20196312666 0.04720503092 0.82225221395 0.33011958003 
115
meanEC115 20 0.17460843921 0.13006225228 0.44237223268 0.91114413738 0.72251814604 0.27399823070 0.66438192129 0.34491601586 0.24379396439 0.39149156213 0.34102749825 0.75041413307 0.97041964531 0.24404715002 0.08476383239 0.89858233929 0.49473172426 0.82519978285 0.94221729040 0.21434111893 
116
meanEC116 20 0.89962476492 0.69612121582 0.62401753664 0.08444751799 0.55070447922 0.29202517867 0.41790851951 0.06247086078 0.71150499582 0.90492600203 0.68352580070 0.49043655396 0.99595469236 0.00214408175 0.25753602386 0.34360897541 0.32334941626 0.93185067177 0.81466364861 0.10622756183 
117
meanEC117 20 0.01190229213 0.10431203359 0.05697149579 0.05516489707 -0.00930387974 0.03774849196 0.08723776507 0.13439207883 0.21561099659 0.06113107692 0.06899309950 0.16338941834 0.04827136582 0.10619757583 -0.10570426575 0.10761766817 -0.03366093062 0.04204926550 0.02283211361 0.03207583353 
118
meanEC118 20 0.64993625879 0.66502028704 0.22232662141 0.09910843521 0.68203806877 0.26447036862 0.94532579184 0.34357076883 0.20594058931 0.79959887266 0.60367655754 0.83001679182 0.25317734480 0.44641500711 0.09446985275 0.88834226131 0.85629189014 0.15646174550 0.61621588469 0.33819523454 
119
meanEC119 20 0.18774205446 0.93909180164 0.56053847075 0.46309542656 0.82537347078 0.83080446720 0.82387536764 0.04077987373 0.14823022485 0.75955510139 0.97817718983 0.63390105963 0.23107652366 0.88814783096 0.44084805250 0.62629884481 0.72337973118 0.65430641174 0.77858293056 0.27442851663 
120
meanEC120 20 0.16961996804 0.13678691110 0.05327653736 0.03117383989 -0.00146574521 0.06233076992 0.06084044039 0.13885701541 0.04783597693 0.04668573743 0.11687160369 0.19899271489 -0.02695441244 0.12788431855 -0.00565531629 0.04940932461 0.06509019933 0.03563483271 0.02872241823 0.07924517989 
121
meanEC121 20 0.03278232859 0.02520372088 0.01575683707 -0.00521547419 -0.02544431625 -0.01002490272 0.01146694717 0.04434606160 0.00446681728 0.02373179651 0.08859890290 0.05343627651 -0.00388803014 0.03019955940 -0.02121057526 0.02907366201 0.06521907104 -0.05761964903 0.03554268577 0.19353583455 
122
meanEC122 20 0.04344132296 0.01514616986 0.07593628266 0.06792832954 -0.00708078769 -0.00844662108 -0.00069016294 0.10721898451 0.01555685705 0.00946878605 0.06784015856 0.07624267401 -0.00268278810 -0.00267709607 -0.04521566260 0.09652288450 0.05811102776 -0.03278738499 0.01440826552 0.09045973420 
123
meanEC123 20 0.08478207151 0.07751955527 -0.06348324050 0.09230760928 -0.04307623091 0.01230970345 0.06241793823 0.03309545428 0.08918145441 -0.02936771811 0.12133900632 0.09316685735 0.04351317198 0.10823763229 0.22619313362 0.15739119406 0.05387806366 0.00415347764 0.00512588321 0.02650723048 
124
meanEC124 20 0.09957343826 0.00551955043 0.05266077449 0.09362780589 0.01271594257 -0.10541808311 0.00935527215 0.00509291042 -0.03856825658 0.04858783012 0.16254571870 0.14064422862 -0.07987432714 0.15984170509 0.11801372891 0.07439454433 0.05674601082 0.00319222759 0.14172992756 0.19879187644 
125
meanEC125 20 0.04463753674 -0.00467391106 0.05036267494 0.05697574595 0.00270953027 -0.01281311405 0.02140105404 0.14326581968 0.00016362624 0.00777366844 0.06289372110 0.04868753013 -0.00326726122 0.01898089349 -0.01446685195 0.09120981023 0.07328347810 -0.03235265422 0.03088054502 0.06597916037 
126
meanEC126 20 0.03288405884 -0.00147643159 0.03649061716 0.18036484817 0.00322552771 0.01271088970 0.19114780660 0.12477209505 0.03031472121 0.07900215602 0.11925627317 0.02045048341 -0.00648105396 0.00781140799 -0.05746613770 0.10700079064 0.05209640833 -0.01556276798 0.04903276167 0.08671469986 
127
meanEC127 20 0.42478835583 0.30889877677 0.11356191337 0.23145215213 0.25904929638 0.28791218996 0.85083317757 0.83927214146 0.07221385092 0.55486643314 0.12985575199 0.77132463455 0.44508194923 0.00046955119 0.97482705116 0.79874473810 0.54698181152 0.65094965696 0.12170473486 0.78748792410 
128
meanEC128 20 0.45985373855 0.23813420534 0.91407227516 0.27252027392 0.25049811602 0.57001972198 0.35256505013 0.18828026950 0.60312849283 0.31080853939 0.02786540799 0.68500179052 0.39083907008 0.52738094330 0.63708406687 0.38227787614 0.85356146097 0.19670338929 0.32437056303 0.41355738044 
129
meanEC129 20 0.60692258629 0.17124572466 0.10248603079 0.31456942852 0.10450567968 0.43003597718 0.32607762194 0.22588424878 0.08944169999 0.24391798859 0.18119978472 0.24175588230 0.24251473756 0.33998662531 0.30477975643 0.44547628576 0.29133224511 0.44345175146 0.24751278966 0.40563434362 
130
meanEC130 20 0.00506325302 -0.02071140015 -0.01303313064 0.00042449339 -0.00965238913 0.04502159367 0.14622387369 0.03089684202 0.10270794319 0.19669224761 0.22773478763 0.15177885928 0.06405568625 0.07652299771 -0.06019468160 0.05256113481 0.02268914485 -0.00043938588 0.18507818996 0.33166357875 
131
meanEC131 20 0.13792632995 0.13087124360 0.19228695020 0.15305065430 0.01421074296 0.08525193148 0.10505005566 0.20300614989 0.06160737928 0.18192617809 0.13184908866 0.27324785894 0.03267318945 0.03073314874 0.12274777634 0.26662680035 0.13578961906 -0.09051819759 -0.05187855490 0.17297488451 
132
meanEC132 20 0.11540056024 0.08766483900 -0.05280164056 0.05380996142 -0.02294024581 0.07030329100 0.05485492687 0.07609339555 0.00599922006 -0.07212776839 0.00006851090 0.20355033026 0.02424905279 0.03390076507 0.15042789171 0.13789986584 0.11005174190 -0.01461871257 0.02208223227 0.07653667778 
133
meanEC133 20 0.02691841935 -0.01754523542 0.03938896437 0.01409859560 0.00356506972 -0.01826172136 0.01252096378 0.03906182280 -0.02231369106 0.00759343915 0.06186746393 0.08904492714 0.01309638848 0.03002927415 -0.08730329334 0.09128070761 0.05715033406 -0.06081554861 0.05984865317 0.09334606677 
134
meanEC134 20 0.05695448827 0.01025109185 0.06846160022 0.00051805036 0.02246303254 -0.00231718416 0.03128686234 0.09470462747 -0.01032724802 -0.00817990545 0.04250959955 0.02788430068 0.01502598231 0.04140984092 0.06110895751 0.07222707512 0.07338808951 -0.04061452281 0.02267800471 0.04118543491 
135
meanEC135 20 0.14048039968 -0.06583217389 0.09700399058 -0.10339421899 0.01768748277 0.00051825955 -0.01074438288 0.07334495824 -0.05378538912 0.02749921735 0.19314516946 -0.01776536125 0.10150202634 0.06725323770 -0.08105341236 0.05090891400 0.05767893400 -0.10544280411 0.02364089312 0.09665149450 
136
meanEC136 20 0.41179406643 0.78833103180 0.25861752033 0.66105693579 0.56395113468 0.39858293533 0.26648402214 0.85431271791 0.87717133760 0.58063513041 0.59750801325 0.08970882744 0.30955237150 0.86662185192 0.36874115467 0.97403270006 0.79877954721 0.59543079138 0.20988552272 0.66122752428 
137
meanEC137 20 0.17811428010 0.27135729790 0.82168918848 0.16161933541 0.19425949454 0.35396683216 0.92506939173 0.68893605471 0.78577941656 0.04845327139 0.99202716351 0.92261832952 0.35278612375 0.68378555775 0.71075493097 0.01225873549 0.58691358566 0.68395024538 0.97191238403 0.02330528200 
138
meanEC138 20 0.82083809376 0.64806848764 0.65136206150 0.25253686309 0.52524644136 0.12212761492 0.40739390254 0.42794498801 0.49244159460 0.06973630935 0.56442970037 0.42876011133 0.30379432440 0.18206983805 0.25209400058 0.56552606821 0.83639419079 0.99977678061 0.96786594391 0.83392024040 
139
meanEC139 20 0.88982659578 0.39630439878 0.67639422417 0.72928702831 0.85645043850 0.35747322440 0.23414139450 0.77684891224 0.19747498631 0.10124816000 0.42649438977 0.52225834131 0.06330306828 0.00989650749 0.01441530231 0.92502439022 0.70366716385 0.37899807096 0.62022012472 0.56067490578 
140
meanEC140 20 0.19826942682 0.37207418680 0.59848690033 0.88613718748 0.68176001310 0.12077865005 0.24802161753 0.82675409317 0.41032868624 0.18758781254 0.11218702793 0.47418797016 0.99213278294 0.13000258803 0.01409241464 0.65853667259 0.51105612516 0.09621171653 0.62893950939 0.79428011179 
141
meanEC141 20 0.63008654118 0.05693470687 0.13784249127 0.86143463850 0.55607843399 0.91927558184 0.10519719869 0.05795000121 0.90818977356 0.15603594482 0.66097056866 0.11584429443 0.34059336782 0.09610368311 0.37408190966 0.38724896312 0.89691507816 0.58972615004 0.40157231688 0.59199631214 
142
meanEC142 20 0.71593755484 0.33490827680 0.81050980091 0.82360315323 0.68897455931 0.29696133733 0.75435316563 0.69514358044 0.39725482464 0.02802267671 0.97587221861 0.06239589676 0.14931890368 0.92901474237 0.59064108133 0.15651993454 0.01660304517 0.14389790595 0.81548911333 0.27548590302 
143
meanEC143 20 0.52013623714 0.46965846419 0.42132863402 0.10140995681 0.60161566734 0.80820304155 0.59658956528 0.27366179228 0.01625215635 0.84547942877 0.25519397855 0.08531290293 0.22965469956 0.16791576147 0.14185485244 0.86440700293 0.35337519646 0.06303919852 0.63883095980 0.42745617032 
144
meanEC144 20 0.28523613348 0.66864301856 0.45884776023 0.39598490801 0.20637465212 0.53538050247 0.39475898566 0.33092170925 0.59605308440 0.05969210212 0.12718214336 0.33575454587 0.12627967640 0.44006799742 0.23196569899 0.77912463010 0.23450423625 0.23543029774 0.37152958192 0.07290429622 
145
meanEC145 20 0.43785324693 0.61295372248 0.77162182331 0.27827593684 0.92305213213 0.91483902931 0.36965677142 0.47926321626 0.99679285288 0.40643820167 0.02825268172 0.48912391067 0.20656733215 0.71326524019 0.41191667318 0.03032284789 0.93064939976 0.33104929328 0.26794201136 0.05646395311 
146
meanEC146 20 0.65160423517 0.05961228907 0.09513396025 0.88837307692 0.20682531595 0.79021745920 0.47498211265 0.61179494858 0.68439590931 0.65910267830 0.58287727833 0.76168042421 0.19955053926 0.84369069338 0.26369512081 0.82687854767 0.44632562995 0.84268879890 0.77377969027 0.55916941166 
147
meanEC147 20 0.66260710476 0.17435856045 0.24078373454 0.15372826865 0.47803544576 0.15357571067 0.07471055871 0.45225323545 0.14469158021 0.43754547338 0.63422433576 0.15016474989 0.33137530438 0.45014412275 0.27196451120 0.41527433056 0.16428388333 0.37842214432 0.33384173243 0.35569196939 
148
meanEC148 20 0.03338011781 0.06401928459 0.07147023070 0.02537635233 -0.02854314710 0.13356828717 0.09836734764 0.02757569738 0.04172881995 0.17537002692 0.06533277613 0.04785266285 0.09638657243 0.08685676038 0.00232206783 0.07246185622 0.01505965719 -0.10749939708 0.10044390167 0.12950761616 
149
meanEC149 20 0.12987871409 0.16909116161 0.25654759408 0.41846539716 0.06786506259 0.23919230453 0.33662498294 0.17058909916 0.00223112185 0.22261659269 0.19448746004 0.30922558305 0.12335046853 0.07266230192 0.11026862916 0.22034854712 0.30660019317 -0.07719956233 0.12919591562 0.06112138182 
150
meanEC150 20 0.40686605292 0.24029953482 0.15057584846 0.05518381675 0.09659778201 0.29780648167 0.25117479836 0.25150159830 0.16613193445 0.22395747439 0.25632044354 0.29501382864 0.30616675966 0.31697889141 0.63803585437 0.38597013717 0.27833860427 0.35854159222 0.06390562121 0.26952460408 
151
meanEC151 20 0.10364967875 0.17029456895 0.03513628114 0.42465051593 0.03926455077 0.30541079535 0.30523081436 0.03789724223 0.11898362622 0.41549167358 0.23605048373 0.02101058352 0.28127945922 0.41682376394 0.03709762319 0.43432652467 -0.01500517008 0.11028474801 0.30689955958 0.32234159112 
152
meanEC152 20 0.04780897247 0.09339846663 0.32170437741 0.07438345024 0.00389883507 0.03067544126 0.05366941051 0.22128767423 0.15121064070 0.02391927192 -0.06600902298 0.16980863204 -0.05176840965 0.04057685362 0.00303941146 0.27158002925 0.17748234685 -0.14375148089 0.07405336008 0.06040465832 
153
meanEC153 20 0.16047411026 0.01527786289 0.04092721718 -0.03016659878 0.10694484872 -0.01269274056 0.12712420140 0.05352766616 0.03327461899 0.03483463572 0.12435319516 -0.04433520956 0.10295402333 0.02946473649 -0.05674808680 0.21294224762 0.07153152628 0.01315737876 -0.00289201130 0.07864227891 
154
meanEC154 20 0.51952534914 0.91360491514 0.77893733978 0.77606397867 0.13400106132 0.64500033855 0.47700572014 0.90720289946 0.45212757587 0.72699975967 0.25137025118 0.42580169439 0.44294309616 0.74553722143 0.64326751232 0.38969048858 0.44510477781 0.07600836456 0.12637440860 0.04632732645 
155
meanEC155 20 0.19931299984 0.60557770729 0.11288864911 0.35813304782 0.76464194059 0.68123793602 0.31143486500 0.22362937033 0.36547362804 0.12522326410 0.20961512625 0.11804170161 0.83367276192 0.15594023466 0.61774849892 0.08819139004 0.58426392078 0.61631947756 0.31122791767 0.35852938890 
156
meanEC156 20 0.17270800778 0.24423250913 0.23681011219 0.17051329136 0.11284735577 0.35530812870 0.24133525540 0.23985577753 0.29834967321 0.20760122041 0.37100737336 0.42506379038 0.38712678115 0.19437762320 0.46854594261 0.17969857181 0.04225892023 0.06551643699 0.39892774661 0.25395604968 
157
meanEC157 20 -0.00579744336 0.00430355568 0.01950569120 -0.03701611143 0.01522436501 0.01868916715 0.02749710055 0.00327971914 -0.05278497628 0.00367895868 0.08677603857 -0.02003455310 0.00218242538 0.01818539310 -0.06381033594 -0.01996428260 0.16674975894 -0.04476774593 0.05910402538 0.14353455603 
158
meanEC158 20 0.11535165891 -0.00438298654 0.05793201023 -0.01291175953 0.05746555397 -0.00503394379 0.01407254881 0.12033224459 -0.00272617064 0.03898399027 0.14097322468 -0.05382948133 0.02485044103 0.04870942093 0.00465750775 0.03282880144 0.08478238063 -0.10343289937 0.02327279140 0.07658948004 
159
meanEC159 20 0.15668814562 0.05479069522 0.10000989486 -0.00654816722 0.02800656011 0.02104844599 0.11297952660 -0.01012478865 0.09508548761 0.04773442540 0.10155862110 0.08759891274 -0.01801625347 0.04683303463 0.11224657012 0.12281549713 0.01639669924 -0.05304361243 0.03551468908 0.06299801916 
160
meanEC160 20 0.04515086552 -0.03999373048 0.00431625444 -0.03528258498 0.01826199353 0.12450371354 0.01785212202 0.09856590294 -0.02458411390 0.01481415596 0.11308216438 0.04074908104 0.04550081420 0.10343567754 -0.06449183894 0.02237107901 0.07241364255 -0.08178060704 0.07100119201 0.09140162915 
161
meanEC161 20 0.04253685422 0.01684105557 0.02453225505 -0.00632369890 -0.00418748212 -0.00909037006 0.00233535248 0.12586474213 0.00807501797 -0.02434630051 0.05264531142 0.03302169586 -0.00271236105 -0.00511869002 0.02704163072 0.05653529793 0.09713494198 -0.02160791055 0.01691194114 0.03898902983 
162
meanEC162 20 0.05938924437 0.03069489292 0.04920312178 0.00883746511 -0.01004303690 0.04087836592 0.02474211947 0.01086631854 0.04267094976 0.03562711001 0.12474981426 0.13108015389 -0.01011541195 0.00315159166 -0.06998295089 0.05450321151 0.09283178623 -0.11607346458 0.00684083177 0.06387407333 
163
meanEC163 20 0.01026695747 -0.04740813237 0.12538860108 -0.00918494288 0.11967441499 0.02212493963 0.06390562974 -0.00779273417 0.04085449130 0.10682524809 0.15320672252 0.05203483075 0.02988516503 0.10269789688 -0.07713016128 -0.08708306754 0.03599923037 -0.18139732871 0.02020499503 0.27212858200 
164
meanEC164 20 0.08101435339 0.10809210521 0.08710713204 -0.04056892396 -0.05577420836 -0.01125833588 -0.02026774180 0.07019408613 0.07056345716 0.00467020275 0.06586215866 0.02580381451 -0.03835912641 -0.03633296289 -0.09253482526 0.10769107787 0.10692258020 -0.08274879136 -0.01099089262 0.07789251208 
165
meanEC165 20 0.66183727980 0.07131001353 0.23651276529 0.79608911276 0.56178039312 0.98155933619 0.22556063533 0.18479560316 0.90951395035 0.66930717230 0.05186082795 0.29759761691 0.68292617798 0.43708264828 0.68674582243 0.53905189037 0.23730280995 0.02858478017 0.76452600956 0.27093034983 
166
meanEC166 20 0.17737914622 0.05784997344 0.25778228045 0.33602896333 0.85560882092 0.54365336895 0.32976037264 0.31324768066 0.50815957785 0.41088879108 0.39084956050 0.06918884814 0.80862760544 0.21880547702 0.05247713253 0.04445202649 0.01254405174 0.67558324337 0.58980154991 0.83751815557 
167
meanEC167 20 0.47757318616 0.90679717064 0.14530546963 0.09421057999 0.45349439979 0.11288617551 0.85343152285 0.83760017157 0.71752446890 0.20993968844 0.73272770643 0.88779395819 0.11285097897 0.58868592978 0.54886680841 0.30735278130 0.64381682873 0.60811972618 0.16404378414 0.78960466385 
168
meanEC168 20 0.73982781172 0.28316915035 0.86535453796 0.51309460402 0.05829695240 0.50756645203 0.41926023364 0.34539371729 0.33872523904 0.99385011196 0.95197564363 0.20147979259 0.33232304454 0.21908091009 0.15273478627 0.81788533926 0.37423622608 0.94762206078 0.51562154293 0.76870310307 
169
meanEC169 20 0.04932092875 0.02326326817 0.25126591325 0.36896932125 0.63677781820 0.95443493128 0.73795145750 0.41987702250 0.87453716993 0.41191729903 0.02312722802 0.14768655598 0.91703033447 0.66593503952 0.53959268332 0.38143950701 0.86309206486 0.40420922637 0.70586198568 0.85192042589 
170
meanEC170 20 0.31150189042 0.29866945744 0.69126594067 0.76352155209 0.67765951157 0.51001673937 0.41928318143 0.71663653851 0.86332309246 0.24315704405 0.81342130899 0.31550204754 0.16990095377 0.85364055634 0.53179645538 0.84540200233 0.60096764565 0.79938739538 0.15996898711 0.45644974709 
171
meanEC171 20 0.03801812977 0.87691444159 0.04952567443 0.96992605925 0.31277215481 0.95712989569 0.15755994618 0.34975853562 0.38481715322 0.28862351179 0.71224755049 0.00500819087 0.16979742050 0.59783339500 0.40576282144 0.47471144795 0.70625662804 0.54817748070 0.58162873983 0.94820433855 
172
meanEC172 20 0.91293269396 0.55534529686 0.87751233578 0.84570735693 0.11842685938 0.21136829257 0.01617579348 0.43860188127 0.57198309898 0.16613921523 0.77793335915 0.09055574238 0.95242083073 0.39619362354 0.46410638094 0.60002452135 0.66728401184 0.54128199816 0.31388601661 0.37041854858 
173
meanEC173 20 0.18596275151 0.15310467780 0.27565854788 0.08145964891 0.21982596815 0.24024197459 0.25615093112 0.73122090101 0.93347716331 0.12281328440 0.15554392338 0.59236425161 0.49063742161 0.96058815718 0.78851169348 0.69248861074 0.27762454748 0.70943987370 0.74853777885 0.55211639404 
174
meanEC174 20 0.99018633366 0.38742625713 0.48124817014 0.38448822498 0.41501623392 0.72310751677 0.37504348159 0.01631089300 0.23831392825 0.82078486681 0.57353436947 0.54348069429 0.06904035062 0.44649404287 0.10226263851 0.08974848688 0.22864609957 0.31279656291 0.00283958181 0.82733279467 
175
meanEC175 20 0.26551377773 0.91750591993 0.93895763159 0.37340751290 0.92924648523 0.63248020411 0.04997289181 0.76298314333 0.89398646355 0.21297895908 0.79584389925 0.05440896377 0.48481634259 0.49249491096 0.83691853285 0.76078939438 0.69219964743 0.68250751495 0.41458162665 0.91682654619 
176
meanEC176 20 0.02518582158 0.08657981455 0.08892062306 0.61412280798 0.74868923426 0.20445741713 0.04005854577 0.52741605043 0.66361671686 0.16406911612 0.24753011763 0.05868693441 0.32882326841 0.72453099489 0.96586847305 0.07849353552 0.20056477189 0.66344028711 0.37887597084 0.91663694382 
177
meanEC177 20 0.94368302822 0.98207682371 0.62101024389 0.93030041456 0.74674397707 0.70543462038 0.05854375660 0.04470116273 0.98017561436 0.22451061010 0.77014750242 0.25639650226 0.13677619398 0.22012601793 0.52420413494 0.52932530642 0.93908125162 0.10928507894 0.75237917900 0.72536659241 
178
meanEC178 20 0.99032354355 0.82021784782 0.86337500811 0.54268556833 0.23490834236 0.46724084020 0.05603374913 0.65984010696 0.23349326849 0.26647996902 0.47285252810 0.77840179205 0.78908330202 0.57265323400 0.42855250835 0.20569624007 0.19899174571 0.07535581291 0.14495028555 0.32673481107 
179
meanEC179 20 0.89299947023 0.03980039805 0.67031431198 0.99490195513 0.84581899643 0.85260581970 0.56785565615 0.49753338099 0.21138370037 0.18220661581 0.10356973857 0.70331168175 0.33935588598 0.66623699665 0.39289787412 0.63303756714 0.16765266657 0.15357026458 0.29496222734 0.03392570093 
180
meanEC180 20 0.08778485656 0.49812379479 0.39602130651 0.92465907335 0.95590907335 0.12176347524 0.99943548441 0.79564893246 0.47600182891 0.80280965567 0.78895908594 0.35549393296 0.22803756595 0.16470640898 0.84127855301 0.74678784609 0.44264507294 0.06137682870 0.98732155561 0.02160480432 
181
meanEC181 20 0.64501357079 0.51168531179 0.47825804353 0.18749092519 0.25331053138 0.90216749907 0.01253198087 0.12502488494 0.43969297409 0.34193089604 0.24786284566 0.88132780790 0.80647522211 0.92728930712 0.80555635691 0.67819166183 0.88973915577 0.95692080259 0.82552784681 0.97706645727 
182
meanEC182 20 0.68048340082 0.62087726593 0.14816109836 0.10349260271 0.78274375200 0.27693513036 0.88190484047 0.60552865267 0.31183168292 0.85704314709 0.28800305724 0.40597951412 0.49582728744 0.38734444976 0.08410978317 0.16803656518 0.75183862448 0.97806030512 0.81603407860 0.83661681414 
183
meanEC183 20 0.10894195735 0.50185978413 0.44415694475 0.26898062229 0.19536663592 0.54709297419 0.19440330565 0.77501010895 0.17176274955 0.80964922905 0.81273472309 0.04927767813 0.46020773053 0.27119308710 0.23307965696 0.65986561775 0.41547656059 0.17150083184 0.61494463682 0.15999555588 
184
meanEC184 20 0.12067983299 0.82790350914 0.89532095194 0.43868654966 0.31174030900 0.63754588366 0.28333309293 0.30108764768 0.37879309058 0.38542482257 0.93106907606 0.22327968478 0.79840254784 0.16384206712 0.33710670471 0.79573190212 0.98464739323 0.58981037140 0.79039573669 0.58904373646 
185
meanEC185 20 0.47763913870 0.56004685163 0.66628158092 0.79153048992 0.76034653187 0.89680826664 0.39522534609 0.07504022121 0.44283130765 0.05189519376 0.07644684613 0.26556655765 0.58047294617 0.98125958443 0.60800355673 0.35092288256 0.39993578196 0.89617806673 0.81317108870 0.63849753141 
186
meanEC186 20 0.61257362366 0.94057124853 0.97855591774 0.81036341190 0.39199343324 0.02242304012 0.13731049001 0.96531915665 0.98969668150 0.07105213404 0.88474631310 0.91113626957 0.02286503278 0.85341179371 0.50220865011 0.39673399925 0.37260288000 0.72992116213 0.42823055387 0.99196273088 
187
meanEC187 20 0.14315651357 0.97933930159 0.84760659933 0.22364634275 0.20307503641 0.25048625469 0.12443064153 0.01465222146 0.11776732653 0.83781456947 0.23692443967 0.75210070610 0.98837715387 0.68727177382 0.42610773444 0.06829429418 0.34163904190 0.58231180906 0.13173636794 0.77416348457 
188
meanEC188 20 0.71888929605 0.04114648700 0.39845350385 0.28637969494 0.66595226526 0.14609783888 0.75150680542 0.30017101765 0.57798439264 0.43771830201 0.72549647093 0.07509157062 0.01729248650 0.60814636946 0.97664868832 0.59569036961 0.18894405663 0.02823505364 0.76828998327 0.42539474368 
189
meanEC189 20 0.05598746499 -0.07160317936 0.14163782854 0.17723115259 -0.06931841656 0.12294549439 0.24735625306 0.01787085730 0.13322875969 0.03928439228 0.12105991868 0.03511462383 0.07957840526 0.09327080116 0.01096748169 0.10144304535 -0.01792713070 -0.05984878429 0.07305395709 0.05762379989 
190
meanEC190 20 0.58790624142 0.78914624453 0.10010967404 0.09546252340 0.58360952139 0.12096443772 0.64617294073 0.57858783007 0.72317487001 0.98650872707 0.38755926490 0.02556919679 0.18783833086 0.73703014851 0.43487530947 0.53218060732 0.74999517202 0.27204588056 0.67316746712 0.04691987857 
191
meanEC191 20 0.56231570244 0.22971776128 0.04170601443 0.27155607939 0.60260885954 0.76626592875 0.50198626518 0.85830652714 0.28954502940 0.96356374025 0.12784625590 0.05634766445 0.17476850748 0.72275280952 0.38265481591 0.17021618783 0.47030937672 0.01413091365 0.39536735415 0.60925400257 
192
meanEC192 20 0.65633350611 0.66814881563 0.82473564148 0.51481622458 0.96398329735 0.95050120354 0.03296995908 0.99747252464 0.68989139795 0.89819002151 0.81552696228 0.41634616256 0.18872246146 0.15118004382 0.58137470484 0.08492891490 0.91173464060 0.34906426072 0.61343163252 0.71120727062 
193
meanEC193 20 0.73350799084 0.51053953171 0.40054440498 0.21695527434 0.09616177529 0.34670493007 0.66726630926 0.98107630014 0.41007456183 0.20579028130 0.22167617083 0.15387149155 0.38887634873 0.70218169689 0.73325747252 0.23656922579 0.28674972057 0.43437641859 0.59369367361 0.62009447813 
194
meanEC194 20 0.41434952617 0.64589720964 0.10837794095 0.14058892429 0.19485254586 0.82227820158 0.14148856699 0.69901084900 0.90703475475 0.44959717989 0.65396213531 0.70140892267 0.12296169251 0.21290317178 0.04222784936 0.63350152969 0.20626835525 0.11022511125 0.56063556671 0.74873459339 
195
meanEC195 20 0.56451529264 0.17397211492 0.05720454082 0.78801220655 0.59963852167 0.06168532744 0.81239145994 0.68403929472 0.72398620844 0.65466672182 0.54102355242 0.55768239498 0.04250920937 0.68505495787 0.87509155273 0.47256559134 0.51099222898 0.72937303782 0.58642107248 0.47652110457 
196
meanEC196 20 0.55592024326 0.55636364222 0.90585666895 0.58231806755 0.55675268173 0.72379118204 0.39944368601 0.22077111900 0.12977744639 0.36137497425 0.86169928312 0.41998761892 0.70511746407 0.43109601736 0.71630829573 0.02255485393 0.24993334711 0.39260435104 0.02865032665 0.21693794429 
197
meanEC197 20 0.61669331789 0.76687824726 0.18151429296 0.10896385461 0.66207075119 0.66879862547 0.85161107779 0.49259388447 0.04387072101 0.49325993657 0.34569936991 0.40841093659 0.00019840825 0.14921458066 0.74522286654 0.43251034617 0.89718943834 0.27966785431 0.86978733540 0.33348837495 
198
meanEC198 20 0.21110515002 0.16186342821 0.25794173226 0.25817806065 -0.00257829765 0.12469453178 0.17869599166 0.14895781957 0.09402590462 -0.01633641234 0.01963638542 0.20633660396 0.05788981370 0.16758441002 0.10131188447 0.26151407198 0.08077573778 -0.06412390956 0.13328599737 0.13121579587 
199
meanEC199 20 0.10238400102 0.57168048620 0.14401303232 0.45580548048 0.84767705202 0.09979372472 0.82633757591 0.97630494833 0.62061750889 0.57496434450 0.31798672676 0.67474669218 0.10514537245 0.23788161576 0.84544950724 0.44559332728 0.79547923803 0.12227217108 0.04116063565 0.85004985332 
200
meanEC200 20 0.99656569958 0.60467594862 0.67222398520 0.18231903017 0.93225693703 0.93141680956 0.51257193089 0.04687514156 0.12302122265 0.59734940529 0.29246628284 0.64462900162 0.25997728109 0.44908979535 0.88329386711 0.66867566109 0.04036157578 0.00615493208 0.50044691563 0.09083032608 
201
meanEC201 20 0.11242680297 -0.05195762580 -0.01128375417 -0.01682467206 0.03692409044 0.23650390990 0.15478357326 0.08382581620 0.20824269389 -0.03107248141 0.21539001229 0.14132302632 0.12215624104 0.20137377732 0.05386146978 0.23991503954 -0.00006840044 0.03530801701 0.15795198769 0.21705707908 
202
meanEC202 20 0.03818744533 0.04290126137 0.03941310867 -0.00406939707 -0.00898566538 0.00027175991 0.02914360611 0.03236511510 0.00965450495 0.05780201715 0.08609625192 0.04457331621 0.00202708644 0.00634883900 -0.01472729024 0.06095877910 0.08991683482 -0.08453145588 0.03502564055 0.14370119572 
203
meanEC203 20 0.05468021482 0.07346022686 0.06455020351 0.07473765086 -0.02856970668 -0.00970907895 0.00373342597 0.04897541183 -0.03427025075 0.00250899271 0.12565589132 0.10379251798 -0.07250304431 -0.00047928047 0.04128648650 0.15856388377 0.18952240977 -0.08548544701 -0.02696871389 0.07131257653 
204
meanEC204 20 0.11488020592 0.10538737244 0.15858106732 0.10558133074 0.04458161332 0.13564995329 0.19347143599 0.02797803838 0.02507959904 0.02868592082 0.27911170573 -0.00186038004 0.07080676330 0.18017275384 0.39699278702 0.34431835889 0.23113364759 0.07978125247 0.19528383255 0.20525951684 
205
meanEC205 20 -0.10866320578 0.24862655964 0.06307777278 0.01870790505 0.09729333374 0.02402214104 -0.00061107780 -0.03864443927 0.04708732068 0.15237884357 0.18475025504 0.11489016137 0.17698964819 0.19350979452 -0.07496365405 0.00367021528 0.07493651991 0.00010560910 0.15221598932 0.21408562362 
206
meanEC206 20 0.04788206420 0.00932943480 0.05874451903 0.04728101474 -0.01187221340 0.01428354558 -0.01759013808 0.19010986629 0.00175942559 -0.00105348198 0.05209042529 -0.00271702132 -0.02214022551 -0.00411285109 -0.03841632640 0.11180153767 0.14329293616 -0.01947867118 0.00991946233 0.05990558863 
207
meanEC207 20 0.20773797551 0.02718989975 0.17943225533 0.09717221126 -0.10762479337 0.01512332427 0.19781099098 0.10910424871 0.17254598507 0.04858244173 0.06371503107 0.14149666451 0.00799171344 -0.03192624468 0.02969109457 0.25531170852 0.10879387822 0.02337782105 -0.02664128427 0.13780152798 
208
meanEC208 20 0.66850620508 0.81604999304 0.09177038819 0.05428260565 0.03571974486 0.99081230164 0.59739398956 0.71175736189 0.99217075109 0.79386085272 0.26999992132 0.83527511358 0.16272625327 0.28867408633 0.95516246557 0.61151146889 0.25797787309 0.65353345871 0.72564011812 0.05883708224 
209
meanEC209 20 0.65114271641 0.32159733772 0.34733611345 0.30236354470 0.85205650330 0.21426123381 0.31328040361 0.79187130928 0.34343111515 0.93329334259 0.51750701666 0.24637319148 0.95921385288 0.78530883789 0.20339800417 0.76391083002 0.93208986521 0.90715956688 0.92248553038 0.17930209637 
210
meanEC210 20 0.34550272698 0.39154667500 0.19847170261 0.16083307567 0.07543287553 0.31716021573 0.42687389969 0.08825952723 0.44124115637 0.32233373768 0.24751024096 0.14324667666 0.35761586301 0.78144351043 0.43329421193 0.29827900349 0.20136698344 0.76413116489 0.74441860979 0.18229785562 
211
meanEC211 20 0.17542532009 0.08851695626 -0.05269324941 0.01998594485 0.19192737712 0.09535497384 0.04180281396 0.03890755080 0.09644782418 0.00189140511 0.24102128611 0.01137382967 -0.01751816164 0.08573530001 -0.07578771358 0.22137500656 0.18467010956 0.01547588741 0.26519780274 0.22957213223 
212
meanEC212 20 0.24398056869 0.11402631637 0.31087629810 0.19168704656 0.22250210122 0.22344311206 0.16645209045 0.01682564541 -0.04524053587 0.10315082693 0.08278668100 0.45964848365 0.15293993357 0.15521911707 0.43340946019 0.22706058132 0.28304081477 -0.09901822966 -0.00431200498 0.17140182853 
213
meanEC213 20 0.22768001308 0.09164576522 0.02735982381 0.22016218279 0.01845531359 0.05424146499 0.18994575906 0.01251326294 0.00698316304 0.07605349689 0.03750195932 0.10614446073 0.02535211575 0.02219302839 0.25921822285 0.20604744005 -0.01285710449 -0.15736359552 0.04404672119 0.06115368009 
214
meanEC214 20 0.04027804623 0.02946050847 0.14247614481 -0.03016061681 -0.00516410621 -0.02859750581 0.01255651204 0.06114370009 0.06875217006 0.12306705954 0.13393235526 0.02225173452 0.00252978631 0.00462250891 -0.04893615106 0.20983717189 0.03858414848 -0.06187279827 0.12203449744 0.09261494875 
215
meanEC215 20 0.06709842718 -0.01747120826 0.05000955912 0.08901141943 0.00022740271 0.02084210287 0.02283564127 0.11398667216 -0.03278756754 -0.00967003540 0.13922080606 0.04146015755 0.00696595233 0.00070004346 0.05068124066 0.05246807769 0.08746897789 -0.04474236323 -0.03500960017 0.08252466470 
216
meanEC216 20 0.09741692820 0.00553929193 0.01131234391 0.04073087008 0.01549480600 0.00748219022 0.08872255211 0.00576031328 0.02610602523 0.00447320075 0.12740607175 0.07531296157 0.00345373386 0.02045953135 -0.03702067717 0.03246232210 0.04190078101 -0.04010858429 0.03415991011 0.09261983633 
217
meanEC217 20 0.07140562683 0.20502471924 0.53721475601 0.88541579247 0.67050510645 0.44523572922 0.74143278599 0.01052804384 0.08534653485 0.97761213779 0.47038877010 0.56272125244 0.63772886992 0.27356663346 0.12136721611 0.22498917580 0.94081223011 0.09179813415 0.83081710339 0.51193988323 
218
meanEC218 20 0.02905770764 0.49416095018 0.66439199448 0.42246943712 0.36646342278 0.59592419863 0.84544503689 0.32577326894 0.10645089298 0.50523030758 0.72612947226 0.78995901346 0.51262420416 0.00972818676 0.08492828906 0.49616512656 0.44231215119 0.00635577226 0.76084542274 0.97879892588 
219
meanEC219 20 0.11097273231 0.01285062358 0.35644671321 0.84671795368 0.65825480223 0.75400412083 0.86935144663 0.98126274347 0.88462519646 0.37740212679 0.21474748850 0.52376496792 0.55314165354 0.17271271348 0.08961933106 0.40159639716 0.38867235184 0.22642299533 0.11289430410 0.41545996070 
220
meanEC220 20 0.68716686964 0.36176365614 0.76080155373 0.74858498573 0.85459178686 0.82724332809 0.05782276020 0.39011573792 0.90310829878 0.37460637093 0.95490193367 0.05284651369 0.84660643339 0.27399128675 0.54903095961 0.70972579718 0.02993162163 0.49471706152 0.48208063841 0.99243015051 
221
meanEC221 20 0.26269340515 0.50575506687 0.65935045481 0.89265328646 0.22791254520 0.58729875088 0.95791792870 0.20355333388 0.75257825851 0.99743568897 0.33218157291 0.97789973021 0.75979292393 0.51195472479 0.69104212523 0.94739466906 0.97592943907 0.50853216648 0.91893631220 0.90942001343 
222
meanEC222 20 0.52151876688 0.25230079889 0.07074778527 0.26341617107 0.36421245337 0.46524700522 0.12857410312 0.86571884155 0.53022903204 0.26395705342 0.98456549644 0.14953801036 0.15640081465 0.02021929808 0.76217031479 0.61219799519 0.28795447946 0.00640449487 0.28176265955 0.93425285816 
223
meanEC223 20 0.68793690205 0.11747460067 0.64351415634 0.31980183721 0.68235206604 0.20192618668 0.36091971397 0.96546596289 0.27189192176 0.97474670410 0.94883710146 0.30558562279 0.27861592174 0.20204095542 0.77361339331 0.41172340512 0.19658780098 0.90062737465 0.63780820370 0.64493769407 
224
meanEC224 20 0.67502903938 0.47891175747 0.58904278278 0.68535280228 0.76412606239 0.67221271992 0.73211264610 0.41115659475 0.70848309994 0.46736553311 0.97954010963 0.94405007362 0.02171699703 0.92121410370 0.77002769709 0.25650548935 0.85321390629 0.86381173134 0.73864752054 0.85831093788 
225
meanEC225 20 0.16126472398 0.07629156796 0.08231206020 0.21037023859 0.02244919450 0.08014301842 0.23035672119 0.23628582641 0.11137255107 0.00928786657 0.01358880667 0.23981846207 0.02647610543 -0.04112827249 -0.01430032827 0.19922900716 -0.02836206928 -0.04987335866 0.00806100975 0.04048325867 
226
meanEC226 20 0.57275974751 0.65932619572 0.53786951303 0.60740232468 0.80932575464 0.63226473331 0.18266707659 0.11633963883 0.77798533440 0.58426564932 0.75452864170 0.51049751043 0.56693500280 0.10227230191 0.28427839279 0.42324236035 0.41453686357 0.28532058001 0.44084975123 0.63890689611 
227
meanEC227 20 0.98840218782 0.81668508053 0.34492245317 0.44220456481 0.15363964438 0.63094204664 0.67909580469 0.06678150594 0.50939601660 0.58568251133 0.90210694075 0.63796693087 0.36651441455 0.38886404037 0.43252533674 0.12880748510 0.29303702712 0.84982591867 0.34909597039 0.40134936571 
228
meanEC228 20 0.22816511729 0.21683488224 -0.03340911129 -0.07316303754 0.10740211705 -0.02272004799 0.03019688674 0.24824919411 0.15302630133 -0.03561434216 0.33621251108 -0.01284088551 -0.00924075586 0.18527148987 0.13068595519 0.13140169919 0.01143292109 0.07300473711 0.26208210042 0.09154064953 
229
meanEC229 20 0.05164149001 0.02669337389 0.01260123267 0.00924957233 -0.00375449439 0.00927752500 0.01433036799 0.04600926064 0.01016882406 0.05042481263 0.05316222127 0.04374673915 -0.00669608680 0.00911661297 -0.03161216474 0.02425141077 0.06239694881 -0.10577762133 0.06278385174 0.16338594258 
230
meanEC230 20 0.02479061969 0.01179153289 0.03287706201 0.04424822822 0.02640097753 -0.02070307250 -0.03423988848 0.09811044880 -0.00313266208 -0.00419533057 0.09934558332 0.07620526308 0.00054183052 -0.04782273088 -0.05797863215 0.09901643440 0.07714916048 -0.10310142358 -0.01409781537 0.13547784090 
231
meanEC231 20 0.12282084789 -0.00400444058 0.05641355642 -0.03779739629 0.05528903736 0.01499072128 0.09576162725 0.01290691817 0.12595173877 0.02390171332 0.09271282254 0.05053270852 0.02912788880 0.07635646271 0.25029518167 0.28466442921 0.29370634079 -0.00865637356 -0.03161174711 0.13357469440 
232
meanEC232 20 0.24289636271 0.08600769854 -0.11732458466 -0.13168773062 0.01698277909 0.10356954134 0.11992136162 0.10077276172 -0.10812321231 0.07767758434 0.19994277003 0.19589526630 0.04226476945 0.25351579470 0.00393048131 -0.00907897133 -0.04465036777 -0.04394873427 0.13937391425 0.22365616262 
233
meanEC233 20 0.03225298344 0.02848251183 0.04207908611 0.05145913731 -0.03520555828 0.01004718698 0.04984298822 0.07478070139 -0.01855765770 -0.00065551669 0.05111595970 0.09314755419 0.01452580357 -0.01428366491 0.07482578391 0.09705105787 0.11507440855 -0.04470109461 -0.01614070531 0.07207147032 
234
meanEC234 20 0.10447269117 -0.01227199349 0.02832991823 0.01942264544 -0.00086493563 0.00762020100 0.10296721677 0.06139068136 0.02368001142 0.04488581011 0.08293674122 0.05591796076 0.01228091740 0.02252955920 -0.04467201596 0.15571009255 0.07906500400 -0.03429967600 0.02560082305 0.07177386433 
235
meanEC235 20 0.83437979221 0.34791499376 0.12553930283 0.32842466235 0.57237988710 0.92891860008 0.60366719961 0.76063847542 0.63763993979 0.13144740462 0.12332055718 0.30420154333 0.65074306726 0.36614385247 0.35662901402 0.32596325874 0.78686797619 0.08125936240 0.20500577986 0.31416246295 
236
meanEC236 20 0.59896296263 0.43842604756 0.17996330559 0.33237785101 0.41898405552 0.10262540728 0.62029677629 0.41814175248 0.15510343015 0.74012863636 0.52449548244 0.96132820845 0.67792975903 0.62073266506 0.57305967808 0.94038897753 0.33187481761 0.77704262733 0.52853661776 0.83446556330 
237
meanEC237 20 0.01030669809 0.16447305849 -0.02433250778 -0.04162778181 -0.05915336923 -0.01638873537 -0.08663076231 -0.03779110266 -0.00579114793 0.40041218598 0.28178080578 0.07294162690 0.10753293304 0.21724506013 0.10305623672 -0.00347534979 0.07445242698 -0.08323149851 0.22422702588 0.41976580024 
238
meanEC238 20 0.06180463711 0.01898066346 0.00615101544 0.00584270176 0.03197190406 0.02021161225 0.03253417168 0.04797306715 0.00216016181 0.04862719828 0.05362918412 0.07110568334 -0.00558454485 0.01766843281 -0.04587407524 0.03638774763 0.11464469459 -0.06531773443 0.04089217957 0.20319597423 
239
meanEC239 20 0.08559563526 -0.02028038410 0.09218484663 0.02723575387 0.08146349526 -0.01000928419 0.00591766527 0.07669952140 0.01823992135 0.07167074593 0.04128946668 0.03960826744 -0.01834046838 0.03159386312 -0.00625765398 0.00006771311 0.08495591599 -0.05921419263 -0.01425716441 0.12199451029 
240
meanEC240 20 0.10432334486 0.01175587336 -0.01383166680 0.01126944521 -0.00988229457 0.02122160618 0.08798090359 0.04056847625 0.00104770087 0.04892623162 0.08455772859 0.09530442857 0.02867465703 0.00343024105 0.05170893997 0.08179132163 0.06202801827 -0.07503865302 -0.00730729472 0.05563364178 
241
meanEC241 20 0.03967900598 0.02829801715 0.00210763856 -0.02007344630 0.01330511714 -0.00207091467 0.01704975427 0.04425529173 -0.00765183072 0.03107143069 0.07822178358 0.07476975710 -0.01131161719 0.05596050557 -0.06551459569 0.02482921578 0.08466448479 -0.06132367850 0.06173416158 0.13408294320 
242
meanEC242 20 0.03623407337 0.00757128045 0.02680199587 0.01452559037 -0.00819916331 -0.00651956809 0.01177872078 0.07070047831 -0.00446184055 0.00344358781 0.05452707760 0.02780236661 0.00881618844 0.00075188644 0.02668888567 0.06457346300 0.07957961831 -0.05200575521 -0.00738593194 0.04856637865 
