
243
0
covarEC0 20 0.08803603925 0.06950990665 0.06725967062 0.06903584201 0.07196280422 0.06404563099 0.08572996412 0.06615964736 0.08381647720 0.05479666070 0.07159352437 0.09765426063 0.09144955667 0.07154277154 0.04800609573 0.07486870984 0.08431872533 0.06905509932 0.10442752556 0.11918525044 
1
covarEC1 20 0.07057120646 0.04249840510 0.04924993904 0.03763589946 0.09198311414 0.04462948377 0.04342879232 0.05188604884 0.06939346862 0.09303596222 0.10097809768 0.04091991496 0.10787972400 0.12169664621 0.03755451134 0.06614448019 0.08116595456 0.07783496433 0.13443921818 0.12881812583 
2
covarEC2 20 0.08156872278 0.07002187116 0.08223591658 0.08001043543 0.07566890143 0.06590894261 0.08308049217 0.11663213543 0.09521747642 0.04888366877 0.06591290457 0.10426736545 0.08421798654 0.06679145540 0.05575172055 0.07959499424 0.08610262194 0.06145148163 0.10228515878 0.09270768277 
3
covarEC3 20 0.04542293152 0.09382550276 0.06577276586 0.08244925789 9.77500060017 0.02773925918 0.02510166208 0.14803869898 9.77500048017 0.02502408343 0.02502687781 0.02502534582 0.02952155149 9.77500018363 0.15188379519 0.09416220220 0.06840207452 9.77505530907 9.77500001817 0.05762626277 
4
covarEC4 20 0.07677625566 0.09140521242 0.06726395617 0.07773444042 0.07630524281 0.06690526804 0.08606267734 0.06723160886 0.09463141732 0.06520175697 0.08027675472 0.10612654184 0.08533278571 0.08407147874 0.04665009389 0.07079830365 0.10214371269 0.06368496308 0.10154217463 0.13182755765 
5
covarEC5 20 0.06735189934 0.08820647578 0.08169918184 0.10758217692 0.05903650579 0.09718185278 0.08031843939 0.08150451912 0.08286965902 0.07586515018 0.07189163030 0.10858150655 0.08472078917 0.04595826715 0.06095610224 0.08972281608 0.09344798628 0.03808286132 0.06344638433 0.11684950404 
6
covarEC6 20 0.08067379564 0.07867760974 0.05514484335 0.06702793942 0.04949906178 0.06053311040 0.09308711698 0.08594579680 0.07146632888 0.05307593024 0.05916964145 0.11397270138 0.07106191563 0.06444945607 0.17283769348 0.07486923256 0.06836592847 0.06152730196 0.08630749653 0.09252940193 
7
covarEC7 20 0.06707119121 0.07089849715 0.05800185799 0.06302482268 0.06344650495 0.06453574016 0.08411215335 0.07814516652 0.08735226470 0.06576111349 0.06920200345 0.09768323932 0.07575645540 0.08192316268 0.07396954902 0.07207619290 0.11157647348 0.07187273061 0.10420915656 0.14238430150 
8
covarEC8 20 0.07429405756 0.06836029928 0.07897389219 0.08771629679 0.06450434558 0.06671929380 0.08979095902 0.12587570161 0.09359257456 0.04778797216 0.05855495590 0.11566107654 0.07247569918 0.05981214098 0.12461668340 0.07910463841 0.09460098256 0.05724976255 0.08700665019 0.09549558200 
9
covarEC9 20 0.14488077579 0.06036219459 0.09303491188 0.13650046633 9.77500104356 0.02939649362 0.09717182775 0.10143108781 9.77500150843 0.09093052934 0.05978998322 0.03049872894 0.02950394388 0.14093424809 0.04704297171 0.04507039506 0.04929740405 0.07043401423 0.10800677598 0.09941358361 
10
covarEC10 20 9.77500000000 9.77500000000 9.77500000000 9.77500000000 9.77500000000 9.77500000000 9.77500000000 9.77500000000 9.77500000000 9.77500000000 9.77500000000 9.77500000000 9.77500000000 9.77500000000 9.77500000000 9.77500000000 9.77500000000 9.77500000000 9.77500000000 9.77500000000 
11
covarEC11 20 9.77500000000 9.77500000000 9.77500000000 9.77500000000 9.77500000000 9.77500000000 9.77500000000 9.77500000000 9.77500000000 9.77500000000 9.77500000000 9.77500000000 9.77500000000 9.77500000000 9.77500000000 9.77500000000 9.77500000000 9.77500000000 9.77500000000 9.77500000000 
12
covarEC12 20 9.77500000000 9.77500000000 9.77500042329 9.77500000000 9.77500000000 9.77500000000 9.77500000000 9.77500000000 9.77500000806 9.77500000000 9.77500000000 9.77500000000 9.77500000000 9.77500000000 9.77500000000 9.77500000000 9.77500000000 9.77522656885 9.77500000000 9.77500000000 
13
covarEC13 20 0.06889624121 0.07258683692 0.05196202365 0.05577308596 0.07036929784 0.05494374282 0.07566204504 0.07186190146 0.08303876027 0.08092052869 0.08926000622 0.08979949877 0.08476177267 0.09726084337 0.09714025968 0.07550688122 0.07909200669 0.07413385348 0.10438656243 0.14757055826 
14
covarEC14 20 0.06869380260 0.09308396910 0.10023135923 0.09535792626 0.02726805721 0.08397734863 0.08891657050 0.14749212527 0.07821722891 0.06815771567 0.07424497173 0.10777688772 0.04451818194 0.06952688655 0.13691799978 0.07359058628 0.05029253840 0.05268227706 0.06753691061 0.08511263328 
15
covarEC15 20 0.02563481322 0.17516581102 0.03266313549 0.10120528317 9.77500064314 0.09417917058 0.11771647502 0.10342096993 0.02825858154 9.87560465856 9.77500005532 0.08536610780 0.02503852597 9.77500008370 0.11907124127 0.12942141310 0.02738678631 0.10260136529 0.02502925806 9.77500000000 
16
covarEC16 20 0.02503152843 0.16191044889 0.03485694436 0.06041309334 0.02602466937 0.08321059781 0.04897690795 0.07609733594 0.05771525157 0.13814259705 0.12439577558 0.13418373741 0.05504624125 0.06534939171 9.77500149679 0.10625866964 0.10895422832 9.77504632649 9.77500008414 0.16463382654 
17
covarEC17 20 0.05490534340 0.08697737141 0.07001751234 0.10209607768 0.03586985828 0.07174792736 0.09121579092 0.06779434012 0.07707236203 0.06534579962 0.07847769879 0.09850263129 0.06689702407 0.06767217209 0.15486460089 0.08802241456 0.08480808990 0.03854208522 0.06745555144 0.07133730343 
18
covarEC18 20 0.07876165477 0.07550826052 0.06333202419 0.08963801262 0.04995849340 0.06906020731 0.10714830744 0.07976346015 0.09111346568 0.04591029243 0.05527573490 0.10015934714 0.05752552297 0.06370387160 0.09334257732 0.07694426943 0.07026225362 0.06488047120 0.09062238690 0.09017874915 
19
covarEC19 20 9.77500000000 9.77500000000 9.77500000000 9.77500000000 9.77500000000 9.77500000000 9.77500000000 9.77500000000 9.77500000000 9.77500000000 9.77500000000 9.77500000000 9.77500000000 9.77500000000 9.77500000000 9.77500000000 9.77500000000 9.77500000000 9.77500000000 9.77500000000 
20
covarEC20 20 9.77500000000 9.77500000000 9.77500000000 9.77500000000 9.77500000000 9.77500000000 9.77500000000 9.77500000000 9.77500000000 9.77500000000 9.77500000000 9.77500000000 9.77500000000 9.77500000000 9.77500000000 9.77500000000 9.77500000000 9.77500000000 9.77500000000 9.77500000000 
21
covarEC21 20 0.11704568078 9.77500774853 0.07213532334 9.77500132960 0.06840812907 0.02727479683 0.02511568326 0.02502305248 9.77500229866 0.14247057767 0.10820187461 0.04617887225 0.12186454798 0.12866446279 0.08615494975 0.08745646492 0.05769386326 0.08806184214 0.05179872730 0.16593605690 
22
covarEC22 20 0.06281981439 0.06834630541 0.06052870283 0.06753923549 0.07427777605 0.06202380474 0.07910312100 0.05308104141 0.07443894603 0.06730958170 0.08492588222 0.09344464700 0.07859413482 0.08960409900 0.07721239191 0.07571983315 0.10512395647 0.06313234213 0.12394501346 0.14491247237 
23
covarEC23 20 0.07839327330 0.09207757401 0.09311190564 0.11129594418 0.06781386322 0.07616541629 0.08807864977 0.07238834884 0.07408372624 0.06097677311 0.09660728198 0.10689172575 0.09456914538 0.06701433207 0.11719704769 0.08310917587 0.08750207457 0.03858767642 0.10123661625 0.09151510727 
24
covarEC24 20 0.07960928175 0.06551023695 0.06043804165 0.07886004583 0.04382028663 0.06310616662 0.10448452865 0.08401574260 0.07190319431 0.05091753381 0.06629210668 0.10090394491 0.07395500056 0.07007441375 0.15484536870 0.07021583019 0.07483436042 0.06708227156 0.08258542633 0.10318710525 
25
covarEC25 20 0.07509920069 0.07077342671 0.05603924998 0.06423460486 0.07874011375 0.06401154195 0.08385592092 0.08402711233 0.09711091455 0.06239900127 0.07433304366 0.11352369606 0.07956255898 0.07694433003 0.07565798693 0.07332836597 0.10866930285 0.06470601345 0.11224087808 0.13827335965 
26
covarEC26 20 0.07258323777 0.06927011593 0.07599360231 0.08908365603 0.06998161014 0.06335951186 0.09195866042 0.10992187219 0.09240027050 0.05121643042 0.06276145273 0.11049756632 0.07511073511 0.06568881584 0.11928905338 0.07597991479 0.09454359700 0.06312525092 0.09953202853 0.10965465661 
27
covarEC27 20 0.10590311050 0.16162182947 0.07460813008 0.03068441803 0.03078662891 0.12277920593 0.08418699777 0.11287064128 0.02671825671 9.77500023936 0.03035658644 0.08478283647 0.06992753582 9.77500031206 0.02502038190 0.04200954911 0.09682115729 9.77500029553 0.10725440047 0.09987917542 
28
covarEC28 20 9.77500000000 9.77500000000 9.77500000000 9.77500000000 9.77500000000 9.77500000000 9.77500000000 9.77500000000 9.77500000000 9.77500000000 9.77500000000 9.77500000000 9.77500000000 9.77500000000 9.77500000000 9.77500000000 9.77500000000 9.77500000000 9.77500000000 9.77500000000 
29
covarEC29 20 9.77500000000 9.77500000000 9.77500000000 9.77500000000 9.77500000000 9.77500000000 9.77500000000 9.77500000000 9.77500000000 9.77500000000 9.77500000000 9.77500000000 9.77500000000 9.77500000000 9.77500000000 9.77500000000 9.77500000000 9.77500000000 9.77500000000 9.77500000000 
30
covarEC30 20 9.77500000000 9.77500000000 9.77500000000 9.77500000000 9.77500000000 9.77500000000 9.77500000000 9.77500000000 9.77500000000 9.77500000000 9.77500000000 9.77500000000 9.77500000000 9.77500000000 9.77500000000 9.77500000000 9.77500000000 9.77500000000 9.77500000000 9.77500000000 
31
covarEC31 20 9.77500000000 9.77500000000 9.77500000000 9.77500000000 9.77500000000 9.77500000000 9.77500000000 9.77500000000 9.77500000000 9.77500000000 9.77500000000 9.77500000000 9.77500000000 9.77500000000 9.77500000000 9.77500000000 9.77500000000 9.77500000000 9.77500000000 9.77500000000 
32
covarEC32 20 9.77500000000 9.77500000000 9.77500000000 9.77500000000 9.77500000000 9.77500000000 9.77500000000 9.77500000000 9.77500000000 9.77500000000 9.77500000000 9.77500000000 9.77500000000 9.77500000000 9.77500000000 9.77500000000 9.77500000000 9.77500000000 9.77500000000 9.77500000000 
33
covarEC33 20 9.77500000000 9.77500000000 9.77500000000 9.77500000000 9.77500000000 9.77500000000 9.77500000000 9.77500000000 9.77500000000 9.77500000000 9.77500000000 9.77500000000 9.77500000000 9.77500000000 9.77500000000 9.77500000000 9.77500000000 9.77500000000 9.77500000000 9.77500000000 
34
covarEC34 20 9.77500000000 9.77500000000 9.77500000000 9.77500000000 9.77500000000 9.77500000000 9.77500000000 9.77500000000 9.77500000000 9.77500000000 9.77500000000 9.77500000000 9.77500000000 9.77500000000 9.77500000000 9.77500000000 9.77500000000 9.77500000000 9.77500000000 9.77500000000 
35
covarEC35 20 9.77500000000 9.77500000000 9.77500000000 9.77500000000 9.77500000000 9.77500000000 9.77500000000 9.77500000000 9.77500000000 9.77500000000 9.77500000000 9.77500000000 9.77500000000 9.77500000000 9.77500000000 9.77500000000 9.77500000000 9.77500000000 9.77500000000 9.77500000000 
36
covarEC36 20 9.77500000000 9.77500000000 9.77500002197 9.77500000000 9.77500000000 9.77500000000 9.77500000000 9.77500000000 9.77500000000 9.77500000000 9.77500000000 9.77500000000 9.77500314845 9.77500000000 9.77500000000 9.77500000000 9.77500000000 9.77500000000 9.77500000000 9.77500000000 
37
covarEC37 20 9.77500000000 9.77500000000 9.77500000000 9.77500000000 9.77500000000 9.77500000000 9.77500000000 9.77500000000 9.77500000000 9.77500000000 9.77500000000 9.77500000000 9.77500000000 9.77500000000 9.77500000000 9.77500000000 9.77500000000 9.77500000000 9.77500000000 9.77500000000 
38
covarEC38 20 9.77500000000 9.77500000000 9.77500000000 9.77500000000 9.77500000000 9.77500000000 9.77500000000 9.77500000000 9.77500000000 9.77500000000 9.77500000000 9.77500000000 9.77500000000 9.77500000000 9.77500000000 9.77500000000 9.77500000000 9.77500000000 9.77500000000 9.77500000000 
39
covarEC39 20 9.77500000000 9.77500008866 9.77500299493 9.77500000162 9.77500004963 0.02554481318 9.77500008367 9.77500281331 9.77500009839 0.02518984304 9.77500007107 9.77500007442 0.05713200998 0.03492950112 9.77500001234 9.77500002126 9.77500003253 9.77500001198 0.02520054755 0.03505828283 
40
covarEC40 20 0.08026322079 0.06737482766 0.06160858666 0.06466481424 0.05942313653 0.05821929089 0.07548338912 0.06455746496 0.07160082996 0.08645580506 0.07734084950 0.08599220602 0.07642640818 0.08543644126 0.05137726428 0.07692913726 0.08405540437 0.06667524015 0.11182205665 0.15682634302 
41
covarEC41 20 0.05869920760 0.02662505754 0.08816483941 0.09425003943 0.04485345114 0.03411328998 0.09164024933 0.10292220672 0.05525591480 0.12563299187 0.11379367796 0.04829050630 0.09590517466 0.07713416541 0.08374304304 0.10545256239 0.12369063679 0.05838188517 0.09060752971 0.14403548054 
42
covarEC42 20 9.77500000000 9.77500000000 9.77500000000 9.77500000000 9.77500000000 9.77500000000 9.77500000000 9.77500000000 9.77500000000 9.77500000000 9.77500000000 9.77500000000 9.77500000000 9.77500000000 9.77500018511 9.77500000000 9.77500000000 9.77500000000 9.77500010833 9.77500000000 
43
covarEC43 20 9.77500000000 9.77500000000 9.77500000000 9.77500000000 9.77500000000 9.77500000000 9.77500000000 9.77500000000 9.77500000000 9.77500000000 9.77500000000 9.77500010983 9.77500006769 9.77500000000 9.77500000000 9.77500000000 9.77500000000 9.77500000000 9.77500000000 9.77500000000 
44
covarEC44 20 0.05810480027 0.09401862809 0.08250084139 0.10910493887 0.06941162637 0.08567747966 0.09368858909 0.14440473221 0.09131757597 0.04854233318 0.06514786395 0.10226563805 0.04964447332 0.04602848484 0.13636931231 0.06552019547 0.06603910301 0.04430673944 0.06615965480 0.05800854014 
45
covarEC45 20 0.02847813597 0.14050229574 0.02907280173 0.05227078356 9.77500186858 0.11298705119 0.13412122954 0.02505835271 0.02958702074 0.03638612338 0.03367437261 0.14103485798 0.13197008308 0.02512540239 0.15120643845 0.06545293600 0.14212578405 0.14082595539 0.02505213457 0.02578424541 
46
covarEC46 20 9.77500000000 9.77500000000 9.77500000000 9.77500000000 9.77500000000 9.77500000000 9.77500000000 9.77500000000 9.77500000000 9.77500000000 9.77500000000 9.77500000000 9.77500000000 9.77500000000 9.77500000000 9.77500000000 9.77500000000 9.77500000000 9.77500000000 9.77500000000 
47
covarEC47 20 9.77500000000 9.77500000000 9.77500000000 9.77500000000 9.77500000000 9.77500000000 9.77500000000 9.77500000000 9.77500000000 9.77500000000 9.77500000000 9.77500000000 9.77500000000 9.77500000000 9.77500000000 9.77500000000 9.77500000000 9.77500000000 9.77500000000 9.77500000000 
48
covarEC48 20 9.77500000000 9.77500000000 9.77500000000 9.77500000000 9.77500000000 9.77500000000 9.77500000000 9.77500000000 9.77500000000 9.77500000000 9.77500000000 9.77500000000 9.77500000000 9.77500000000 9.77500000000 9.77500000000 9.77500000000 9.77500000000 9.77500000000 9.77500000000 
49
covarEC49 20 0.02579409258 0.10969036023 0.04682556615 9.77500686582 0.15911338751 0.03706722088 0.02760349316 0.10808932828 0.09112793765 0.17441044997 0.11835170571 0.07578593000 0.12660808747 0.03103025850 9.77500009022 0.07604735971 0.10284070962 9.77500007496 9.77500038006 0.09356109463 
50
covarEC50 20 0.02501729369 0.07118024716 0.12210237669 0.16721432010 9.77507996881 0.08015554920 0.15441198617 0.02504601903 0.07976689152 0.16809920172 0.04048634903 0.03357599314 0.13149494991 0.09001664239 0.12062062836 0.08069552028 0.06682254356 9.77500000148 9.77500056476 0.15816447363 
51
covarEC51 20 0.06193885652 0.11944442993 0.03033596901 0.02725750498 9.77528160162 0.02910847877 0.02917361191 0.03460776566 0.14832346534 9.77500016916 0.02514428031 0.09212088444 0.02507083657 9.77509129912 9.77500013406 0.06731362663 0.02962034107 9.77500000001 9.77500000000 0.02513851794 
52
covarEC52 20 0.06529749043 0.02503946433 0.04304608691 0.02642672501 9.77500358221 0.09763965884 0.02976707832 0.20453124487 0.10119779595 0.11762226962 0.07110078823 0.02895597714 0.04526066982 0.19064188889 9.77500021777 0.02637017831 0.04298836354 0.07845450609 0.08626876215 0.09820617437 
53
covarEC53 20 0.05951834138 0.07720065049 0.08355189053 0.13135778381 0.02693201907 0.07980409806 0.09172298762 0.12234923382 0.06002410521 0.05875075491 0.06690426511 0.07433352997 0.04379275070 0.05100585006 0.10649252444 0.08074583392 0.08994173237 0.03326219432 0.06818241683 0.06377559714 
54
covarEC54 20 0.08425851215 0.07021306123 0.06177103353 0.06190771946 0.05905447380 0.06139942156 0.08288084152 0.08101181603 0.07840800516 0.05798297705 0.07965925794 0.09205536597 0.08192429331 0.08378268121 0.06847158073 0.06782810958 0.08584923044 0.07713499518 0.10788507323 0.11648633908 
55
covarEC55 20 9.77500000000 9.77500000000 9.77500000000 9.77500000000 9.77500000000 9.77500000000 9.77500000000 9.77500000000 9.77500000000 9.77500000000 9.77500000000 9.77500000000 9.77500000000 9.77500000000 9.77500000000 9.77500000000 9.77500000000 9.77500000000 9.77500000000 9.77500000000 
56
covarEC56 20 9.77500000000 9.77500000000 9.77500000000 9.77500000000 9.77500000000 9.77500000000 9.77500000000 9.77500000000 9.77500000000 9.77500000000 9.77500000000 9.77500000000 9.77500000000 9.77500000000 9.77500000000 9.77500000000 9.77500000000 9.77500000000 9.77500000000 9.77500000000 
57
covarEC57 20 9.77500000000 9.77500000000 9.77500000000 9.77500000000 9.77500000000 9.77500000000 9.77500000000 9.77500000000 9.77500000000 9.77500000000 9.77500000000 9.77500000000 9.77500000000 9.77500000000 9.77500000000 9.77500000000 9.77500000000 9.77500000000 9.77500000000 9.77500000000 
58
covarEC58 20 9.77500000000 9.77500000000 9.77500000000 9.77500000000 9.77500000000 9.77500000000 9.77500000000 9.77500000000 9.77500000000 9.77500000000 9.77500000000 9.77500000000 9.77500000000 9.77500000000 9.77500000000 9.77500000000 9.77500000000 9.77500000000 9.77500000000 9.77500000000 
59
covarEC59 20 9.77500000000 9.77500000000 9.77500000000 9.77500000000 9.77500000000 9.77500000000 9.77500000000 9.77500000000 9.77500000000 9.77500000000 9.77500000000 9.77500000000 9.77500000000 9.77500000000 9.77500000000 9.77500000000 9.77500000000 9.77500000000 9.77500000000 9.77500000000 
60
covarEC60 20 9.77500000000 9.77500000000 9.77500000000 9.77500000000 9.77500000000 9.77500000000 9.77500000000 9.77500000000 9.77500000000 9.77500000000 9.77500000000 9.77500000000 9.77500000000 9.77500000000 9.77500000000 9.77500000000 9.77500000000 9.77500000000 9.77500000000 9.77500000000 
61
covarEC61 20 9.77500000000 9.77500000000 9.77500000000 9.77500000000 9.77500000000 9.77500000000 9.77500000000 9.77500000000 9.77500000000 9.77500000000 9.77500000000 9.77500000000 9.77500000000 9.77500000000 9.77500000000 9.77500000000 9.77500000000 9.77500000000 9.77500000000 9.77500000000 
62
covarEC62 20 9.77500000000 9.77500000000 9.77500000000 9.77500000000 9.77500000000 9.77500000000 9.77500000000 9.77500000000 9.77500000000 9.77500000000 9.77500000000 9.77500000000 9.77500000000 9.77500000000 9.77500000000 9.77500000000 9.77500000000 9.77500000000 9.77500000000 9.77500000000 
63
covarEC63 20 0.04512240128 0.12132266703 0.08983188238 0.16940727578 0.02624005371 0.08781819964 0.11842993598 0.12582173811 0.02505512872 0.07553718491 0.11483416736 0.07746649420 9.77500049424 0.02663136515 9.77500386407 0.14059133397 0.05763720078 9.77500000353 9.77505122062 0.02631624629 
64
covarEC64 20 9.77500000000 9.77500000000 9.77500000000 9.77500000000 9.77500000000 9.77500000000 9.77500000000 9.77500000000 9.77500000000 9.77500000000 9.77500000000 9.77500000000 9.77500000000 9.77500000000 9.77500000000 9.77500000000 9.77500000000 9.77500000000 9.77500000000 9.77500000000 
65
covarEC65 20 9.77500000000 9.77500000000 9.77500000000 9.77500000000 9.77500000000 9.77500000000 9.77500000000 9.77500000000 9.77500000000 9.77500000000 9.77500000000 9.77500000000 9.77500000000 9.77500000000 9.77500000000 9.77500000000 9.77500000000 9.77500000000 9.77500000000 9.77500000000 
66
covarEC66 20 0.02505693194 0.15434390280 0.04855864127 0.02561243957 9.77500038003 0.10525614646 0.10588286442 9.77500178040 0.02538791767 0.11102405921 0.16497675507 0.20284004988 0.06945998669 0.07979348445 9.77500032311 0.04149528030 0.11423418845 9.77500000000 0.03182646040 0.06402277276 
67
covarEC67 20 0.06747016395 0.05907152065 0.04971805129 0.06074639409 0.07086886971 0.05367979262 0.06880165743 0.05409175878 0.08812877177 0.07625427774 0.08096700385 0.07996482955 0.09190538828 0.09084887555 0.06010453486 0.08418222672 0.09659884530 0.07263781289 0.12555906411 0.15082594529 
68
covarEC68 20 0.07715102519 0.05484103217 0.07678613264 0.09410536759 0.06662321624 0.06939865504 0.07657942888 0.09174273967 0.05869385389 0.08739964720 0.09841024764 0.05825610322 0.08256497369 0.08946901666 0.08944040596 0.08434621593 0.10691042358 0.04271163301 0.09868517642 0.11214181315 
69
covarEC69 20 0.06457320683 0.05158632316 0.06163034152 0.09522179708 9.77500165787 0.07373719741 0.15129241803 0.03578399693 0.03378355280 0.07261725057 0.09394027350 0.13306435483 0.05250256971 0.06525190297 0.16985010964 0.10780461321 0.04385109493 9.77500004159 9.77500272200 0.09216970932 
70
covarEC70 20 0.02502581382 0.02684440396 0.10947852432 0.08907860561 9.77500520812 9.77500607652 0.04075158723 0.02676956926 0.15887436961 0.15256341405 0.07216817407 0.07656238858 0.06710107188 0.14306683001 0.09489786038 0.02636949080 0.06569780206 0.05024514509 0.17712543094 0.14862552583 
71
covarEC71 20 0.06612783703 0.07542380728 0.08436743341 0.10254013900 0.03874773637 0.07506002592 0.08475813010 0.12175591458 0.08252653932 0.03938639217 0.03702980266 0.08851908294 0.05306806917 0.04684319871 0.13869448837 0.08237490584 0.08122568400 0.03974313939 0.07215879988 0.06421165224 
72
covarEC72 20 0.08016955058 0.06733261443 0.07027309429 0.08676198289 0.04976862594 0.06573669813 0.10681993373 0.07558864979 0.08366067273 0.04514236295 0.05544355595 0.09688890544 0.06369822295 0.05933427642 0.09651959483 0.08141301371 0.07431987504 0.06299446417 0.08306981343 0.09378904887 
73
covarEC73 20 9.77500000000 9.77500000000 9.77500000000 9.77500000000 9.77500000000 9.77500000000 9.77500000000 9.77500000000 9.77500000000 9.77500000000 9.77500000000 9.77500000000 9.77500000000 9.77500000000 9.77500000000 9.77500000000 9.77500000000 9.77500000000 9.77500000000 9.77500000000 
74
covarEC74 20 9.77500000000 9.77500000000 9.77500000000 9.77500000000 9.77500000000 9.77500000000 9.77500000000 9.77500000000 9.77500000000 9.77500000000 9.77500000000 9.77500000000 9.77500000000 9.77500000000 9.77500000000 9.77500000000 9.77500000000 9.77500000000 9.77500000000 9.77500000000 
75
covarEC75 20 0.02701314342 0.02766260765 0.05116056103 0.08174528003 9.77500068054 0.15837190651 0.02879877305 0.02501426909 0.02502728215 0.08047455261 0.19948586233 0.09661223663 0.19165448393 0.11828799341 0.09867020391 0.05761711306 0.07606888437 0.10520249314 0.03708528904 0.17570707053 
76
covarEC76 20 0.07789706513 0.05319577079 0.04388531194 0.05461536359 0.07428132460 0.05106422509 0.07153849379 0.06193965896 0.06313324399 0.07598541305 0.08101488638 0.07857284057 0.08420467659 0.08465537974 0.07201268429 0.07381330698 0.10753342557 0.06444678946 0.10716633741 0.15869187750 
77
covarEC77 20 0.07564162641 0.06578282520 0.08220300275 0.10488695589 0.06919589375 0.07429489807 0.06493949355 0.10849054978 0.08043824627 0.06917939729 0.06803871285 0.10226826936 0.06041188060 0.07643043012 0.09022418651 0.08288607811 0.11646803416 0.03532384409 0.07716748052 0.10725757759 
78
covarEC78 20 0.07690579011 0.07759488869 0.05202684399 0.07351941443 0.04443549262 0.05889886146 0.09743580196 0.06801923363 0.06885644354 0.05376453417 0.07285167655 0.10510905470 0.08026981734 0.06970957038 0.16370847616 0.07327124957 0.07830067372 0.07309883636 0.10504206434 0.11135704909 
79
covarEC79 20 0.07685067348 0.06624074828 0.05792585566 0.06575921004 0.07559142247 0.05719655403 0.08115146203 0.06991402322 0.09073284761 0.05878008163 0.06890207503 0.09945302300 0.08536806740 0.07786281868 0.07186585322 0.07253222196 0.10559107105 0.07487127738 0.10634978236 0.14725087024 
80
covarEC80 20 0.07459907118 0.06884410936 0.07434475254 0.08817914459 0.06702802427 0.06334061529 0.09296143661 0.11210304300 0.09087687383 0.04852913456 0.05884460982 0.11019143328 0.06851939017 0.06258174733 0.14039778064 0.08011163984 0.10032243444 0.06166764189 0.09579999533 0.10568460617 
81
covarEC81 20 0.09765107405 0.04652827322 0.03976959649 0.03994897191 0.06672406760 0.04637628514 0.05673591693 0.05220164085 0.06116590894 0.06568716729 0.09111241372 0.05583024436 0.10131741935 0.09742861866 0.03570241600 0.06079347990 0.06932303537 0.08248632680 0.11247309428 0.12864977531 
82
covarEC82 20 0.05170379059 0.03694943004 9.77503015815 9.77502996394 0.05011293293 0.06892558797 0.02508713775 0.05849475062 0.02504017105 0.11048900609 0.11014183177 0.05599037823 0.09828249029 0.08341514073 9.77500199425 0.03268876276 0.04011972890 0.05773892074 0.06406332407 0.12910218239 
83
covarEC83 20 0.06884474159 0.05827969477 0.08374250352 0.07015490583 0.04533910156 0.06674673903 0.05817101262 0.10753205849 0.07412172552 0.07821152776 0.09522926849 0.06493050311 0.09081536937 0.09106707359 0.05112411881 0.06775450769 0.05610788487 0.06979151811 0.11014159040 0.14112911485 
84
covarEC84 20 9.77500000000 9.77500000000 9.77500000000 9.77500000000 9.77500000000 9.77500000000 9.77500000000 9.77500000000 9.77500000000 9.77500000000 9.77500000000 9.77500000000 9.77500000000 9.77500000000 9.77500000000 9.77500000000 9.77500000000 9.77500000000 9.77500000000 9.77500000000 
85
covarEC85 20 9.77500000000 9.77500000000 9.77500000000 9.77500000000 9.77500000000 9.77500000000 9.77500000000 9.77500000000 9.77500000000 9.77500000000 9.77500000000 9.77500000000 9.77500000000 9.77500000000 9.77500000000 9.77500000000 9.77500000000 9.77500000000 9.77500000000 9.77500000000 
86
covarEC86 20 9.77500000000 9.77500000000 9.77500000000 9.77500000000 9.77500000000 9.77500000000 9.77500000000 9.77500000000 9.77500000000 9.77500000000 9.77500000000 9.77500000000 9.77500000000 9.77500000000 9.77500000000 9.77500000000 9.77500000000 9.77500000000 9.77500000000 9.77500000000 
87
covarEC87 20 9.77500000000 9.77500000000 9.77500000000 9.77500000000 9.77500000000 9.77500000000 9.77500000000 9.77500000000 9.77500000000 9.77500000000 9.77500000000 9.77500000000 9.77500000000 9.77500000000 9.77500000000 9.77500000000 9.77500000000 9.77500000000 9.77500000000 9.77500000000 
88
covarEC88 20 9.77500000000 9.77500000000 9.77500000000 9.77500000000 9.77500000000 9.77500000000 9.77500000000 9.77500000000 9.77500000000 9.77500000000 9.77500000000 9.77500000000 9.77500000000 9.77500000000 9.77500000000 9.77500000000 9.77500000000 9.77500000000 9.77500000000 9.77500000000 
89
covarEC89 20 9.77500000000 9.77500000000 9.77500000000 9.77500000000 9.77500000000 9.77500000000 9.77500000000 9.77500000000 9.77500000000 9.77500000000 9.77500000000 9.77500000000 9.77500000000 9.77500000000 9.77500000000 9.77500000000 9.77500000000 9.77500000000 9.77500000000 9.77500000000 
90
covarEC90 20 9.77500000000 9.77500000000 9.77500000000 9.77500000000 9.77500000000 9.77500000000 9.77500000000 9.77500000000 9.77500000000 9.77500000000 9.77500000000 9.77500000000 9.77500000000 9.77500000000 9.77500000000 9.77500000000 9.77500000000 9.77500000000 9.77500000000 9.77500000000 
91
covarEC91 20 9.77500000000 9.77500000000 9.77500000000 9.77500000000 9.77500000000 9.77500000000 9.77500000000 9.77500000000 9.77500000000 9.77500000000 9.77500000000 9.77500000000 9.77500000000 9.77500000000 9.77500000000 9.77500000000 9.77500000000 9.77500000000 9.77500000000 9.77500000000 
92
covarEC92 20 9.77500000000 9.77500000000 9.77500000000 9.77500000000 9.77500000000 9.77500000000 9.77500000000 9.77500000000 9.77500000000 9.77500000000 9.77500000000 9.77500000000 9.77500000000 9.77500000000 9.77500000000 9.77500000000 9.77500000000 9.77500000000 9.77500000000 9.77500000000 
93
covarEC93 20 9.77500000000 9.77500000000 9.77500000000 9.77500000000 9.77500000000 9.77500000000 9.77500000000 9.77500000000 9.77500000000 9.77500000000 9.77500000000 9.77500000000 9.77500000000 9.77500000000 9.77500000000 9.77500000000 9.77500000000 9.77500000000 9.77500000000 9.77500000000 
94
covarEC94 20 9.77500000000 9.77500000000 9.77500000000 9.77500000000 9.77500000000 9.77500000000 9.77500000000 9.77500000000 9.77500000000 9.77500000000 9.77500000000 9.77500000000 9.77500000000 9.77500000000 9.77500000000 9.77500000000 9.77500000000 9.77500000000 9.77500000000 9.77500000000 
95
covarEC95 20 9.77500000000 9.77500000000 9.77500000000 9.77500000000 9.77500000000 9.77500000000 9.77500000000 9.77500000000 9.77500000000 9.77500000000 9.77500000000 9.77500000000 9.77500000000 9.77500000000 9.77500000000 9.77500000000 9.77500000000 9.77500000000 9.77500000000 9.77500000000 
96
covarEC96 20 9.77500000000 9.77500000000 9.77500000000 9.77500000000 9.77500000000 9.77500000000 9.77500000000 9.77500000000 9.77500000000 9.77500000000 9.77500000000 9.77500000000 9.77500000000 9.77500000000 9.77500000000 9.77500000000 9.77500000000 9.77500000000 9.77500000000 9.77500000000 
97
covarEC97 20 9.77500000000 9.77500000000 9.77500000000 9.77500000000 9.77500000000 9.77500000000 9.77500000000 9.77500000000 9.77500000000 9.77500000000 9.77500000000 9.77500000000 9.77500000000 9.77500000000 9.77500000000 9.77500000000 9.77500000000 9.77500000000 9.77500000000 9.77500000000 
98
covarEC98 20 9.77500000000 9.77500000000 9.77500000000 9.77500000000 9.77500000000 9.77500000000 9.77500000000 9.77500000000 9.77500000000 9.77500000000 9.77500000000 9.77500000000 9.77500000000 9.77500000000 9.77500000000 9.77500000000 9.77500000000 9.77500000000 9.77500000000 9.77500000000 
99
covarEC99 20 9.77500000000 9.77500000000 9.77500000000 9.77500000000 9.77500000000 9.77500000000 9.77500000000 9.77500000000 9.77500000000 9.77500000000 9.77500000000 9.77500000000 9.77500000000 9.77500000000 9.77500000000 9.77500000000 9.77500000000 9.77500000000 9.77500000000 9.77500000000 
100
covarEC100 20 9.77500000000 9.77500000000 9.77500000000 9.77500000000 9.77500000000 9.77500000000 9.77500000000 9.77500000000 9.77500000000 9.77500000000 9.77500000000 9.77500000000 9.77500000000 9.77500000000 9.77500000000 9.77500000000 9.77500000000 9.77500000000 9.77500000000 9.77500000000 
101
covarEC101 20 9.77500000000 9.77500000000 9.77500000000 9.77500000000 9.77500000000 9.77500000000 9.77500000000 9.77500000000 9.77500000000 9.77500000000 9.77500000000 9.77500000000 9.77500000000 9.77500000000 9.77500000000 9.77500000000 9.77500000000 9.77500000000 9.77500000000 9.77500000000 
102
covarEC102 20 9.77500000000 9.77500000000 9.77500000000 9.77500000000 9.77500000000 9.77500000000 9.77500000000 9.77500000000 9.77500000000 9.77500000000 9.77500000000 9.77500000000 9.77500000000 9.77500000000 9.77500000000 9.77500000000 9.77500000000 9.77500000000 9.77500000000 9.77500000000 
103
covarEC103 20 9.77500000000 9.77500000000 9.77500000000 9.77500000000 9.77500000000 9.77500000000 9.77500000000 9.77500000000 9.77500000000 9.77500000000 9.77500000000 9.77500000000 9.77500000000 9.77500000000 9.77500000000 9.77500000000 9.77500000000 9.77500000000 9.77500000000 9.77500000000 
104
covarEC104 20 9.77500000000 9.77500000000 9.77500000000 9.77500000000 9.77500000000 9.77500000000 9.77500000000 9.77500000000 9.77500000000 9.77500000000 9.77500000000 9.77500000000 9.77500000000 9.77500000000 9.77500000000 9.77500000000 9.77500000000 9.77500000000 9.77500000000 9.77500000000 
105
covarEC105 20 9.77500000000 9.77500000000 9.77500000000 9.77500000000 9.77500000000 9.77500000000 9.77500000000 9.77500000000 9.77500000000 9.77500000000 9.77500000000 9.77500000000 9.77500000000 9.77500000000 9.77500000000 9.77500000000 9.77500000000 9.77500000000 9.77500000000 9.77500000000 
106
covarEC106 20 9.77500000000 9.77500000000 9.77500000000 9.77500000000 9.77500000000 9.77500000000 9.77500000000 9.77500000000 9.77500000000 9.77500000000 9.77500000000 9.77500000000 9.77500000000 9.77500000000 9.77500000000 9.77500000000 9.77500000000 9.77500000000 9.77500000000 9.77500000000 
107
covarEC107 20 9.77500000000 9.77500000000 9.77500000000 9.77500000000 9.77500000000 9.77500000000 9.77500000000 9.77500000000 9.77500000000 9.77500000000 9.77500000000 9.77500000000 9.77500000000 9.77500000000 9.77500000000 9.77500000000 9.77500000000 9.77500000000 9.77500000000 9.77500000000 
108
covarEC108 20 0.07209836233 0.06552355516 0.07241304876 0.09485939846 0.06311253753 0.06947575118 0.10252108494 0.07327022287 0.08504717971 0.04475423502 0.05910666646 0.08789418324 0.06420739642 0.06855749792 0.05581990949 0.07960579724 0.08523440495 0.06152064475 0.08670004894 0.08276241273 
109
covarEC109 20 9.77500000000 9.77500000000 9.77500000000 9.77500000000 9.77500000000 9.77500000000 9.77500000000 9.77500000000 9.77500000000 9.77500000000 9.77500000000 9.77500000000 9.77500000000 9.77500000000 9.77500000000 9.77500000000 9.77500000000 9.77500000000 9.77500000000 9.77500000000 
110
covarEC110 20 9.77500000000 9.77500000000 9.77500000000 9.77500000000 9.77500000000 9.77500000000 9.77500000000 9.77500000000 9.77500000000 9.77500000000 9.77500000000 9.77500000000 9.77500000000 9.77500000000 9.77500000000 9.77500000000 9.77500000000 9.77500000000 9.77500000000 9.77500000000 
111
covarEC111 20 9.77500000000 9.77500000000 9.77500000000 9.77500000000 9.77500000000 9.77500000000 9.77500000000 9.77500000000 9.77500000000 9.77500000000 9.77500000000 9.77500000000 9.77500000000 9.77500000000 9.77500000000 9.77500000000 9.77500000000 9.77500000000 9.77500000000 9.77500000000 
112
covarEC112 20 9.77500000000 9.77500000000 9.77500000000 9.77500000000 9.77500000000 9.77500000000 9.77500000000 9.77500000000 9.77500000000 9.77500000000 9.77500000000 9.77500000000 9.77500000000 9.77500000000 9.77500000000 9.77500000000 9.77500000000 9.77500000000 9.77500000000 9.77500000000 
113
covarEC113 20 9.77500000000 9.77500000000 9.77500000000 9.77500000000 9.77500000000 9.77500000000 9.77500000000 9.77500000000 9.77500000000 9.77500000000 9.77500000000 9.77500000000 9.77500000000 9.77500000000 9.77500000000 9.77500000000 9.77500000000 9.77500000000 9.77500000000 9.77500000000 
114
covarEC114 20 9.77500000000 9.77500000000 9.77500000000 9.77500000000 9.77500000000 9.77500000000 9.77500000000 9.77500000000 9.77500000000 9.77500000000 9.77500000000 9.77500000000 9.77500000000 9.77500000000 9.77500000000 9.77500000000 9.77500000000 9.77500000000 9.77500000000 9.77500000000 
115
covarEC115 20 9.77500000000 9.77500000000 9.77500000000 9.77500000000 9.77500000000 9.77500000000 9.77500000000 9.77500000000 9.77500000000 9.77500000000 9.77500000000 9.77500000000 9.77500000000 9.77500000000 9.77500000000 9.77500000000 9.77500000000 9.77500000000 9.77500000000 9.77500000000 
116
covarEC116 20 9.77500000000 9.77500000000 9.77500000000 9.77500000000 9.77500000000 9.77500000000 9.77500000000 9.77500000000 9.77500000000 9.77500000000 9.77500000000 9.77500000000 9.77500000000 9.77500000000 9.77500000000 9.77500000000 9.77500000000 9.77500000000 9.77500000000 9.77500000000 
117
covarEC117 20 0.08258846253 0.07580519508 0.08223814829 0.10499075063 0.05095311209 0.06752296035 0.10460728344 0.09688777831 0.08848538001 0.04329525350 0.04534931413 0.10260360023 0.05945048129 0.05178201488 0.08182767924 0.08979475810 0.07975331366 0.05887021219 0.07720755586 0.06157438224 
118
covarEC118 20 9.77500000000 9.77500000000 9.77500000000 9.77500000000 9.77500000000 9.77500000000 9.77500000000 9.77500000000 9.77500000000 9.77500000000 9.77500000000 9.77500000000 9.77500000000 9.77500000000 9.77500000000 9.77500000000 9.77500000000 9.77500000000 9.77500000000 9.77500000000 
119
covarEC119 20 9.77500000000 9.77500000000 9.77500000000 9.77500000000 9.77500000000 9.77500000000 9.77500000000 9.77500000000 9.77500000000 9.77500000000 9.77500000000 9.77500000000 9.77500000000 9.77500000000 9.77500000000 9.77500000000 9.77500000000 9.77500000000 9.77500000000 9.77500000000 
120
covarEC120 20 0.08798480975 0.07065397581 0.05659687872 0.06402139690 0.05919550228 0.05742101479 0.07696217363 0.09276342853 0.06470275707 0.05955620985 0.08896946170 0.10011086679 0.08543303567 0.08005141968 0.09161298098 0.07905820789 0.08415976098 0.07174402466 0.09893352061 0.11506718230 
121
covarEC121 20 0.07911638156 0.06642299419 0.06815945712 0.07465369822 0.08529349931 0.06245685149 0.08307706907 0.08685234627 0.08696726526 0.05919090267 0.07080483503 0.09553289462 0.08608587911 0.08169787290 0.07339065144 0.08136142878 0.11276603285 0.07505425498 0.12403487666 0.15672276840 
122
covarEC122 20 0.08054740108 0.06733340383 0.08599231648 0.10106532455 0.07123720405 0.06177026322 0.09053085109 0.11993746287 0.08755485570 0.05015229962 0.06141860918 0.10418959481 0.07343566667 0.06417167353 0.11339447770 0.08955554454 0.11441935016 0.06019030377 0.08996132028 0.10975093059 
123
covarEC123 20 0.08813259844 0.07246382952 0.06198082209 0.08361753832 0.04893980840 0.06381732471 0.10833571946 0.08703914207 0.07666569929 0.05020949199 0.05888095553 0.10347626339 0.06566024750 0.05657814046 0.16672133510 0.08821146577 0.08146176459 0.06153342477 0.09545016827 0.08074772004 
124
covarEC124 20 0.07323966461 0.06429425056 0.06663410358 0.08399016373 0.07604229100 0.05186953111 0.08396964099 0.08636148252 0.08830704100 0.06760582757 0.07619661636 0.09062045732 0.06471306439 0.08498429391 0.08552401982 0.08890852799 0.09550052449 0.06560290628 0.10246250105 0.11297603268 
125
covarEC125 20 0.07932560591 0.06759521061 0.08539898394 0.10265441530 0.06489060980 0.06492843310 0.09841840100 0.13027824062 0.08633426905 0.04509179851 0.05271578743 0.10287969691 0.06370688442 0.05760264549 0.14252484502 0.08750315511 0.10422508426 0.05591235183 0.08441274844 0.08584284959 
126
covarEC126 20 0.09117567873 0.06647426710 0.08230862811 0.10144538065 0.04850254239 0.07032241865 0.11102080784 0.10942201631 0.08689966154 0.04303311040 0.04919583373 0.09985847623 0.06459266990 0.05281709389 0.08427068868 0.08114873229 0.08210291689 0.05220109007 0.07896307221 0.06822307659 
127
covarEC127 20 9.77500000000 9.77500000000 9.77500000000 9.77500000000 9.77500000000 9.77500000000 9.77500000000 9.77500000000 9.77500000000 9.77500000000 9.77500000000 9.77500000000 9.77500000000 9.77500000000 9.77500000000 9.77500000000 9.77500000000 9.77500000000 9.77500000000 9.77500000000 
128
covarEC128 20 9.77500000000 9.77500000000 9.77500000000 9.77500000000 9.77500000000 9.77500000000 9.77500000000 9.77500000000 9.77500000000 9.77500000000 9.77500000000 9.77500000000 9.77500000000 9.77500000000 9.77500000000 9.77500000000 9.77500000000 9.77500000000 9.77500000000 9.77500000000 
129
covarEC129 20 0.14884454658 0.09881368933 0.02698503034 0.02852465966 0.03397357262 0.14257197161 0.10017711884 0.10103468358 0.02752745661 0.09521885507 0.08843914454 0.03912820247 0.05451672927 0.02696127622 0.03252932165 0.09166833192 0.04503979824 0.19661984490 0.07939401698 0.08421801459 
130
covarEC130 20 0.08308898671 0.08462987500 0.06118652251 0.07122914634 0.08278623618 0.06486545099 0.07644284267 0.07055598527 0.07931548338 0.08606526880 0.07821757648 0.09344409745 0.07524029387 0.09006352562 0.06477338894 0.08304333157 0.08871420753 0.06750577035 0.09967277928 0.14056796096 
131
covarEC131 20 0.07821483186 0.06109033064 0.10394846228 0.10009651872 0.05635509695 0.06999764064 0.09083683918 0.10485391386 0.07205145868 0.08437117041 0.06604014518 0.09960387517 0.05599139703 0.05594958511 0.12276707310 0.08864521607 0.09630666642 0.05121415892 0.07294707655 0.11207782906 
132
covarEC132 20 0.08813663885 0.07024327151 0.06420524107 0.07753982507 0.04327764894 0.06908696241 0.11245151587 0.08658410843 0.07987472450 0.05436704186 0.06691516246 0.10983291468 0.07616017551 0.06436361369 0.14626383853 0.07963595553 0.08273718169 0.07424708144 0.09479806285 0.09638526458 
133
covarEC133 20 0.06469519006 0.07065001055 0.06778375599 0.07325273609 0.06518621653 0.06838757464 0.08262223617 0.09979573385 0.09286640959 0.05380558230 0.06151057752 0.11322197854 0.07946941239 0.06889802393 0.05850495258 0.07724977356 0.10019884833 0.06615249945 0.10315171292 0.12705568653 
134
covarEC134 20 0.07493613076 0.06824810437 0.08405463430 0.09843176343 0.06569104538 0.06769611941 0.09482294219 0.12887893169 0.09425347641 0.04742956919 0.05491346001 0.10186918645 0.06771829431 0.06152798085 0.13263275800 0.08362120592 0.10550231502 0.06179140793 0.09142509421 0.09093964268 
135
covarEC135 20 0.09561785618 0.06180597654 0.06705633821 0.08631397446 0.06519321006 0.06809074229 0.09767464781 0.09128166186 0.08644657339 0.04917723519 0.07297695326 0.08770938103 0.08802549956 0.07175304005 0.05205852213 0.08059250491 0.08803399185 0.05966039366 0.09519979330 0.10943446793 
136
covarEC136 20 9.77500000000 9.77500000000 9.77500000000 9.77500000000 9.77500000000 9.77500000000 9.77500000000 9.77500000000 9.77500000000 9.77500000000 9.77500000000 9.77500000000 9.77500000000 9.77500000000 9.77500000000 9.77500000000 9.77500000000 9.77500000000 9.77500000000 9.77500000000 
137
covarEC137 20 9.77500000000 9.77500000000 9.77500000000 9.77500000000 9.77500000000 9.77500000000 9.77500000000 9.77500000000 9.77500000000 9.77500000000 9.77500000000 9.77500000000 9.77500000000 9.77500000000 9.77500000000 9.77500000000 9.77500000000 9.77500000000 9.77500000000 9.77500000000 
138
covarEC138 20 9.77500000000 9.77500000000 9.77500000000 9.77500000000 9.77500000000 9.77500000000 9.77500000000 9.77500000000 9.77500000000 9.77500000000 9.77500000000 9.77500000000 9.77500000000 9.77500000000 9.77500000000 9.77500000000 9.77500000000 9.77500000000 9.77500000000 9.77500000000 
139
covarEC139 20 9.77500000000 9.77500000000 9.77500000000 9.77500000000 9.77500000000 9.77500000000 9.77500000000 9.77500000000 9.77500000000 9.77500000000 9.77500000000 9.77500000000 9.77500000000 9.77500000000 9.77500000000 9.77500000000 9.77500000000 9.77500000000 9.77500000000 9.77500000000 
140
covarEC140 20 9.77500000000 9.77500000000 9.77500000000 9.77500000000 9.77500000000 9.77500000000 9.77500000000 9.77500000000 9.77500000000 9.77500000000 9.77500000000 9.77500000000 9.77500000000 9.77500000000 9.77500000000 9.77500000000 9.77500000000 9.77500000000 9.77500000000 9.77500000000 
141
covarEC141 20 9.77500000000 9.77500000000 9.77500000000 9.77500000000 9.77500000000 9.77500000000 9.77500000000 9.77500000000 9.77500000000 9.77500000000 9.77500000000 9.77500000000 9.77500000000 9.77500000000 9.77500000000 9.77500000000 9.77500000000 9.77500000000 9.77500000000 9.77500000000 
142
covarEC142 20 9.77500000000 9.77500000000 9.77500000000 9.77500000000 9.77500000000 9.77500000000 9.77500000000 9.77500000000 9.77500000000 9.77500000000 9.77500000000 9.77500000000 9.77500000000 9.77500000000 9.77500000000 9.77500000000 9.77500000000 9.77500000000 9.77500000000 9.77500000000 
143
covarEC143 20 9.77500000000 9.77500000000 9.77500000000 9.77500000000 9.77500000000 9.77500000000 9.77500000000 9.77500000000 9.77500000000 9.77500000000 9.77500000000 9.77500000000 9.77500000000 9.77500000000 9.77500000000 9.77500000000 9.77500000000 9.77500000000 9.77500000000 9.77500000000 
144
covarEC144 20 0.09484372647 0.13209975652 0.07957498444 0.12630004014 0.02504138019 0.08542995724 0.13438115527 0.02506076922 0.09648795048 0.13993864002 0.09246915833 0.04395038871 0.10526433554 0.11985710589 0.19060668371 0.07497719164 0.04402935707 0.09017540262 0.02515880161 0.13172693960 
145
covarEC145 20 9.77500000000 9.77500000000 9.77500000000 9.77500000000 9.77500000000 9.77500000000 9.77500000000 9.77500000000 9.77500000000 9.77500000000 9.77500000000 9.77500000000 9.77500000000 9.77500000000 9.77500000000 9.77500000000 9.77500000000 9.77500000000 9.77500000000 9.77500000000 
146
covarEC146 20 9.77500000000 9.77500000000 9.77500000000 9.77500000000 9.77500000000 9.77500000000 9.77500000000 9.77500000000 9.77500000000 9.77500000000 9.77500000000 9.77500000000 9.77500000000 9.77500000000 9.77500000000 9.77500000000 9.77500000000 9.77500000000 9.77500000000 9.77500000000 
147
covarEC147 20 0.10081174576 0.02922225117 0.08432104339 9.77500019307 0.02511740689 9.77500083224 9.77500036948 0.18045051772 9.77500004771 0.11382625872 0.08476870790 0.09164265322 0.02876507397 0.12410561741 0.06108580374 0.08962156592 0.03895501081 0.02501409067 0.11340298814 0.04507402400 
148
covarEC148 20 0.06721109856 0.06948337685 0.06212618529 0.07257652841 0.06971465607 0.05626219013 0.07894101443 0.06777605930 0.07005461679 0.08667442381 0.08791034189 0.07144849686 0.08217701536 0.09785925856 0.04952480392 0.09022503572 0.08340077063 0.05362590911 0.10763237206 0.14582454357 
149
covarEC149 20 0.07017299668 0.09457175239 0.09547725474 0.13723007959 0.06310946081 0.06163018684 0.10211157311 0.08168944388 0.08693446585 0.07876373928 0.09260701100 0.11534848357 0.07692422741 0.05646455395 0.07461481387 0.06846925929 0.10250508994 0.03532779225 0.06750534764 0.10167881530 
150
covarEC150 20 0.12839822774 0.02776842612 0.02907973557 0.07632097995 9.77500351483 0.14542780335 0.09772367457 0.07545599420 0.07618070541 0.05453288796 0.08834682285 0.11428176523 0.07590599283 0.02743620371 0.17502180842 0.07500978919 0.04853789659 0.08636485095 0.06635014217 0.03684513296 
151
covarEC151 20 0.09894700872 0.07077457383 0.07320588929 0.15715255539 0.07196729116 0.14727938074 0.12102433453 0.07514712735 0.06999139952 0.11642296964 0.09238107676 0.08641187522 0.06530104881 0.06293403454 0.02606621163 0.08843359851 0.05579998683 9.77500004494 0.06694790090 0.11534534749 
152
covarEC152 20 0.06443578750 0.07528144846 0.08625669303 0.09151222174 0.07104294063 0.06328712894 0.09342961630 0.12926949804 0.07974836941 0.05298713748 0.05378458771 0.08411773559 0.05613289079 0.05446600706 0.11532960086 0.09202369885 0.07912741957 0.04815689179 0.09036782877 0.09518390652 
153
covarEC153 20 0.08576301403 0.07154937549 0.07482577120 0.08770858888 0.05735445296 0.06573153242 0.11055309934 0.08802852779 0.09047168800 0.04400152187 0.05280006921 0.09832771810 0.06255497758 0.05482462268 0.08280281815 0.07762843150 0.08460146650 0.05845202267 0.08225436168 0.07086780341 
154
covarEC154 20 9.77500000000 9.77500000000 9.77500000000 9.77500000000 9.77500000000 9.77500000000 9.77500000000 9.77500000000 9.77500000000 9.77500000000 9.77500000000 9.77500000000 9.77500000000 9.77500000000 9.77500000000 9.77500000000 9.77500000000 9.77500000000 9.77500000000 9.77500000000 
155
covarEC155 20 9.77500000000 9.77500000000 9.77500000000 9.77500000000 9.77500000000 9.77500000000 9.77500000000 9.77500000000 9.77500000000 9.77500000000 9.77500000000 9.77500000000 9.77500000000 9.77500000000 9.77500000000 9.77500000000 9.77500000000 9.77500000000 9.77500000000 9.77500000000 
156
covarEC156 20 0.12273054942 0.08374927003 0.07567436176 0.05903538597 0.04693983621 0.06306830749 0.06113437553 0.03743795887 0.16336007914 0.09315425369 0.13707137003 0.09613393780 0.10228796604 0.07044914301 0.08563974076 0.07653317980 0.04645588458 0.04038951591 0.09059980279 0.10110547915 
157
covarEC157 20 0.07232686814 0.06920749211 0.06312526073 0.06438652309 0.07177736136 0.05955829957 0.08039636831 0.06329091987 0.07187209944 0.05929984841 0.07129711756 0.09093607998 0.08363372674 0.07650312466 0.10247739138 0.07194652257 0.10432880148 0.08135018970 0.11421594120 0.14715904928 
158
covarEC158 20 0.07427375265 0.07700486237 0.08528020572 0.09543008230 0.06417087142 0.06687658056 0.09115733643 0.12245561879 0.07705623972 0.05090654480 0.06199734720 0.09106475308 0.07325124282 0.06492810771 0.11723658916 0.08700372809 0.09953416998 0.05206428843 0.09037699357 0.09979886841 
159
covarEC159 20 0.08976268842 0.06908806793 0.05883810428 0.07606082146 0.04796257911 0.06342361720 0.09709081654 0.08403730927 0.07799960511 0.05279374952 0.06425544012 0.10541008601 0.07755810266 0.06657301176 0.16339869542 0.08217206972 0.08427730228 0.06264568031 0.08087102899 0.10276049376 
160
covarEC160 20 0.07170840253 0.06674185870 0.06813064090 0.06261570220 0.08018561269 0.06338563934 0.07821265544 0.10140466534 0.09440659240 0.06134481318 0.06553186955 0.09336840635 0.08109274567 0.08103533690 0.06495311273 0.07978747049 0.10545838550 0.07141266638 0.12305909238 0.13361073658 
161
covarEC161 20 0.07381114330 0.06889880018 0.08325026170 0.09493507416 0.07135810835 0.06606812238 0.09314294753 0.13247414290 0.09208341938 0.04775673381 0.05596100934 0.10203395683 0.06809315804 0.06283917249 0.12718508768 0.08350292168 0.10785139939 0.06392642396 0.09084941861 0.09576789942 
162
covarEC162 20 0.09049646647 0.06959492858 0.05640358365 0.05930868963 0.07206427870 0.06341411898 0.07314491800 0.06006253847 0.07384960335 0.06036723302 0.08096848642 0.09626160483 0.09829809679 0.08066812178 0.04502072176 0.07080793173 0.08560956208 0.07369766264 0.11053695337 0.13982017227 
163
covarEC163 20 0.05234426080 0.04930872656 0.03494339739 0.03791621728 0.08335448935 0.04952066755 0.05090333996 0.03626325550 0.05893698304 0.08355896536 0.09431900004 0.06352609401 0.08989576870 0.10875392659 0.02910965859 0.05771829178 0.07586538876 0.06355032505 0.11384116815 0.12952229958 
164
covarEC164 20 0.07895449891 0.06942767298 0.06900452359 0.06884086738 0.07396371106 0.06530790429 0.07432152530 0.09951468257 0.08439900218 0.05594844448 0.07253390235 0.09365906600 0.08385506752 0.08072221565 0.05873503968 0.08015949928 0.09150171765 0.07594605234 0.10565594593 0.12611505203 
165
covarEC165 20 9.77500000000 9.77500000000 9.77500000000 9.77500000000 9.77500000000 9.77500000000 9.77500000000 9.77500000000 9.77500000000 9.77500000000 9.77500000000 9.77500000000 9.77500000000 9.77500000000 9.77500000000 9.77500000000 9.77500000000 9.77500000000 9.77500000000 9.77500000000 
166
covarEC166 20 9.77500000000 9.77500000000 9.77500000000 9.77500000000 9.77500000000 9.77500000000 9.77500000000 9.77500000000 9.77500000000 9.77500000000 9.77500000000 9.77500000000 9.77500000000 9.77500000000 9.77500000000 9.77500000000 9.77500000000 9.77500000000 9.77500000000 9.77500000000 
167
covarEC167 20 9.77500000000 9.77500000000 9.77500000000 9.77500000000 9.77500000000 9.77500000000 9.77500000000 9.77500000000 9.77500000000 9.77500000000 9.77500000000 9.77500000000 9.77500000000 9.77500000000 9.77500000000 9.77500000000 9.77500000000 9.77500000000 9.77500000000 9.77500000000 
168
covarEC168 20 9.77500000000 9.77500000000 9.77500000000 9.77500000000 9.77500000000 9.77500000000 9.77500000000 9.77500000000 9.77500000000 9.77500000000 9.77500000000 9.77500000000 9.77500000000 9.77500000000 9.77500000000 9.77500000000 9.77500000000 9.77500000000 9.77500000000 9.77500000000 
169
covarEC169 20 9.77500000000 9.77500000000 9.77500000000 9.77500000000 9.77500000000 9.77500000000 9.77500000000 9.77500000000 9.77500000000 9.77500000000 9.77500000000 9.77500000000 9.77500000000 9.77500000000 9.77500000000 9.77500000000 9.77500000000 9.77500000000 9.77500000000 9.77500000000 
170
covarEC170 20 9.77500000000 9.77500000000 9.77500000000 9.77500000000 9.77500000000 9.77500000000 9.77500000000 9.77500000000 9.77500000000 9.77500000000 9.77500000000 9.77500000000 9.77500000000 9.77500000000 9.77500000000 9.77500000000 9.77500000000 9.77500000000 9.77500000000 9.77500000000 
171
covarEC171 20 9.77500000000 9.77500000000 9.77500000000 9.77500000000 9.77500000000 9.77500000000 9.77500000000 9.77500000000 9.77500000000 9.77500000000 9.77500000000 9.77500000000 9.77500000000 9.77500000000 9.77500000000 9.77500000000 9.77500000000 9.77500000000 9.77500000000 9.77500000000 
172
covarEC172 20 9.77500000000 9.77500000000 9.77500000000 9.77500000000 9.77500000000 9.77500000000 9.77500000000 9.77500000000 9.77500000000 9.77500000000 9.77500000000 9.77500000000 9.77500000000 9.77500000000 9.77500000000 9.77500000000 9.77500000000 9.77500000000 9.77500000000 9.77500000000 
173
covarEC173 20 9.77500000000 9.77500000000 9.77500000000 9.77500000000 9.77500000000 9.77500000000 9.77500000000 9.77500000000 9.77500000000 9.77500000000 9.77500000000 9.77500000000 9.77500000000 9.77500000000 9.77500000000 9.77500000000 9.77500000000 9.77500000000 9.77500000000 9.77500000000 
174
covarEC174 20 9.77500000000 9.77500000000 9.77500000000 9.77500000000 9.77500000000 9.77500000000 9.77500000000 9.77500000000 9.77500000000 9.77500000000 9.77500000000 9.77500000000 9.77500000000 9.77500000000 9.77500000000 9.77500000000 9.77500000000 9.77500000000 9.77500000000 9.77500000000 
175
covarEC175 20 9.77500000000 9.77500000000 9.77500000000 9.77500000000 9.77500000000 9.77500000000 9.77500000000 9.77500000000 9.77500000000 9.77500000000 9.77500000000 9.77500000000 9.77500000000 9.77500000000 9.77500000000 9.77500000000 9.77500000000 9.77500000000 9.77500000000 9.77500000000 
176
covarEC176 20 9.77500000000 9.77500000000 9.77500000000 9.77500000000 9.77500000000 9.77500000000 9.77500000000 9.77500000000 9.77500000000 9.77500000000 9.77500000000 9.77500000000 9.77500000000 9.77500000000 9.77500000000 9.77500000000 9.77500000000 9.77500000000 9.77500000000 9.77500000000 
177
covarEC177 20 9.77500000000 9.77500000000 9.77500000000 9.77500000000 9.77500000000 9.77500000000 9.77500000000 9.77500000000 9.77500000000 9.77500000000 9.77500000000 9.77500000000 9.77500000000 9.77500000000 9.77500000000 9.77500000000 9.77500000000 9.77500000000 9.77500000000 9.77500000000 
178
covarEC178 20 9.77500000000 9.77500000000 9.77500000000 9.77500000000 9.77500000000 9.77500000000 9.77500000000 9.77500000000 9.77500000000 9.77500000000 9.77500000000 9.77500000000 9.77500000000 9.77500000000 9.77500000000 9.77500000000 9.77500000000 9.77500000000 9.77500000000 9.77500000000 
179
covarEC179 20 9.77500000000 9.77500000000 9.77500000000 9.77500000000 9.77500000000 9.77500000000 9.77500000000 9.77500000000 9.77500000000 9.77500000000 9.77500000000 9.77500000000 9.77500000000 9.77500000000 9.77500000000 9.77500000000 9.77500000000 9.77500000000 9.77500000000 9.77500000000 
180
covarEC180 20 9.77500000000 9.77500000000 9.77500000000 9.77500000000 9.77500000000 9.77500000000 9.77500000000 9.77500000000 9.77500000000 9.77500000000 9.77500000000 9.77500000000 9.77500000000 9.77500000000 9.77500000000 9.77500000000 9.77500000000 9.77500000000 9.77500000000 9.77500000000 
181
covarEC181 20 9.77500000000 9.77500000000 9.77500000000 9.77500000000 9.77500000000 9.77500000000 9.77500000000 9.77500000000 9.77500000000 9.77500000000 9.77500000000 9.77500000000 9.77500000000 9.77500000000 9.77500000000 9.77500000000 9.77500000000 9.77500000000 9.77500000000 9.77500000000 
182
covarEC182 20 9.77500000000 9.77500000000 9.77500000000 9.77500000000 9.77500000000 9.77500000000 9.77500000000 9.77500000000 9.77500000000 9.77500000000 9.77500000000 9.77500000000 9.77500000000 9.77500000000 9.77500000000 9.77500000000 9.77500000000 9.77500000000 9.77500000000 9.77500000000 
183
covarEC183 20 9.77500000000 9.77500000000 9.77500000000 9.77500000000 9.77500000000 9.77500000000 9.77500000000 9.77500000000 9.77500000000 9.77500000000 9.77500000000 9.77500000000 9.77500000000 9.77500000000 9.77500000000 9.77500000000 9.77500000000 9.77500000000 9.77500000000 9.77500000000 
184
covarEC184 20 9.77500000000 9.77500000000 9.77500000000 9.77500000000 9.77500000000 9.77500000000 9.77500000000 9.77500000000 9.77500000000 9.77500000000 9.77500000000 9.77500000000 9.77500000000 9.77500000000 9.77500000000 9.77500000000 9.77500000000 9.77500000000 9.77500000000 9.77500000000 
185
covarEC185 20 9.77500000000 9.77500000000 9.77500000000 9.77500000000 9.77500000000 9.77500000000 9.77500000000 9.77500000000 9.77500000000 9.77500000000 9.77500000000 9.77500000000 9.77500000000 9.77500000000 9.77500000000 9.77500000000 9.77500000000 9.77500000000 9.77500000000 9.77500000000 
186
covarEC186 20 9.77500000000 9.77500000000 9.77500000000 9.77500000000 9.77500000000 9.77500000000 9.77500000000 9.77500000000 9.77500000000 9.77500000000 9.77500000000 9.77500000000 9.77500000000 9.77500000000 9.77500000000 9.77500000000 9.77500000000 9.77500000000 9.77500000000 9.77500000000 
187
covarEC187 20 9.77500000000 9.77500000000 9.77500000000 9.77500000000 9.77500000000 9.77500000000 9.77500000000 9.77500000000 9.77500000000 9.77500000000 9.77500000000 9.77500000000 9.77500000000 9.77500000000 9.77500000000 9.77500000000 9.77500000000 9.77500000000 9.77500000000 9.77500000000 
188
covarEC188 20 9.77500000000 9.77500000000 9.77500000000 9.77500000000 9.77500000000 9.77500000000 9.77500000000 9.77500000000 9.77500000000 9.77500000000 9.77500000000 9.77500000000 9.77500000000 9.77500000000 9.77500000000 9.77500000000 9.77500000000 9.77500000000 9.77500000000 9.77500000000 
189
covarEC189 20 0.07457891889 0.07341201756 0.08766990280 0.11414559720 0.04681370461 0.08181780357 0.12365491779 0.06005705531 0.10764605099 0.04112783577 0.04563174048 0.06821489234 0.05868783572 0.04853444229 0.04596624955 0.08123195836 0.07000246139 0.05042287695 0.06872066825 0.07311468544 
190
covarEC190 20 9.77500000000 9.77500000000 9.77500000000 9.77500000000 9.77500000000 9.77500000000 9.77500000000 9.77500000000 9.77500000000 9.77500000000 9.77500000000 9.77500000000 9.77500000000 9.77500000000 9.77500000000 9.77500000000 9.77500000000 9.77500000000 9.77500000000 9.77500000000 
191
covarEC191 20 9.77500000000 9.77500000000 9.77500000000 9.77500000000 9.77500000000 9.77500000000 9.77500000000 9.77500000000 9.77500000000 9.77500000000 9.77500000000 9.77500000000 9.77500000000 9.77500000000 9.77500000000 9.77500000000 9.77500000000 9.77500000000 9.77500000000 9.77500000000 
192
covarEC192 20 9.77500000000 9.77500000000 9.77500000000 9.77500000000 9.77500000000 9.77500000000 9.77500000000 9.77500000000 9.77500000000 9.77500000000 9.77500000000 9.77500000000 9.77500000000 9.77500000000 9.77500000000 9.77500000000 9.77500000000 9.77500000000 9.77500000000 9.77500000000 
193
covarEC193 20 9.77500000000 9.77500000000 9.77500000000 9.77500000000 9.77500000000 9.77500000000 9.77500000000 9.77500000000 9.77500000000 9.77500000000 9.77500000000 9.77500000000 9.77500000000 9.77500000000 9.77500000000 9.77500000000 9.77500000000 9.77500000000 9.77500000000 9.77500000000 
194
covarEC194 20 9.77500000000 9.77500000000 9.77500000000 9.77500000000 9.77500000000 9.77500000000 9.77500000000 9.77500000000 9.77500000000 9.77500000000 9.77500000000 9.77500000000 9.77500000000 9.77500000000 9.77500000000 9.77500000000 9.77500000000 9.77500000000 9.77500000000 9.77500000000 
195
covarEC195 20 9.77500000000 9.77500000000 9.77500000000 9.77500000000 9.77500000000 9.77500000000 9.77500000000 9.77500000000 9.77500000000 9.77500000000 9.77500000000 9.77500000000 9.77500000000 9.77500000000 9.77500000000 9.77500000000 9.77500000000 9.77500000000 9.77500000000 9.77500000000 
196
covarEC196 20 9.77500000000 9.77500000000 9.77500000000 9.77500000000 9.77500000000 9.77500000000 9.77500000000 9.77500000000 9.77500000000 9.77500000000 9.77500000000 9.77500000000 9.77500000000 9.77500000000 9.77500000000 9.77500000000 9.77500000000 9.77500000000 9.77500000000 9.77500000000 
197
covarEC197 20 9.77500000000 9.77500000000 9.77500000000 9.77500000000 9.77500000000 9.77500000000 9.77500000000 9.77500000000 9.77500000000 9.77500000000 9.77500000000 9.77500000000 9.77500000000 9.77500000000 9.77500000000 9.77500000000 9.77500000000 9.77500000000 9.77500000000 9.77500000000 
198
covarEC198 20 0.08140622305 0.08272911356 0.08062439299 0.11310047568 0.06037784264 0.07822529645 0.09279274034 0.08349242775 0.07019230527 0.06290843914 0.06022293596 0.09196393556 0.05903804570 0.07335956848 0.05415545792 0.10410879133 0.06957571429 0.05866525353 0.08509285690 0.08408027226 
199
covarEC199 20 9.77500000000 9.77500000000 9.77500000000 9.77500000000 9.77500000000 9.77500000000 9.77500000000 9.77500000000 9.77500000000 9.77500000000 9.77500000000 9.77500000000 9.77500000000 9.77500000000 9.77500000000 9.77500000000 9.77500000000 9.77500000000 9.77500000000 9.77500000000 
200
covarEC200 20 9.77500000000 9.77500000000 9.77500000000 9.77500000000 9.77500000000 9.77500000000 9.77500000000 9.77500000000 9.77500000000 9.77500000000 9.77500000000 9.77500000000 9.77500000000 9.77500000000 9.77500000000 9.77500000000 9.77500000000 9.77500000000 9.77500000000 9.77500000000 
201
covarEC201 20 0.07822401780 0.09028413053 0.04281350668 0.04087999113 0.05350612113 0.06630164434 0.07904975790 0.06744983195 0.07018539433 0.07197456661 0.11004351364 0.08809001526 0.10152535025 0.09896778720 0.09748996346 0.07117412497 0.08609856913 0.08688136324 0.10012826687 0.10833103284 
202
covarEC202 20 0.07911857391 0.06148044855 0.05855346411 0.06092976354 0.09270759724 0.05734779004 0.07477364626 0.07838267423 0.08096005640 0.06210215317 0.07580637942 0.08249344949 0.09079650463 0.08682578445 0.06318661280 0.07498921920 0.10993173922 0.07481932763 0.12098567080 0.16354079396 
203
covarEC203 20 0.08024091812 0.06512177801 0.07733319049 0.09637097175 0.07688272207 0.05751218045 0.08028771401 0.10445680622 0.08500677960 0.05373301559 0.06368685349 0.09403665061 0.07451962102 0.06858126896 0.10913700613 0.08472540213 0.11501455350 0.06529689256 0.08989477828 0.11832062975 
204
covarEC204 20 0.07881571036 0.07408649819 0.04968569333 0.09135697802 0.03950338683 0.06566281045 0.10563994083 0.05044345590 0.07247611694 0.06707316538 0.09389838657 0.06402917012 0.08152675584 0.09497802233 0.15839604137 0.08393624791 0.07958394925 0.10863755778 0.12398401553 0.08162679309 
205
covarEC205 20 0.08463100292 0.10209097910 0.08883029095 0.05909784758 0.04196874465 0.06896672731 0.08480116776 0.09674717859 0.07059235119 0.08465661728 0.08642083120 0.09717970850 0.07809371253 0.10210430982 0.07623835912 0.09025304004 0.09731118014 0.06033835524 0.08378554267 0.11282336582 
206
covarEC206 20 0.07012643793 0.06886486009 0.08261885079 0.09924281492 0.05724479271 0.06788236809 0.09413450168 0.12284466809 0.09149742460 0.04629109374 0.05466695974 0.10197199233 0.06168458398 0.05942825710 0.14569625293 0.08741036795 0.10520903214 0.06204097390 0.08812665275 0.08187006051 
207
covarEC207 20 0.09605089668 0.08086673928 0.07257860349 0.10076303461 0.03582955958 0.07160698089 0.12345835597 0.09282403262 0.07268331848 0.03670103189 0.04729120106 0.09223123122 0.05311980321 0.05180487690 0.06597640373 0.08501824884 0.05700750755 0.06050722009 0.06977668208 0.05511494512 
208
covarEC208 20 9.77500000000 9.77500000000 9.77500000000 9.77500000000 9.77500000000 9.77500000000 9.77500000000 9.77500000000 9.77500000000 9.77500000000 9.77500000000 9.77500000000 9.77500000000 9.77500000000 9.77500000000 9.77500000000 9.77500000000 9.77500000000 9.77500000000 9.77500000000 
209
covarEC209 20 9.77500000000 9.77500000000 9.77500000000 9.77500000000 9.77500000000 9.77500000000 9.77500000000 9.77500000000 9.77500000000 9.77500000000 9.77500000000 9.77500000000 9.77500000000 9.77500000000 9.77500000000 9.77500000000 9.77500000000 9.77500000000 9.77500000000 9.77500000000 
210
covarEC210 20 0.02541950162 9.77500082444 0.17600337443 0.20917387254 9.77500000010 0.02548409394 0.23128371721 0.02553893742 9.77500005571 9.77500000000 9.77500037453 9.77500038145 9.77500863831 0.11931478298 9.77500027866 9.77500024664 0.02532076534 0.05220302463 0.23156106025 9.77500000000 
211
covarEC211 20 0.08296297134 0.05116459477 0.03909081711 0.04729063492 0.08487216611 0.06754579622 0.04925502887 0.09111906682 0.07111079691 0.09077720988 0.09910915082 0.04775008464 0.09207504748 0.10434280235 0.05486153972 0.07126546904 0.09574969410 0.08312914782 0.12540357430 0.12450632564 
212
covarEC212 20 0.07409671957 0.06846993165 0.10368636648 0.12163695512 0.03890609290 0.07091230044 0.09754669290 0.10217056708 0.06479601471 0.09355080074 0.07181766568 0.07370916797 0.05091773621 0.04584421855 0.10822352918 0.10448828593 0.09234102662 0.02862408050 0.06057161326 0.11001516283 
213
covarEC213 20 0.09252395600 0.07554261771 0.05546497725 0.09319782046 0.03982734407 0.07332080817 0.10022243868 0.04994966861 0.06722904473 0.07927927039 0.08857994139 0.10403928939 0.07672671584 0.06599956440 0.14510995534 0.07384627176 0.06636428701 0.05191886769 0.06885812652 0.11040762477 
214
covarEC214 20 0.06882656176 0.06612955276 0.06682425140 0.05937398259 0.08025386163 0.06046196047 0.07324565282 0.07905327054 0.08859521690 0.06724941921 0.07729746012 0.09619201969 0.09182621221 0.09665110815 0.06677142324 0.09270892486 0.09985232741 0.06681183398 0.11465277987 0.12629439347 
215
covarEC215 20 0.07327506423 0.07032490632 0.07934131426 0.09453526962 0.06268908276 0.06623235100 0.08940416142 0.11361776519 0.08413452100 0.04766864912 0.05908180764 0.09542085927 0.06703044725 0.06288413737 0.12472434584 0.08056283682 0.10179928472 0.06433976026 0.09389442303 0.09972019587 
216
covarEC216 20 0.08428815919 0.06802235336 0.07253973490 0.08624532164 0.05962053255 0.07204583270 0.10150064804 0.07495329100 0.08796259328 0.05122184599 0.06833881206 0.09604832776 0.08412001500 0.06648916913 0.06644789690 0.07711941583 0.09480593275 0.06726173009 0.10045277088 0.11208433788 
217
covarEC217 20 9.77500000000 9.77500000000 9.77500000000 9.77500000000 9.77500000000 9.77500000000 9.77500000000 9.77500000000 9.77500000000 9.77500000000 9.77500000000 9.77500000000 9.77500000000 9.77500000000 9.77500000000 9.77500000000 9.77500000000 9.77500000000 9.77500000000 9.77500000000 
218
covarEC218 20 9.77500000000 9.77500000000 9.77500000000 9.77500000000 9.77500000000 9.77500000000 9.77500000000 9.77500000000 9.77500000000 9.77500000000 9.77500000000 9.77500000000 9.77500000000 9.77500000000 9.77500000000 9.77500000000 9.77500000000 9.77500000000 9.77500000000 9.77500000000 
219
covarEC219 20 9.77500000000 9.77500000000 9.77500000000 9.77500000000 9.77500000000 9.77500000000 9.77500000000 9.77500000000 9.77500000000 9.77500000000 9.77500000000 9.77500000000 9.77500000000 9.77500000000 9.77500000000 9.77500000000 9.77500000000 9.77500000000 9.77500000000 9.77500000000 
220
covarEC220 20 9.77500000000 9.77500000000 9.77500000000 9.77500000000 9.77500000000 9.77500000000 9.77500000000 9.77500000000 9.77500000000 9.77500000000 9.77500000000 9.77500000000 9.77500000000 9.77500000000 9.77500000000 9.77500000000 9.77500000000 9.77500000000 9.77500000000 9.77500000000 
221
covarEC221 20 9.77500000000 9.77500000000 9.77500000000 9.77500000000 9.77500000000 9.77500000000 9.77500000000 9.77500000000 9.77500000000 9.77500000000 9.77500000000 9.77500000000 9.77500000000 9.77500000000 9.77500000000 9.77500000000 9.77500000000 9.77500000000 9.77500000000 9.77500000000 
222
covarEC222 20 9.77500000000 9.77500000000 9.77500000000 9.77500000000 9.77500000000 9.77500000000 9.77500000000 9.77500000000 9.77500000000 9.77500000000 9.77500000000 9.77500000000 9.77500000000 9.77500000000 9.77500000000 9.77500000000 9.77500000000 9.77500000000 9.77500000000 9.77500000000 
223
covarEC223 20 9.77500000000 9.77500000000 9.77500000000 9.77500000000 9.77500000000 9.77500000000 9.77500000000 9.77500000000 9.77500000000 9.77500000000 9.77500000000 9.77500000000 9.77500000000 9.77500000000 9.77500000000 9.77500000000 9.77500000000 9.77500000000 9.77500000000 9.77500000000 
224
covarEC224 20 9.77500000000 9.77500000000 9.77500000000 9.77500000000 9.77500000000 9.77500000000 9.77500000000 9.77500000000 9.77500000000 9.77500000000 9.77500000000 9.77500000000 9.77500000000 9.77500000000 9.77500000000 9.77500000000 9.77500000000 9.77500000000 9.77500000000 9.77500000000 
225
covarEC225 20 0.09466427433 0.08265502178 0.05330067265 0.11294157775 0.04351373937 0.07423811623 0.11641412263 0.12113736465 0.07855675940 0.05545880894 0.05736750201 0.10623071357 0.05651443593 0.06782964253 0.05609067227 0.09163199763 0.07174656425 0.05785490971 0.07302955855 0.07652288824 
226
covarEC226 20 9.77500000000 9.77500000000 9.77500000000 9.77500000000 9.77500000000 9.77500000000 9.77500000000 9.77500000000 9.77500000000 9.77500000000 9.77500000000 9.77500000000 9.77500000000 9.77500000000 9.77500000000 9.77500000000 9.77500000000 9.77500000000 9.77500000000 9.77500000000 
227
covarEC227 20 9.77500000000 9.77500000000 9.77500000000 9.77500000000 9.77500000000 9.77500000000 9.77500000000 9.77500000000 9.77500000000 9.77500000000 9.77500000000 9.77500000000 9.77500000000 9.77500000000 9.77500000000 9.77500000000 9.77500000000 9.77500000000 9.77500000000 9.77500000000 
228
covarEC228 20 0.08576119512 0.08433752947 0.04444751085 0.04003109233 0.06077189333 0.04816424740 0.05359175849 0.06445608418 0.06533027567 0.09773322720 0.11793002786 0.08377353448 0.09683656811 0.09485029662 0.07355434524 0.08941213456 0.07649575444 0.08273027449 0.08327730986 0.11707660835 
229
covarEC229 20 0.07585906729 0.06375114818 0.05799562990 0.06037912657 0.08722456921 0.05857207923 0.07429065556 0.07401083629 0.08263194314 0.06259713450 0.07600068106 0.08546072888 0.09075762607 0.08436597893 0.06147438441 0.07205098059 0.10522493177 0.07786289042 0.13024209946 0.16511001698 
230
covarEC230 20 0.07399142144 0.06391085033 0.07522036635 0.09066240129 0.07852910252 0.05992007832 0.07726394648 0.10300413688 0.08160102816 0.05592749166 0.07018218101 0.08749374510 0.08029778692 0.06963183068 0.08942004308 0.08335454634 0.11094066721 0.06643845892 0.09934874826 0.12359637562 
231
covarEC231 20 0.09466469416 0.06529313007 0.05641283727 0.05670693708 0.04913075984 0.05929466389 0.09863927754 0.07775685767 0.06444262605 0.07241682024 0.09541158520 0.07877809110 0.10374067175 0.08176451034 0.14509789728 0.07834461408 0.08557425862 0.06946835053 0.09518313479 0.10938454755 
232
covarEC232 20 0.05202617231 0.10235331714 0.05977819353 0.05298940180 0.10078447926 0.06419177110 0.06923395706 0.09586028916 0.07016988881 0.07952940230 0.10156896629 0.11179842341 0.07767316406 0.10425533344 0.06980227578 0.06986973230 0.08485253681 0.06109742345 0.11901491269 0.12092300560 
233
covarEC233 20 0.07378416747 0.06947063626 0.07411986790 0.09073565430 0.06114578510 0.06191620355 0.09490230080 0.11035284931 0.08463036316 0.04803240846 0.05689599149 0.10376976899 0.06483721694 0.06318341616 0.14565148284 0.08413300462 0.10267660327 0.06125928615 0.09166065490 0.09910874385 
234
covarEC234 20 0.08335218990 0.07252164353 0.07312020148 0.08058702248 0.05439313160 0.06778584037 0.10476615506 0.08810810202 0.08737248093 0.04815433397 0.05815786477 0.09862707471 0.06818458855 0.06179248679 0.09745377633 0.08146013303 0.08918309279 0.06880208095 0.08789074075 0.09575712644 
235
covarEC235 20 9.77500000000 9.77500000000 9.77500000000 9.77500000000 9.77500000000 9.77500000000 9.77500000000 9.77500000000 9.77500000000 9.77500000000 9.77500000000 9.77500000000 9.77500000000 9.77500000000 9.77500000000 9.77500000000 9.77500000000 9.77500000000 9.77500000000 9.77500000000 
236
covarEC236 20 9.77500000000 9.77500000000 9.77500000000 9.77500000000 9.77500000000 9.77500000000 9.77500000000 9.77500000000 9.77500000000 9.77500000000 9.77500000000 9.77500000000 9.77500000000 9.77500000000 9.77500000000 9.77500000000 9.77500000000 9.77500000000 9.77500000000 9.77500000000 
237
covarEC237 20 0.07544945373 0.06299396266 0.04525512704 0.04989630467 0.05380717392 0.04553178888 0.05318672667 0.07096416846 0.05297116009 0.10389556767 0.11737696998 0.07977841810 0.10406527390 0.08622090123 0.06636531784 0.06686432736 0.06093521982 0.08021259618 0.10599120561 0.13954283521 
238
covarEC238 20 0.07503644872 0.06318972687 0.05563208821 0.05768382625 0.08949710502 0.05771610188 0.07272952409 0.06387514139 0.08225681299 0.06252544384 0.07649245611 0.08727084159 0.08992292259 0.08261509146 0.06758443554 0.07020397818 0.10954027391 0.07740411428 0.12459056989 0.16066931150 
239
covarEC239 20 0.07490433778 0.06570910906 0.07520097663 0.08867286248 0.08432417803 0.06150360412 0.08177259672 0.09689520537 0.08381186917 0.05534892196 0.06507409531 0.10013750773 0.07554223216 0.06837294550 0.10840685719 0.08318397425 0.10522901229 0.06620481173 0.10126609502 0.11961911172 
240
covarEC240 20 0.08224752410 0.07061586882 0.06418057939 0.07873340719 0.05360738972 0.06501031599 0.10388427992 0.07752635104 0.07604348645 0.05227002238 0.06596158198 0.10484567291 0.07760504813 0.06956037176 0.15387481644 0.07677454017 0.08710116946 0.07285488893 0.10133614771 0.11668352168 
241
covarEC241 20 0.07083024523 0.06955983775 0.06464903523 0.06410496089 0.08424571487 0.06263934333 0.07956714468 0.07683867219 0.09104494114 0.06038380917 0.07207756946 0.10620006335 0.08775383287 0.07969528734 0.08319646176 0.07752964059 0.11694139196 0.07851712409 0.12826232559 0.15673227012 
242
covarEC242 20 0.07497570576 0.06910748378 0.07869650533 0.09043686999 0.06921566752 0.06618007772 0.09489634895 0.11255125583 0.09019047052 0.05018620453 0.06023629658 0.10740879643 0.07445809820 0.06542982301 0.13792204205 0.08367535961 0.10756326862 0.06657465672 0.09784802447 0.10810794570 
